<?xml version="1.0" encoding="UTF-8"?><TestSessionContainer xmlns="http://www.codecover.org/xml/testsession-container" Date="1360915908317" TestSessionContainerId="588c2de9-cd96-4231-9390-b8a52b50cd3c" version="1.0">
<SrcFileList>
<SrcFile Content="/**&#10; * Contains the view.&#10; */&#10;package view;&#10;" Filename="package-info.java" Intrnl_Id="1"/>
<SrcFile Content="package view;&#10;&#10;import java.awt.BorderLayout;&#10;import java.awt.Color;&#10;import java.awt.Dimension;&#10;import java.awt.Event;&#10;import java.awt.Font;&#10;import java.awt.Graphics;&#10;import java.awt.GridBagConstraints;&#10;import java.awt.GridBagLayout;&#10;import java.awt.Image;&#10;import java.awt.Toolkit;&#10;import java.awt.datatransfer.StringSelection;&#10;import java.awt.event.ActionEvent;&#10;import java.awt.event.ActionListener;&#10;import java.awt.event.KeyEvent;&#10;import java.awt.event.KeyListener;&#10;import java.util.Scanner;&#10;&#10;import javax.swing.BorderFactory;&#10;import javax.swing.ImageIcon;&#10;import javax.swing.JButton;&#10;import javax.swing.JFrame;&#10;import javax.swing.JLabel;&#10;import javax.swing.JList;&#10;import javax.swing.JMenu;&#10;import javax.swing.JMenuBar;&#10;import javax.swing.JMenuItem;&#10;import javax.swing.JOptionPane;&#10;import javax.swing.JPanel;&#10;import javax.swing.JScrollPane;&#10;import javax.swing.JTabbedPane;&#10;import javax.swing.JTextArea;&#10;import javax.swing.KeyStroke;&#10;import javax.swing.border.LineBorder;&#10;&#10;import model.Users;&#10;import controller.TwitterController;&#10;&#10;/**********************************************************************&#10; * Twitter GUI.&#10; * &#10; * @author Nick, Vincenzo, Corey, Russ&#10; *********************************************************************/&#10;public class TwitterGUI extends JFrame implements ActionListener, KeyListener {&#10;&#10;    /** serialVersionUID. */&#10;    private static final long serialVersionUID = 1L;&#10;&#10;    /** Final frame height. */&#10;    private static final int FRAME_HEIGHT = 450;&#10;&#10;    /** Final frame width. */&#10;    private static final int FRAME_WIDTH = 700;&#10;&#10;    /** Final character limit: at most 140 characters per tweet. */&#10;    private static final int CHAR_LIMIT = 140;&#10;&#10;    /** Twitter Controller. */&#10;    private TwitterController controller;&#10;&#10;    /** Main frame. */&#10;    private JFrame frame;&#10;&#10;    /** Each panel of the GUI. */&#10;    private JPanel profilePanel, tweetPanel, followingPanel, followersPanel;&#10;&#10;    /** Menu Bar. */&#10;    private JMenuBar menuBar;&#10;&#10;    /** Categories of the menu bar. */&#10;    private JMenu fileMenu, tweetMenu, aboutMenu;&#10;&#10;    /** Items in the menu bar. */&#10;    private JMenuItem exit, newTweet, delete, about;&#10;&#10;    /** Tabbed pane. */&#10;    private JTabbedPane tabbedPane;&#10;&#10;    // Profile Panel *******************************************************&#10;    /** Strings for profile information. */&#10;    private String displayName, twitterName, description, location, website;&#10;&#10;    /** Buttons for profile: Followers, Following, and number of tweets. */&#10;    private JButton followersBtn, followingBtn, tweetsBtn;&#10;&#10;    /** Profile Image. */&#10;    private ImageIcon profileImage;&#10;&#10;    /** Background and banner image. */&#10;    private Image profileBanner, backgroundImage;&#10;&#10;    // Tweet Panel *********************************************************&#10;    /** GBC Layout. */&#10;    private GridBagConstraints gbc;&#10;&#10;    /** Chars remaining. */&#10;    private int remaining = CHAR_LIMIT;&#10;&#10;    /** JButtons for tweet panel. */&#10;    private JButton cancel, tweetSubmit, tweetShow;&#10;&#10;    /** Labels for characters remaining and total tweets. */&#10;    private JLabel charsRemaining, tweetTotal;&#10;&#10;    /** Text area to type outgoing tweet. */&#10;    private JTextArea tweetText;&#10;&#10;    // Followers Panel *****************************************************&#10;    /** Final frame height. */&#10;    private static final int FOLLOWERS_HEIGHT = 300;&#10;&#10;    /** Final frame width. */&#10;    private static final int FOLLOWERS_WIDTH = 450;&#10;&#10;    // Following Panel *****************************************************&#10;    /** Final frame height. */&#10;    private static final int FOLLOWING_HEIGHT = 300;&#10;&#10;    /** Final frame width. */&#10;    private static final int FOLLOWING_WIDTH = 450;&#10;&#10;    /** serialVersionUID. */&#10;    private JList&lt;String&gt; jlistFollowing;&#10;&#10;    /** serialVersionUID. */&#10;    private JButton unfollow;&#10;&#10;    /** serialVersionUID. */&#10;    private Users following;&#10;&#10;    /** serialVersionUID. */&#10;    private GridBagConstraints finggbc;&#10;&#10;    /** serialVersionUID. */&#10;    private JLabel followingTotal;&#10;&#10;    /****************************************************&#10;     * Graphical User Interface.&#10;     ***************************************************/&#10;    public TwitterGUI() {&#10;        frame = new JFrame();&#10;        setTitle(&quot;Desktop Tweets&quot;);&#10;        setBackground(Color.WHITE);&#10;        setDefaultCloseOperation(JFrame.EXIT_ON_CLOSE);&#10;        setSize(FRAME_WIDTH, FRAME_HEIGHT);&#10;        setMaximumSize(new Dimension(FRAME_WIDTH, FRAME_HEIGHT));&#10;        setMinimumSize(new Dimension(FRAME_WIDTH, FRAME_HEIGHT));&#10;        setResizable(false);&#10;        setLocationRelativeTo(null);&#10;&#10;        setUpController();&#10;&#10;        // Get User Information&#10;        displayName = controller.getDisplayName();&#10;        twitterName = controller.getTwitterName();&#10;        description = controller.getDescription();&#10;        location = controller.getLocation();&#10;        website = controller.getWebsite();&#10;        profileImage = controller.getProfileImage();&#10;        profileBanner = controller.getProfileBanner();&#10;        backgroundImage = controller.getBackgroundImage();&#10;&#10;        // Create components&#10;        createProfilePanel();&#10;        createTweetPanel();&#10;        createFollowingPanel();&#10;        createFollowersPanel();&#10;        createMenu();&#10;        createTabbedPane();&#10;&#10;        setVisible(true);&#10;    }&#10;&#10;    /****************************************************&#10;     * Sets up controller.&#10;     ***************************************************/&#10;    private void setUpController() {&#10;        controller = new TwitterController();&#10;&#10;        if (!controller.getIsSetUp()) {&#10;            String authUrl = controller.getAuthUrl();&#10;            // copy to clipboard&#10;            Toolkit.getDefaultToolkit().getSystemClipboard()&#10;                    .setContents(new StringSelection(authUrl), null);&#10;            String pin = JOptionPane.showInputDialog(&quot;Please &quot;&#10;                    + &quot; follow this link to authenticate this&quot;&#10;                    + &quot; App.\nEnter Pin:&quot;, authUrl);&#10;            controller.setUp(pin);&#10;        }&#10;    }&#10;&#10;    /****************************************************&#10;     * Creates followers Panel and its components.&#10;     ***************************************************/&#10;    private void createFollowersPanel() {&#10;        followersPanel = new JPanel() {&#10;            protected void paintComponent(final Graphics g) {&#10;                g.drawImage(backgroundImage, 0, 0, null);&#10;                super.paintComponent(g);&#10;            }&#10;        };&#10;        followersPanel.setOpaque(false);&#10;        followersPanel.setLayout(new GridBagLayout());&#10;&#10;        JPanel centerPnl = new JPanel();&#10;        centerPnl.setBackground(Color.WHITE);&#10;        centerPnl.setPreferredSize(new Dimension(FOLLOWERS_WIDTH,&#10;                FOLLOWERS_HEIGHT));&#10;        JList&lt;String&gt; jlist = new JList&lt;String&gt;(new Users(&#10;                controller.getFollowers()));&#10;        JScrollPane scrollpane = new JScrollPane(jlist);&#10;        centerPnl.add(jlist);&#10;        followersPanel.add(centerPnl);&#10;    }&#10;&#10;    /****************************************************&#10;     * Creates following panel and its components.&#10;     ***************************************************/&#10;    private void createFollowingPanel() {&#10;        followingPanel = new JPanel() {&#10;            protected void paintComponent(final Graphics g) {&#10;                g.drawImage(backgroundImage, 0, 0, null);&#10;                super.paintComponent(g);&#10;            }&#10;        };&#10;&#10;        followingPanel.setOpaque(false);&#10;        followingPanel.setLayout(new GridBagLayout());&#10;        finggbc = new GridBagConstraints();&#10;&#10;        JPanel centerPnl = new JPanel();&#10;        centerPnl.setBackground(Color.WHITE);&#10;        centerPnl.setPreferredSize(new Dimension(FOLLOWING_WIDTH,&#10;                FOLLOWING_HEIGHT));&#10;&#10;        following = new Users(controller.getFollowing());&#10;&#10;        jlistFollowing = new JList&lt;String&gt;(following);&#10;&#10;        finggbc.gridx = 0;&#10;        finggbc.gridy = 0;&#10;        final int w = 3;&#10;        finggbc.gridwidth = w;&#10;        finggbc.fill = GridBagConstraints.HORIZONTAL;&#10;&#10;        centerPnl.add(jlistFollowing);&#10;        followingPanel.add(centerPnl, finggbc);&#10;&#10;        unfollow = new JButton(&quot;Unfollow&quot;);&#10;        unfollow.addActionListener(this);&#10;        finggbc.gridx = 0;&#10;        finggbc.gridy = 1;&#10;        finggbc.gridwidth = 2;&#10;        finggbc.fill = 1;&#10;        followingPanel.add(unfollow, finggbc);&#10;&#10;        followingTotal = new JLabel(&quot; Following &quot;&#10;                + controller.getFriendsCount());&#10;        finggbc.gridx = 2;&#10;        finggbc.gridy = 1;&#10;        finggbc.gridwidth = 1;&#10;        finggbc.fill = 1;&#10;        followingPanel.add(followingTotal, finggbc);&#10;    }&#10;&#10;    /****************************************************&#10;     * Creates tweet panel and its components.&#10;     ***************************************************/&#10;    private void createTweetPanel() {&#10;        tweetPanel = new JPanel() {&#10;            protected void paintComponent(final Graphics g) {&#10;                g.drawImage(backgroundImage, 0, 0, null);&#10;                super.paintComponent(g);&#10;            }&#10;        };&#10;&#10;        tweetPanel.setOpaque(false);&#10;        tweetPanel.setLayout(new GridBagLayout());&#10;        gbc = new GridBagConstraints();&#10;&#10;        // Instantiate vars&#10;        cancel = new JButton(&quot;Cancel&quot;);&#10;        cancel.setFocusable(false);&#10;        cancel.addActionListener(this);&#10;        gbc.fill = GridBagConstraints.HORIZONTAL;&#10;        final int ipady = 10;&#10;        gbc.ipady = ipady;&#10;        gbc.gridx = 0;&#10;        gbc.gridy = 0;&#10;        tweetPanel.add(cancel, gbc);&#10;&#10;        tweetSubmit = new JButton(&quot;Send Tweet&quot;);&#10;        tweetSubmit.setFocusable(false);&#10;        tweetSubmit.addActionListener(this);&#10;        gbc.fill = GridBagConstraints.HORIZONTAL;&#10;        gbc.gridx = 1;&#10;&#10;        tweetPanel.add(tweetSubmit, gbc);&#10;&#10;        tweetText = new JTextArea();&#10;        tweetText.addKeyListener(this);&#10;        tweetText.setBorder(BorderFactory.createLineBorder(Color.BLACK));&#10;        tweetText.setFocusable(true);&#10;        final int col = 30;&#10;        tweetText.setColumns(col);&#10;        final int row = 8;&#10;        tweetText.setRows(row);&#10;        tweetText.setLineWrap(true);&#10;        gbc.gridx = 0;&#10;        gbc.gridy = 1;&#10;        final int w = 3;&#10;        gbc.gridwidth = w;&#10;        tweetPanel.add(tweetText, gbc);&#10;&#10;        charsRemaining = new JLabel(&quot;&quot; + remaining + &quot;&quot;, JLabel.RIGHT);&#10;        gbc.gridx = 2;&#10;        gbc.gridy = 2;&#10;        tweetPanel.add(charsRemaining, gbc);&#10;&#10;        tweetTotal = new JLabel(controller.getTweetCount() + &quot; Tweets&quot;);&#10;        gbc.gridx = 0;&#10;        final int gridy = 3;&#10;        gbc.gridy = gridy;&#10;        gbc.gridwidth = 1;&#10;        tweetPanel.add(tweetTotal, gbc);&#10;&#10;        tweetShow = new JButton(&quot;Show Tweets&quot;);&#10;        tweetShow.setFocusable(false);&#10;        tweetShow.addActionListener(this);&#10;        gbc.gridx = 1;&#10;        gbc.gridy = gridy;&#10;        gbc.gridwidth = 1;&#10;        gbc.anchor = GridBagConstraints.PAGE_END;&#10;        tweetPanel.add(tweetShow, gbc);&#10;    }&#10;&#10;    /****************************************************&#10;     * Creates profile panel and its components.&#10;     ***************************************************/&#10;    private void createProfilePanel() {&#10;        /** INFO PANEL */&#10;        JPanel infoPanel = new JPanel() {&#10;            protected void paintComponent(final Graphics g) {&#10;                final int eight = 8;&#10;                final int three = 3;&#10;                final int ten = 10;&#10;                g.drawImage(profileBanner,&#10;                        (FRAME_WIDTH / 2) - profileBanner.getWidth(null) / 2&#10;                                - eight, FRAME_HEIGHT / three + ten&#10;                                - profileBanner.getHeight(null) / 2, null);&#10;            }&#10;        };&#10;        infoPanel.setOpaque(false);&#10;        infoPanel.setLayout(new GridBagLayout());&#10;        GridBagConstraints c = new GridBagConstraints();&#10;        infoPanel.paintComponents(null);&#10;        c.fill = GridBagConstraints.NONE;&#10;&#10;        // Profile Image&#10;        ImageIcon img = profileImage;&#10;        c.gridy = 0;&#10;        JButton profImgBtn = getPlainButton(null, null);&#10;        profImgBtn.setPreferredSize(new Dimension(img.getIconWidth() + 2, img&#10;                .getIconHeight() + 2));&#10;        final int four = 4;&#10;        profImgBtn.setBorder(new LineBorder(Color.WHITE, four));&#10;        profImgBtn.setIcon(img);&#10;        infoPanel.add(profImgBtn, c);&#10;&#10;        // Display Name&#10;        final int five = 5;&#10;        c.ipady = five;&#10;        c.gridy = 1;&#10;        JLabel displayNameLbl = new JLabel(displayName);&#10;        displayNameLbl.setFont(new Font(&quot;arial&quot;, Font.BOLD, five * five - 1));&#10;        displayNameLbl.setForeground(Color.WHITE);&#10;        infoPanel.add(displayNameLbl, c);&#10;&#10;        // Twitter Name&#10;        c.gridy = 2;&#10;        JLabel twitterNameLbl = new JLabel(twitterName);&#10;        twitterNameLbl&#10;                .setFont(new Font(&quot;arial&quot;, Font.PLAIN, five + five + five));&#10;        twitterNameLbl.setForeground(Color.WHITE);&#10;        infoPanel.add(twitterNameLbl, c);&#10;        final int thirty = 30;&#10;        c.ipady = thirty; // more padding&#10;&#10;        // Description&#10;        c.gridy = 1 + 1 + 1;&#10;        c.ipady = 0;&#10;        createDescriptionPanel(infoPanel, c);&#10;&#10;        // Location&#10;        c.ipady = five;&#10;        c.gridy = five + 1;&#10;        JLabel locationLbl = new JLabel(location);&#10;        final int fifteen = 15;&#10;        locationLbl.setFont(new Font(&quot;arial&quot;, Font.BOLD, fifteen));&#10;        locationLbl.setForeground(Color.WHITE);&#10;        infoPanel.add(locationLbl, c);&#10;&#10;        // Website&#10;        final int seven = 7;&#10;        c.gridy = seven;&#10;        JLabel websiteLbl = new JLabel(website);&#10;        websiteLbl.setFont(new Font(&quot;arial&quot;, Font.PLAIN, seven + seven));&#10;        websiteLbl.setForeground(Color.WHITE);&#10;        infoPanel.add(websiteLbl, c);&#10;&#10;        /** COUNT PANEL */&#10;        JPanel countPanel = new JPanel();&#10;        countPanel.setLayout(new GridBagLayout());&#10;        GridBagConstraints cpc = new GridBagConstraints();&#10;        cpc.fill = GridBagConstraints.NONE;&#10;        final int thrity = 30;&#10;        cpc.ipadx = thirty;&#10;        countPanel.setOpaque(false);&#10;        // countPanel.setBackground(Color.WHITE);&#10;&#10;        followersBtn = getPlainButton(&quot;&quot; + controller.getFollowersCount(),&#10;                &quot;Followers&quot;);&#10;        followersBtn.addActionListener(this);&#10;        followingBtn = getPlainButton(&quot;&quot; + controller.getFriendsCount(),&#10;                &quot;Following&quot;);&#10;        followingBtn.addActionListener(this);&#10;        tweetsBtn = getPlainButton(&quot;&quot; + controller.getTweetCount(), &quot;Tweets&quot;);&#10;        tweetsBtn.addActionListener(this);&#10;&#10;        cpc.gridy = 0;&#10;        JButton blankBtn1 = getPlainButton(null, null);&#10;        blankBtn1.setBorderPainted(false);&#10;        JButton blankBtn2 = getPlainButton(null, null);&#10;        blankBtn2.setBorderPainted(false);&#10;        countPanel.add(followersBtn, cpc);&#10;        countPanel.add(new JLabel(&quot; &quot;), cpc);&#10;        countPanel.add(followingBtn, cpc);&#10;        countPanel.add(new JLabel(&quot; &quot;), cpc);&#10;        countPanel.add(tweetsBtn, cpc);&#10;        cpc.gridy = 1;&#10;        countPanel.add(new JLabel(&quot; &quot;), cpc);&#10;&#10;        /** PROFILE PANEL */&#10;        profilePanel = new JPanel() {&#10;            protected void paintComponent(final Graphics g) {&#10;                g.drawImage(backgroundImage, 0, 0, null);&#10;                super.paintComponent(g);&#10;            }&#10;        };&#10;        profilePanel.setOpaque(false);&#10;        profilePanel.setLayout(new BorderLayout());&#10;        profilePanel.add(infoPanel, BorderLayout.CENTER);&#10;        profilePanel.add(countPanel, BorderLayout.SOUTH);&#10;    }&#10;&#10;    /****************************************************&#10;     * Gets plain button for the profile tab page.&#10;     * &#10;     * @param line1&#10;     *            string&#10;     * @param line2&#10;     *            string&#10;     * @return Returns JButton&#10;     ***************************************************/&#10;    private JButton getPlainButton(final String line1, final String line2) {&#10;        String text = line1;&#10;        if (line2 != null) {&#10;            text = (&quot;&lt;html&gt;&lt;center&gt;&lt;font size=6&gt;&quot; + line1 + &quot;&lt;/font&gt;&lt;br&gt;&lt;i&gt;&quot;&#10;                    + line2 + &quot;&lt;/i&gt;&lt;/center&gt;&lt;/html&gt;&quot;);&#10;        }&#10;        JButton tmp = new JButton();&#10;        final int w = 120;&#10;        final int l = 50;&#10;        final int fontsize = 15;&#10;        tmp.setPreferredSize(new Dimension(w, l));&#10;        tmp.setFont(new Font(&quot;Arial&quot;, Font.BOLD, fontsize));&#10;        tmp.setText(text);&#10;        tmp.setBackground(Color.WHITE);&#10;        tmp.setForeground(Color.DARK_GRAY);&#10;        tmp.setBorder(new LineBorder(Color.GRAY, 1, true));&#10;        tmp.setFocusable(false);&#10;        tmp.setFocusPainted(false);&#10;        return tmp;&#10;    }&#10;&#10;    /****************************************************&#10;     * Sets plain button for the profile tab page.&#10;     * &#10;     * @param line1&#10;     *            string&#10;     * @param line2&#10;     *            string&#10;     * @param j&#10;     *            JButton&#10;     ***************************************************/&#10;    private void setPlainButton(final String line1, final String line2,&#10;            final JButton j) {&#10;        String text = line1;&#10;        if (line2 != null) {&#10;            text = (&quot;&lt;html&gt;&lt;center&gt;&lt;font size=6&gt;&quot; + line1 + &quot;&lt;/font&gt;&lt;br&gt;&lt;i&gt;&quot;&#10;                    + line2 + &quot;&lt;/i&gt;&lt;/center&gt;&lt;/html&gt;&quot;);&#10;        }&#10;        final int w = 120;&#10;        final int l = 50;&#10;        final int fontsize = 15;&#10;        j.setPreferredSize(new Dimension(w, l));&#10;        j.setFont(new Font(&quot;Arial&quot;, Font.BOLD, fontsize));&#10;        j.setText(text);&#10;        j.setBackground(Color.WHITE);&#10;        j.setForeground(Color.DARK_GRAY);&#10;        j.setBorder(new LineBorder(Color.GRAY, 1, true));&#10;        j.setFocusable(false);&#10;        j.setFocusPainted(false);&#10;    }&#10;&#10;    /****************************************************&#10;     * Creates description panel.&#10;     * &#10;     * @param panel&#10;     *            Jpanel&#10;     * @param c&#10;     *            GridBagConstrains&#10;     ***************************************************/&#10;    private void createDescriptionPanel(final JPanel panel,&#10;            final GridBagConstraints c) {&#10;        final int max = 55;&#10;        final int fontsize = 14;&#10;        if (description.length() &lt; max) {&#10;            JLabel descriptionLbl = new JLabel(description);&#10;            descriptionLbl.setFont(new Font(&quot;arial&quot;, Font.PLAIN, fontsize));&#10;            descriptionLbl.setForeground(Color.WHITE);&#10;            panel.add(descriptionLbl, c);&#10;        } else if (description.length() &lt; max + max) {&#10;            String d1, d2;&#10;&#10;            String[] w = description.split(&quot; &quot;);&#10;            int wMid = (w.length / 2) + 1;&#10;            System.out.println(&quot;&quot; + wMid);&#10;            int dMid = description.length() / 2;&#10;            System.out.println(&quot;&quot; + dMid);&#10;            d1 = description.substring(0,&#10;                    description.indexOf(w[wMid], dMid - 1));&#10;            d2 = description.substring(description.indexOf(w[wMid], dMid - 1));&#10;&#10;            JLabel description1Lbl = new JLabel(d1);&#10;            JLabel description2Lbl = new JLabel(d2);&#10;            description1Lbl.setFont(new Font(&quot;arial&quot;, Font.PLAIN, fontsize));&#10;            description1Lbl.setForeground(Color.WHITE);&#10;            description2Lbl.setFont(new Font(&quot;arial&quot;, Font.PLAIN, fontsize));&#10;            description2Lbl.setForeground(Color.WHITE);&#10;            panel.add(description1Lbl, c);&#10;            c.gridy = 2 + 2;&#10;            panel.add(description2Lbl, c);&#10;        } else {&#10;            String d1, d2, d3;&#10;            String[] w = description.split(&quot; &quot;);&#10;            int wThird = (w.length / (1 + 2)) + 1;&#10;            int dThird = description.length() / (1 + 2);&#10;&#10;            d1 = description.substring(0,&#10;                    description.indexOf(w[wThird], dThird));&#10;            d2 = description.substring(description.indexOf(w[wThird], dThird),&#10;                    description.indexOf(w[wThird * 2], dThird * 2));&#10;            d3 = description.substring(description.indexOf(w[wThird * 2],&#10;                    dThird * 2));&#10;&#10;            JLabel description1Lbl = new JLabel(d1);&#10;            description1Lbl.setFont(new Font(&quot;arial&quot;, Font.PLAIN, fontsize));&#10;            description1Lbl.setForeground(Color.WHITE);&#10;            JLabel description2Lbl = new JLabel(d2);&#10;            description2Lbl.setFont(new Font(&quot;arial&quot;, Font.PLAIN, fontsize));&#10;            description2Lbl.setForeground(Color.WHITE);&#10;            JLabel description3Lbl = new JLabel(d3);&#10;            description3Lbl.setFont(new Font(&quot;arial&quot;, Font.PLAIN, fontsize));&#10;            description3Lbl.setForeground(Color.WHITE);&#10;&#10;            panel.add(description1Lbl, c);&#10;            c.gridy = 2 + 2;&#10;            panel.add(description2Lbl, c);&#10;            c.gridy = 2 + 2 + 1;&#10;            panel.add(description3Lbl, c);&#10;        }&#10;    }&#10;&#10;    /****************************************************&#10;     * Creates menu bar.&#10;     ***************************************************/&#10;    private void createMenu() {&#10;        menuBar = new JMenuBar();&#10;&#10;        // File Menu&#10;        fileMenu = new JMenu(&quot;File&quot;);&#10;        exit = new JMenuItem(&quot;Exit&quot;);&#10;        exit.addActionListener(this);&#10;        exit.setAccelerator(KeyStroke.getKeyStroke(KeyEvent.VK_E,&#10;                Event.CTRL_MASK));&#10;        fileMenu.add(exit);&#10;&#10;        // Tweet Menu&#10;        tweetMenu = new JMenu(&quot;Tweet&quot;);&#10;        newTweet = new JMenuItem(&quot;New Tweet&quot;);&#10;        newTweet.addActionListener(this);&#10;        newTweet.setAccelerator(KeyStroke.getKeyStroke(KeyEvent.VK_N,&#10;                Event.CTRL_MASK));&#10;        delete = new JMenuItem(&quot;Delete&quot;);&#10;        delete.addActionListener(this);&#10;        delete.setAccelerator(KeyStroke.getKeyStroke(KeyEvent.VK_D,&#10;                Event.CTRL_MASK));&#10;        tweetMenu.add(newTweet);&#10;        tweetMenu.add(delete);&#10;&#10;        // About Menu&#10;        aboutMenu = new JMenu(&quot;About&quot;);&#10;        about = new JMenuItem(&quot;About Desktop Tweets&quot;);&#10;        about.addActionListener(this);&#10;        about.setAccelerator(KeyStroke.getKeyStroke(KeyEvent.VK_A,&#10;                Event.CTRL_MASK));&#10;        aboutMenu.add(about);&#10;&#10;        // Add To MenuBar&#10;        menuBar.add(fileMenu);&#10;        menuBar.add(tweetMenu);&#10;        menuBar.add(aboutMenu);&#10;        setJMenuBar(menuBar);&#10;    }&#10;&#10;    /****************************************************&#10;     * Creates tabbed pane.&#10;     ***************************************************/&#10;    private void createTabbedPane() {&#10;        // UIManager.put(&quot;TabbedPane.selected&quot;, Color.WHITE);&#10;        // UIManager.put(&quot;TabbedPane.contentAreaColor&quot;, Color.WHITE);&#10;        tabbedPane = new JTabbedPane(JTabbedPane.TOP);&#10;        tabbedPane.setFocusable(false);&#10;        tabbedPane.setBackground(Color.WHITE);&#10;        tabbedPane.setForeground(Color.BLACK);&#10;        final int fontsize = 14;&#10;        tabbedPane.setFont(new Font(&quot;arial&quot;, Font.BOLD, fontsize));&#10;        tabbedPane.setTabLayoutPolicy(JTabbedPane.CENTER);&#10;        tabbedPane.addTab(&quot;Profile&quot;, profilePanel);&#10;        tabbedPane.addTab(&quot;Tweet&quot;, tweetPanel);&#10;        tabbedPane.addTab(&quot;Followers&quot;, followersPanel);&#10;        tabbedPane.addTab(&quot;Following&quot;, followingPanel);&#10;        add(tabbedPane);&#10;    }&#10;&#10;    /**&#10;     * Where all actions should be delegated and sent to the controller.&#10;     * &#10;     * @param e&#10;     *            actionevent&#10;     */&#10;    @Override&#10;    public final void actionPerformed(final ActionEvent e) {&#10;        Object source = e.getSource();&#10;&#10;        if (source == exit) {&#10;            System.exit(0);&#10;        }&#10;        if (source == newTweet || source == tweetsBtn) {&#10;            tabbedPane.setSelectedComponent(tweetPanel);&#10;        }&#10;        if (source == delete || source == tweetsBtn) {&#10;            DialogTweets x = new DialogTweets(this,&#10;                    controller.getUserTimeline());&#10;            for (long l : x.getRemoveList()) {&#10;                controller.destroyStatus(l);&#10;            }&#10;            updateTweetCount();&#10;        }&#10;&#10;        if (source == tweetSubmit) {&#10;&#10;            if (tweetText.getText().length() &gt; CHAR_LIMIT) {&#10;                JOptionPane.showMessageDialog(null, &quot;Tweet is too long.&quot;,&#10;                        &quot;Oops&quot;, JOptionPane.PLAIN_MESSAGE);&#10;            } else {&#10;                if (controller.tweet(tweetText.getText())) {&#10;                    updateTweetCount();&#10;                    JOptionPane.showMessageDialog(null, &quot;Tweet Sent.&quot;,&#10;                            &quot;Confirmation&quot;, JOptionPane.PLAIN_MESSAGE);&#10;                    tweetText.setText(&quot;&quot;);&#10;                } else {&#10;                    JOptionPane.showMessageDialog(null, &quot;Tweet could not &quot;&#10;                            + &quot;be sent.&quot;, &quot;Oops&quot;, JOptionPane.PLAIN_MESSAGE);&#10;                }&#10;            }&#10;&#10;        }&#10;&#10;        if (source == about) {&#10;            JOptionPane.showMessageDialog(null, &quot;Desktop twitter application&quot;);&#10;        }&#10;        if (source == followersBtn) {&#10;            tabbedPane.setSelectedComponent(followersPanel);&#10;        }&#10;        if (source == followingBtn) {&#10;            tabbedPane.setSelectedComponent(followingPanel);&#10;        }&#10;        if (source == cancel) {&#10;            tweetText.setText(&quot;&quot;);&#10;        }&#10;        if (source == tweetShow) {&#10;            DialogTweets x = new DialogTweets(this,&#10;                    controller.getUserTimeline());&#10;            for (long l : x.getRemoveList()) {&#10;                controller.destroyStatus(l);&#10;            }&#10;            updateTweetCount();&#10;&#10;        }&#10;&#10;        if (source == unfollow) {&#10;            long l = following.remove(jlistFollowing.getSelectedIndex());&#10;            controller.unfollow(l);&#10;&#10;            updateFollowingCount();&#10;&#10;        }&#10;    }&#10;&#10;    /****************************************************&#10;     * Updates following count.&#10;     ***************************************************/&#10;    private void updateFollowingCount() {&#10;        setPlainButton(&quot;&quot; + controller.getFriendsCount(), &quot;Following&quot;,&#10;                followingBtn);&#10;        followingTotal.setText(&quot; Following &quot; + controller.getFriendsCount());&#10;    }&#10;&#10;    /****************************************************&#10;     * Updates tweet count.&#10;     ***************************************************/&#10;    private void updateTweetCount() {&#10;        setPlainButton(&quot;&quot; + controller.getTweetCount(), &quot;Tweets&quot;, tweetsBtn);&#10;        tweetTotal.setText(controller.getTweetCount() + &quot; Tweets&quot;);&#10;    }&#10;&#10;    /****************************************************&#10;     * Main.&#10;     * &#10;     * @param args&#10;     *            String[]&#10;     ***************************************************/&#10;    public static void main(final String[] args) {&#10;        Scanner sc = new Scanner(System.in);&#10;        int i = sc.nextInt();&#10;        new TwitterGUI();&#10;    }&#10;&#10;    @Override&#10;    public void keyTyped(final KeyEvent e) {&#10;        // TODO Auto-generated method stub&#10;    }&#10;&#10;    @Override&#10;    public void keyPressed(final KeyEvent e) {&#10;        // TODO Auto-generated method stub&#10;    }&#10;&#10;    @Override&#10;    public void keyReleased(final KeyEvent e) {&#10;        // TODO Auto-generated method stub&#10;    }&#10;}&#10;" Filename="TwitterGUI.java" Intrnl_Id="2"/>
<SrcFile Content="package view;&#10;&#10;import java.awt.BorderLayout;&#10;import java.awt.event.ActionEvent;&#10;import java.awt.event.ActionListener;&#10;import java.util.ArrayList;&#10;&#10;import javax.swing.JButton;&#10;import javax.swing.JDialog;&#10;import javax.swing.JFrame;&#10;import javax.swing.JList;&#10;import javax.swing.JOptionPane;&#10;import javax.swing.JScrollPane;&#10;&#10;import model.Tweets;&#10;&#10;/****************************************************&#10; * DialogTweets Class.&#10; ***************************************************/&#10;public class DialogTweets extends JDialog implements ActionListener {&#10;&#10;    /** Remove button. */&#10;    private JButton remove;&#10;&#10;    /** Jlist of tweets. */&#10;    private JList&lt;String&gt; list;&#10;&#10;    /** list of tweets to be removed. */&#10;    private ArrayList&lt;Long&gt; removeList = new ArrayList&lt;Long&gt;();&#10;&#10;    /** Tweet. */&#10;    private Tweets tweets;&#10;&#10;    /** Width of JDialog. */&#10;    private final int w = 700;&#10;    /** Length of JDialog. */&#10;    private final int l = 700;&#10;&#10;    /****************************************************&#10;     * DialogTweets Class.&#10;     * &#10;     * @param parent&#10;     *            JFrame&#10;     * @param t&#10;     *            Tweets&#10;     ***************************************************/&#10;    public DialogTweets(final JFrame parent, final Tweets t) {&#10;        super(parent, true);&#10;&#10;        setLayout(new BorderLayout());&#10;&#10;        tweets = t;&#10;&#10;        setTitle(&quot;Tweets&quot;);&#10;&#10;        setSize(w, l);&#10;        setLocationRelativeTo(parent);&#10;&#10;        list = new JList&lt;String&gt;(tweets);&#10;&#10;        JScrollPane scrollpane = new JScrollPane(list);&#10;        add(scrollpane, BorderLayout.CENTER);&#10;&#10;        remove = new JButton(&quot;Remove&quot;);&#10;        remove.addActionListener(this);&#10;&#10;        add(remove, BorderLayout.SOUTH);&#10;&#10;        pack();&#10;        setVisible(true);&#10;&#10;    }&#10;&#10;    @Override&#10;    public final void actionPerformed(final ActionEvent e) {&#10;        if (e.getSource() == remove) {&#10;            int i = list.getSelectedIndex();&#10;            if (i &gt;= 0) {&#10;                removeList.add(tweets.remove(i));&#10;            } else {&#10;                JOptionPane.showMessageDialog(null,&#10;                        &quot;Please first select a tweet&quot;, &quot;Oops!&quot;,&#10;                        JOptionPane.PLAIN_MESSAGE);&#10;            }&#10;        }&#10;&#10;    }&#10;&#10;    /****************************************************&#10;     * Removes list.&#10;     * &#10;     * @return ArrayList&lt;Lsong&gt;&#10;     ***************************************************/&#10;    public final ArrayList&lt;Long&gt; getRemoveList() {&#10;        return removeList;&#10;    }&#10;&#10;}&#10;" Filename="DialogTweets.java" Intrnl_Id="3"/>
<SrcFile Content="package model;&#10;&#10;import java.util.ArrayList;&#10;&#10;import javax.swing.AbstractListModel;&#10;&#10;import twitter4j.User;&#10;&#10;/****************************************************&#10; * Users Class.&#10; ***************************************************/&#10;public class Users extends AbstractListModel&lt;String&gt; {&#10;&#10;    /** serialVersionUID. */&#10;    private static final long serialVersionUID = 1L;&#10;&#10;    /** Arraylist of users. */&#10;    private ArrayList&lt;User&gt; users;&#10;&#10;    /****************************************************&#10;     * Users Constructor.&#10;     *&#10;     * @param f&#10;     *            ArrayList&lt;User&gt;&#10;     ***************************************************/&#10;    public Users(final ArrayList&lt;User&gt; f) {&#10;        super();&#10;        users = f;&#10;    }&#10;&#10;    @Override&#10;    public final String getElementAt(final int i) {&#10;        User u = users.get(i);&#10;&#10;        String str = &quot;Name: &quot;;&#10;        str += u.getName();&#10;        str += &quot;, Screen Name: &quot;;&#10;        str += u.getScreenName();&#10;&#10;        return str;&#10;    }&#10;&#10;    @Override&#10;    /****************************************************&#10;     * Gets user size.&#10;     ***************************************************/&#10;    public final int getSize() {&#10;        return users.size();&#10;    }&#10;&#10;    /****************************************************&#10;     * Adds User.&#10;     *&#10;     * @param u&#10;     *            User&#10;     ***************************************************/&#10;    public final void add(final User u) {&#10;        users.add(u);&#10;    }&#10;&#10;    /****************************************************&#10;     * Removes user.&#10;     *&#10;     * @param index&#10;     *            int&#10;     * @return long&#10;     ***************************************************/&#10;    public final long remove(final int index) {&#10;        long l = users.get(index).getId();&#10;        users.remove(index);&#10;        fireIntervalRemoved(this, 0, users.size());&#10;        return l;&#10;    }&#10;}&#10;" Filename="Users.java" Intrnl_Id="4"/>
<SrcFile Content="package model;&#10;&#10;/****************************************************&#10; * Twitter model.&#10; ***************************************************/&#10;public class TwitterModel {&#10;/****************************************************&#10; * Twitter model.&#10; ***************************************************/&#10;public TwitterModel() {&#10;}&#10;}&#10;" Filename="TwitterModel.java" Intrnl_Id="5"/>
<SrcFile Content="package model;&#10;&#10;import java.text.SimpleDateFormat;&#10;import java.util.ArrayList;&#10;&#10;import javax.swing.AbstractListModel;&#10;&#10;import twitter4j.Status;&#10;&#10;/****************************************************&#10; * Tweets Class.&#10; ***************************************************/&#10;public class Tweets extends AbstractListModel&lt;String&gt; {&#10;&#10;    /** serialVersionUID. */&#10;    private static final long serialVersionUID = 1L;&#10;&#10;    /** ArrayList tweets. */&#10;    private ArrayList&lt;Status&gt; tweets;&#10;&#10;    /****************************************************&#10;     * Tweets Constructor.&#10;     ***************************************************/&#10;    public Tweets() {&#10;        super();&#10;        tweets = new ArrayList&lt;Status&gt;();&#10;    }&#10;&#10;    @Override&#10;    public final String getElementAt(final int i) {&#10;        Status s = tweets.get(i);&#10;&#10;        SimpleDateFormat df = new SimpleDateFormat();&#10;        df.applyPattern(&quot;MM/dd/yyyy&quot;);&#10;&#10;        String str = &quot;Time: &quot;;&#10;        str += df.format(s.getCreatedAt());&#10;        str += &quot;, Status: &quot;;&#10;        str += s.getText();&#10;&#10;        return str;&#10;    }&#10;&#10;    @Override&#10;    /****************************************************&#10;     * Gets size of tweet.&#10;     ***************************************************/&#10;    public final int getSize() {&#10;        return tweets.size();&#10;    }&#10;&#10;    /****************************************************&#10;     * Adds tweet.&#10;     *&#10;     * @param s&#10;     *            Status&#10;     ***************************************************/&#10;    public final void add(final Status s) {&#10;        tweets.add(s);&#10;    }&#10;&#10;    /****************************************************&#10;     * Removes Tweet.&#10;     *&#10;     * @param index&#10;     *            int&#10;     * @return l long&#10;     ***************************************************/&#10;    public final long remove(final int index) {&#10;        long l = tweets.get(index).getId();&#10;        tweets.remove(index);&#10;        fireIntervalRemoved(this, 0, tweets.size());&#10;        return l;&#10;    }&#10;}&#10;" Filename="Tweets.java" Intrnl_Id="6"/>
<SrcFile Content="package controller;&#10;&#10;import java.awt.Color;&#10;import java.awt.Image;&#10;import java.io.FileReader;&#10;import java.io.FileWriter;&#10;import java.io.IOException;&#10;import java.net.MalformedURLException;&#10;import java.net.URL;&#10;import java.util.ArrayList;&#10;&#10;import javax.swing.ImageIcon;&#10;&#10;import model.Tweets;&#10;import model.TwitterModel;&#10;&#10;import org.json.simple.JSONObject;&#10;import org.json.simple.parser.JSONParser;&#10;&#10;import twitter4j.ResponseList;&#10;import twitter4j.Status;&#10;import twitter4j.Twitter;&#10;import twitter4j.TwitterException;&#10;import twitter4j.TwitterFactory;&#10;import twitter4j.User;&#10;import twitter4j.auth.AccessToken;&#10;import twitter4j.auth.RequestToken;&#10;&#10;/****************************************************&#10; * Tweets Class.&#10; ***************************************************/&#10;public class TwitterController {&#10;&#10;    /** TwitterModel. */&#10;    private static TwitterModel model = new TwitterModel();&#10;&#10;    /** Boolean if the controller is set up. */&#10;    private boolean isSetUp = false;&#10;&#10;    /** Twitter. */&#10;    private Twitter twitter;&#10;&#10;    /** RequestToken. */&#10;    private RequestToken requestToken;&#10;&#10;    /** Consumer key. */&#10;    public static final String CONSUMER_KEY = &quot;yNBLlBrsFHz89PyCfjrAw&quot;;&#10;&#10;    /** Consumer key secret. */&#10;    public static final String CONSUMER_KEY_SECRET =&#10;            &quot;8SIq5OXfeIKabtB3B2CBHJVIkrjQbSPloHoTmxtis4&quot;;&#10;&#10;    /****************************************************&#10;     * Twitter Controller constructor.&#10;     ***************************************************/&#10;    public TwitterController() {&#10;        model = new TwitterModel();&#10;&#10;        twitter = new TwitterFactory().getInstance();&#10;        twitter.setOAuthConsumer(CONSUMER_KEY, CONSUMER_KEY_SECRET);&#10;&#10;        String token = getAccessToken();&#10;        String tokenSecret = getAccessTokenSecret();&#10;&#10;        if (token != null &amp;&amp; tokenSecret != null) {&#10;            twitter.setOAuthAccessToken(new AccessToken(token, tokenSecret));&#10;&#10;            isSetUp = true;&#10;&#10;        } else {&#10;            try {&#10;                requestToken = twitter.getOAuthRequestToken();&#10;            } catch (TwitterException e) {&#10;                e.printStackTrace();&#10;            }&#10;        }&#10;    }&#10;&#10;    /****************************************************&#10;     * Gets Display Name.&#10;     * &#10;     * @return String&#10;     ****************************************************/&#10;    public final String getDisplayName() {&#10;        try {&#10;            return twitter.showUser(twitter.getId()).getName();&#10;        } catch (IllegalStateException e) {&#10;            // TODO Auto-generated catch block&#10;            e.printStackTrace();&#10;        } catch (TwitterException e) {&#10;            // TODO Auto-generated catch block&#10;            e.printStackTrace();&#10;        }&#10;&#10;        return null;&#10;    }&#10;&#10;    /****************************************************&#10;     * Gets twitter name.&#10;     * &#10;     * @return String&#10;     ***************************************************/&#10;    public final String getTwitterName() {&#10;        try {&#10;            return &quot;@&quot; + twitter.showUser(twitter.getId()).getScreenName();&#10;        } catch (IllegalStateException e) {&#10;            // TODO Auto-generated catch block&#10;            e.printStackTrace();&#10;        } catch (TwitterException e) {&#10;            // TODO Auto-generated catch block&#10;            e.printStackTrace();&#10;        }&#10;        return null;&#10;    }&#10;&#10;    /****************************************************&#10;     * Gets twitter name.&#10;     * &#10;     * @param l&#10;     *            Long&#10;     * @return String&#10;     ***************************************************/&#10;    public final String getTwitterName(final long l) {&#10;        try {&#10;            return &quot;@&quot; + twitter.showUser(l).getScreenName();&#10;        } catch (IllegalStateException e) {&#10;            // TODO Auto-generated catch block&#10;            e.printStackTrace();&#10;        } catch (TwitterException e) {&#10;            // TODO Auto-generated catch block&#10;            e.printStackTrace();&#10;        }&#10;        return null;&#10;    }&#10;&#10;    /****************************************************&#10;     * Gets description.&#10;     * &#10;     * @return String&#10;     ***************************************************/&#10;    public final String getDescription() {&#10;        try {&#10;            return twitter.showUser(twitter.getId()).getDescription();&#10;        } catch (IllegalStateException e) {&#10;            // TODO Auto-generated catch block&#10;            e.printStackTrace();&#10;        } catch (TwitterException e) {&#10;            // TODO Auto-generated catch block&#10;            e.printStackTrace();&#10;        }&#10;        return null;&#10;    }&#10;&#10;    /****************************************************&#10;     * Gets website.&#10;     * &#10;     * @return String&#10;     ***************************************************/&#10;    public final String getWebsite() {&#10;        String str = null;&#10;        try {&#10;            str = twitter.showUser(twitter.getId()).getURL();&#10;            return str;&#10;        } catch (IllegalStateException e) {&#10;            // TODO Auto-generated catch block&#10;            e.printStackTrace();&#10;        } catch (TwitterException e) {&#10;            // TODO Auto-generated catch block&#10;            e.printStackTrace();&#10;        }&#10;        return null;&#10;    }&#10;&#10;    /****************************************************&#10;     * Gets location.&#10;     * &#10;     * @return String&#10;     ***************************************************/&#10;    public final String getLocation() {&#10;        try {&#10;            return twitter.showUser(twitter.getId()).getLocation();&#10;        } catch (IllegalStateException e) {&#10;            // TODO Auto-generated catch block&#10;            e.printStackTrace();&#10;        } catch (TwitterException e) {&#10;            // TODO Auto-generated catch block&#10;            e.printStackTrace();&#10;        }&#10;        return null;&#10;    }&#10;&#10;    /****************************************************&#10;     * gets Profile image.&#10;     * &#10;     * @return ImageIcon profile picture&#10;     ***************************************************/&#10;    public final ImageIcon getProfileImage() {&#10;        try {&#10;            return new ImageIcon(new URL(twitter.showUser(twitter.getId())&#10;                    .getBiggerProfileImageURL()));&#10;        } catch (MalformedURLException e) {&#10;            return null;&#10;        } catch (IllegalStateException e) {&#10;            // TODO Auto-generated catch block&#10;            e.printStackTrace();&#10;        } catch (TwitterException e) {&#10;            // TODO Auto-generated catch block&#10;            e.printStackTrace();&#10;        }&#10;&#10;        return null;&#10;    }&#10;&#10;    /****************************************************&#10;     * Gets profile banner image.&#10;     * &#10;     * @return image&#10;     ***************************************************/&#10;    public final Image getProfileBanner() {&#10;        Image img = null;&#10;        try {&#10;            img = (new ImageIcon(new URL(twitter.showUser(twitter.getId())&#10;                    .getProfileBannerURL())).getImage());&#10;        } catch (MalformedURLException e) {&#10;        } catch (IllegalStateException e) {&#10;            // TODO Auto-generated catch block&#10;            e.printStackTrace();&#10;        } catch (TwitterException e) {&#10;            // TODO Auto-generated catch block&#10;            e.printStackTrace();&#10;        }&#10;        if (img == null) {&#10;            img = (new ImageIcon(&quot;src/banner.jpeg&quot;)).getImage();&#10;        }&#10;        return img;&#10;    }&#10;&#10;    /****************************************************&#10;     * Gets text color.&#10;     * &#10;     * @return Color white&#10;     ***************************************************/&#10;    public final Color getTextColor() {&#10;        return Color.WHITE;&#10;    }&#10;&#10;    /****************************************************&#10;     * Gets background image.&#10;     * &#10;     * @return Banner&#10;     ***************************************************/&#10;    public final Image getBackgroundImage() {&#10;        Image img = new ImageIcon(&quot;src/background.jpeg&quot;).getImage();&#10;        return img;&#10;    }&#10;&#10;    /****************************************************&#10;     * Gets profile banner image.&#10;     * &#10;     * @param str&#10;     *            tweet&#10;     * @return Boolean&#10;     ***************************************************/&#10;    public final boolean tweet(final String str) {&#10;        try {&#10;            twitter.updateStatus(str);&#10;            return true;&#10;        } catch (TwitterException e) {&#10;            return false;&#10;        }&#10;    }&#10;&#10;    /****************************************************&#10;     * Gets tweet count.&#10;     * &#10;     * @return Int&#10;     ***************************************************/&#10;    public final int getTweetCount() {&#10;        try {&#10;            return twitter.showUser(twitter.getId()).getStatusesCount();&#10;        } catch (IllegalStateException e) {&#10;            e.printStackTrace();&#10;        } catch (TwitterException e) {&#10;            e.printStackTrace();&#10;        }&#10;        return 0;&#10;    }&#10;&#10;    /****************************************************&#10;     * Gets friends IDs.&#10;     * &#10;     * @return long[]&#10;     ***************************************************/&#10;    public final long[] getFriendsIDs() {&#10;        try {&#10;            return twitter.getFriendsIDs(-1).getIDs();&#10;        } catch (TwitterException e) {&#10;            return null;&#10;        }&#10;    }&#10;&#10;    /****************************************************&#10;     * Gets friend count.&#10;     * &#10;     * @return int number of friends&#10;     ***************************************************/&#10;    public final int getFriendsCount() {&#10;        try {&#10;            return twitter.showUser(twitter.getId()).getFriendsCount();&#10;        } catch (IllegalStateException e) {&#10;            e.printStackTrace();&#10;        } catch (TwitterException e) {&#10;            e.printStackTrace();&#10;        }&#10;        return 0;&#10;    }&#10;&#10;    /****************************************************&#10;     * Gets follower.&#10;     * &#10;     * @return ArrayList&lt;User&gt;&#10;     ***************************************************/&#10;    public final ArrayList&lt;User&gt; getFollowers() {&#10;        ArrayList&lt;User&gt; users = new ArrayList&lt;User&gt;();&#10;        try {&#10;            long[] list = twitter.getFollowersIDs(-1).getIDs();&#10;            for (long l : list) {&#10;                users.add(twitter.showUser(l));&#10;            }&#10;        } catch (TwitterException e) {&#10;            // TODO Auto-generated catch block&#10;            e.printStackTrace();&#10;        }&#10;        return users;&#10;    }&#10;&#10;    /****************************************************&#10;     * Gets following.&#10;     * &#10;     * @return ArrayList&lt;User&gt;&#10;     ***************************************************/&#10;    public final ArrayList&lt;User&gt; getFollowing() {&#10;        ArrayList&lt;User&gt; users = new ArrayList&lt;User&gt;();&#10;        try {&#10;            long[] list = twitter.getFriendsIDs(-1).getIDs();&#10;            for (long l : list) {&#10;                users.add(twitter.showUser(l));&#10;            }&#10;        } catch (TwitterException e) {&#10;            // TODO Auto-generated catch block&#10;            e.printStackTrace();&#10;        }&#10;        return users;&#10;    }&#10;&#10;    /****************************************************&#10;     * unfollows user.&#10;     * &#10;     * @param l&#10;     *            Long&#10;     * @return boolean&#10;     ***************************************************/&#10;    public final boolean unfollow(final long l) {&#10;        try {&#10;            twitter.destroyFriendship(l);&#10;            return true;&#10;        } catch (TwitterException e) {&#10;            // TODO Auto-generated catch block&#10;            e.printStackTrace();&#10;        }&#10;        return false;&#10;    }&#10;&#10;    /****************************************************&#10;     * ShowsUser.&#10;     * &#10;     * @param l&#10;     *            Long&#10;     * @return User&#10;     ***************************************************/&#10;    public final User showUser(final long l) {&#10;        try {&#10;            return twitter.showUser(l);&#10;        } catch (TwitterException e) {&#10;            // TODO Auto-generated catch block&#10;            e.printStackTrace();&#10;        }&#10;        return null;&#10;    }&#10;&#10;    /****************************************************&#10;     * Gets follower Count.&#10;     * &#10;     * @return Int number of followers&#10;     ***************************************************/&#10;    public final int getFollowersCount() {&#10;        try {&#10;            return twitter.showUser(twitter.getId()).getFollowersCount();&#10;        } catch (IllegalStateException e) {&#10;            // TODO Auto-generated catch block&#10;            e.printStackTrace();&#10;        } catch (TwitterException e) {&#10;            // TODO Auto-generated catch block&#10;            e.printStackTrace();&#10;        }&#10;        return 0;&#10;    }&#10;&#10;    /****************************************************&#10;     * destroys Status.&#10;     * &#10;     * @param l&#10;     *            Long&#10;     ***************************************************/&#10;    public final void destroyStatus(final Long l) {&#10;        try {&#10;            twitter.destroyStatus(l);&#10;        } catch (TwitterException e) {&#10;            // TODO Auto-generated catch block&#10;            e.printStackTrace();&#10;        }&#10;    }&#10;&#10;    /****************************************************&#10;     * Gets home timeline.&#10;     * &#10;     * @return tweets from timeline&#10;     ***************************************************/&#10;    public final Tweets getHomeTimeline() {&#10;        Tweets tweets = new Tweets();&#10;        ResponseList&lt;Status&gt; statuses = null;&#10;        try {&#10;            statuses = twitter.getHomeTimeline();&#10;        } catch (TwitterException e) {&#10;            // TODO Auto-generated catch block&#10;            e.printStackTrace();&#10;        }&#10;        if (statuses != null) {&#10;            for (Status s : statuses) {&#10;                tweets.add(s);&#10;            }&#10;        }&#10;        return tweets;&#10;    }&#10;&#10;    /****************************************************&#10;     * gets users timeline.&#10;     * &#10;     * @return Tweets&#10;     ***************************************************/&#10;    public final Tweets getUserTimeline() {&#10;        Tweets tweets = new Tweets();&#10;        ResponseList&lt;Status&gt; statuses = null;&#10;        try {&#10;            statuses = twitter.getUserTimeline();&#10;        } catch (TwitterException e) {&#10;            // TODO Auto-generated catch block&#10;            e.printStackTrace();&#10;        }&#10;        if (statuses != null) {&#10;            for (Status s : statuses) {&#10;                tweets.add(s);&#10;            }&#10;        }&#10;        return tweets;&#10;    }&#10;&#10;    /****************************************************&#10;     * gets authorsURL.&#10;     * &#10;     * @return String Users URL&#10;     ***************************************************/&#10;    public final String getAuthUrl() {&#10;        return requestToken.getAuthorizationURL();&#10;&#10;    }&#10;&#10;    /****************************************************&#10;     * adds access token to file.&#10;     * &#10;     * @param accessToken&#10;     ***************************************************/&#10;    private void addToFile(final AccessToken accessToken) {&#10;        JSONObject obj = new JSONObject();&#10;&#10;        obj.put(&quot;AccessToken&quot;, accessToken.getToken());&#10;        obj.put(&quot;AccessTokenSecret&quot;, accessToken.getTokenSecret());&#10;&#10;        try {&#10;            FileWriter file = new FileWriter(&quot;./auth.json&quot;);&#10;            file.write(obj.toJSONString());&#10;            file.flush();&#10;            file.close();&#10;&#10;            isSetUp = true;&#10;&#10;        } catch (IOException e) {&#10;            e.printStackTrace();&#10;        }&#10;&#10;    }&#10;&#10;    /****************************************************&#10;     * Gets access token.&#10;     * &#10;     * @return String access token&#10;     ***************************************************/&#10;    private String getAccessToken() {&#10;        JSONParser parser = new JSONParser();&#10;        try {&#10;&#10;            Object obj = parser.parse(new FileReader(&quot;./auth.json&quot;));&#10;&#10;            JSONObject jsonObject = (JSONObject) obj;&#10;&#10;            return (String) jsonObject.get(&quot;AccessToken&quot;);&#10;&#10;        } catch (Throwable e) {&#10;            return null;&#10;        }&#10;    }&#10;&#10;    /****************************************************&#10;     * Gets access token.&#10;     * &#10;     * @return String access token&#10;     ***************************************************/&#10;    private String getAccessTokenSecret() {&#10;        JSONParser parser = new JSONParser();&#10;        try {&#10;&#10;            Object obj = parser.parse(new FileReader(&quot;./auth.json&quot;));&#10;&#10;            JSONObject jsonObject = (JSONObject) obj;&#10;&#10;            return (String) jsonObject.get(&quot;AccessTokenSecret&quot;);&#10;&#10;        } catch (Throwable e) {&#10;            return null;&#10;        }&#10;    }&#10;&#10;    /****************************************************&#10;     * Boolean if controller is setup.&#10;     * &#10;     * @return Boolean is set up&#10;     ***************************************************/&#10;    public final boolean getIsSetUp() {&#10;        return isSetUp;&#10;    }&#10;&#10;    /****************************************************&#10;     * sets up controller.&#10;     * &#10;     * @param pin&#10;     *            String&#10;     ***************************************************/&#10;    public final void setUp(final String pin) {&#10;        AccessToken accessToken = null;&#10;        try {&#10;            accessToken = twitter.getOAuthAccessToken(requestToken, pin);&#10;&#10;        } catch (TwitterException te) {&#10;            te.printStackTrace();&#10;        }&#10;        addToFile(accessToken);&#10;&#10;    }&#10;&#10;}&#10;" Filename="TwitterController.java" Intrnl_Id="7"/>
</SrcFileList>
<CritList>
<CritListEntry Name="org.codecover.model.utils.criteria.BranchCoverage" PluginName="org.codecover"/>
<CritListEntry Name="org.codecover.model.utils.criteria.ConditionCoverage" PluginName="org.codecover"/>
<CritListEntry Name="org.codecover.model.utils.criteria.StatementCoverage" PluginName="org.codecover"/>
</CritList>
<BoolOpList>
<BoolOp Arity="1" Intrnl_Id="8" Name="not (!)">
<BoolAssgnmntBoolMapList>
<MapEntry BoolAssgnmnt="0" Value="true"/>
<MapEntry BoolAssgnmnt="1" Value="false"/>
</BoolAssgnmntBoolMapList>
</BoolOp>
<BoolOp Arity="2" Intrnl_Id="9" Name="conditional and (&amp;&amp;)">
<BoolAssgnmntBoolMapList>
<MapEntry BoolAssgnmnt="10" Value="false"/>
<MapEntry BoolAssgnmnt="02" Value="false"/>
<MapEntry BoolAssgnmnt="11" Value="true"/>
</BoolAssgnmntBoolMapList>
</BoolOp>
<BoolOp Arity="2" Intrnl_Id="10" Name="conditional or (||)">
<BoolAssgnmntBoolMapList>
<MapEntry BoolAssgnmnt="01" Value="true"/>
<MapEntry BoolAssgnmnt="00" Value="false"/>
<MapEntry BoolAssgnmnt="12" Value="true"/>
</BoolAssgnmntBoolMapList>
</BoolOp>
</BoolOpList>
<HierarchyLvlTypeList>
<HierarchyLvlType EnglishName="package" IntrnlName="package" Intrnl_Id="11"/>
<HierarchyLvlType EnglishName="class" IntrnlName="class" Intrnl_Id="12"/>
<HierarchyLvlType EnglishName="method" IntrnlName="method" Intrnl_Id="13"/>
<HierarchyLvlType EnglishName="default package" IntrnlName="default package" Intrnl_Id="14"/>
<HierarchyLvlType EnglishName="anonymous class" IntrnlName="class" Intrnl_Id="15"/>
</HierarchyLvlTypeList>
<MASTRoot>
<HierarchyLvl HierarchyLvlId="1133" HierarchyLvlTypeId="14" Intrnl_Id="16" Name="default package">
<Header/>
<LocList/>
<HierarchyLvl HierarchyLvlId="1130" HierarchyLvlTypeId="11" Intrnl_Id="17" Name="view">
<Header/>
<LocList/>
<HierarchyLvl HierarchyLvlId="1081" HierarchyLvlTypeId="12" Intrnl_Id="18" Name="TwitterGUI">
<Header>
<Loc EndOffset="1311" SrcFileId="2" StartOffset="1234"/>
</Header>
<LocList>
<Loc EndOffset="26743" SrcFileId="2" StartOffset="1234"/>
</LocList>
<StmntSeq Intrnl_Id="19">
<LocList>
<Loc EndOffset="1396" SrcFileId="2" StartOffset="1348"/>
<Loc EndOffset="1477" SrcFileId="2" StartOffset="1433"/>
<Loc EndOffset="1556" SrcFileId="2" StartOffset="1513"/>
<Loc EndOffset="1672" SrcFileId="2" StartOffset="1630"/>
<Loc EndOffset="2894" SrcFileId="2" StartOffset="2859"/>
<Loc EndOffset="3334" SrcFileId="2" StartOffset="3286"/>
<Loc EndOffset="3417" SrcFileId="2" StartOffset="3370"/>
<Loc EndOffset="3579" SrcFileId="2" StartOffset="3531"/>
<Loc EndOffset="3662" SrcFileId="2" StartOffset="3615"/>
</LocList>
<BasicStmnt CovItemId="S1" CovItemPrefix="view.TwitterGUI.java" Intrnl_Id="20">
<LocList>
<Loc EndOffset="1396" SrcFileId="2" StartOffset="1348"/>
</LocList>
</BasicStmnt>
<BasicStmnt CovItemId="S2" CovItemPrefix="view.TwitterGUI.java" Intrnl_Id="21">
<LocList>
<Loc EndOffset="1477" SrcFileId="2" StartOffset="1433"/>
</LocList>
</BasicStmnt>
<BasicStmnt CovItemId="S3" CovItemPrefix="view.TwitterGUI.java" Intrnl_Id="22">
<LocList>
<Loc EndOffset="1556" SrcFileId="2" StartOffset="1513"/>
</LocList>
</BasicStmnt>
<BasicStmnt CovItemId="S4" CovItemPrefix="view.TwitterGUI.java" Intrnl_Id="23">
<LocList>
<Loc EndOffset="1672" SrcFileId="2" StartOffset="1630"/>
</LocList>
</BasicStmnt>
<BasicStmnt CovItemId="S5" CovItemPrefix="view.TwitterGUI.java" Intrnl_Id="24">
<LocList>
<Loc EndOffset="2894" SrcFileId="2" StartOffset="2859"/>
</LocList>
</BasicStmnt>
<BasicStmnt CovItemId="S6" CovItemPrefix="view.TwitterGUI.java" Intrnl_Id="25">
<LocList>
<Loc EndOffset="3334" SrcFileId="2" StartOffset="3286"/>
</LocList>
</BasicStmnt>
<BasicStmnt CovItemId="S7" CovItemPrefix="view.TwitterGUI.java" Intrnl_Id="26">
<LocList>
<Loc EndOffset="3417" SrcFileId="2" StartOffset="3370"/>
</LocList>
</BasicStmnt>
<BasicStmnt CovItemId="S8" CovItemPrefix="view.TwitterGUI.java" Intrnl_Id="27">
<LocList>
<Loc EndOffset="3579" SrcFileId="2" StartOffset="3531"/>
</LocList>
</BasicStmnt>
<BasicStmnt CovItemId="S9" CovItemPrefix="view.TwitterGUI.java" Intrnl_Id="28">
<LocList>
<Loc EndOffset="3662" SrcFileId="2" StartOffset="3615"/>
</LocList>
</BasicStmnt>
</StmntSeq>
<HierarchyLvl HierarchyLvlId="1053" HierarchyLvlTypeId="13" Intrnl_Id="29" Name="TwitterGUI">
<Header>
<Loc EndOffset="4162" SrcFileId="2" StartOffset="4143"/>
</Header>
<LocList>
<Loc EndOffset="5268" SrcFileId="2" StartOffset="4143"/>
</LocList>
<StmntSeq Intrnl_Id="30">
<LocList>
<Loc EndOffset="4194" SrcFileId="2" StartOffset="4173"/>
<Loc EndOffset="4230" SrcFileId="2" StartOffset="4203"/>
<Loc EndOffset="4266" SrcFileId="2" StartOffset="4239"/>
<Loc EndOffset="4322" SrcFileId="2" StartOffset="4275"/>
<Loc EndOffset="4366" SrcFileId="2" StartOffset="4331"/>
<Loc EndOffset="4432" SrcFileId="2" StartOffset="4375"/>
<Loc EndOffset="4498" SrcFileId="2" StartOffset="4441"/>
<Loc EndOffset="4527" SrcFileId="2" StartOffset="4507"/>
<Loc EndOffset="4564" SrcFileId="2" StartOffset="4536"/>
<Loc EndOffset="4592" SrcFileId="2" StartOffset="4574"/>
<Loc EndOffset="4676" SrcFileId="2" StartOffset="4634"/>
<Loc EndOffset="4727" SrcFileId="2" StartOffset="4685"/>
<Loc EndOffset="4778" SrcFileId="2" StartOffset="4736"/>
<Loc EndOffset="4823" SrcFileId="2" StartOffset="4787"/>
<Loc EndOffset="4866" SrcFileId="2" StartOffset="4832"/>
<Loc EndOffset="4919" SrcFileId="2" StartOffset="4875"/>
<Loc EndOffset="4974" SrcFileId="2" StartOffset="4928"/>
<Loc EndOffset="5033" SrcFileId="2" StartOffset="4983"/>
<Loc EndOffset="5093" SrcFileId="2" StartOffset="5072"/>
<Loc EndOffset="5121" SrcFileId="2" StartOffset="5102"/>
<Loc EndOffset="5153" SrcFileId="2" StartOffset="5130"/>
<Loc EndOffset="5185" SrcFileId="2" StartOffset="5162"/>
<Loc EndOffset="5207" SrcFileId="2" StartOffset="5194"/>
<Loc EndOffset="5235" SrcFileId="2" StartOffset="5216"/>
<Loc EndOffset="5262" SrcFileId="2" StartOffset="5245"/>
</LocList>
<BasicStmnt CovItemId="S10" CovItemPrefix="view.TwitterGUI.java" Intrnl_Id="31">
<LocList>
<Loc EndOffset="4194" SrcFileId="2" StartOffset="4173"/>
</LocList>
</BasicStmnt>
<BasicStmnt CovItemId="S11" CovItemPrefix="view.TwitterGUI.java" Intrnl_Id="32">
<LocList>
<Loc EndOffset="4230" SrcFileId="2" StartOffset="4203"/>
</LocList>
</BasicStmnt>
<BasicStmnt CovItemId="S12" CovItemPrefix="view.TwitterGUI.java" Intrnl_Id="33">
<LocList>
<Loc EndOffset="4266" SrcFileId="2" StartOffset="4239"/>
</LocList>
</BasicStmnt>
<BasicStmnt CovItemId="S13" CovItemPrefix="view.TwitterGUI.java" Intrnl_Id="34">
<LocList>
<Loc EndOffset="4322" SrcFileId="2" StartOffset="4275"/>
</LocList>
</BasicStmnt>
<BasicStmnt CovItemId="S14" CovItemPrefix="view.TwitterGUI.java" Intrnl_Id="35">
<LocList>
<Loc EndOffset="4366" SrcFileId="2" StartOffset="4331"/>
</LocList>
</BasicStmnt>
<BasicStmnt CovItemId="S15" CovItemPrefix="view.TwitterGUI.java" Intrnl_Id="36">
<LocList>
<Loc EndOffset="4432" SrcFileId="2" StartOffset="4375"/>
</LocList>
</BasicStmnt>
<BasicStmnt CovItemId="S16" CovItemPrefix="view.TwitterGUI.java" Intrnl_Id="37">
<LocList>
<Loc EndOffset="4498" SrcFileId="2" StartOffset="4441"/>
</LocList>
</BasicStmnt>
<BasicStmnt CovItemId="S17" CovItemPrefix="view.TwitterGUI.java" Intrnl_Id="38">
<LocList>
<Loc EndOffset="4527" SrcFileId="2" StartOffset="4507"/>
</LocList>
</BasicStmnt>
<BasicStmnt CovItemId="S18" CovItemPrefix="view.TwitterGUI.java" Intrnl_Id="39">
<LocList>
<Loc EndOffset="4564" SrcFileId="2" StartOffset="4536"/>
</LocList>
</BasicStmnt>
<BasicStmnt CovItemId="S19" CovItemPrefix="view.TwitterGUI.java" Intrnl_Id="40">
<LocList>
<Loc EndOffset="4592" SrcFileId="2" StartOffset="4574"/>
</LocList>
</BasicStmnt>
<BasicStmnt CovItemId="S20" CovItemPrefix="view.TwitterGUI.java" Intrnl_Id="41">
<LocList>
<Loc EndOffset="4676" SrcFileId="2" StartOffset="4634"/>
</LocList>
</BasicStmnt>
<BasicStmnt CovItemId="S21" CovItemPrefix="view.TwitterGUI.java" Intrnl_Id="42">
<LocList>
<Loc EndOffset="4727" SrcFileId="2" StartOffset="4685"/>
</LocList>
</BasicStmnt>
<BasicStmnt CovItemId="S22" CovItemPrefix="view.TwitterGUI.java" Intrnl_Id="43">
<LocList>
<Loc EndOffset="4778" SrcFileId="2" StartOffset="4736"/>
</LocList>
</BasicStmnt>
<BasicStmnt CovItemId="S23" CovItemPrefix="view.TwitterGUI.java" Intrnl_Id="44">
<LocList>
<Loc EndOffset="4823" SrcFileId="2" StartOffset="4787"/>
</LocList>
</BasicStmnt>
<BasicStmnt CovItemId="S24" CovItemPrefix="view.TwitterGUI.java" Intrnl_Id="45">
<LocList>
<Loc EndOffset="4866" SrcFileId="2" StartOffset="4832"/>
</LocList>
</BasicStmnt>
<BasicStmnt CovItemId="S25" CovItemPrefix="view.TwitterGUI.java" Intrnl_Id="46">
<LocList>
<Loc EndOffset="4919" SrcFileId="2" StartOffset="4875"/>
</LocList>
</BasicStmnt>
<BasicStmnt CovItemId="S26" CovItemPrefix="view.TwitterGUI.java" Intrnl_Id="47">
<LocList>
<Loc EndOffset="4974" SrcFileId="2" StartOffset="4928"/>
</LocList>
</BasicStmnt>
<BasicStmnt CovItemId="S27" CovItemPrefix="view.TwitterGUI.java" Intrnl_Id="48">
<LocList>
<Loc EndOffset="5033" SrcFileId="2" StartOffset="4983"/>
</LocList>
</BasicStmnt>
<BasicStmnt CovItemId="S28" CovItemPrefix="view.TwitterGUI.java" Intrnl_Id="49">
<LocList>
<Loc EndOffset="5093" SrcFileId="2" StartOffset="5072"/>
</LocList>
</BasicStmnt>
<BasicStmnt CovItemId="S29" CovItemPrefix="view.TwitterGUI.java" Intrnl_Id="50">
<LocList>
<Loc EndOffset="5121" SrcFileId="2" StartOffset="5102"/>
</LocList>
</BasicStmnt>
<BasicStmnt CovItemId="S30" CovItemPrefix="view.TwitterGUI.java" Intrnl_Id="51">
<LocList>
<Loc EndOffset="5153" SrcFileId="2" StartOffset="5130"/>
</LocList>
</BasicStmnt>
<BasicStmnt CovItemId="S31" CovItemPrefix="view.TwitterGUI.java" Intrnl_Id="52">
<LocList>
<Loc EndOffset="5185" SrcFileId="2" StartOffset="5162"/>
</LocList>
</BasicStmnt>
<BasicStmnt CovItemId="S32" CovItemPrefix="view.TwitterGUI.java" Intrnl_Id="53">
<LocList>
<Loc EndOffset="5207" SrcFileId="2" StartOffset="5194"/>
</LocList>
</BasicStmnt>
<BasicStmnt CovItemId="S33" CovItemPrefix="view.TwitterGUI.java" Intrnl_Id="54">
<LocList>
<Loc EndOffset="5235" SrcFileId="2" StartOffset="5216"/>
</LocList>
</BasicStmnt>
<BasicStmnt CovItemId="S34" CovItemPrefix="view.TwitterGUI.java" Intrnl_Id="55">
<LocList>
<Loc EndOffset="5262" SrcFileId="2" StartOffset="5245"/>
</LocList>
</BasicStmnt>
</StmntSeq>
</HierarchyLvl>
<HierarchyLvl HierarchyLvlId="1054" HierarchyLvlTypeId="13" Intrnl_Id="56" Name="setUpController">
<Header>
<Loc EndOffset="5447" SrcFileId="2" StartOffset="5417"/>
</Header>
<LocList>
<Loc EndOffset="5984" SrcFileId="2" StartOffset="5417"/>
</LocList>
<StmntSeq Intrnl_Id="57">
<LocList>
<Loc EndOffset="5495" SrcFileId="2" StartOffset="5458"/>
<Loc EndOffset="5978" SrcFileId="2" StartOffset="5505"/>
</LocList>
<BasicStmnt CovItemId="S35" CovItemPrefix="view.TwitterGUI.java" Intrnl_Id="58">
<LocList>
<Loc EndOffset="5495" SrcFileId="2" StartOffset="5458"/>
</LocList>
</BasicStmnt>
<CondStmnt CovItemId="S36" CovItemPrefix="view.TwitterGUI.java" Intrnl_Id="59">
<Branch CovItemId="B1" CovItemPrefix="view.TwitterGUI.java" Implct="false" Intrnl_Id="60">
<Cond/>
<LocList>
<Loc EndOffset="5978" SrcFileId="2" StartOffset="5535"/>
</LocList>
<StmntSeq Intrnl_Id="61">
<LocList>
<Loc EndOffset="5590" SrcFileId="2" StartOffset="5549"/>
<Loc EndOffset="5754" SrcFileId="2" StartOffset="5636"/>
<Loc EndOffset="5933" SrcFileId="2" StartOffset="5767"/>
<Loc EndOffset="5968" SrcFileId="2" StartOffset="5946"/>
</LocList>
<BasicStmnt CovItemId="S37" CovItemPrefix="view.TwitterGUI.java" Intrnl_Id="62">
<LocList>
<Loc EndOffset="5590" SrcFileId="2" StartOffset="5549"/>
</LocList>
</BasicStmnt>
<BasicStmnt CovItemId="S38" CovItemPrefix="view.TwitterGUI.java" Intrnl_Id="63">
<LocList>
<Loc EndOffset="5754" SrcFileId="2" StartOffset="5636"/>
</LocList>
</BasicStmnt>
<BasicStmnt CovItemId="S39" CovItemPrefix="view.TwitterGUI.java" Intrnl_Id="64">
<LocList>
<Loc EndOffset="5933" SrcFileId="2" StartOffset="5767"/>
</LocList>
</BasicStmnt>
<BasicStmnt CovItemId="S40" CovItemPrefix="view.TwitterGUI.java" Intrnl_Id="65">
<LocList>
<Loc EndOffset="5968" SrcFileId="2" StartOffset="5946"/>
</LocList>
</BasicStmnt>
</StmntSeq>
</Branch>
<Branch CovItemId="B2" CovItemPrefix="view.TwitterGUI.java" Implct="true" Intrnl_Id="66">
<Cond/>
<LocList/>
<StmntSeq Intrnl_Id="67">
<LocList/>
</StmntSeq>
</Branch>
<Keyword EndOffset="5507" SrcFileId="2" StartOffset="5505"/>
<LocList>
<Loc EndOffset="5978" SrcFileId="2" StartOffset="5505"/>
</LocList>
<RootTerm CovItemId="C1" CovItemPrefix="view.TwitterGUI.java" Intrnl_Id="68">
<OpTerm BooleanOpId="8" Intrnl_Id="69">
<BasicBoolTerm Intrnl_Id="70">
<LocList>
<Loc EndOffset="5533" SrcFileId="2" StartOffset="5510"/>
</LocList>
</BasicBoolTerm>
<LocList>
<Loc EndOffset="5510" SrcFileId="2" StartOffset="5509"/>
</LocList>
</OpTerm>
</RootTerm>
</CondStmnt>
</StmntSeq>
</HierarchyLvl>
<HierarchyLvl HierarchyLvlId="1057" HierarchyLvlTypeId="13" Intrnl_Id="71" Name="createFollowersPanel">
<Header>
<Loc EndOffset="6192" SrcFileId="2" StartOffset="6157"/>
</Header>
<LocList>
<Loc EndOffset="6942" SrcFileId="2" StartOffset="6157"/>
</LocList>
<StmntSeq Intrnl_Id="72">
<LocList>
<Loc EndOffset="6220" SrcFileId="2" StartOffset="6203"/>
<Loc EndOffset="6420" SrcFileId="2" StartOffset="6419"/>
<Loc EndOffset="6461" SrcFileId="2" StartOffset="6429"/>
<Loc EndOffset="6516" SrcFileId="2" StartOffset="6470"/>
<Loc EndOffset="6558" SrcFileId="2" StartOffset="6526"/>
<Loc EndOffset="6604" SrcFileId="2" StartOffset="6567"/>
<Loc EndOffset="6706" SrcFileId="2" StartOffset="6613"/>
<Loc EndOffset="6810" SrcFileId="2" StartOffset="6715"/>
<Loc EndOffset="6867" SrcFileId="2" StartOffset="6819"/>
<Loc EndOffset="6897" SrcFileId="2" StartOffset="6876"/>
<Loc EndOffset="6936" SrcFileId="2" StartOffset="6906"/>
</LocList>
<BasicStmnt CovItemId="S41" CovItemPrefix="view.TwitterGUI.java" Intrnl_Id="73">
<LocList>
<Loc EndOffset="6220" SrcFileId="2" StartOffset="6203"/>
<Loc EndOffset="6420" SrcFileId="2" StartOffset="6419"/>
</LocList>
</BasicStmnt>
<BasicStmnt CovItemId="S44" CovItemPrefix="view.TwitterGUI.java" Intrnl_Id="74">
<LocList>
<Loc EndOffset="6461" SrcFileId="2" StartOffset="6429"/>
</LocList>
</BasicStmnt>
<BasicStmnt CovItemId="S45" CovItemPrefix="view.TwitterGUI.java" Intrnl_Id="75">
<LocList>
<Loc EndOffset="6516" SrcFileId="2" StartOffset="6470"/>
</LocList>
</BasicStmnt>
<BasicStmnt CovItemId="S46" CovItemPrefix="view.TwitterGUI.java" Intrnl_Id="76">
<LocList>
<Loc EndOffset="6558" SrcFileId="2" StartOffset="6526"/>
</LocList>
</BasicStmnt>
<BasicStmnt CovItemId="S47" CovItemPrefix="view.TwitterGUI.java" Intrnl_Id="77">
<LocList>
<Loc EndOffset="6604" SrcFileId="2" StartOffset="6567"/>
</LocList>
</BasicStmnt>
<BasicStmnt CovItemId="S48" CovItemPrefix="view.TwitterGUI.java" Intrnl_Id="78">
<LocList>
<Loc EndOffset="6706" SrcFileId="2" StartOffset="6613"/>
</LocList>
</BasicStmnt>
<BasicStmnt CovItemId="S49" CovItemPrefix="view.TwitterGUI.java" Intrnl_Id="79">
<LocList>
<Loc EndOffset="6810" SrcFileId="2" StartOffset="6715"/>
</LocList>
</BasicStmnt>
<BasicStmnt CovItemId="S50" CovItemPrefix="view.TwitterGUI.java" Intrnl_Id="80">
<LocList>
<Loc EndOffset="6867" SrcFileId="2" StartOffset="6819"/>
</LocList>
</BasicStmnt>
<BasicStmnt CovItemId="S51" CovItemPrefix="view.TwitterGUI.java" Intrnl_Id="81">
<LocList>
<Loc EndOffset="6897" SrcFileId="2" StartOffset="6876"/>
</LocList>
</BasicStmnt>
<BasicStmnt CovItemId="S52" CovItemPrefix="view.TwitterGUI.java" Intrnl_Id="82">
<LocList>
<Loc EndOffset="6936" SrcFileId="2" StartOffset="6906"/>
</LocList>
</BasicStmnt>
</StmntSeq>
<HierarchyLvl HierarchyLvlId="1056" HierarchyLvlTypeId="15" Intrnl_Id="83" Name="JPanel">
<Header>
<Loc EndOffset="6232" SrcFileId="2" StartOffset="6224"/>
</Header>
<LocList>
<Loc EndOffset="6419" SrcFileId="2" StartOffset="6220"/>
</LocList>
<HierarchyLvl HierarchyLvlId="1055" HierarchyLvlTypeId="13" Intrnl_Id="84" Name="paintComponent">
<Header>
<Loc EndOffset="6294" SrcFileId="2" StartOffset="6247"/>
</Header>
<LocList>
<Loc EndOffset="6409" SrcFileId="2" StartOffset="6247"/>
</LocList>
<StmntSeq Intrnl_Id="85">
<LocList>
<Loc EndOffset="6354" SrcFileId="2" StartOffset="6313"/>
<Loc EndOffset="6395" SrcFileId="2" StartOffset="6371"/>
</LocList>
<BasicStmnt CovItemId="S42" CovItemPrefix="view.TwitterGUI.java" Intrnl_Id="86">
<LocList>
<Loc EndOffset="6354" SrcFileId="2" StartOffset="6313"/>
</LocList>
</BasicStmnt>
<BasicStmnt CovItemId="S43" CovItemPrefix="view.TwitterGUI.java" Intrnl_Id="87">
<LocList>
<Loc EndOffset="6395" SrcFileId="2" StartOffset="6371"/>
</LocList>
</BasicStmnt>
</StmntSeq>
</HierarchyLvl>
</HierarchyLvl>
</HierarchyLvl>
<HierarchyLvl HierarchyLvlId="1060" HierarchyLvlTypeId="13" Intrnl_Id="88" Name="createFollowingPanel">
<Header>
<Loc EndOffset="7150" SrcFileId="2" StartOffset="7115"/>
</Header>
<LocList>
<Loc EndOffset="8592" SrcFileId="2" StartOffset="7115"/>
</LocList>
<StmntSeq Intrnl_Id="89">
<LocList>
<Loc EndOffset="7178" SrcFileId="2" StartOffset="7161"/>
<Loc EndOffset="7378" SrcFileId="2" StartOffset="7377"/>
<Loc EndOffset="7420" SrcFileId="2" StartOffset="7388"/>
<Loc EndOffset="7475" SrcFileId="2" StartOffset="7429"/>
<Loc EndOffset="7519" SrcFileId="2" StartOffset="7484"/>
<Loc EndOffset="7561" SrcFileId="2" StartOffset="7529"/>
<Loc EndOffset="7607" SrcFileId="2" StartOffset="7570"/>
<Loc EndOffset="7709" SrcFileId="2" StartOffset="7616"/>
<Loc EndOffset="7768" SrcFileId="2" StartOffset="7719"/>
<Loc EndOffset="7824" SrcFileId="2" StartOffset="7778"/>
<Loc EndOffset="7852" SrcFileId="2" StartOffset="7834"/>
<Loc EndOffset="7879" SrcFileId="2" StartOffset="7861"/>
<Loc EndOffset="7904" SrcFileId="2" StartOffset="7888"/>
<Loc EndOffset="7935" SrcFileId="2" StartOffset="7913"/>
<Loc EndOffset="7989" SrcFileId="2" StartOffset="7944"/>
<Loc EndOffset="8029" SrcFileId="2" StartOffset="7999"/>
<Loc EndOffset="8077" SrcFileId="2" StartOffset="8038"/>
<Loc EndOffset="8122" SrcFileId="2" StartOffset="8087"/>
<Loc EndOffset="8164" SrcFileId="2" StartOffset="8131"/>
<Loc EndOffset="8191" SrcFileId="2" StartOffset="8173"/>
<Loc EndOffset="8218" SrcFileId="2" StartOffset="8200"/>
<Loc EndOffset="8249" SrcFileId="2" StartOffset="8227"/>
<Loc EndOffset="8275" SrcFileId="2" StartOffset="8258"/>
<Loc EndOffset="8322" SrcFileId="2" StartOffset="8284"/>
<Loc EndOffset="8422" SrcFileId="2" StartOffset="8332"/>
<Loc EndOffset="8449" SrcFileId="2" StartOffset="8431"/>
<Loc EndOffset="8476" SrcFileId="2" StartOffset="8458"/>
<Loc EndOffset="8507" SrcFileId="2" StartOffset="8485"/>
<Loc EndOffset="8533" SrcFileId="2" StartOffset="8516"/>
<Loc EndOffset="8586" SrcFileId="2" StartOffset="8542"/>
</LocList>
<BasicStmnt CovItemId="S53" CovItemPrefix="view.TwitterGUI.java" Intrnl_Id="90">
<LocList>
<Loc EndOffset="7178" SrcFileId="2" StartOffset="7161"/>
<Loc EndOffset="7378" SrcFileId="2" StartOffset="7377"/>
</LocList>
</BasicStmnt>
<BasicStmnt CovItemId="S56" CovItemPrefix="view.TwitterGUI.java" Intrnl_Id="91">
<LocList>
<Loc EndOffset="7420" SrcFileId="2" StartOffset="7388"/>
</LocList>
</BasicStmnt>
<BasicStmnt CovItemId="S57" CovItemPrefix="view.TwitterGUI.java" Intrnl_Id="92">
<LocList>
<Loc EndOffset="7475" SrcFileId="2" StartOffset="7429"/>
</LocList>
</BasicStmnt>
<BasicStmnt CovItemId="S58" CovItemPrefix="view.TwitterGUI.java" Intrnl_Id="93">
<LocList>
<Loc EndOffset="7519" SrcFileId="2" StartOffset="7484"/>
</LocList>
</BasicStmnt>
<BasicStmnt CovItemId="S59" CovItemPrefix="view.TwitterGUI.java" Intrnl_Id="94">
<LocList>
<Loc EndOffset="7561" SrcFileId="2" StartOffset="7529"/>
</LocList>
</BasicStmnt>
<BasicStmnt CovItemId="S60" CovItemPrefix="view.TwitterGUI.java" Intrnl_Id="95">
<LocList>
<Loc EndOffset="7607" SrcFileId="2" StartOffset="7570"/>
</LocList>
</BasicStmnt>
<BasicStmnt CovItemId="S61" CovItemPrefix="view.TwitterGUI.java" Intrnl_Id="96">
<LocList>
<Loc EndOffset="7709" SrcFileId="2" StartOffset="7616"/>
</LocList>
</BasicStmnt>
<BasicStmnt CovItemId="S62" CovItemPrefix="view.TwitterGUI.java" Intrnl_Id="97">
<LocList>
<Loc EndOffset="7768" SrcFileId="2" StartOffset="7719"/>
</LocList>
</BasicStmnt>
<BasicStmnt CovItemId="S63" CovItemPrefix="view.TwitterGUI.java" Intrnl_Id="98">
<LocList>
<Loc EndOffset="7824" SrcFileId="2" StartOffset="7778"/>
</LocList>
</BasicStmnt>
<BasicStmnt CovItemId="S64" CovItemPrefix="view.TwitterGUI.java" Intrnl_Id="99">
<LocList>
<Loc EndOffset="7852" SrcFileId="2" StartOffset="7834"/>
</LocList>
</BasicStmnt>
<BasicStmnt CovItemId="S65" CovItemPrefix="view.TwitterGUI.java" Intrnl_Id="100">
<LocList>
<Loc EndOffset="7879" SrcFileId="2" StartOffset="7861"/>
</LocList>
</BasicStmnt>
<BasicStmnt CovItemId="S66" CovItemPrefix="view.TwitterGUI.java" Intrnl_Id="101">
<LocList>
<Loc EndOffset="7904" SrcFileId="2" StartOffset="7888"/>
</LocList>
</BasicStmnt>
<BasicStmnt CovItemId="S67" CovItemPrefix="view.TwitterGUI.java" Intrnl_Id="102">
<LocList>
<Loc EndOffset="7935" SrcFileId="2" StartOffset="7913"/>
</LocList>
</BasicStmnt>
<BasicStmnt CovItemId="S68" CovItemPrefix="view.TwitterGUI.java" Intrnl_Id="103">
<LocList>
<Loc EndOffset="7989" SrcFileId="2" StartOffset="7944"/>
</LocList>
</BasicStmnt>
<BasicStmnt CovItemId="S69" CovItemPrefix="view.TwitterGUI.java" Intrnl_Id="104">
<LocList>
<Loc EndOffset="8029" SrcFileId="2" StartOffset="7999"/>
</LocList>
</BasicStmnt>
<BasicStmnt CovItemId="S70" CovItemPrefix="view.TwitterGUI.java" Intrnl_Id="105">
<LocList>
<Loc EndOffset="8077" SrcFileId="2" StartOffset="8038"/>
</LocList>
</BasicStmnt>
<BasicStmnt CovItemId="S71" CovItemPrefix="view.TwitterGUI.java" Intrnl_Id="106">
<LocList>
<Loc EndOffset="8122" SrcFileId="2" StartOffset="8087"/>
</LocList>
</BasicStmnt>
<BasicStmnt CovItemId="S72" CovItemPrefix="view.TwitterGUI.java" Intrnl_Id="107">
<LocList>
<Loc EndOffset="8164" SrcFileId="2" StartOffset="8131"/>
</LocList>
</BasicStmnt>
<BasicStmnt CovItemId="S73" CovItemPrefix="view.TwitterGUI.java" Intrnl_Id="108">
<LocList>
<Loc EndOffset="8191" SrcFileId="2" StartOffset="8173"/>
</LocList>
</BasicStmnt>
<BasicStmnt CovItemId="S74" CovItemPrefix="view.TwitterGUI.java" Intrnl_Id="109">
<LocList>
<Loc EndOffset="8218" SrcFileId="2" StartOffset="8200"/>
</LocList>
</BasicStmnt>
<BasicStmnt CovItemId="S75" CovItemPrefix="view.TwitterGUI.java" Intrnl_Id="110">
<LocList>
<Loc EndOffset="8249" SrcFileId="2" StartOffset="8227"/>
</LocList>
</BasicStmnt>
<BasicStmnt CovItemId="S76" CovItemPrefix="view.TwitterGUI.java" Intrnl_Id="111">
<LocList>
<Loc EndOffset="8275" SrcFileId="2" StartOffset="8258"/>
</LocList>
</BasicStmnt>
<BasicStmnt CovItemId="S77" CovItemPrefix="view.TwitterGUI.java" Intrnl_Id="112">
<LocList>
<Loc EndOffset="8322" SrcFileId="2" StartOffset="8284"/>
</LocList>
</BasicStmnt>
<BasicStmnt CovItemId="S78" CovItemPrefix="view.TwitterGUI.java" Intrnl_Id="113">
<LocList>
<Loc EndOffset="8422" SrcFileId="2" StartOffset="8332"/>
</LocList>
</BasicStmnt>
<BasicStmnt CovItemId="S79" CovItemPrefix="view.TwitterGUI.java" Intrnl_Id="114">
<LocList>
<Loc EndOffset="8449" SrcFileId="2" StartOffset="8431"/>
</LocList>
</BasicStmnt>
<BasicStmnt CovItemId="S80" CovItemPrefix="view.TwitterGUI.java" Intrnl_Id="115">
<LocList>
<Loc EndOffset="8476" SrcFileId="2" StartOffset="8458"/>
</LocList>
</BasicStmnt>
<BasicStmnt CovItemId="S81" CovItemPrefix="view.TwitterGUI.java" Intrnl_Id="116">
<LocList>
<Loc EndOffset="8507" SrcFileId="2" StartOffset="8485"/>
</LocList>
</BasicStmnt>
<BasicStmnt CovItemId="S82" CovItemPrefix="view.TwitterGUI.java" Intrnl_Id="117">
<LocList>
<Loc EndOffset="8533" SrcFileId="2" StartOffset="8516"/>
</LocList>
</BasicStmnt>
<BasicStmnt CovItemId="S83" CovItemPrefix="view.TwitterGUI.java" Intrnl_Id="118">
<LocList>
<Loc EndOffset="8586" SrcFileId="2" StartOffset="8542"/>
</LocList>
</BasicStmnt>
</StmntSeq>
<HierarchyLvl HierarchyLvlId="1059" HierarchyLvlTypeId="15" Intrnl_Id="119" Name="JPanel">
<Header>
<Loc EndOffset="7190" SrcFileId="2" StartOffset="7182"/>
</Header>
<LocList>
<Loc EndOffset="7377" SrcFileId="2" StartOffset="7178"/>
</LocList>
<HierarchyLvl HierarchyLvlId="1058" HierarchyLvlTypeId="13" Intrnl_Id="120" Name="paintComponent">
<Header>
<Loc EndOffset="7252" SrcFileId="2" StartOffset="7205"/>
</Header>
<LocList>
<Loc EndOffset="7367" SrcFileId="2" StartOffset="7205"/>
</LocList>
<StmntSeq Intrnl_Id="121">
<LocList>
<Loc EndOffset="7312" SrcFileId="2" StartOffset="7271"/>
<Loc EndOffset="7353" SrcFileId="2" StartOffset="7329"/>
</LocList>
<BasicStmnt CovItemId="S54" CovItemPrefix="view.TwitterGUI.java" Intrnl_Id="122">
<LocList>
<Loc EndOffset="7312" SrcFileId="2" StartOffset="7271"/>
</LocList>
</BasicStmnt>
<BasicStmnt CovItemId="S55" CovItemPrefix="view.TwitterGUI.java" Intrnl_Id="123">
<LocList>
<Loc EndOffset="7353" SrcFileId="2" StartOffset="7329"/>
</LocList>
</BasicStmnt>
</StmntSeq>
</HierarchyLvl>
</HierarchyLvl>
</HierarchyLvl>
<HierarchyLvl HierarchyLvlId="1063" HierarchyLvlTypeId="13" Intrnl_Id="124" Name="createTweetPanel">
<Header>
<Loc EndOffset="8792" SrcFileId="2" StartOffset="8761"/>
</Header>
<LocList>
<Loc EndOffset="10908" SrcFileId="2" StartOffset="8761"/>
</LocList>
<StmntSeq Intrnl_Id="125">
<LocList>
<Loc EndOffset="8816" SrcFileId="2" StartOffset="8803"/>
<Loc EndOffset="9016" SrcFileId="2" StartOffset="9015"/>
<Loc EndOffset="9054" SrcFileId="2" StartOffset="9026"/>
<Loc EndOffset="9105" SrcFileId="2" StartOffset="9063"/>
<Loc EndOffset="9145" SrcFileId="2" StartOffset="9114"/>
<Loc EndOffset="9214" SrcFileId="2" StartOffset="9183"/>
<Loc EndOffset="9250" SrcFileId="2" StartOffset="9223"/>
<Loc EndOffset="9290" SrcFileId="2" StartOffset="9259"/>
<Loc EndOffset="9340" SrcFileId="2" StartOffset="9299"/>
<Loc EndOffset="9370" SrcFileId="2" StartOffset="9349"/>
<Loc EndOffset="9397" SrcFileId="2" StartOffset="9379"/>
<Loc EndOffset="9420" SrcFileId="2" StartOffset="9406"/>
<Loc EndOffset="9443" SrcFileId="2" StartOffset="9429"/>
<Loc EndOffset="9480" SrcFileId="2" StartOffset="9452"/>
<Loc EndOffset="9530" SrcFileId="2" StartOffset="9490"/>
<Loc EndOffset="9571" SrcFileId="2" StartOffset="9539"/>
<Loc EndOffset="9616" SrcFileId="2" StartOffset="9580"/>
<Loc EndOffset="9666" SrcFileId="2" StartOffset="9625"/>
<Loc EndOffset="9689" SrcFileId="2" StartOffset="9675"/>
<Loc EndOffset="9732" SrcFileId="2" StartOffset="9699"/>
<Loc EndOffset="9770" SrcFileId="2" StartOffset="9742"/>
<Loc EndOffset="9810" SrcFileId="2" StartOffset="9779"/>
<Loc EndOffset="9884" SrcFileId="2" StartOffset="9819"/>
<Loc EndOffset="9922" SrcFileId="2" StartOffset="9893"/>
<Loc EndOffset="9950" SrcFileId="2" StartOffset="9931"/>
<Loc EndOffset="9985" SrcFileId="2" StartOffset="9959"/>
<Loc EndOffset="10012" SrcFileId="2" StartOffset="9994"/>
<Loc EndOffset="10044" SrcFileId="2" StartOffset="10021"/>
<Loc EndOffset="10081" SrcFileId="2" StartOffset="10053"/>
<Loc EndOffset="10104" SrcFileId="2" StartOffset="10090"/>
<Loc EndOffset="10127" SrcFileId="2" StartOffset="10113"/>
<Loc EndOffset="10152" SrcFileId="2" StartOffset="10136"/>
<Loc EndOffset="10179" SrcFileId="2" StartOffset="10161"/>
<Loc EndOffset="10219" SrcFileId="2" StartOffset="10188"/>
<Loc EndOffset="10292" SrcFileId="2" StartOffset="10229"/>
<Loc EndOffset="10315" SrcFileId="2" StartOffset="10301"/>
<Loc EndOffset="10338" SrcFileId="2" StartOffset="10324"/>
<Loc EndOffset="10383" SrcFileId="2" StartOffset="10347"/>
<Loc EndOffset="10457" SrcFileId="2" StartOffset="10393"/>
<Loc EndOffset="10480" SrcFileId="2" StartOffset="10466"/>
<Loc EndOffset="10509" SrcFileId="2" StartOffset="10489"/>
<Loc EndOffset="10536" SrcFileId="2" StartOffset="10518"/>
<Loc EndOffset="10563" SrcFileId="2" StartOffset="10545"/>
<Loc EndOffset="10604" SrcFileId="2" StartOffset="10572"/>
<Loc EndOffset="10653" SrcFileId="2" StartOffset="10614"/>
<Loc EndOffset="10692" SrcFileId="2" StartOffset="10662"/>
<Loc EndOffset="10735" SrcFileId="2" StartOffset="10701"/>
<Loc EndOffset="10758" SrcFileId="2" StartOffset="10744"/>
<Loc EndOffset="10785" SrcFileId="2" StartOffset="10767"/>
<Loc EndOffset="10812" SrcFileId="2" StartOffset="10794"/>
<Loc EndOffset="10862" SrcFileId="2" StartOffset="10821"/>
<Loc EndOffset="10902" SrcFileId="2" StartOffset="10871"/>
</LocList>
<BasicStmnt CovItemId="S84" CovItemPrefix="view.TwitterGUI.java" Intrnl_Id="126">
<LocList>
<Loc EndOffset="8816" SrcFileId="2" StartOffset="8803"/>
<Loc EndOffset="9016" SrcFileId="2" StartOffset="9015"/>
</LocList>
</BasicStmnt>
<BasicStmnt CovItemId="S87" CovItemPrefix="view.TwitterGUI.java" Intrnl_Id="127">
<LocList>
<Loc EndOffset="9054" SrcFileId="2" StartOffset="9026"/>
</LocList>
</BasicStmnt>
<BasicStmnt CovItemId="S88" CovItemPrefix="view.TwitterGUI.java" Intrnl_Id="128">
<LocList>
<Loc EndOffset="9105" SrcFileId="2" StartOffset="9063"/>
</LocList>
</BasicStmnt>
<BasicStmnt CovItemId="S89" CovItemPrefix="view.TwitterGUI.java" Intrnl_Id="129">
<LocList>
<Loc EndOffset="9145" SrcFileId="2" StartOffset="9114"/>
</LocList>
</BasicStmnt>
<BasicStmnt CovItemId="S90" CovItemPrefix="view.TwitterGUI.java" Intrnl_Id="130">
<LocList>
<Loc EndOffset="9214" SrcFileId="2" StartOffset="9183"/>
</LocList>
</BasicStmnt>
<BasicStmnt CovItemId="S91" CovItemPrefix="view.TwitterGUI.java" Intrnl_Id="131">
<LocList>
<Loc EndOffset="9250" SrcFileId="2" StartOffset="9223"/>
</LocList>
</BasicStmnt>
<BasicStmnt CovItemId="S92" CovItemPrefix="view.TwitterGUI.java" Intrnl_Id="132">
<LocList>
<Loc EndOffset="9290" SrcFileId="2" StartOffset="9259"/>
</LocList>
</BasicStmnt>
<BasicStmnt CovItemId="S93" CovItemPrefix="view.TwitterGUI.java" Intrnl_Id="133">
<LocList>
<Loc EndOffset="9340" SrcFileId="2" StartOffset="9299"/>
</LocList>
</BasicStmnt>
<BasicStmnt CovItemId="S94" CovItemPrefix="view.TwitterGUI.java" Intrnl_Id="134">
<LocList>
<Loc EndOffset="9370" SrcFileId="2" StartOffset="9349"/>
</LocList>
</BasicStmnt>
<BasicStmnt CovItemId="S95" CovItemPrefix="view.TwitterGUI.java" Intrnl_Id="135">
<LocList>
<Loc EndOffset="9397" SrcFileId="2" StartOffset="9379"/>
</LocList>
</BasicStmnt>
<BasicStmnt CovItemId="S96" CovItemPrefix="view.TwitterGUI.java" Intrnl_Id="136">
<LocList>
<Loc EndOffset="9420" SrcFileId="2" StartOffset="9406"/>
</LocList>
</BasicStmnt>
<BasicStmnt CovItemId="S97" CovItemPrefix="view.TwitterGUI.java" Intrnl_Id="137">
<LocList>
<Loc EndOffset="9443" SrcFileId="2" StartOffset="9429"/>
</LocList>
</BasicStmnt>
<BasicStmnt CovItemId="S98" CovItemPrefix="view.TwitterGUI.java" Intrnl_Id="138">
<LocList>
<Loc EndOffset="9480" SrcFileId="2" StartOffset="9452"/>
</LocList>
</BasicStmnt>
<BasicStmnt CovItemId="S99" CovItemPrefix="view.TwitterGUI.java" Intrnl_Id="139">
<LocList>
<Loc EndOffset="9530" SrcFileId="2" StartOffset="9490"/>
</LocList>
</BasicStmnt>
<BasicStmnt CovItemId="S100" CovItemPrefix="view.TwitterGUI.java" Intrnl_Id="140">
<LocList>
<Loc EndOffset="9571" SrcFileId="2" StartOffset="9539"/>
</LocList>
</BasicStmnt>
<BasicStmnt CovItemId="S101" CovItemPrefix="view.TwitterGUI.java" Intrnl_Id="141">
<LocList>
<Loc EndOffset="9616" SrcFileId="2" StartOffset="9580"/>
</LocList>
</BasicStmnt>
<BasicStmnt CovItemId="S102" CovItemPrefix="view.TwitterGUI.java" Intrnl_Id="142">
<LocList>
<Loc EndOffset="9666" SrcFileId="2" StartOffset="9625"/>
</LocList>
</BasicStmnt>
<BasicStmnt CovItemId="S103" CovItemPrefix="view.TwitterGUI.java" Intrnl_Id="143">
<LocList>
<Loc EndOffset="9689" SrcFileId="2" StartOffset="9675"/>
</LocList>
</BasicStmnt>
<BasicStmnt CovItemId="S104" CovItemPrefix="view.TwitterGUI.java" Intrnl_Id="144">
<LocList>
<Loc EndOffset="9732" SrcFileId="2" StartOffset="9699"/>
</LocList>
</BasicStmnt>
<BasicStmnt CovItemId="S105" CovItemPrefix="view.TwitterGUI.java" Intrnl_Id="145">
<LocList>
<Loc EndOffset="9770" SrcFileId="2" StartOffset="9742"/>
</LocList>
</BasicStmnt>
<BasicStmnt CovItemId="S106" CovItemPrefix="view.TwitterGUI.java" Intrnl_Id="146">
<LocList>
<Loc EndOffset="9810" SrcFileId="2" StartOffset="9779"/>
</LocList>
</BasicStmnt>
<BasicStmnt CovItemId="S107" CovItemPrefix="view.TwitterGUI.java" Intrnl_Id="147">
<LocList>
<Loc EndOffset="9884" SrcFileId="2" StartOffset="9819"/>
</LocList>
</BasicStmnt>
<BasicStmnt CovItemId="S108" CovItemPrefix="view.TwitterGUI.java" Intrnl_Id="148">
<LocList>
<Loc EndOffset="9922" SrcFileId="2" StartOffset="9893"/>
</LocList>
</BasicStmnt>
<BasicStmnt CovItemId="S109" CovItemPrefix="view.TwitterGUI.java" Intrnl_Id="149">
<LocList>
<Loc EndOffset="9950" SrcFileId="2" StartOffset="9931"/>
</LocList>
</BasicStmnt>
<BasicStmnt CovItemId="S110" CovItemPrefix="view.TwitterGUI.java" Intrnl_Id="150">
<LocList>
<Loc EndOffset="9985" SrcFileId="2" StartOffset="9959"/>
</LocList>
</BasicStmnt>
<BasicStmnt CovItemId="S111" CovItemPrefix="view.TwitterGUI.java" Intrnl_Id="151">
<LocList>
<Loc EndOffset="10012" SrcFileId="2" StartOffset="9994"/>
</LocList>
</BasicStmnt>
<BasicStmnt CovItemId="S112" CovItemPrefix="view.TwitterGUI.java" Intrnl_Id="152">
<LocList>
<Loc EndOffset="10044" SrcFileId="2" StartOffset="10021"/>
</LocList>
</BasicStmnt>
<BasicStmnt CovItemId="S113" CovItemPrefix="view.TwitterGUI.java" Intrnl_Id="153">
<LocList>
<Loc EndOffset="10081" SrcFileId="2" StartOffset="10053"/>
</LocList>
</BasicStmnt>
<BasicStmnt CovItemId="S114" CovItemPrefix="view.TwitterGUI.java" Intrnl_Id="154">
<LocList>
<Loc EndOffset="10104" SrcFileId="2" StartOffset="10090"/>
</LocList>
</BasicStmnt>
<BasicStmnt CovItemId="S115" CovItemPrefix="view.TwitterGUI.java" Intrnl_Id="155">
<LocList>
<Loc EndOffset="10127" SrcFileId="2" StartOffset="10113"/>
</LocList>
</BasicStmnt>
<BasicStmnt CovItemId="S116" CovItemPrefix="view.TwitterGUI.java" Intrnl_Id="156">
<LocList>
<Loc EndOffset="10152" SrcFileId="2" StartOffset="10136"/>
</LocList>
</BasicStmnt>
<BasicStmnt CovItemId="S117" CovItemPrefix="view.TwitterGUI.java" Intrnl_Id="157">
<LocList>
<Loc EndOffset="10179" SrcFileId="2" StartOffset="10161"/>
</LocList>
</BasicStmnt>
<BasicStmnt CovItemId="S118" CovItemPrefix="view.TwitterGUI.java" Intrnl_Id="158">
<LocList>
<Loc EndOffset="10219" SrcFileId="2" StartOffset="10188"/>
</LocList>
</BasicStmnt>
<BasicStmnt CovItemId="S119" CovItemPrefix="view.TwitterGUI.java" Intrnl_Id="159">
<LocList>
<Loc EndOffset="10292" SrcFileId="2" StartOffset="10229"/>
</LocList>
</BasicStmnt>
<BasicStmnt CovItemId="S120" CovItemPrefix="view.TwitterGUI.java" Intrnl_Id="160">
<LocList>
<Loc EndOffset="10315" SrcFileId="2" StartOffset="10301"/>
</LocList>
</BasicStmnt>
<BasicStmnt CovItemId="S121" CovItemPrefix="view.TwitterGUI.java" Intrnl_Id="161">
<LocList>
<Loc EndOffset="10338" SrcFileId="2" StartOffset="10324"/>
</LocList>
</BasicStmnt>
<BasicStmnt CovItemId="S122" CovItemPrefix="view.TwitterGUI.java" Intrnl_Id="162">
<LocList>
<Loc EndOffset="10383" SrcFileId="2" StartOffset="10347"/>
</LocList>
</BasicStmnt>
<BasicStmnt CovItemId="S123" CovItemPrefix="view.TwitterGUI.java" Intrnl_Id="163">
<LocList>
<Loc EndOffset="10457" SrcFileId="2" StartOffset="10393"/>
</LocList>
</BasicStmnt>
<BasicStmnt CovItemId="S124" CovItemPrefix="view.TwitterGUI.java" Intrnl_Id="164">
<LocList>
<Loc EndOffset="10480" SrcFileId="2" StartOffset="10466"/>
</LocList>
</BasicStmnt>
<BasicStmnt CovItemId="S125" CovItemPrefix="view.TwitterGUI.java" Intrnl_Id="165">
<LocList>
<Loc EndOffset="10509" SrcFileId="2" StartOffset="10489"/>
</LocList>
</BasicStmnt>
<BasicStmnt CovItemId="S126" CovItemPrefix="view.TwitterGUI.java" Intrnl_Id="166">
<LocList>
<Loc EndOffset="10536" SrcFileId="2" StartOffset="10518"/>
</LocList>
</BasicStmnt>
<BasicStmnt CovItemId="S127" CovItemPrefix="view.TwitterGUI.java" Intrnl_Id="167">
<LocList>
<Loc EndOffset="10563" SrcFileId="2" StartOffset="10545"/>
</LocList>
</BasicStmnt>
<BasicStmnt CovItemId="S128" CovItemPrefix="view.TwitterGUI.java" Intrnl_Id="168">
<LocList>
<Loc EndOffset="10604" SrcFileId="2" StartOffset="10572"/>
</LocList>
</BasicStmnt>
<BasicStmnt CovItemId="S129" CovItemPrefix="view.TwitterGUI.java" Intrnl_Id="169">
<LocList>
<Loc EndOffset="10653" SrcFileId="2" StartOffset="10614"/>
</LocList>
</BasicStmnt>
<BasicStmnt CovItemId="S130" CovItemPrefix="view.TwitterGUI.java" Intrnl_Id="170">
<LocList>
<Loc EndOffset="10692" SrcFileId="2" StartOffset="10662"/>
</LocList>
</BasicStmnt>
<BasicStmnt CovItemId="S131" CovItemPrefix="view.TwitterGUI.java" Intrnl_Id="171">
<LocList>
<Loc EndOffset="10735" SrcFileId="2" StartOffset="10701"/>
</LocList>
</BasicStmnt>
<BasicStmnt CovItemId="S132" CovItemPrefix="view.TwitterGUI.java" Intrnl_Id="172">
<LocList>
<Loc EndOffset="10758" SrcFileId="2" StartOffset="10744"/>
</LocList>
</BasicStmnt>
<BasicStmnt CovItemId="S133" CovItemPrefix="view.TwitterGUI.java" Intrnl_Id="173">
<LocList>
<Loc EndOffset="10785" SrcFileId="2" StartOffset="10767"/>
</LocList>
</BasicStmnt>
<BasicStmnt CovItemId="S134" CovItemPrefix="view.TwitterGUI.java" Intrnl_Id="174">
<LocList>
<Loc EndOffset="10812" SrcFileId="2" StartOffset="10794"/>
</LocList>
</BasicStmnt>
<BasicStmnt CovItemId="S135" CovItemPrefix="view.TwitterGUI.java" Intrnl_Id="175">
<LocList>
<Loc EndOffset="10862" SrcFileId="2" StartOffset="10821"/>
</LocList>
</BasicStmnt>
<BasicStmnt CovItemId="S136" CovItemPrefix="view.TwitterGUI.java" Intrnl_Id="176">
<LocList>
<Loc EndOffset="10902" SrcFileId="2" StartOffset="10871"/>
</LocList>
</BasicStmnt>
</StmntSeq>
<HierarchyLvl HierarchyLvlId="1062" HierarchyLvlTypeId="15" Intrnl_Id="177" Name="JPanel">
<Header>
<Loc EndOffset="8828" SrcFileId="2" StartOffset="8820"/>
</Header>
<LocList>
<Loc EndOffset="9015" SrcFileId="2" StartOffset="8816"/>
</LocList>
<HierarchyLvl HierarchyLvlId="1061" HierarchyLvlTypeId="13" Intrnl_Id="178" Name="paintComponent">
<Header>
<Loc EndOffset="8890" SrcFileId="2" StartOffset="8843"/>
</Header>
<LocList>
<Loc EndOffset="9005" SrcFileId="2" StartOffset="8843"/>
</LocList>
<StmntSeq Intrnl_Id="179">
<LocList>
<Loc EndOffset="8950" SrcFileId="2" StartOffset="8909"/>
<Loc EndOffset="8991" SrcFileId="2" StartOffset="8967"/>
</LocList>
<BasicStmnt CovItemId="S85" CovItemPrefix="view.TwitterGUI.java" Intrnl_Id="180">
<LocList>
<Loc EndOffset="8950" SrcFileId="2" StartOffset="8909"/>
</LocList>
</BasicStmnt>
<BasicStmnt CovItemId="S86" CovItemPrefix="view.TwitterGUI.java" Intrnl_Id="181">
<LocList>
<Loc EndOffset="8991" SrcFileId="2" StartOffset="8967"/>
</LocList>
</BasicStmnt>
</StmntSeq>
</HierarchyLvl>
</HierarchyLvl>
</HierarchyLvl>
<HierarchyLvl HierarchyLvlId="1068" HierarchyLvlTypeId="13" Intrnl_Id="182" Name="createProfilePanel">
<Header>
<Loc EndOffset="11112" SrcFileId="2" StartOffset="11079"/>
</Header>
<LocList>
<Loc EndOffset="15471" SrcFileId="2" StartOffset="11079"/>
</LocList>
<StmntSeq Intrnl_Id="183">
<LocList>
<Loc EndOffset="11168" SrcFileId="2" StartOffset="11149"/>
<Loc EndOffset="11643" SrcFileId="2" StartOffset="11642"/>
<Loc EndOffset="11679" SrcFileId="2" StartOffset="11652"/>
<Loc EndOffset="11729" SrcFileId="2" StartOffset="11688"/>
<Loc EndOffset="11786" SrcFileId="2" StartOffset="11738"/>
<Loc EndOffset="11827" SrcFileId="2" StartOffset="11795"/>
<Loc EndOffset="11869" SrcFileId="2" StartOffset="11836"/>
<Loc EndOffset="11933" SrcFileId="2" StartOffset="11904"/>
<Loc EndOffset="11954" SrcFileId="2" StartOffset="11942"/>
<Loc EndOffset="12011" SrcFileId="2" StartOffset="11963"/>
<Loc EndOffset="12129" SrcFileId="2" StartOffset="12020"/>
<Loc EndOffset="12157" SrcFileId="2" StartOffset="12138"/>
<Loc EndOffset="12222" SrcFileId="2" StartOffset="12166"/>
<Loc EndOffset="12255" SrcFileId="2" StartOffset="12231"/>
<Loc EndOffset="12293" SrcFileId="2" StartOffset="12264"/>
<Loc EndOffset="12346" SrcFileId="2" StartOffset="12327"/>
<Loc EndOffset="12370" SrcFileId="2" StartOffset="12355"/>
<Loc EndOffset="12391" SrcFileId="2" StartOffset="12379"/>
<Loc EndOffset="12448" SrcFileId="2" StartOffset="12400"/>
<Loc EndOffset="12527" SrcFileId="2" StartOffset="12457"/>
<Loc EndOffset="12578" SrcFileId="2" StartOffset="12536"/>
<Loc EndOffset="12620" SrcFileId="2" StartOffset="12587"/>
<Loc EndOffset="12666" SrcFileId="2" StartOffset="12654"/>
<Loc EndOffset="12723" SrcFileId="2" StartOffset="12675"/>
<Loc EndOffset="12823" SrcFileId="2" StartOffset="12732"/>
<Loc EndOffset="12874" SrcFileId="2" StartOffset="12832"/>
<Loc EndOffset="12916" SrcFileId="2" StartOffset="12883"/>
<Loc EndOffset="12947" SrcFileId="2" StartOffset="12925"/>
<Loc EndOffset="12973" SrcFileId="2" StartOffset="12956"/>
<Loc EndOffset="13042" SrcFileId="2" StartOffset="13022"/>
<Loc EndOffset="13063" SrcFileId="2" StartOffset="13051"/>
<Loc EndOffset="13109" SrcFileId="2" StartOffset="13072"/>
<Loc EndOffset="13154" SrcFileId="2" StartOffset="13139"/>
<Loc EndOffset="13182" SrcFileId="2" StartOffset="13163"/>
<Loc EndOffset="13233" SrcFileId="2" StartOffset="13191"/>
<Loc EndOffset="13265" SrcFileId="2" StartOffset="13242"/>
<Loc EndOffset="13333" SrcFileId="2" StartOffset="13274"/>
<Loc EndOffset="13381" SrcFileId="2" StartOffset="13342"/>
<Loc EndOffset="13420" SrcFileId="2" StartOffset="13390"/>
<Loc EndOffset="13469" SrcFileId="2" StartOffset="13449"/>
<Loc EndOffset="13494" SrcFileId="2" StartOffset="13478"/>
<Loc EndOffset="13543" SrcFileId="2" StartOffset="13503"/>
<Loc EndOffset="13617" SrcFileId="2" StartOffset="13552"/>
<Loc EndOffset="13664" SrcFileId="2" StartOffset="13626"/>
<Loc EndOffset="13702" SrcFileId="2" StartOffset="13673"/>
<Loc EndOffset="13772" SrcFileId="2" StartOffset="13739"/>
<Loc EndOffset="13823" SrcFileId="2" StartOffset="13781"/>
<Loc EndOffset="13882" SrcFileId="2" StartOffset="13832"/>
<Loc EndOffset="13926" SrcFileId="2" StartOffset="13891"/>
<Loc EndOffset="13957" SrcFileId="2" StartOffset="13935"/>
<Loc EndOffset="13985" SrcFileId="2" StartOffset="13966"/>
<Loc EndOffset="14022" SrcFileId="2" StartOffset="13994"/>
<Loc EndOffset="14178" SrcFileId="2" StartOffset="14082"/>
<Loc EndOffset="14224" SrcFileId="2" StartOffset="14187"/>
<Loc EndOffset="14327" SrcFileId="2" StartOffset="14233"/>
<Loc EndOffset="14373" SrcFileId="2" StartOffset="14336"/>
<Loc EndOffset="14452" SrcFileId="2" StartOffset="14382"/>
<Loc EndOffset="14495" SrcFileId="2" StartOffset="14461"/>
<Loc EndOffset="14519" SrcFileId="2" StartOffset="14505"/>
<Loc EndOffset="14575" SrcFileId="2" StartOffset="14528"/>
<Loc EndOffset="14618" SrcFileId="2" StartOffset="14584"/>
<Loc EndOffset="14674" SrcFileId="2" StartOffset="14627"/>
<Loc EndOffset="14717" SrcFileId="2" StartOffset="14683"/>
<Loc EndOffset="14760" SrcFileId="2" StartOffset="14726"/>
<Loc EndOffset="14806" SrcFileId="2" StartOffset="14769"/>
<Loc EndOffset="14849" SrcFileId="2" StartOffset="14815"/>
<Loc EndOffset="14895" SrcFileId="2" StartOffset="14858"/>
<Loc EndOffset="14935" SrcFileId="2" StartOffset="14904"/>
<Loc EndOffset="14958" SrcFileId="2" StartOffset="14944"/>
<Loc EndOffset="15004" SrcFileId="2" StartOffset="14967"/>
<Loc EndOffset="15058" SrcFileId="2" StartOffset="15043"/>
<Loc EndOffset="15258" SrcFileId="2" StartOffset="15257"/>
<Loc EndOffset="15297" SrcFileId="2" StartOffset="15267"/>
<Loc EndOffset="15349" SrcFileId="2" StartOffset="15306"/>
<Loc EndOffset="15407" SrcFileId="2" StartOffset="15358"/>
<Loc EndOffset="15465" SrcFileId="2" StartOffset="15416"/>
</LocList>
<BasicStmnt CovItemId="S137" CovItemPrefix="view.TwitterGUI.java" Intrnl_Id="184">
<LocList>
<Loc EndOffset="11168" SrcFileId="2" StartOffset="11149"/>
<Loc EndOffset="11643" SrcFileId="2" StartOffset="11642"/>
</LocList>
</BasicStmnt>
<BasicStmnt CovItemId="S142" CovItemPrefix="view.TwitterGUI.java" Intrnl_Id="185">
<LocList>
<Loc EndOffset="11679" SrcFileId="2" StartOffset="11652"/>
</LocList>
</BasicStmnt>
<BasicStmnt CovItemId="S143" CovItemPrefix="view.TwitterGUI.java" Intrnl_Id="186">
<LocList>
<Loc EndOffset="11729" SrcFileId="2" StartOffset="11688"/>
</LocList>
</BasicStmnt>
<BasicStmnt CovItemId="S144" CovItemPrefix="view.TwitterGUI.java" Intrnl_Id="187">
<LocList>
<Loc EndOffset="11786" SrcFileId="2" StartOffset="11738"/>
</LocList>
</BasicStmnt>
<BasicStmnt CovItemId="S145" CovItemPrefix="view.TwitterGUI.java" Intrnl_Id="188">
<LocList>
<Loc EndOffset="11827" SrcFileId="2" StartOffset="11795"/>
</LocList>
</BasicStmnt>
<BasicStmnt CovItemId="S146" CovItemPrefix="view.TwitterGUI.java" Intrnl_Id="189">
<LocList>
<Loc EndOffset="11869" SrcFileId="2" StartOffset="11836"/>
</LocList>
</BasicStmnt>
<BasicStmnt CovItemId="S147" CovItemPrefix="view.TwitterGUI.java" Intrnl_Id="190">
<LocList>
<Loc EndOffset="11933" SrcFileId="2" StartOffset="11904"/>
</LocList>
</BasicStmnt>
<BasicStmnt CovItemId="S148" CovItemPrefix="view.TwitterGUI.java" Intrnl_Id="191">
<LocList>
<Loc EndOffset="11954" SrcFileId="2" StartOffset="11942"/>
</LocList>
</BasicStmnt>
<BasicStmnt CovItemId="S149" CovItemPrefix="view.TwitterGUI.java" Intrnl_Id="192">
<LocList>
<Loc EndOffset="12011" SrcFileId="2" StartOffset="11963"/>
</LocList>
</BasicStmnt>
<BasicStmnt CovItemId="S150" CovItemPrefix="view.TwitterGUI.java" Intrnl_Id="193">
<LocList>
<Loc EndOffset="12129" SrcFileId="2" StartOffset="12020"/>
</LocList>
</BasicStmnt>
<BasicStmnt CovItemId="S151" CovItemPrefix="view.TwitterGUI.java" Intrnl_Id="194">
<LocList>
<Loc EndOffset="12157" SrcFileId="2" StartOffset="12138"/>
</LocList>
</BasicStmnt>
<BasicStmnt CovItemId="S152" CovItemPrefix="view.TwitterGUI.java" Intrnl_Id="195">
<LocList>
<Loc EndOffset="12222" SrcFileId="2" StartOffset="12166"/>
</LocList>
</BasicStmnt>
<BasicStmnt CovItemId="S153" CovItemPrefix="view.TwitterGUI.java" Intrnl_Id="196">
<LocList>
<Loc EndOffset="12255" SrcFileId="2" StartOffset="12231"/>
</LocList>
</BasicStmnt>
<BasicStmnt CovItemId="S154" CovItemPrefix="view.TwitterGUI.java" Intrnl_Id="197">
<LocList>
<Loc EndOffset="12293" SrcFileId="2" StartOffset="12264"/>
</LocList>
</BasicStmnt>
<BasicStmnt CovItemId="S155" CovItemPrefix="view.TwitterGUI.java" Intrnl_Id="198">
<LocList>
<Loc EndOffset="12346" SrcFileId="2" StartOffset="12327"/>
</LocList>
</BasicStmnt>
<BasicStmnt CovItemId="S156" CovItemPrefix="view.TwitterGUI.java" Intrnl_Id="199">
<LocList>
<Loc EndOffset="12370" SrcFileId="2" StartOffset="12355"/>
</LocList>
</BasicStmnt>
<BasicStmnt CovItemId="S157" CovItemPrefix="view.TwitterGUI.java" Intrnl_Id="200">
<LocList>
<Loc EndOffset="12391" SrcFileId="2" StartOffset="12379"/>
</LocList>
</BasicStmnt>
<BasicStmnt CovItemId="S158" CovItemPrefix="view.TwitterGUI.java" Intrnl_Id="201">
<LocList>
<Loc EndOffset="12448" SrcFileId="2" StartOffset="12400"/>
</LocList>
</BasicStmnt>
<BasicStmnt CovItemId="S159" CovItemPrefix="view.TwitterGUI.java" Intrnl_Id="202">
<LocList>
<Loc EndOffset="12527" SrcFileId="2" StartOffset="12457"/>
</LocList>
</BasicStmnt>
<BasicStmnt CovItemId="S160" CovItemPrefix="view.TwitterGUI.java" Intrnl_Id="203">
<LocList>
<Loc EndOffset="12578" SrcFileId="2" StartOffset="12536"/>
</LocList>
</BasicStmnt>
<BasicStmnt CovItemId="S161" CovItemPrefix="view.TwitterGUI.java" Intrnl_Id="204">
<LocList>
<Loc EndOffset="12620" SrcFileId="2" StartOffset="12587"/>
</LocList>
</BasicStmnt>
<BasicStmnt CovItemId="S162" CovItemPrefix="view.TwitterGUI.java" Intrnl_Id="205">
<LocList>
<Loc EndOffset="12666" SrcFileId="2" StartOffset="12654"/>
</LocList>
</BasicStmnt>
<BasicStmnt CovItemId="S163" CovItemPrefix="view.TwitterGUI.java" Intrnl_Id="206">
<LocList>
<Loc EndOffset="12723" SrcFileId="2" StartOffset="12675"/>
</LocList>
</BasicStmnt>
<BasicStmnt CovItemId="S164" CovItemPrefix="view.TwitterGUI.java" Intrnl_Id="207">
<LocList>
<Loc EndOffset="12823" SrcFileId="2" StartOffset="12732"/>
</LocList>
</BasicStmnt>
<BasicStmnt CovItemId="S165" CovItemPrefix="view.TwitterGUI.java" Intrnl_Id="208">
<LocList>
<Loc EndOffset="12874" SrcFileId="2" StartOffset="12832"/>
</LocList>
</BasicStmnt>
<BasicStmnt CovItemId="S166" CovItemPrefix="view.TwitterGUI.java" Intrnl_Id="209">
<LocList>
<Loc EndOffset="12916" SrcFileId="2" StartOffset="12883"/>
</LocList>
</BasicStmnt>
<BasicStmnt CovItemId="S167" CovItemPrefix="view.TwitterGUI.java" Intrnl_Id="210">
<LocList>
<Loc EndOffset="12947" SrcFileId="2" StartOffset="12925"/>
</LocList>
</BasicStmnt>
<BasicStmnt CovItemId="S168" CovItemPrefix="view.TwitterGUI.java" Intrnl_Id="211">
<LocList>
<Loc EndOffset="12973" SrcFileId="2" StartOffset="12956"/>
</LocList>
</BasicStmnt>
<BasicStmnt CovItemId="S169" CovItemPrefix="view.TwitterGUI.java" Intrnl_Id="212">
<LocList>
<Loc EndOffset="13042" SrcFileId="2" StartOffset="13022"/>
</LocList>
</BasicStmnt>
<BasicStmnt CovItemId="S170" CovItemPrefix="view.TwitterGUI.java" Intrnl_Id="213">
<LocList>
<Loc EndOffset="13063" SrcFileId="2" StartOffset="13051"/>
</LocList>
</BasicStmnt>
<BasicStmnt CovItemId="S171" CovItemPrefix="view.TwitterGUI.java" Intrnl_Id="214">
<LocList>
<Loc EndOffset="13109" SrcFileId="2" StartOffset="13072"/>
</LocList>
</BasicStmnt>
<BasicStmnt CovItemId="S172" CovItemPrefix="view.TwitterGUI.java" Intrnl_Id="215">
<LocList>
<Loc EndOffset="13154" SrcFileId="2" StartOffset="13139"/>
</LocList>
</BasicStmnt>
<BasicStmnt CovItemId="S173" CovItemPrefix="view.TwitterGUI.java" Intrnl_Id="216">
<LocList>
<Loc EndOffset="13182" SrcFileId="2" StartOffset="13163"/>
</LocList>
</BasicStmnt>
<BasicStmnt CovItemId="S174" CovItemPrefix="view.TwitterGUI.java" Intrnl_Id="217">
<LocList>
<Loc EndOffset="13233" SrcFileId="2" StartOffset="13191"/>
</LocList>
</BasicStmnt>
<BasicStmnt CovItemId="S175" CovItemPrefix="view.TwitterGUI.java" Intrnl_Id="218">
<LocList>
<Loc EndOffset="13265" SrcFileId="2" StartOffset="13242"/>
</LocList>
</BasicStmnt>
<BasicStmnt CovItemId="S176" CovItemPrefix="view.TwitterGUI.java" Intrnl_Id="219">
<LocList>
<Loc EndOffset="13333" SrcFileId="2" StartOffset="13274"/>
</LocList>
</BasicStmnt>
<BasicStmnt CovItemId="S177" CovItemPrefix="view.TwitterGUI.java" Intrnl_Id="220">
<LocList>
<Loc EndOffset="13381" SrcFileId="2" StartOffset="13342"/>
</LocList>
</BasicStmnt>
<BasicStmnt CovItemId="S178" CovItemPrefix="view.TwitterGUI.java" Intrnl_Id="221">
<LocList>
<Loc EndOffset="13420" SrcFileId="2" StartOffset="13390"/>
</LocList>
</BasicStmnt>
<BasicStmnt CovItemId="S179" CovItemPrefix="view.TwitterGUI.java" Intrnl_Id="222">
<LocList>
<Loc EndOffset="13469" SrcFileId="2" StartOffset="13449"/>
</LocList>
</BasicStmnt>
<BasicStmnt CovItemId="S180" CovItemPrefix="view.TwitterGUI.java" Intrnl_Id="223">
<LocList>
<Loc EndOffset="13494" SrcFileId="2" StartOffset="13478"/>
</LocList>
</BasicStmnt>
<BasicStmnt CovItemId="S181" CovItemPrefix="view.TwitterGUI.java" Intrnl_Id="224">
<LocList>
<Loc EndOffset="13543" SrcFileId="2" StartOffset="13503"/>
</LocList>
</BasicStmnt>
<BasicStmnt CovItemId="S182" CovItemPrefix="view.TwitterGUI.java" Intrnl_Id="225">
<LocList>
<Loc EndOffset="13617" SrcFileId="2" StartOffset="13552"/>
</LocList>
</BasicStmnt>
<BasicStmnt CovItemId="S183" CovItemPrefix="view.TwitterGUI.java" Intrnl_Id="226">
<LocList>
<Loc EndOffset="13664" SrcFileId="2" StartOffset="13626"/>
</LocList>
</BasicStmnt>
<BasicStmnt CovItemId="S184" CovItemPrefix="view.TwitterGUI.java" Intrnl_Id="227">
<LocList>
<Loc EndOffset="13702" SrcFileId="2" StartOffset="13673"/>
</LocList>
</BasicStmnt>
<BasicStmnt CovItemId="S185" CovItemPrefix="view.TwitterGUI.java" Intrnl_Id="228">
<LocList>
<Loc EndOffset="13772" SrcFileId="2" StartOffset="13739"/>
</LocList>
</BasicStmnt>
<BasicStmnt CovItemId="S186" CovItemPrefix="view.TwitterGUI.java" Intrnl_Id="229">
<LocList>
<Loc EndOffset="13823" SrcFileId="2" StartOffset="13781"/>
</LocList>
</BasicStmnt>
<BasicStmnt CovItemId="S187" CovItemPrefix="view.TwitterGUI.java" Intrnl_Id="230">
<LocList>
<Loc EndOffset="13882" SrcFileId="2" StartOffset="13832"/>
</LocList>
</BasicStmnt>
<BasicStmnt CovItemId="S188" CovItemPrefix="view.TwitterGUI.java" Intrnl_Id="231">
<LocList>
<Loc EndOffset="13926" SrcFileId="2" StartOffset="13891"/>
</LocList>
</BasicStmnt>
<BasicStmnt CovItemId="S189" CovItemPrefix="view.TwitterGUI.java" Intrnl_Id="232">
<LocList>
<Loc EndOffset="13957" SrcFileId="2" StartOffset="13935"/>
</LocList>
</BasicStmnt>
<BasicStmnt CovItemId="S190" CovItemPrefix="view.TwitterGUI.java" Intrnl_Id="233">
<LocList>
<Loc EndOffset="13985" SrcFileId="2" StartOffset="13966"/>
</LocList>
</BasicStmnt>
<BasicStmnt CovItemId="S191" CovItemPrefix="view.TwitterGUI.java" Intrnl_Id="234">
<LocList>
<Loc EndOffset="14022" SrcFileId="2" StartOffset="13994"/>
</LocList>
</BasicStmnt>
<BasicStmnt CovItemId="S192" CovItemPrefix="view.TwitterGUI.java" Intrnl_Id="235">
<LocList>
<Loc EndOffset="14178" SrcFileId="2" StartOffset="14082"/>
</LocList>
</BasicStmnt>
<BasicStmnt CovItemId="S193" CovItemPrefix="view.TwitterGUI.java" Intrnl_Id="236">
<LocList>
<Loc EndOffset="14224" SrcFileId="2" StartOffset="14187"/>
</LocList>
</BasicStmnt>
<BasicStmnt CovItemId="S194" CovItemPrefix="view.TwitterGUI.java" Intrnl_Id="237">
<LocList>
<Loc EndOffset="14327" SrcFileId="2" StartOffset="14233"/>
</LocList>
</BasicStmnt>
<BasicStmnt CovItemId="S195" CovItemPrefix="view.TwitterGUI.java" Intrnl_Id="238">
<LocList>
<Loc EndOffset="14373" SrcFileId="2" StartOffset="14336"/>
</LocList>
</BasicStmnt>
<BasicStmnt CovItemId="S196" CovItemPrefix="view.TwitterGUI.java" Intrnl_Id="239">
<LocList>
<Loc EndOffset="14452" SrcFileId="2" StartOffset="14382"/>
</LocList>
</BasicStmnt>
<BasicStmnt CovItemId="S197" CovItemPrefix="view.TwitterGUI.java" Intrnl_Id="240">
<LocList>
<Loc EndOffset="14495" SrcFileId="2" StartOffset="14461"/>
</LocList>
</BasicStmnt>
<BasicStmnt CovItemId="S198" CovItemPrefix="view.TwitterGUI.java" Intrnl_Id="241">
<LocList>
<Loc EndOffset="14519" SrcFileId="2" StartOffset="14505"/>
</LocList>
</BasicStmnt>
<BasicStmnt CovItemId="S199" CovItemPrefix="view.TwitterGUI.java" Intrnl_Id="242">
<LocList>
<Loc EndOffset="14575" SrcFileId="2" StartOffset="14528"/>
</LocList>
</BasicStmnt>
<BasicStmnt CovItemId="S200" CovItemPrefix="view.TwitterGUI.java" Intrnl_Id="243">
<LocList>
<Loc EndOffset="14618" SrcFileId="2" StartOffset="14584"/>
</LocList>
</BasicStmnt>
<BasicStmnt CovItemId="S201" CovItemPrefix="view.TwitterGUI.java" Intrnl_Id="244">
<LocList>
<Loc EndOffset="14674" SrcFileId="2" StartOffset="14627"/>
</LocList>
</BasicStmnt>
<BasicStmnt CovItemId="S202" CovItemPrefix="view.TwitterGUI.java" Intrnl_Id="245">
<LocList>
<Loc EndOffset="14717" SrcFileId="2" StartOffset="14683"/>
</LocList>
</BasicStmnt>
<BasicStmnt CovItemId="S203" CovItemPrefix="view.TwitterGUI.java" Intrnl_Id="246">
<LocList>
<Loc EndOffset="14760" SrcFileId="2" StartOffset="14726"/>
</LocList>
</BasicStmnt>
<BasicStmnt CovItemId="S204" CovItemPrefix="view.TwitterGUI.java" Intrnl_Id="247">
<LocList>
<Loc EndOffset="14806" SrcFileId="2" StartOffset="14769"/>
</LocList>
</BasicStmnt>
<BasicStmnt CovItemId="S205" CovItemPrefix="view.TwitterGUI.java" Intrnl_Id="248">
<LocList>
<Loc EndOffset="14849" SrcFileId="2" StartOffset="14815"/>
</LocList>
</BasicStmnt>
<BasicStmnt CovItemId="S206" CovItemPrefix="view.TwitterGUI.java" Intrnl_Id="249">
<LocList>
<Loc EndOffset="14895" SrcFileId="2" StartOffset="14858"/>
</LocList>
</BasicStmnt>
<BasicStmnt CovItemId="S207" CovItemPrefix="view.TwitterGUI.java" Intrnl_Id="250">
<LocList>
<Loc EndOffset="14935" SrcFileId="2" StartOffset="14904"/>
</LocList>
</BasicStmnt>
<BasicStmnt CovItemId="S208" CovItemPrefix="view.TwitterGUI.java" Intrnl_Id="251">
<LocList>
<Loc EndOffset="14958" SrcFileId="2" StartOffset="14944"/>
</LocList>
</BasicStmnt>
<BasicStmnt CovItemId="S209" CovItemPrefix="view.TwitterGUI.java" Intrnl_Id="252">
<LocList>
<Loc EndOffset="15004" SrcFileId="2" StartOffset="14967"/>
</LocList>
</BasicStmnt>
<BasicStmnt CovItemId="S210" CovItemPrefix="view.TwitterGUI.java" Intrnl_Id="253">
<LocList>
<Loc EndOffset="15058" SrcFileId="2" StartOffset="15043"/>
<Loc EndOffset="15258" SrcFileId="2" StartOffset="15257"/>
</LocList>
</BasicStmnt>
<BasicStmnt CovItemId="S213" CovItemPrefix="view.TwitterGUI.java" Intrnl_Id="254">
<LocList>
<Loc EndOffset="15297" SrcFileId="2" StartOffset="15267"/>
</LocList>
</BasicStmnt>
<BasicStmnt CovItemId="S214" CovItemPrefix="view.TwitterGUI.java" Intrnl_Id="255">
<LocList>
<Loc EndOffset="15349" SrcFileId="2" StartOffset="15306"/>
</LocList>
</BasicStmnt>
<BasicStmnt CovItemId="S215" CovItemPrefix="view.TwitterGUI.java" Intrnl_Id="256">
<LocList>
<Loc EndOffset="15407" SrcFileId="2" StartOffset="15358"/>
</LocList>
</BasicStmnt>
<BasicStmnt CovItemId="S216" CovItemPrefix="view.TwitterGUI.java" Intrnl_Id="257">
<LocList>
<Loc EndOffset="15465" SrcFileId="2" StartOffset="15416"/>
</LocList>
</BasicStmnt>
</StmntSeq>
<HierarchyLvl HierarchyLvlId="1065" HierarchyLvlTypeId="15" Intrnl_Id="258" Name="JPanel">
<Header>
<Loc EndOffset="11180" SrcFileId="2" StartOffset="11172"/>
</Header>
<LocList>
<Loc EndOffset="11642" SrcFileId="2" StartOffset="11168"/>
</LocList>
<HierarchyLvl HierarchyLvlId="1064" HierarchyLvlTypeId="13" Intrnl_Id="259" Name="paintComponent">
<Header>
<Loc EndOffset="11242" SrcFileId="2" StartOffset="11195"/>
</Header>
<LocList>
<Loc EndOffset="11632" SrcFileId="2" StartOffset="11195"/>
</LocList>
<StmntSeq Intrnl_Id="260">
<LocList>
<Loc EndOffset="11281" SrcFileId="2" StartOffset="11261"/>
<Loc EndOffset="11318" SrcFileId="2" StartOffset="11298"/>
<Loc EndOffset="11354" SrcFileId="2" StartOffset="11335"/>
<Loc EndOffset="11618" SrcFileId="2" StartOffset="11371"/>
</LocList>
<BasicStmnt CovItemId="S138" CovItemPrefix="view.TwitterGUI.java" Intrnl_Id="261">
<LocList>
<Loc EndOffset="11281" SrcFileId="2" StartOffset="11261"/>
</LocList>
</BasicStmnt>
<BasicStmnt CovItemId="S139" CovItemPrefix="view.TwitterGUI.java" Intrnl_Id="262">
<LocList>
<Loc EndOffset="11318" SrcFileId="2" StartOffset="11298"/>
</LocList>
</BasicStmnt>
<BasicStmnt CovItemId="S140" CovItemPrefix="view.TwitterGUI.java" Intrnl_Id="263">
<LocList>
<Loc EndOffset="11354" SrcFileId="2" StartOffset="11335"/>
</LocList>
</BasicStmnt>
<BasicStmnt CovItemId="S141" CovItemPrefix="view.TwitterGUI.java" Intrnl_Id="264">
<LocList>
<Loc EndOffset="11618" SrcFileId="2" StartOffset="11371"/>
</LocList>
</BasicStmnt>
</StmntSeq>
</HierarchyLvl>
</HierarchyLvl>
<HierarchyLvl HierarchyLvlId="1067" HierarchyLvlTypeId="15" Intrnl_Id="265" Name="JPanel">
<Header>
<Loc EndOffset="15070" SrcFileId="2" StartOffset="15062"/>
</Header>
<LocList>
<Loc EndOffset="15257" SrcFileId="2" StartOffset="15058"/>
</LocList>
<HierarchyLvl HierarchyLvlId="1066" HierarchyLvlTypeId="13" Intrnl_Id="266" Name="paintComponent">
<Header>
<Loc EndOffset="15132" SrcFileId="2" StartOffset="15085"/>
</Header>
<LocList>
<Loc EndOffset="15247" SrcFileId="2" StartOffset="15085"/>
</LocList>
<StmntSeq Intrnl_Id="267">
<LocList>
<Loc EndOffset="15192" SrcFileId="2" StartOffset="15151"/>
<Loc EndOffset="15233" SrcFileId="2" StartOffset="15209"/>
</LocList>
<BasicStmnt CovItemId="S211" CovItemPrefix="view.TwitterGUI.java" Intrnl_Id="268">
<LocList>
<Loc EndOffset="15192" SrcFileId="2" StartOffset="15151"/>
</LocList>
</BasicStmnt>
<BasicStmnt CovItemId="S212" CovItemPrefix="view.TwitterGUI.java" Intrnl_Id="269">
<LocList>
<Loc EndOffset="15233" SrcFileId="2" StartOffset="15209"/>
</LocList>
</BasicStmnt>
</StmntSeq>
</HierarchyLvl>
</HierarchyLvl>
</HierarchyLvl>
<HierarchyLvl HierarchyLvlId="1069" HierarchyLvlTypeId="13" Intrnl_Id="270" Name="getPlainButton">
<Header>
<Loc EndOffset="15843" SrcFileId="2" StartOffset="15773"/>
</Header>
<LocList>
<Loc EndOffset="16546" SrcFileId="2" StartOffset="15773"/>
</LocList>
<StmntSeq Intrnl_Id="271">
<LocList>
<Loc EndOffset="15874" SrcFileId="2" StartOffset="15854"/>
<Loc EndOffset="16045" SrcFileId="2" StartOffset="15883"/>
<Loc EndOffset="16082" SrcFileId="2" StartOffset="16054"/>
<Loc EndOffset="16109" SrcFileId="2" StartOffset="16091"/>
<Loc EndOffset="16135" SrcFileId="2" StartOffset="16118"/>
<Loc EndOffset="16168" SrcFileId="2" StartOffset="16144"/>
<Loc EndOffset="16219" SrcFileId="2" StartOffset="16177"/>
<Loc EndOffset="16280" SrcFileId="2" StartOffset="16228"/>
<Loc EndOffset="16307" SrcFileId="2" StartOffset="16289"/>
<Loc EndOffset="16347" SrcFileId="2" StartOffset="16316"/>
<Loc EndOffset="16391" SrcFileId="2" StartOffset="16356"/>
<Loc EndOffset="16451" SrcFileId="2" StartOffset="16400"/>
<Loc EndOffset="16484" SrcFileId="2" StartOffset="16460"/>
<Loc EndOffset="16520" SrcFileId="2" StartOffset="16493"/>
<Loc EndOffset="16540" SrcFileId="2" StartOffset="16529"/>
</LocList>
<BasicStmnt CovItemId="S217" CovItemPrefix="view.TwitterGUI.java" Intrnl_Id="272">
<LocList>
<Loc EndOffset="15874" SrcFileId="2" StartOffset="15854"/>
</LocList>
</BasicStmnt>
<CondStmnt CovItemId="S218" CovItemPrefix="view.TwitterGUI.java" Intrnl_Id="273">
<Branch CovItemId="B3" CovItemPrefix="view.TwitterGUI.java" Implct="false" Intrnl_Id="274">
<Cond/>
<LocList>
<Loc EndOffset="16045" SrcFileId="2" StartOffset="15902"/>
</LocList>
<StmntSeq Intrnl_Id="275">
<LocList>
<Loc EndOffset="16035" SrcFileId="2" StartOffset="15916"/>
</LocList>
<BasicStmnt CovItemId="S219" CovItemPrefix="view.TwitterGUI.java" Intrnl_Id="276">
<LocList>
<Loc EndOffset="16035" SrcFileId="2" StartOffset="15916"/>
</LocList>
</BasicStmnt>
</StmntSeq>
</Branch>
<Branch CovItemId="B4" CovItemPrefix="view.TwitterGUI.java" Implct="true" Intrnl_Id="277">
<Cond/>
<LocList/>
<StmntSeq Intrnl_Id="278">
<LocList/>
</StmntSeq>
</Branch>
<Keyword EndOffset="15885" SrcFileId="2" StartOffset="15883"/>
<LocList>
<Loc EndOffset="16045" SrcFileId="2" StartOffset="15883"/>
</LocList>
<RootTerm CovItemId="C2" CovItemPrefix="view.TwitterGUI.java" Intrnl_Id="279">
<BasicBoolTerm Intrnl_Id="280">
<LocList>
<Loc EndOffset="15900" SrcFileId="2" StartOffset="15887"/>
</LocList>
</BasicBoolTerm>
</RootTerm>
</CondStmnt>
<BasicStmnt CovItemId="S220" CovItemPrefix="view.TwitterGUI.java" Intrnl_Id="281">
<LocList>
<Loc EndOffset="16082" SrcFileId="2" StartOffset="16054"/>
</LocList>
</BasicStmnt>
<BasicStmnt CovItemId="S221" CovItemPrefix="view.TwitterGUI.java" Intrnl_Id="282">
<LocList>
<Loc EndOffset="16109" SrcFileId="2" StartOffset="16091"/>
</LocList>
</BasicStmnt>
<BasicStmnt CovItemId="S222" CovItemPrefix="view.TwitterGUI.java" Intrnl_Id="283">
<LocList>
<Loc EndOffset="16135" SrcFileId="2" StartOffset="16118"/>
</LocList>
</BasicStmnt>
<BasicStmnt CovItemId="S223" CovItemPrefix="view.TwitterGUI.java" Intrnl_Id="284">
<LocList>
<Loc EndOffset="16168" SrcFileId="2" StartOffset="16144"/>
</LocList>
</BasicStmnt>
<BasicStmnt CovItemId="S224" CovItemPrefix="view.TwitterGUI.java" Intrnl_Id="285">
<LocList>
<Loc EndOffset="16219" SrcFileId="2" StartOffset="16177"/>
</LocList>
</BasicStmnt>
<BasicStmnt CovItemId="S225" CovItemPrefix="view.TwitterGUI.java" Intrnl_Id="286">
<LocList>
<Loc EndOffset="16280" SrcFileId="2" StartOffset="16228"/>
</LocList>
</BasicStmnt>
<BasicStmnt CovItemId="S226" CovItemPrefix="view.TwitterGUI.java" Intrnl_Id="287">
<LocList>
<Loc EndOffset="16307" SrcFileId="2" StartOffset="16289"/>
</LocList>
</BasicStmnt>
<BasicStmnt CovItemId="S227" CovItemPrefix="view.TwitterGUI.java" Intrnl_Id="288">
<LocList>
<Loc EndOffset="16347" SrcFileId="2" StartOffset="16316"/>
</LocList>
</BasicStmnt>
<BasicStmnt CovItemId="S228" CovItemPrefix="view.TwitterGUI.java" Intrnl_Id="289">
<LocList>
<Loc EndOffset="16391" SrcFileId="2" StartOffset="16356"/>
</LocList>
</BasicStmnt>
<BasicStmnt CovItemId="S229" CovItemPrefix="view.TwitterGUI.java" Intrnl_Id="290">
<LocList>
<Loc EndOffset="16451" SrcFileId="2" StartOffset="16400"/>
</LocList>
</BasicStmnt>
<BasicStmnt CovItemId="S230" CovItemPrefix="view.TwitterGUI.java" Intrnl_Id="291">
<LocList>
<Loc EndOffset="16484" SrcFileId="2" StartOffset="16460"/>
</LocList>
</BasicStmnt>
<BasicStmnt CovItemId="S231" CovItemPrefix="view.TwitterGUI.java" Intrnl_Id="292">
<LocList>
<Loc EndOffset="16520" SrcFileId="2" StartOffset="16493"/>
</LocList>
</BasicStmnt>
<BasicStmnt CovItemId="S232" CovItemPrefix="view.TwitterGUI.java" Intrnl_Id="293">
<LocList>
<Loc EndOffset="16540" SrcFileId="2" StartOffset="16529"/>
</LocList>
</BasicStmnt>
</StmntSeq>
</HierarchyLvl>
<HierarchyLvl HierarchyLvlId="1070" HierarchyLvlTypeId="13" Intrnl_Id="294" Name="setPlainButton">
<Header>
<Loc EndOffset="16955" SrcFileId="2" StartOffset="16859"/>
</Header>
<LocList>
<Loc EndOffset="17585" SrcFileId="2" StartOffset="16859"/>
</LocList>
<StmntSeq Intrnl_Id="295">
<LocList>
<Loc EndOffset="16986" SrcFileId="2" StartOffset="16966"/>
<Loc EndOffset="17157" SrcFileId="2" StartOffset="16995"/>
<Loc EndOffset="17184" SrcFileId="2" StartOffset="17166"/>
<Loc EndOffset="17210" SrcFileId="2" StartOffset="17193"/>
<Loc EndOffset="17243" SrcFileId="2" StartOffset="17219"/>
<Loc EndOffset="17292" SrcFileId="2" StartOffset="17252"/>
<Loc EndOffset="17351" SrcFileId="2" StartOffset="17301"/>
<Loc EndOffset="17376" SrcFileId="2" StartOffset="17360"/>
<Loc EndOffset="17414" SrcFileId="2" StartOffset="17385"/>
<Loc EndOffset="17456" SrcFileId="2" StartOffset="17423"/>
<Loc EndOffset="17514" SrcFileId="2" StartOffset="17465"/>
<Loc EndOffset="17545" SrcFileId="2" StartOffset="17523"/>
<Loc EndOffset="17579" SrcFileId="2" StartOffset="17554"/>
</LocList>
<BasicStmnt CovItemId="S233" CovItemPrefix="view.TwitterGUI.java" Intrnl_Id="296">
<LocList>
<Loc EndOffset="16986" SrcFileId="2" StartOffset="16966"/>
</LocList>
</BasicStmnt>
<CondStmnt CovItemId="S234" CovItemPrefix="view.TwitterGUI.java" Intrnl_Id="297">
<Branch CovItemId="B5" CovItemPrefix="view.TwitterGUI.java" Implct="false" Intrnl_Id="298">
<Cond/>
<LocList>
<Loc EndOffset="17157" SrcFileId="2" StartOffset="17014"/>
</LocList>
<StmntSeq Intrnl_Id="299">
<LocList>
<Loc EndOffset="17147" SrcFileId="2" StartOffset="17028"/>
</LocList>
<BasicStmnt CovItemId="S235" CovItemPrefix="view.TwitterGUI.java" Intrnl_Id="300">
<LocList>
<Loc EndOffset="17147" SrcFileId="2" StartOffset="17028"/>
</LocList>
</BasicStmnt>
</StmntSeq>
</Branch>
<Branch CovItemId="B6" CovItemPrefix="view.TwitterGUI.java" Implct="true" Intrnl_Id="301">
<Cond/>
<LocList/>
<StmntSeq Intrnl_Id="302">
<LocList/>
</StmntSeq>
</Branch>
<Keyword EndOffset="16997" SrcFileId="2" StartOffset="16995"/>
<LocList>
<Loc EndOffset="17157" SrcFileId="2" StartOffset="16995"/>
</LocList>
<RootTerm CovItemId="C3" CovItemPrefix="view.TwitterGUI.java" Intrnl_Id="303">
<BasicBoolTerm Intrnl_Id="304">
<LocList>
<Loc EndOffset="17012" SrcFileId="2" StartOffset="16999"/>
</LocList>
</BasicBoolTerm>
</RootTerm>
</CondStmnt>
<BasicStmnt CovItemId="S236" CovItemPrefix="view.TwitterGUI.java" Intrnl_Id="305">
<LocList>
<Loc EndOffset="17184" SrcFileId="2" StartOffset="17166"/>
</LocList>
</BasicStmnt>
<BasicStmnt CovItemId="S237" CovItemPrefix="view.TwitterGUI.java" Intrnl_Id="306">
<LocList>
<Loc EndOffset="17210" SrcFileId="2" StartOffset="17193"/>
</LocList>
</BasicStmnt>
<BasicStmnt CovItemId="S238" CovItemPrefix="view.TwitterGUI.java" Intrnl_Id="307">
<LocList>
<Loc EndOffset="17243" SrcFileId="2" StartOffset="17219"/>
</LocList>
</BasicStmnt>
<BasicStmnt CovItemId="S239" CovItemPrefix="view.TwitterGUI.java" Intrnl_Id="308">
<LocList>
<Loc EndOffset="17292" SrcFileId="2" StartOffset="17252"/>
</LocList>
</BasicStmnt>
<BasicStmnt CovItemId="S240" CovItemPrefix="view.TwitterGUI.java" Intrnl_Id="309">
<LocList>
<Loc EndOffset="17351" SrcFileId="2" StartOffset="17301"/>
</LocList>
</BasicStmnt>
<BasicStmnt CovItemId="S241" CovItemPrefix="view.TwitterGUI.java" Intrnl_Id="310">
<LocList>
<Loc EndOffset="17376" SrcFileId="2" StartOffset="17360"/>
</LocList>
</BasicStmnt>
<BasicStmnt CovItemId="S242" CovItemPrefix="view.TwitterGUI.java" Intrnl_Id="311">
<LocList>
<Loc EndOffset="17414" SrcFileId="2" StartOffset="17385"/>
</LocList>
</BasicStmnt>
<BasicStmnt CovItemId="S243" CovItemPrefix="view.TwitterGUI.java" Intrnl_Id="312">
<LocList>
<Loc EndOffset="17456" SrcFileId="2" StartOffset="17423"/>
</LocList>
</BasicStmnt>
<BasicStmnt CovItemId="S244" CovItemPrefix="view.TwitterGUI.java" Intrnl_Id="313">
<LocList>
<Loc EndOffset="17514" SrcFileId="2" StartOffset="17465"/>
</LocList>
</BasicStmnt>
<BasicStmnt CovItemId="S245" CovItemPrefix="view.TwitterGUI.java" Intrnl_Id="314">
<LocList>
<Loc EndOffset="17545" SrcFileId="2" StartOffset="17523"/>
</LocList>
</BasicStmnt>
<BasicStmnt CovItemId="S246" CovItemPrefix="view.TwitterGUI.java" Intrnl_Id="315">
<LocList>
<Loc EndOffset="17579" SrcFileId="2" StartOffset="17554"/>
</LocList>
</BasicStmnt>
</StmntSeq>
</HierarchyLvl>
<HierarchyLvl HierarchyLvlId="1071" HierarchyLvlTypeId="13" Intrnl_Id="316" Name="createDescriptionPanel">
<Header>
<Loc EndOffset="17941" SrcFileId="2" StartOffset="17846"/>
</Header>
<LocList>
<Loc EndOffset="20599" SrcFileId="2" StartOffset="17846"/>
</LocList>
<StmntSeq Intrnl_Id="317">
<LocList>
<Loc EndOffset="17971" SrcFileId="2" StartOffset="17952"/>
<Loc EndOffset="18004" SrcFileId="2" StartOffset="17980"/>
<Loc EndOffset="20593" SrcFileId="2" StartOffset="18013"/>
</LocList>
<BasicStmnt CovItemId="S247" CovItemPrefix="view.TwitterGUI.java" Intrnl_Id="318">
<LocList>
<Loc EndOffset="17971" SrcFileId="2" StartOffset="17952"/>
</LocList>
</BasicStmnt>
<BasicStmnt CovItemId="S248" CovItemPrefix="view.TwitterGUI.java" Intrnl_Id="319">
<LocList>
<Loc EndOffset="18004" SrcFileId="2" StartOffset="17980"/>
</LocList>
</BasicStmnt>
<CondStmnt CovItemId="S249" CovItemPrefix="view.TwitterGUI.java" Intrnl_Id="320">
<Branch CovItemId="B7" CovItemPrefix="view.TwitterGUI.java" Implct="false" Intrnl_Id="321">
<Cond/>
<LocList>
<Loc EndOffset="18291" SrcFileId="2" StartOffset="18045"/>
</LocList>
<StmntSeq Intrnl_Id="322">
<LocList>
<Loc EndOffset="18107" SrcFileId="2" StartOffset="18059"/>
<Loc EndOffset="18184" SrcFileId="2" StartOffset="18120"/>
<Loc EndOffset="18239" SrcFileId="2" StartOffset="18197"/>
<Loc EndOffset="18281" SrcFileId="2" StartOffset="18252"/>
</LocList>
<BasicStmnt CovItemId="S250" CovItemPrefix="view.TwitterGUI.java" Intrnl_Id="323">
<LocList>
<Loc EndOffset="18107" SrcFileId="2" StartOffset="18059"/>
</LocList>
</BasicStmnt>
<BasicStmnt CovItemId="S251" CovItemPrefix="view.TwitterGUI.java" Intrnl_Id="324">
<LocList>
<Loc EndOffset="18184" SrcFileId="2" StartOffset="18120"/>
</LocList>
</BasicStmnt>
<BasicStmnt CovItemId="S252" CovItemPrefix="view.TwitterGUI.java" Intrnl_Id="325">
<LocList>
<Loc EndOffset="18239" SrcFileId="2" StartOffset="18197"/>
</LocList>
</BasicStmnt>
<BasicStmnt CovItemId="S253" CovItemPrefix="view.TwitterGUI.java" Intrnl_Id="326">
<LocList>
<Loc EndOffset="18281" SrcFileId="2" StartOffset="18252"/>
</LocList>
</BasicStmnt>
</StmntSeq>
</Branch>
<Branch CovItemId="B8" CovItemPrefix="view.TwitterGUI.java" Implct="false" Intrnl_Id="327">
<Cond>
<Loc EndOffset="18296" SrcFileId="2" StartOffset="18292"/>
</Cond>
<LocList>
<Loc EndOffset="20593" SrcFileId="2" StartOffset="18297"/>
</LocList>
<StmntSeq Intrnl_Id="328">
<LocList>
<Loc EndOffset="20593" SrcFileId="2" StartOffset="18297"/>
</LocList>
<CondStmnt CovItemId="S254" CovItemPrefix="view.TwitterGUI.java" Intrnl_Id="329">
<Branch CovItemId="B9" CovItemPrefix="view.TwitterGUI.java" Implct="false" Intrnl_Id="330">
<Cond/>
<LocList>
<Loc EndOffset="19274" SrcFileId="2" StartOffset="18335"/>
</LocList>
<StmntSeq Intrnl_Id="331">
<LocList>
<Loc EndOffset="18413" SrcFileId="2" StartOffset="18377"/>
<Loc EndOffset="18456" SrcFileId="2" StartOffset="18426"/>
<Loc EndOffset="18499" SrcFileId="2" StartOffset="18469"/>
<Loc EndOffset="18548" SrcFileId="2" StartOffset="18512"/>
<Loc EndOffset="18591" SrcFileId="2" StartOffset="18561"/>
<Loc EndOffset="18694" SrcFileId="2" StartOffset="18604"/>
<Loc EndOffset="18774" SrcFileId="2" StartOffset="18707"/>
<Loc EndOffset="18828" SrcFileId="2" StartOffset="18788"/>
<Loc EndOffset="18881" SrcFileId="2" StartOffset="18841"/>
<Loc EndOffset="18959" SrcFileId="2" StartOffset="18894"/>
<Loc EndOffset="19015" SrcFileId="2" StartOffset="18972"/>
<Loc EndOffset="19093" SrcFileId="2" StartOffset="19028"/>
<Loc EndOffset="19149" SrcFileId="2" StartOffset="19106"/>
<Loc EndOffset="19192" SrcFileId="2" StartOffset="19162"/>
<Loc EndOffset="19221" SrcFileId="2" StartOffset="19205"/>
<Loc EndOffset="19264" SrcFileId="2" StartOffset="19234"/>
</LocList>
<BasicStmnt CovItemId="S255" CovItemPrefix="view.TwitterGUI.java" Intrnl_Id="332">
<LocList>
<Loc EndOffset="18413" SrcFileId="2" StartOffset="18377"/>
</LocList>
</BasicStmnt>
<BasicStmnt CovItemId="S256" CovItemPrefix="view.TwitterGUI.java" Intrnl_Id="333">
<LocList>
<Loc EndOffset="18456" SrcFileId="2" StartOffset="18426"/>
</LocList>
</BasicStmnt>
<BasicStmnt CovItemId="S257" CovItemPrefix="view.TwitterGUI.java" Intrnl_Id="334">
<LocList>
<Loc EndOffset="18499" SrcFileId="2" StartOffset="18469"/>
</LocList>
</BasicStmnt>
<BasicStmnt CovItemId="S258" CovItemPrefix="view.TwitterGUI.java" Intrnl_Id="335">
<LocList>
<Loc EndOffset="18548" SrcFileId="2" StartOffset="18512"/>
</LocList>
</BasicStmnt>
<BasicStmnt CovItemId="S259" CovItemPrefix="view.TwitterGUI.java" Intrnl_Id="336">
<LocList>
<Loc EndOffset="18591" SrcFileId="2" StartOffset="18561"/>
</LocList>
</BasicStmnt>
<BasicStmnt CovItemId="S260" CovItemPrefix="view.TwitterGUI.java" Intrnl_Id="337">
<LocList>
<Loc EndOffset="18694" SrcFileId="2" StartOffset="18604"/>
</LocList>
</BasicStmnt>
<BasicStmnt CovItemId="S261" CovItemPrefix="view.TwitterGUI.java" Intrnl_Id="338">
<LocList>
<Loc EndOffset="18774" SrcFileId="2" StartOffset="18707"/>
</LocList>
</BasicStmnt>
<BasicStmnt CovItemId="S262" CovItemPrefix="view.TwitterGUI.java" Intrnl_Id="339">
<LocList>
<Loc EndOffset="18828" SrcFileId="2" StartOffset="18788"/>
</LocList>
</BasicStmnt>
<BasicStmnt CovItemId="S263" CovItemPrefix="view.TwitterGUI.java" Intrnl_Id="340">
<LocList>
<Loc EndOffset="18881" SrcFileId="2" StartOffset="18841"/>
</LocList>
</BasicStmnt>
<BasicStmnt CovItemId="S264" CovItemPrefix="view.TwitterGUI.java" Intrnl_Id="341">
<LocList>
<Loc EndOffset="18959" SrcFileId="2" StartOffset="18894"/>
</LocList>
</BasicStmnt>
<BasicStmnt CovItemId="S265" CovItemPrefix="view.TwitterGUI.java" Intrnl_Id="342">
<LocList>
<Loc EndOffset="19015" SrcFileId="2" StartOffset="18972"/>
</LocList>
</BasicStmnt>
<BasicStmnt CovItemId="S266" CovItemPrefix="view.TwitterGUI.java" Intrnl_Id="343">
<LocList>
<Loc EndOffset="19093" SrcFileId="2" StartOffset="19028"/>
</LocList>
</BasicStmnt>
<BasicStmnt CovItemId="S267" CovItemPrefix="view.TwitterGUI.java" Intrnl_Id="344">
<LocList>
<Loc EndOffset="19149" SrcFileId="2" StartOffset="19106"/>
</LocList>
</BasicStmnt>
<BasicStmnt CovItemId="S268" CovItemPrefix="view.TwitterGUI.java" Intrnl_Id="345">
<LocList>
<Loc EndOffset="19192" SrcFileId="2" StartOffset="19162"/>
</LocList>
</BasicStmnt>
<BasicStmnt CovItemId="S269" CovItemPrefix="view.TwitterGUI.java" Intrnl_Id="346">
<LocList>
<Loc EndOffset="19221" SrcFileId="2" StartOffset="19205"/>
</LocList>
</BasicStmnt>
<BasicStmnt CovItemId="S270" CovItemPrefix="view.TwitterGUI.java" Intrnl_Id="347">
<LocList>
<Loc EndOffset="19264" SrcFileId="2" StartOffset="19234"/>
</LocList>
</BasicStmnt>
</StmntSeq>
</Branch>
<Branch CovItemId="B10" CovItemPrefix="view.TwitterGUI.java" Implct="false" Intrnl_Id="348">
<Cond>
<Loc EndOffset="19279" SrcFileId="2" StartOffset="19275"/>
</Cond>
<LocList>
<Loc EndOffset="20593" SrcFileId="2" StartOffset="19280"/>
</LocList>
<StmntSeq Intrnl_Id="349">
<LocList>
<Loc EndOffset="19361" SrcFileId="2" StartOffset="19325"/>
<Loc EndOffset="19412" SrcFileId="2" StartOffset="19374"/>
<Loc EndOffset="19469" SrcFileId="2" StartOffset="19425"/>
<Loc EndOffset="19573" SrcFileId="2" StartOffset="19483"/>
<Loc EndOffset="19721" SrcFileId="2" StartOffset="19586"/>
<Loc EndOffset="19829" SrcFileId="2" StartOffset="19734"/>
<Loc EndOffset="19883" SrcFileId="2" StartOffset="19843"/>
<Loc EndOffset="19961" SrcFileId="2" StartOffset="19896"/>
<Loc EndOffset="20017" SrcFileId="2" StartOffset="19974"/>
<Loc EndOffset="20070" SrcFileId="2" StartOffset="20030"/>
<Loc EndOffset="20148" SrcFileId="2" StartOffset="20083"/>
<Loc EndOffset="20204" SrcFileId="2" StartOffset="20161"/>
<Loc EndOffset="20257" SrcFileId="2" StartOffset="20217"/>
<Loc EndOffset="20335" SrcFileId="2" StartOffset="20270"/>
<Loc EndOffset="20391" SrcFileId="2" StartOffset="20348"/>
<Loc EndOffset="20435" SrcFileId="2" StartOffset="20405"/>
<Loc EndOffset="20464" SrcFileId="2" StartOffset="20448"/>
<Loc EndOffset="20507" SrcFileId="2" StartOffset="20477"/>
<Loc EndOffset="20540" SrcFileId="2" StartOffset="20520"/>
<Loc EndOffset="20583" SrcFileId="2" StartOffset="20553"/>
</LocList>
<BasicStmnt CovItemId="S271" CovItemPrefix="view.TwitterGUI.java" Intrnl_Id="350">
<LocList>
<Loc EndOffset="19361" SrcFileId="2" StartOffset="19325"/>
</LocList>
</BasicStmnt>
<BasicStmnt CovItemId="S272" CovItemPrefix="view.TwitterGUI.java" Intrnl_Id="351">
<LocList>
<Loc EndOffset="19412" SrcFileId="2" StartOffset="19374"/>
</LocList>
</BasicStmnt>
<BasicStmnt CovItemId="S273" CovItemPrefix="view.TwitterGUI.java" Intrnl_Id="352">
<LocList>
<Loc EndOffset="19469" SrcFileId="2" StartOffset="19425"/>
</LocList>
</BasicStmnt>
<BasicStmnt CovItemId="S274" CovItemPrefix="view.TwitterGUI.java" Intrnl_Id="353">
<LocList>
<Loc EndOffset="19573" SrcFileId="2" StartOffset="19483"/>
</LocList>
</BasicStmnt>
<BasicStmnt CovItemId="S275" CovItemPrefix="view.TwitterGUI.java" Intrnl_Id="354">
<LocList>
<Loc EndOffset="19721" SrcFileId="2" StartOffset="19586"/>
</LocList>
</BasicStmnt>
<BasicStmnt CovItemId="S276" CovItemPrefix="view.TwitterGUI.java" Intrnl_Id="355">
<LocList>
<Loc EndOffset="19829" SrcFileId="2" StartOffset="19734"/>
</LocList>
</BasicStmnt>
<BasicStmnt CovItemId="S277" CovItemPrefix="view.TwitterGUI.java" Intrnl_Id="356">
<LocList>
<Loc EndOffset="19883" SrcFileId="2" StartOffset="19843"/>
</LocList>
</BasicStmnt>
<BasicStmnt CovItemId="S278" CovItemPrefix="view.TwitterGUI.java" Intrnl_Id="357">
<LocList>
<Loc EndOffset="19961" SrcFileId="2" StartOffset="19896"/>
</LocList>
</BasicStmnt>
<BasicStmnt CovItemId="S279" CovItemPrefix="view.TwitterGUI.java" Intrnl_Id="358">
<LocList>
<Loc EndOffset="20017" SrcFileId="2" StartOffset="19974"/>
</LocList>
</BasicStmnt>
<BasicStmnt CovItemId="S280" CovItemPrefix="view.TwitterGUI.java" Intrnl_Id="359">
<LocList>
<Loc EndOffset="20070" SrcFileId="2" StartOffset="20030"/>
</LocList>
</BasicStmnt>
<BasicStmnt CovItemId="S281" CovItemPrefix="view.TwitterGUI.java" Intrnl_Id="360">
<LocList>
<Loc EndOffset="20148" SrcFileId="2" StartOffset="20083"/>
</LocList>
</BasicStmnt>
<BasicStmnt CovItemId="S282" CovItemPrefix="view.TwitterGUI.java" Intrnl_Id="361">
<LocList>
<Loc EndOffset="20204" SrcFileId="2" StartOffset="20161"/>
</LocList>
</BasicStmnt>
<BasicStmnt CovItemId="S283" CovItemPrefix="view.TwitterGUI.java" Intrnl_Id="362">
<LocList>
<Loc EndOffset="20257" SrcFileId="2" StartOffset="20217"/>
</LocList>
</BasicStmnt>
<BasicStmnt CovItemId="S284" CovItemPrefix="view.TwitterGUI.java" Intrnl_Id="363">
<LocList>
<Loc EndOffset="20335" SrcFileId="2" StartOffset="20270"/>
</LocList>
</BasicStmnt>
<BasicStmnt CovItemId="S285" CovItemPrefix="view.TwitterGUI.java" Intrnl_Id="364">
<LocList>
<Loc EndOffset="20391" SrcFileId="2" StartOffset="20348"/>
</LocList>
</BasicStmnt>
<BasicStmnt CovItemId="S286" CovItemPrefix="view.TwitterGUI.java" Intrnl_Id="365">
<LocList>
<Loc EndOffset="20435" SrcFileId="2" StartOffset="20405"/>
</LocList>
</BasicStmnt>
<BasicStmnt CovItemId="S287" CovItemPrefix="view.TwitterGUI.java" Intrnl_Id="366">
<LocList>
<Loc EndOffset="20464" SrcFileId="2" StartOffset="20448"/>
</LocList>
</BasicStmnt>
<BasicStmnt CovItemId="S288" CovItemPrefix="view.TwitterGUI.java" Intrnl_Id="367">
<LocList>
<Loc EndOffset="20507" SrcFileId="2" StartOffset="20477"/>
</LocList>
</BasicStmnt>
<BasicStmnt CovItemId="S289" CovItemPrefix="view.TwitterGUI.java" Intrnl_Id="368">
<LocList>
<Loc EndOffset="20540" SrcFileId="2" StartOffset="20520"/>
</LocList>
</BasicStmnt>
<BasicStmnt CovItemId="S290" CovItemPrefix="view.TwitterGUI.java" Intrnl_Id="369">
<LocList>
<Loc EndOffset="20583" SrcFileId="2" StartOffset="20553"/>
</LocList>
</BasicStmnt>
</StmntSeq>
</Branch>
<Keyword EndOffset="18299" SrcFileId="2" StartOffset="18297"/>
<LocList>
<Loc EndOffset="20593" SrcFileId="2" StartOffset="18297"/>
</LocList>
<RootTerm CovItemId="C5" CovItemPrefix="view.TwitterGUI.java" Intrnl_Id="370">
<BasicBoolTerm Intrnl_Id="371">
<LocList>
<Loc EndOffset="18333" SrcFileId="2" StartOffset="18301"/>
</LocList>
</BasicBoolTerm>
</RootTerm>
</CondStmnt>
</StmntSeq>
</Branch>
<Keyword EndOffset="18015" SrcFileId="2" StartOffset="18013"/>
<LocList>
<Loc EndOffset="20593" SrcFileId="2" StartOffset="18013"/>
</LocList>
<RootTerm CovItemId="C4" CovItemPrefix="view.TwitterGUI.java" Intrnl_Id="372">
<BasicBoolTerm Intrnl_Id="373">
<LocList>
<Loc EndOffset="18043" SrcFileId="2" StartOffset="18017"/>
</LocList>
</BasicBoolTerm>
</RootTerm>
</CondStmnt>
</StmntSeq>
</HierarchyLvl>
<HierarchyLvl HierarchyLvlId="1072" HierarchyLvlTypeId="13" Intrnl_Id="374" Name="createMenu">
<Header>
<Loc EndOffset="20771" SrcFileId="2" StartOffset="20746"/>
</Header>
<LocList>
<Loc EndOffset="22025" SrcFileId="2" StartOffset="20746"/>
</LocList>
<StmntSeq Intrnl_Id="375">
<LocList>
<Loc EndOffset="20807" SrcFileId="2" StartOffset="20782"/>
<Loc EndOffset="20867" SrcFileId="2" StartOffset="20838"/>
<Loc EndOffset="20905" SrcFileId="2" StartOffset="20876"/>
<Loc EndOffset="20943" SrcFileId="2" StartOffset="20914"/>
<Loc EndOffset="21044" SrcFileId="2" StartOffset="20952"/>
<Loc EndOffset="21072" SrcFileId="2" StartOffset="21053"/>
<Loc EndOffset="21135" SrcFileId="2" StartOffset="21104"/>
<Loc EndOffset="21182" SrcFileId="2" StartOffset="21144"/>
<Loc EndOffset="21224" SrcFileId="2" StartOffset="21191"/>
<Loc EndOffset="21329" SrcFileId="2" StartOffset="21233"/>
<Loc EndOffset="21371" SrcFileId="2" StartOffset="21338"/>
<Loc EndOffset="21411" SrcFileId="2" StartOffset="21380"/>
<Loc EndOffset="21514" SrcFileId="2" StartOffset="21420"/>
<Loc EndOffset="21547" SrcFileId="2" StartOffset="21523"/>
<Loc EndOffset="21578" SrcFileId="2" StartOffset="21556"/>
<Loc EndOffset="21641" SrcFileId="2" StartOffset="21610"/>
<Loc EndOffset="21696" SrcFileId="2" StartOffset="21650"/>
<Loc EndOffset="21735" SrcFileId="2" StartOffset="21705"/>
<Loc EndOffset="21837" SrcFileId="2" StartOffset="21744"/>
<Loc EndOffset="21867" SrcFileId="2" StartOffset="21846"/>
<Loc EndOffset="21925" SrcFileId="2" StartOffset="21903"/>
<Loc EndOffset="21957" SrcFileId="2" StartOffset="21934"/>
<Loc EndOffset="21989" SrcFileId="2" StartOffset="21966"/>
<Loc EndOffset="22019" SrcFileId="2" StartOffset="21998"/>
</LocList>
<BasicStmnt CovItemId="S291" CovItemPrefix="view.TwitterGUI.java" Intrnl_Id="376">
<LocList>
<Loc EndOffset="20807" SrcFileId="2" StartOffset="20782"/>
</LocList>
</BasicStmnt>
<BasicStmnt CovItemId="S292" CovItemPrefix="view.TwitterGUI.java" Intrnl_Id="377">
<LocList>
<Loc EndOffset="20867" SrcFileId="2" StartOffset="20838"/>
</LocList>
</BasicStmnt>
<BasicStmnt CovItemId="S293" CovItemPrefix="view.TwitterGUI.java" Intrnl_Id="378">
<LocList>
<Loc EndOffset="20905" SrcFileId="2" StartOffset="20876"/>
</LocList>
</BasicStmnt>
<BasicStmnt CovItemId="S294" CovItemPrefix="view.TwitterGUI.java" Intrnl_Id="379">
<LocList>
<Loc EndOffset="20943" SrcFileId="2" StartOffset="20914"/>
</LocList>
</BasicStmnt>
<BasicStmnt CovItemId="S295" CovItemPrefix="view.TwitterGUI.java" Intrnl_Id="380">
<LocList>
<Loc EndOffset="21044" SrcFileId="2" StartOffset="20952"/>
</LocList>
</BasicStmnt>
<BasicStmnt CovItemId="S296" CovItemPrefix="view.TwitterGUI.java" Intrnl_Id="381">
<LocList>
<Loc EndOffset="21072" SrcFileId="2" StartOffset="21053"/>
</LocList>
</BasicStmnt>
<BasicStmnt CovItemId="S297" CovItemPrefix="view.TwitterGUI.java" Intrnl_Id="382">
<LocList>
<Loc EndOffset="21135" SrcFileId="2" StartOffset="21104"/>
</LocList>
</BasicStmnt>
<BasicStmnt CovItemId="S298" CovItemPrefix="view.TwitterGUI.java" Intrnl_Id="383">
<LocList>
<Loc EndOffset="21182" SrcFileId="2" StartOffset="21144"/>
</LocList>
</BasicStmnt>
<BasicStmnt CovItemId="S299" CovItemPrefix="view.TwitterGUI.java" Intrnl_Id="384">
<LocList>
<Loc EndOffset="21224" SrcFileId="2" StartOffset="21191"/>
</LocList>
</BasicStmnt>
<BasicStmnt CovItemId="S300" CovItemPrefix="view.TwitterGUI.java" Intrnl_Id="385">
<LocList>
<Loc EndOffset="21329" SrcFileId="2" StartOffset="21233"/>
</LocList>
</BasicStmnt>
<BasicStmnt CovItemId="S301" CovItemPrefix="view.TwitterGUI.java" Intrnl_Id="386">
<LocList>
<Loc EndOffset="21371" SrcFileId="2" StartOffset="21338"/>
</LocList>
</BasicStmnt>
<BasicStmnt CovItemId="S302" CovItemPrefix="view.TwitterGUI.java" Intrnl_Id="387">
<LocList>
<Loc EndOffset="21411" SrcFileId="2" StartOffset="21380"/>
</LocList>
</BasicStmnt>
<BasicStmnt CovItemId="S303" CovItemPrefix="view.TwitterGUI.java" Intrnl_Id="388">
<LocList>
<Loc EndOffset="21514" SrcFileId="2" StartOffset="21420"/>
</LocList>
</BasicStmnt>
<BasicStmnt CovItemId="S304" CovItemPrefix="view.TwitterGUI.java" Intrnl_Id="389">
<LocList>
<Loc EndOffset="21547" SrcFileId="2" StartOffset="21523"/>
</LocList>
</BasicStmnt>
<BasicStmnt CovItemId="S305" CovItemPrefix="view.TwitterGUI.java" Intrnl_Id="390">
<LocList>
<Loc EndOffset="21578" SrcFileId="2" StartOffset="21556"/>
</LocList>
</BasicStmnt>
<BasicStmnt CovItemId="S306" CovItemPrefix="view.TwitterGUI.java" Intrnl_Id="391">
<LocList>
<Loc EndOffset="21641" SrcFileId="2" StartOffset="21610"/>
</LocList>
</BasicStmnt>
<BasicStmnt CovItemId="S307" CovItemPrefix="view.TwitterGUI.java" Intrnl_Id="392">
<LocList>
<Loc EndOffset="21696" SrcFileId="2" StartOffset="21650"/>
</LocList>
</BasicStmnt>
<BasicStmnt CovItemId="S308" CovItemPrefix="view.TwitterGUI.java" Intrnl_Id="393">
<LocList>
<Loc EndOffset="21735" SrcFileId="2" StartOffset="21705"/>
</LocList>
</BasicStmnt>
<BasicStmnt CovItemId="S309" CovItemPrefix="view.TwitterGUI.java" Intrnl_Id="394">
<LocList>
<Loc EndOffset="21837" SrcFileId="2" StartOffset="21744"/>
</LocList>
</BasicStmnt>
<BasicStmnt CovItemId="S310" CovItemPrefix="view.TwitterGUI.java" Intrnl_Id="395">
<LocList>
<Loc EndOffset="21867" SrcFileId="2" StartOffset="21846"/>
</LocList>
</BasicStmnt>
<BasicStmnt CovItemId="S311" CovItemPrefix="view.TwitterGUI.java" Intrnl_Id="396">
<LocList>
<Loc EndOffset="21925" SrcFileId="2" StartOffset="21903"/>
</LocList>
</BasicStmnt>
<BasicStmnt CovItemId="S312" CovItemPrefix="view.TwitterGUI.java" Intrnl_Id="397">
<LocList>
<Loc EndOffset="21957" SrcFileId="2" StartOffset="21934"/>
</LocList>
</BasicStmnt>
<BasicStmnt CovItemId="S313" CovItemPrefix="view.TwitterGUI.java" Intrnl_Id="398">
<LocList>
<Loc EndOffset="21989" SrcFileId="2" StartOffset="21966"/>
</LocList>
</BasicStmnt>
<BasicStmnt CovItemId="S314" CovItemPrefix="view.TwitterGUI.java" Intrnl_Id="399">
<LocList>
<Loc EndOffset="22019" SrcFileId="2" StartOffset="21998"/>
</LocList>
</BasicStmnt>
</StmntSeq>
</HierarchyLvl>
<HierarchyLvl HierarchyLvlId="1073" HierarchyLvlTypeId="13" Intrnl_Id="400" Name="createTabbedPane">
<Header>
<Loc EndOffset="22206" SrcFileId="2" StartOffset="22175"/>
</Header>
<LocList>
<Loc EndOffset="22932" SrcFileId="2" StartOffset="22175"/>
</LocList>
<StmntSeq Intrnl_Id="401">
<LocList>
<Loc EndOffset="22395" SrcFileId="2" StartOffset="22349"/>
<Loc EndOffset="22435" SrcFileId="2" StartOffset="22404"/>
<Loc EndOffset="22482" SrcFileId="2" StartOffset="22444"/>
<Loc EndOffset="22529" SrcFileId="2" StartOffset="22491"/>
<Loc EndOffset="22562" SrcFileId="2" StartOffset="22538"/>
<Loc EndOffset="22630" SrcFileId="2" StartOffset="22571"/>
<Loc EndOffset="22689" SrcFileId="2" StartOffset="22639"/>
<Loc EndOffset="22741" SrcFileId="2" StartOffset="22698"/>
<Loc EndOffset="22789" SrcFileId="2" StartOffset="22750"/>
<Loc EndOffset="22845" SrcFileId="2" StartOffset="22798"/>
<Loc EndOffset="22901" SrcFileId="2" StartOffset="22854"/>
<Loc EndOffset="22926" SrcFileId="2" StartOffset="22910"/>
</LocList>
<BasicStmnt CovItemId="S315" CovItemPrefix="view.TwitterGUI.java" Intrnl_Id="402">
<LocList>
<Loc EndOffset="22395" SrcFileId="2" StartOffset="22349"/>
</LocList>
</BasicStmnt>
<BasicStmnt CovItemId="S316" CovItemPrefix="view.TwitterGUI.java" Intrnl_Id="403">
<LocList>
<Loc EndOffset="22435" SrcFileId="2" StartOffset="22404"/>
</LocList>
</BasicStmnt>
<BasicStmnt CovItemId="S317" CovItemPrefix="view.TwitterGUI.java" Intrnl_Id="404">
<LocList>
<Loc EndOffset="22482" SrcFileId="2" StartOffset="22444"/>
</LocList>
</BasicStmnt>
<BasicStmnt CovItemId="S318" CovItemPrefix="view.TwitterGUI.java" Intrnl_Id="405">
<LocList>
<Loc EndOffset="22529" SrcFileId="2" StartOffset="22491"/>
</LocList>
</BasicStmnt>
<BasicStmnt CovItemId="S319" CovItemPrefix="view.TwitterGUI.java" Intrnl_Id="406">
<LocList>
<Loc EndOffset="22562" SrcFileId="2" StartOffset="22538"/>
</LocList>
</BasicStmnt>
<BasicStmnt CovItemId="S320" CovItemPrefix="view.TwitterGUI.java" Intrnl_Id="407">
<LocList>
<Loc EndOffset="22630" SrcFileId="2" StartOffset="22571"/>
</LocList>
</BasicStmnt>
<BasicStmnt CovItemId="S321" CovItemPrefix="view.TwitterGUI.java" Intrnl_Id="408">
<LocList>
<Loc EndOffset="22689" SrcFileId="2" StartOffset="22639"/>
</LocList>
</BasicStmnt>
<BasicStmnt CovItemId="S322" CovItemPrefix="view.TwitterGUI.java" Intrnl_Id="409">
<LocList>
<Loc EndOffset="22741" SrcFileId="2" StartOffset="22698"/>
</LocList>
</BasicStmnt>
<BasicStmnt CovItemId="S323" CovItemPrefix="view.TwitterGUI.java" Intrnl_Id="410">
<LocList>
<Loc EndOffset="22789" SrcFileId="2" StartOffset="22750"/>
</LocList>
</BasicStmnt>
<BasicStmnt CovItemId="S324" CovItemPrefix="view.TwitterGUI.java" Intrnl_Id="411">
<LocList>
<Loc EndOffset="22845" SrcFileId="2" StartOffset="22798"/>
</LocList>
</BasicStmnt>
<BasicStmnt CovItemId="S325" CovItemPrefix="view.TwitterGUI.java" Intrnl_Id="412">
<LocList>
<Loc EndOffset="22901" SrcFileId="2" StartOffset="22854"/>
</LocList>
</BasicStmnt>
<BasicStmnt CovItemId="S326" CovItemPrefix="view.TwitterGUI.java" Intrnl_Id="413">
<LocList>
<Loc EndOffset="22926" SrcFileId="2" StartOffset="22910"/>
</LocList>
</BasicStmnt>
</StmntSeq>
</HierarchyLvl>
<HierarchyLvl HierarchyLvlId="1074" HierarchyLvlTypeId="13" Intrnl_Id="414" Name="actionPerformed">
<Header>
<Loc EndOffset="23149" SrcFileId="2" StartOffset="23081"/>
</Header>
<LocList>
<Loc EndOffset="25355" SrcFileId="2" StartOffset="23081"/>
</LocList>
<StmntSeq Intrnl_Id="415">
<LocList>
<Loc EndOffset="23190" SrcFileId="2" StartOffset="23160"/>
<Loc EndOffset="23259" SrcFileId="2" StartOffset="23200"/>
<Loc EndOffset="23383" SrcFileId="2" StartOffset="23268"/>
<Loc EndOffset="23689" SrcFileId="2" StartOffset="23392"/>
<Loc EndOffset="24452" SrcFileId="2" StartOffset="23699"/>
<Loc EndOffset="24574" SrcFileId="2" StartOffset="24462"/>
<Loc EndOffset="24683" SrcFileId="2" StartOffset="24583"/>
<Loc EndOffset="24792" SrcFileId="2" StartOffset="24692"/>
<Loc EndOffset="24869" SrcFileId="2" StartOffset="24801"/>
<Loc EndOffset="25156" SrcFileId="2" StartOffset="24878"/>
<Loc EndOffset="25349" SrcFileId="2" StartOffset="25166"/>
</LocList>
<BasicStmnt CovItemId="S327" CovItemPrefix="view.TwitterGUI.java" Intrnl_Id="416">
<LocList>
<Loc EndOffset="23190" SrcFileId="2" StartOffset="23160"/>
</LocList>
</BasicStmnt>
<CondStmnt CovItemId="S328" CovItemPrefix="view.TwitterGUI.java" Intrnl_Id="417">
<Branch CovItemId="B11" CovItemPrefix="view.TwitterGUI.java" Implct="false" Intrnl_Id="418">
<Cond/>
<LocList>
<Loc EndOffset="23259" SrcFileId="2" StartOffset="23220"/>
</LocList>
<StmntSeq Intrnl_Id="419">
<LocList>
<Loc EndOffset="23249" SrcFileId="2" StartOffset="23234"/>
</LocList>
<BasicStmnt CovItemId="S329" CovItemPrefix="view.TwitterGUI.java" Intrnl_Id="420">
<LocList>
<Loc EndOffset="23249" SrcFileId="2" StartOffset="23234"/>
</LocList>
</BasicStmnt>
</StmntSeq>
</Branch>
<Branch CovItemId="B12" CovItemPrefix="view.TwitterGUI.java" Implct="true" Intrnl_Id="421">
<Cond/>
<LocList/>
<StmntSeq Intrnl_Id="422">
<LocList/>
</StmntSeq>
</Branch>
<Keyword EndOffset="23202" SrcFileId="2" StartOffset="23200"/>
<LocList>
<Loc EndOffset="23259" SrcFileId="2" StartOffset="23200"/>
</LocList>
<RootTerm CovItemId="C6" CovItemPrefix="view.TwitterGUI.java" Intrnl_Id="423">
<BasicBoolTerm Intrnl_Id="424">
<LocList>
<Loc EndOffset="23218" SrcFileId="2" StartOffset="23204"/>
</LocList>
</BasicBoolTerm>
</RootTerm>
</CondStmnt>
<CondStmnt CovItemId="S330" CovItemPrefix="view.TwitterGUI.java" Intrnl_Id="425">
<Branch CovItemId="B13" CovItemPrefix="view.TwitterGUI.java" Implct="false" Intrnl_Id="426">
<Cond/>
<LocList>
<Loc EndOffset="23383" SrcFileId="2" StartOffset="23315"/>
</LocList>
<StmntSeq Intrnl_Id="427">
<LocList>
<Loc EndOffset="23373" SrcFileId="2" StartOffset="23329"/>
</LocList>
<BasicStmnt CovItemId="S331" CovItemPrefix="view.TwitterGUI.java" Intrnl_Id="428">
<LocList>
<Loc EndOffset="23373" SrcFileId="2" StartOffset="23329"/>
</LocList>
</BasicStmnt>
</StmntSeq>
</Branch>
<Branch CovItemId="B14" CovItemPrefix="view.TwitterGUI.java" Implct="true" Intrnl_Id="429">
<Cond/>
<LocList/>
<StmntSeq Intrnl_Id="430">
<LocList/>
</StmntSeq>
</Branch>
<Keyword EndOffset="23270" SrcFileId="2" StartOffset="23268"/>
<LocList>
<Loc EndOffset="23383" SrcFileId="2" StartOffset="23268"/>
</LocList>
<RootTerm CovItemId="C7" CovItemPrefix="view.TwitterGUI.java" Intrnl_Id="431">
<OpTerm BooleanOpId="10" Intrnl_Id="432">
<BasicBoolTerm Intrnl_Id="433">
<LocList>
<Loc EndOffset="23290" SrcFileId="2" StartOffset="23272"/>
</LocList>
</BasicBoolTerm>
<BasicBoolTerm Intrnl_Id="434">
<LocList>
<Loc EndOffset="23313" SrcFileId="2" StartOffset="23294"/>
</LocList>
</BasicBoolTerm>
<LocList>
<Loc EndOffset="23293" SrcFileId="2" StartOffset="23291"/>
</LocList>
</OpTerm>
</RootTerm>
</CondStmnt>
<CondStmnt CovItemId="S332" CovItemPrefix="view.TwitterGUI.java" Intrnl_Id="435">
<Branch CovItemId="B15" CovItemPrefix="view.TwitterGUI.java" Implct="false" Intrnl_Id="436">
<Cond/>
<LocList>
<Loc EndOffset="23689" SrcFileId="2" StartOffset="23437"/>
</LocList>
<StmntSeq Intrnl_Id="437">
<LocList>
<Loc EndOffset="23541" SrcFileId="2" StartOffset="23451"/>
<Loc EndOffset="23647" SrcFileId="2" StartOffset="23554"/>
<Loc EndOffset="23679" SrcFileId="2" StartOffset="23660"/>
</LocList>
<BasicStmnt CovItemId="S333" CovItemPrefix="view.TwitterGUI.java" Intrnl_Id="438">
<LocList>
<Loc EndOffset="23541" SrcFileId="2" StartOffset="23451"/>
</LocList>
</BasicStmnt>
<LoopStmnt CovItemId="S334" CovItemPrefix="view.TwitterGUI.java" Intrnl_Id="439" MltplExecId="L1-2" MltplExecPrefix="view.TwitterGUI.java" NvrExecId="L1-0" NvrExecPrefix="view.TwitterGUI.java" OnceExecutedId="L1-1" OnceExecutedPrefix="view.TwitterGUI.java" OptBodyExec="true">
<StmntSeq Intrnl_Id="440">
<LocList>
<Loc EndOffset="23633" SrcFileId="2" StartOffset="23605"/>
</LocList>
<BasicStmnt CovItemId="S335" CovItemPrefix="view.TwitterGUI.java" Intrnl_Id="441">
<LocList>
<Loc EndOffset="23633" SrcFileId="2" StartOffset="23605"/>
</LocList>
</BasicStmnt>
</StmntSeq>
<Keyword EndOffset="23557" SrcFileId="2" StartOffset="23554"/>
<LocList>
<Loc EndOffset="23647" SrcFileId="2" StartOffset="23554"/>
</LocList>
</LoopStmnt>
<BasicStmnt CovItemId="S336" CovItemPrefix="view.TwitterGUI.java" Intrnl_Id="442">
<LocList>
<Loc EndOffset="23679" SrcFileId="2" StartOffset="23660"/>
</LocList>
</BasicStmnt>
</StmntSeq>
</Branch>
<Branch CovItemId="B16" CovItemPrefix="view.TwitterGUI.java" Implct="true" Intrnl_Id="443">
<Cond/>
<LocList/>
<StmntSeq Intrnl_Id="444">
<LocList/>
</StmntSeq>
</Branch>
<Keyword EndOffset="23394" SrcFileId="2" StartOffset="23392"/>
<LocList>
<Loc EndOffset="23689" SrcFileId="2" StartOffset="23392"/>
</LocList>
<RootTerm CovItemId="C8" CovItemPrefix="view.TwitterGUI.java" Intrnl_Id="445">
<OpTerm BooleanOpId="10" Intrnl_Id="446">
<BasicBoolTerm Intrnl_Id="447">
<LocList>
<Loc EndOffset="23412" SrcFileId="2" StartOffset="23396"/>
</LocList>
</BasicBoolTerm>
<BasicBoolTerm Intrnl_Id="448">
<LocList>
<Loc EndOffset="23435" SrcFileId="2" StartOffset="23416"/>
</LocList>
</BasicBoolTerm>
<LocList>
<Loc EndOffset="23415" SrcFileId="2" StartOffset="23413"/>
</LocList>
</OpTerm>
</RootTerm>
</CondStmnt>
<CondStmnt CovItemId="S337" CovItemPrefix="view.TwitterGUI.java" Intrnl_Id="449">
<Branch CovItemId="B17" CovItemPrefix="view.TwitterGUI.java" Implct="false" Intrnl_Id="450">
<Cond/>
<LocList>
<Loc EndOffset="24452" SrcFileId="2" StartOffset="23726"/>
</LocList>
<StmntSeq Intrnl_Id="451">
<LocList>
<Loc EndOffset="24441" SrcFileId="2" StartOffset="23741"/>
</LocList>
<CondStmnt CovItemId="S338" CovItemPrefix="view.TwitterGUI.java" Intrnl_Id="452">
<Branch CovItemId="B19" CovItemPrefix="view.TwitterGUI.java" Implct="false" Intrnl_Id="453">
<Cond/>
<LocList>
<Loc EndOffset="23937" SrcFileId="2" StartOffset="23788"/>
</LocList>
<StmntSeq Intrnl_Id="454">
<LocList>
<Loc EndOffset="23923" SrcFileId="2" StartOffset="23806"/>
</LocList>
<BasicStmnt CovItemId="S339" CovItemPrefix="view.TwitterGUI.java" Intrnl_Id="455">
<LocList>
<Loc EndOffset="23923" SrcFileId="2" StartOffset="23806"/>
</LocList>
</BasicStmnt>
</StmntSeq>
</Branch>
<Branch CovItemId="B20" CovItemPrefix="view.TwitterGUI.java" Implct="false" Intrnl_Id="456">
<Cond>
<Loc EndOffset="23942" SrcFileId="2" StartOffset="23938"/>
</Cond>
<LocList>
<Loc EndOffset="24441" SrcFileId="2" StartOffset="23943"/>
</LocList>
<StmntSeq Intrnl_Id="457">
<LocList>
<Loc EndOffset="24427" SrcFileId="2" StartOffset="23961"/>
</LocList>
<CondStmnt CovItemId="S340" CovItemPrefix="view.TwitterGUI.java" Intrnl_Id="458">
<Branch CovItemId="B21" CovItemPrefix="view.TwitterGUI.java" Implct="false" Intrnl_Id="459">
<Cond/>
<LocList>
<Loc EndOffset="24249" SrcFileId="2" StartOffset="24004"/>
</LocList>
<StmntSeq Intrnl_Id="460">
<LocList>
<Loc EndOffset="24045" SrcFileId="2" StartOffset="24026"/>
<Loc EndOffset="24188" SrcFileId="2" StartOffset="24066"/>
<Loc EndOffset="24231" SrcFileId="2" StartOffset="24209"/>
</LocList>
<BasicStmnt CovItemId="S341" CovItemPrefix="view.TwitterGUI.java" Intrnl_Id="461">
<LocList>
<Loc EndOffset="24045" SrcFileId="2" StartOffset="24026"/>
</LocList>
</BasicStmnt>
<BasicStmnt CovItemId="S342" CovItemPrefix="view.TwitterGUI.java" Intrnl_Id="462">
<LocList>
<Loc EndOffset="24188" SrcFileId="2" StartOffset="24066"/>
</LocList>
</BasicStmnt>
<BasicStmnt CovItemId="S343" CovItemPrefix="view.TwitterGUI.java" Intrnl_Id="463">
<LocList>
<Loc EndOffset="24231" SrcFileId="2" StartOffset="24209"/>
</LocList>
</BasicStmnt>
</StmntSeq>
</Branch>
<Branch CovItemId="B22" CovItemPrefix="view.TwitterGUI.java" Implct="false" Intrnl_Id="464">
<Cond>
<Loc EndOffset="24254" SrcFileId="2" StartOffset="24250"/>
</Cond>
<LocList>
<Loc EndOffset="24427" SrcFileId="2" StartOffset="24255"/>
</LocList>
<StmntSeq Intrnl_Id="465">
<LocList>
<Loc EndOffset="24409" SrcFileId="2" StartOffset="24277"/>
</LocList>
<BasicStmnt CovItemId="S344" CovItemPrefix="view.TwitterGUI.java" Intrnl_Id="466">
<LocList>
<Loc EndOffset="24409" SrcFileId="2" StartOffset="24277"/>
</LocList>
</BasicStmnt>
</StmntSeq>
</Branch>
<Keyword EndOffset="23963" SrcFileId="2" StartOffset="23961"/>
<LocList>
<Loc EndOffset="24427" SrcFileId="2" StartOffset="23961"/>
</LocList>
<RootTerm CovItemId="C11" CovItemPrefix="view.TwitterGUI.java" Intrnl_Id="467">
<BasicBoolTerm Intrnl_Id="468">
<LocList>
<Loc EndOffset="24002" SrcFileId="2" StartOffset="23965"/>
</LocList>
</BasicBoolTerm>
</RootTerm>
</CondStmnt>
</StmntSeq>
</Branch>
<Keyword EndOffset="23743" SrcFileId="2" StartOffset="23741"/>
<LocList>
<Loc EndOffset="24441" SrcFileId="2" StartOffset="23741"/>
</LocList>
<RootTerm CovItemId="C10" CovItemPrefix="view.TwitterGUI.java" Intrnl_Id="469">
<BasicBoolTerm Intrnl_Id="470">
<LocList>
<Loc EndOffset="23786" SrcFileId="2" StartOffset="23745"/>
</LocList>
</BasicBoolTerm>
</RootTerm>
</CondStmnt>
</StmntSeq>
</Branch>
<Branch CovItemId="B18" CovItemPrefix="view.TwitterGUI.java" Implct="true" Intrnl_Id="471">
<Cond/>
<LocList/>
<StmntSeq Intrnl_Id="472">
<LocList/>
</StmntSeq>
</Branch>
<Keyword EndOffset="23701" SrcFileId="2" StartOffset="23699"/>
<LocList>
<Loc EndOffset="24452" SrcFileId="2" StartOffset="23699"/>
</LocList>
<RootTerm CovItemId="C9" CovItemPrefix="view.TwitterGUI.java" Intrnl_Id="473">
<BasicBoolTerm Intrnl_Id="474">
<LocList>
<Loc EndOffset="23724" SrcFileId="2" StartOffset="23703"/>
</LocList>
</BasicBoolTerm>
</RootTerm>
</CondStmnt>
<CondStmnt CovItemId="S345" CovItemPrefix="view.TwitterGUI.java" Intrnl_Id="475">
<Branch CovItemId="B23" CovItemPrefix="view.TwitterGUI.java" Implct="false" Intrnl_Id="476">
<Cond/>
<LocList>
<Loc EndOffset="24574" SrcFileId="2" StartOffset="24483"/>
</LocList>
<StmntSeq Intrnl_Id="477">
<LocList>
<Loc EndOffset="24564" SrcFileId="2" StartOffset="24497"/>
</LocList>
<BasicStmnt CovItemId="S346" CovItemPrefix="view.TwitterGUI.java" Intrnl_Id="478">
<LocList>
<Loc EndOffset="24564" SrcFileId="2" StartOffset="24497"/>
</LocList>
</BasicStmnt>
</StmntSeq>
</Branch>
<Branch CovItemId="B24" CovItemPrefix="view.TwitterGUI.java" Implct="true" Intrnl_Id="479">
<Cond/>
<LocList/>
<StmntSeq Intrnl_Id="480">
<LocList/>
</StmntSeq>
</Branch>
<Keyword EndOffset="24464" SrcFileId="2" StartOffset="24462"/>
<LocList>
<Loc EndOffset="24574" SrcFileId="2" StartOffset="24462"/>
</LocList>
<RootTerm CovItemId="C12" CovItemPrefix="view.TwitterGUI.java" Intrnl_Id="481">
<BasicBoolTerm Intrnl_Id="482">
<LocList>
<Loc EndOffset="24481" SrcFileId="2" StartOffset="24466"/>
</LocList>
</BasicBoolTerm>
</RootTerm>
</CondStmnt>
<CondStmnt CovItemId="S347" CovItemPrefix="view.TwitterGUI.java" Intrnl_Id="483">
<Branch CovItemId="B25" CovItemPrefix="view.TwitterGUI.java" Implct="false" Intrnl_Id="484">
<Cond/>
<LocList>
<Loc EndOffset="24683" SrcFileId="2" StartOffset="24611"/>
</LocList>
<StmntSeq Intrnl_Id="485">
<LocList>
<Loc EndOffset="24673" SrcFileId="2" StartOffset="24625"/>
</LocList>
<BasicStmnt CovItemId="S348" CovItemPrefix="view.TwitterGUI.java" Intrnl_Id="486">
<LocList>
<Loc EndOffset="24673" SrcFileId="2" StartOffset="24625"/>
</LocList>
</BasicStmnt>
</StmntSeq>
</Branch>
<Branch CovItemId="B26" CovItemPrefix="view.TwitterGUI.java" Implct="true" Intrnl_Id="487">
<Cond/>
<LocList/>
<StmntSeq Intrnl_Id="488">
<LocList/>
</StmntSeq>
</Branch>
<Keyword EndOffset="24585" SrcFileId="2" StartOffset="24583"/>
<LocList>
<Loc EndOffset="24683" SrcFileId="2" StartOffset="24583"/>
</LocList>
<RootTerm CovItemId="C13" CovItemPrefix="view.TwitterGUI.java" Intrnl_Id="489">
<BasicBoolTerm Intrnl_Id="490">
<LocList>
<Loc EndOffset="24609" SrcFileId="2" StartOffset="24587"/>
</LocList>
</BasicBoolTerm>
</RootTerm>
</CondStmnt>
<CondStmnt CovItemId="S349" CovItemPrefix="view.TwitterGUI.java" Intrnl_Id="491">
<Branch CovItemId="B27" CovItemPrefix="view.TwitterGUI.java" Implct="false" Intrnl_Id="492">
<Cond/>
<LocList>
<Loc EndOffset="24792" SrcFileId="2" StartOffset="24720"/>
</LocList>
<StmntSeq Intrnl_Id="493">
<LocList>
<Loc EndOffset="24782" SrcFileId="2" StartOffset="24734"/>
</LocList>
<BasicStmnt CovItemId="S350" CovItemPrefix="view.TwitterGUI.java" Intrnl_Id="494">
<LocList>
<Loc EndOffset="24782" SrcFileId="2" StartOffset="24734"/>
</LocList>
</BasicStmnt>
</StmntSeq>
</Branch>
<Branch CovItemId="B28" CovItemPrefix="view.TwitterGUI.java" Implct="true" Intrnl_Id="495">
<Cond/>
<LocList/>
<StmntSeq Intrnl_Id="496">
<LocList/>
</StmntSeq>
</Branch>
<Keyword EndOffset="24694" SrcFileId="2" StartOffset="24692"/>
<LocList>
<Loc EndOffset="24792" SrcFileId="2" StartOffset="24692"/>
</LocList>
<RootTerm CovItemId="C14" CovItemPrefix="view.TwitterGUI.java" Intrnl_Id="497">
<BasicBoolTerm Intrnl_Id="498">
<LocList>
<Loc EndOffset="24718" SrcFileId="2" StartOffset="24696"/>
</LocList>
</BasicBoolTerm>
</RootTerm>
</CondStmnt>
<CondStmnt CovItemId="S351" CovItemPrefix="view.TwitterGUI.java" Intrnl_Id="499">
<Branch CovItemId="B29" CovItemPrefix="view.TwitterGUI.java" Implct="false" Intrnl_Id="500">
<Cond/>
<LocList>
<Loc EndOffset="24869" SrcFileId="2" StartOffset="24823"/>
</LocList>
<StmntSeq Intrnl_Id="501">
<LocList>
<Loc EndOffset="24859" SrcFileId="2" StartOffset="24837"/>
</LocList>
<BasicStmnt CovItemId="S352" CovItemPrefix="view.TwitterGUI.java" Intrnl_Id="502">
<LocList>
<Loc EndOffset="24859" SrcFileId="2" StartOffset="24837"/>
</LocList>
</BasicStmnt>
</StmntSeq>
</Branch>
<Branch CovItemId="B30" CovItemPrefix="view.TwitterGUI.java" Implct="true" Intrnl_Id="503">
<Cond/>
<LocList/>
<StmntSeq Intrnl_Id="504">
<LocList/>
</StmntSeq>
</Branch>
<Keyword EndOffset="24803" SrcFileId="2" StartOffset="24801"/>
<LocList>
<Loc EndOffset="24869" SrcFileId="2" StartOffset="24801"/>
</LocList>
<RootTerm CovItemId="C15" CovItemPrefix="view.TwitterGUI.java" Intrnl_Id="505">
<BasicBoolTerm Intrnl_Id="506">
<LocList>
<Loc EndOffset="24821" SrcFileId="2" StartOffset="24805"/>
</LocList>
</BasicBoolTerm>
</RootTerm>
</CondStmnt>
<CondStmnt CovItemId="S353" CovItemPrefix="view.TwitterGUI.java" Intrnl_Id="507">
<Branch CovItemId="B31" CovItemPrefix="view.TwitterGUI.java" Implct="false" Intrnl_Id="508">
<Cond/>
<LocList>
<Loc EndOffset="25156" SrcFileId="2" StartOffset="24903"/>
</LocList>
<StmntSeq Intrnl_Id="509">
<LocList>
<Loc EndOffset="25007" SrcFileId="2" StartOffset="24917"/>
<Loc EndOffset="25113" SrcFileId="2" StartOffset="25020"/>
<Loc EndOffset="25145" SrcFileId="2" StartOffset="25126"/>
</LocList>
<BasicStmnt CovItemId="S354" CovItemPrefix="view.TwitterGUI.java" Intrnl_Id="510">
<LocList>
<Loc EndOffset="25007" SrcFileId="2" StartOffset="24917"/>
</LocList>
</BasicStmnt>
<LoopStmnt CovItemId="S355" CovItemPrefix="view.TwitterGUI.java" Intrnl_Id="511" MltplExecId="L2-2" MltplExecPrefix="view.TwitterGUI.java" NvrExecId="L2-0" NvrExecPrefix="view.TwitterGUI.java" OnceExecutedId="L2-1" OnceExecutedPrefix="view.TwitterGUI.java" OptBodyExec="true">
<StmntSeq Intrnl_Id="512">
<LocList>
<Loc EndOffset="25099" SrcFileId="2" StartOffset="25071"/>
</LocList>
<BasicStmnt CovItemId="S356" CovItemPrefix="view.TwitterGUI.java" Intrnl_Id="513">
<LocList>
<Loc EndOffset="25099" SrcFileId="2" StartOffset="25071"/>
</LocList>
</BasicStmnt>
</StmntSeq>
<Keyword EndOffset="25023" SrcFileId="2" StartOffset="25020"/>
<LocList>
<Loc EndOffset="25113" SrcFileId="2" StartOffset="25020"/>
</LocList>
</LoopStmnt>
<BasicStmnt CovItemId="S357" CovItemPrefix="view.TwitterGUI.java" Intrnl_Id="514">
<LocList>
<Loc EndOffset="25145" SrcFileId="2" StartOffset="25126"/>
</LocList>
</BasicStmnt>
</StmntSeq>
</Branch>
<Branch CovItemId="B32" CovItemPrefix="view.TwitterGUI.java" Implct="true" Intrnl_Id="515">
<Cond/>
<LocList/>
<StmntSeq Intrnl_Id="516">
<LocList/>
</StmntSeq>
</Branch>
<Keyword EndOffset="24880" SrcFileId="2" StartOffset="24878"/>
<LocList>
<Loc EndOffset="25156" SrcFileId="2" StartOffset="24878"/>
</LocList>
<RootTerm CovItemId="C16" CovItemPrefix="view.TwitterGUI.java" Intrnl_Id="517">
<BasicBoolTerm Intrnl_Id="518">
<LocList>
<Loc EndOffset="24901" SrcFileId="2" StartOffset="24882"/>
</LocList>
</BasicBoolTerm>
</RootTerm>
</CondStmnt>
<CondStmnt CovItemId="S358" CovItemPrefix="view.TwitterGUI.java" Intrnl_Id="519">
<Branch CovItemId="B33" CovItemPrefix="view.TwitterGUI.java" Implct="false" Intrnl_Id="520">
<Cond/>
<LocList>
<Loc EndOffset="25349" SrcFileId="2" StartOffset="25190"/>
</LocList>
<StmntSeq Intrnl_Id="521">
<LocList>
<Loc EndOffset="25265" SrcFileId="2" StartOffset="25204"/>
<Loc EndOffset="25301" SrcFileId="2" StartOffset="25278"/>
<Loc EndOffset="25338" SrcFileId="2" StartOffset="25315"/>
</LocList>
<BasicStmnt CovItemId="S359" CovItemPrefix="view.TwitterGUI.java" Intrnl_Id="522">
<LocList>
<Loc EndOffset="25265" SrcFileId="2" StartOffset="25204"/>
</LocList>
</BasicStmnt>
<BasicStmnt CovItemId="S360" CovItemPrefix="view.TwitterGUI.java" Intrnl_Id="523">
<LocList>
<Loc EndOffset="25301" SrcFileId="2" StartOffset="25278"/>
</LocList>
</BasicStmnt>
<BasicStmnt CovItemId="S361" CovItemPrefix="view.TwitterGUI.java" Intrnl_Id="524">
<LocList>
<Loc EndOffset="25338" SrcFileId="2" StartOffset="25315"/>
</LocList>
</BasicStmnt>
</StmntSeq>
</Branch>
<Branch CovItemId="B34" CovItemPrefix="view.TwitterGUI.java" Implct="true" Intrnl_Id="525">
<Cond/>
<LocList/>
<StmntSeq Intrnl_Id="526">
<LocList/>
</StmntSeq>
</Branch>
<Keyword EndOffset="25168" SrcFileId="2" StartOffset="25166"/>
<LocList>
<Loc EndOffset="25349" SrcFileId="2" StartOffset="25166"/>
</LocList>
<RootTerm CovItemId="C17" CovItemPrefix="view.TwitterGUI.java" Intrnl_Id="527">
<BasicBoolTerm Intrnl_Id="528">
<LocList>
<Loc EndOffset="25188" SrcFileId="2" StartOffset="25170"/>
</LocList>
</BasicBoolTerm>
</RootTerm>
</CondStmnt>
</StmntSeq>
</HierarchyLvl>
<HierarchyLvl HierarchyLvlId="1075" HierarchyLvlTypeId="13" Intrnl_Id="529" Name="updateFollowingCount">
<Header>
<Loc EndOffset="25544" SrcFileId="2" StartOffset="25509"/>
</Header>
<LocList>
<Loc EndOffset="25732" SrcFileId="2" StartOffset="25509"/>
</LocList>
<StmntSeq Intrnl_Id="530">
<LocList>
<Loc EndOffset="25648" SrcFileId="2" StartOffset="25555"/>
<Loc EndOffset="25726" SrcFileId="2" StartOffset="25657"/>
</LocList>
<BasicStmnt CovItemId="S362" CovItemPrefix="view.TwitterGUI.java" Intrnl_Id="531">
<LocList>
<Loc EndOffset="25648" SrcFileId="2" StartOffset="25555"/>
</LocList>
</BasicStmnt>
<BasicStmnt CovItemId="S363" CovItemPrefix="view.TwitterGUI.java" Intrnl_Id="532">
<LocList>
<Loc EndOffset="25726" SrcFileId="2" StartOffset="25657"/>
</LocList>
</BasicStmnt>
</StmntSeq>
</HierarchyLvl>
<HierarchyLvl HierarchyLvlId="1076" HierarchyLvlTypeId="13" Intrnl_Id="533" Name="updateTweetCount">
<Header>
<Loc EndOffset="25913" SrcFileId="2" StartOffset="25882"/>
</Header>
<LocList>
<Loc EndOffset="26067" SrcFileId="2" StartOffset="25882"/>
</LocList>
<StmntSeq Intrnl_Id="534">
<LocList>
<Loc EndOffset="25993" SrcFileId="2" StartOffset="25924"/>
<Loc EndOffset="26061" SrcFileId="2" StartOffset="26002"/>
</LocList>
<BasicStmnt CovItemId="S364" CovItemPrefix="view.TwitterGUI.java" Intrnl_Id="535">
<LocList>
<Loc EndOffset="25993" SrcFileId="2" StartOffset="25924"/>
</LocList>
</BasicStmnt>
<BasicStmnt CovItemId="S365" CovItemPrefix="view.TwitterGUI.java" Intrnl_Id="536">
<LocList>
<Loc EndOffset="26061" SrcFileId="2" StartOffset="26002"/>
</LocList>
</BasicStmnt>
</StmntSeq>
</HierarchyLvl>
<HierarchyLvl HierarchyLvlId="1077" HierarchyLvlTypeId="13" Intrnl_Id="537" Name="main">
<Header>
<Loc EndOffset="26300" SrcFileId="2" StartOffset="26256"/>
</Header>
<LocList>
<Loc EndOffset="26409" SrcFileId="2" StartOffset="26256"/>
</LocList>
<StmntSeq Intrnl_Id="538">
<LocList>
<Loc EndOffset="26347" SrcFileId="2" StartOffset="26311"/>
<Loc EndOffset="26377" SrcFileId="2" StartOffset="26356"/>
<Loc EndOffset="26403" SrcFileId="2" StartOffset="26386"/>
</LocList>
<BasicStmnt CovItemId="S366" CovItemPrefix="view.TwitterGUI.java" Intrnl_Id="539">
<LocList>
<Loc EndOffset="26347" SrcFileId="2" StartOffset="26311"/>
</LocList>
</BasicStmnt>
<BasicStmnt CovItemId="S367" CovItemPrefix="view.TwitterGUI.java" Intrnl_Id="540">
<LocList>
<Loc EndOffset="26377" SrcFileId="2" StartOffset="26356"/>
</LocList>
</BasicStmnt>
<BasicStmnt CovItemId="S368" CovItemPrefix="view.TwitterGUI.java" Intrnl_Id="541">
<LocList>
<Loc EndOffset="26403" SrcFileId="2" StartOffset="26386"/>
</LocList>
</BasicStmnt>
</StmntSeq>
</HierarchyLvl>
<HierarchyLvl HierarchyLvlId="1078" HierarchyLvlTypeId="13" Intrnl_Id="542" Name="keyTyped">
<Header>
<Loc EndOffset="26467" SrcFileId="2" StartOffset="26415"/>
</Header>
<LocList>
<Loc EndOffset="26518" SrcFileId="2" StartOffset="26415"/>
</LocList>
</HierarchyLvl>
<HierarchyLvl HierarchyLvlId="1079" HierarchyLvlTypeId="13" Intrnl_Id="543" Name="keyPressed">
<Header>
<Loc EndOffset="26578" SrcFileId="2" StartOffset="26524"/>
</Header>
<LocList>
<Loc EndOffset="26629" SrcFileId="2" StartOffset="26524"/>
</LocList>
</HierarchyLvl>
<HierarchyLvl HierarchyLvlId="1080" HierarchyLvlTypeId="13" Intrnl_Id="544" Name="keyReleased">
<Header>
<Loc EndOffset="26690" SrcFileId="2" StartOffset="26635"/>
</Header>
<LocList>
<Loc EndOffset="26741" SrcFileId="2" StartOffset="26635"/>
</LocList>
</HierarchyLvl>
</HierarchyLvl>
<HierarchyLvl HierarchyLvlId="1085" HierarchyLvlTypeId="12" Intrnl_Id="545" Name="DialogTweets">
<Header>
<Loc EndOffset="541" SrcFileId="3" StartOffset="474"/>
</Header>
<LocList>
<Loc EndOffset="2457" SrcFileId="3" StartOffset="474"/>
</LocList>
<StmntSeq Intrnl_Id="546">
<LocList>
<Loc EndOffset="765" SrcFileId="3" StartOffset="706"/>
<Loc EndOffset="872" SrcFileId="3" StartOffset="846"/>
<Loc EndOffset="933" SrcFileId="3" StartOffset="907"/>
</LocList>
<BasicStmnt CovItemId="S1" CovItemPrefix="view.DialogTweets.java" Intrnl_Id="547">
<LocList>
<Loc EndOffset="765" SrcFileId="3" StartOffset="706"/>
</LocList>
</BasicStmnt>
<BasicStmnt CovItemId="S2" CovItemPrefix="view.DialogTweets.java" Intrnl_Id="548">
<LocList>
<Loc EndOffset="872" SrcFileId="3" StartOffset="846"/>
</LocList>
</BasicStmnt>
<BasicStmnt CovItemId="S3" CovItemPrefix="view.DialogTweets.java" Intrnl_Id="549">
<LocList>
<Loc EndOffset="933" SrcFileId="3" StartOffset="907"/>
</LocList>
</BasicStmnt>
</StmntSeq>
<HierarchyLvl HierarchyLvlId="1082" HierarchyLvlTypeId="13" Intrnl_Id="550" Name="DialogTweets">
<Header>
<Loc EndOffset="1233" SrcFileId="3" StartOffset="1177"/>
</Header>
<LocList>
<Loc EndOffset="1736" SrcFileId="3" StartOffset="1177"/>
</LocList>
<StmntSeq Intrnl_Id="551">
<LocList>
<Loc EndOffset="1264" SrcFileId="3" StartOffset="1244"/>
<Loc EndOffset="1304" SrcFileId="3" StartOffset="1274"/>
<Loc EndOffset="1325" SrcFileId="3" StartOffset="1314"/>
<Loc EndOffset="1354" SrcFileId="3" StartOffset="1335"/>
<Loc EndOffset="1378" SrcFileId="3" StartOffset="1364"/>
<Loc EndOffset="1417" SrcFileId="3" StartOffset="1387"/>
<Loc EndOffset="1460" SrcFileId="3" StartOffset="1427"/>
<Loc EndOffset="1517" SrcFileId="3" StartOffset="1470"/>
<Loc EndOffset="1563" SrcFileId="3" StartOffset="1526"/>
<Loc EndOffset="1604" SrcFileId="3" StartOffset="1573"/>
<Loc EndOffset="1644" SrcFileId="3" StartOffset="1613"/>
<Loc EndOffset="1686" SrcFileId="3" StartOffset="1654"/>
<Loc EndOffset="1703" SrcFileId="3" StartOffset="1696"/>
<Loc EndOffset="1729" SrcFileId="3" StartOffset="1712"/>
</LocList>
<BasicStmnt CovItemId="S4" CovItemPrefix="view.DialogTweets.java" Intrnl_Id="552">
<LocList>
<Loc EndOffset="1264" SrcFileId="3" StartOffset="1244"/>
</LocList>
</BasicStmnt>
<BasicStmnt CovItemId="S5" CovItemPrefix="view.DialogTweets.java" Intrnl_Id="553">
<LocList>
<Loc EndOffset="1304" SrcFileId="3" StartOffset="1274"/>
</LocList>
</BasicStmnt>
<BasicStmnt CovItemId="S6" CovItemPrefix="view.DialogTweets.java" Intrnl_Id="554">
<LocList>
<Loc EndOffset="1325" SrcFileId="3" StartOffset="1314"/>
</LocList>
</BasicStmnt>
<BasicStmnt CovItemId="S7" CovItemPrefix="view.DialogTweets.java" Intrnl_Id="555">
<LocList>
<Loc EndOffset="1354" SrcFileId="3" StartOffset="1335"/>
</LocList>
</BasicStmnt>
<BasicStmnt CovItemId="S8" CovItemPrefix="view.DialogTweets.java" Intrnl_Id="556">
<LocList>
<Loc EndOffset="1378" SrcFileId="3" StartOffset="1364"/>
</LocList>
</BasicStmnt>
<BasicStmnt CovItemId="S9" CovItemPrefix="view.DialogTweets.java" Intrnl_Id="557">
<LocList>
<Loc EndOffset="1417" SrcFileId="3" StartOffset="1387"/>
</LocList>
</BasicStmnt>
<BasicStmnt CovItemId="S10" CovItemPrefix="view.DialogTweets.java" Intrnl_Id="558">
<LocList>
<Loc EndOffset="1460" SrcFileId="3" StartOffset="1427"/>
</LocList>
</BasicStmnt>
<BasicStmnt CovItemId="S11" CovItemPrefix="view.DialogTweets.java" Intrnl_Id="559">
<LocList>
<Loc EndOffset="1517" SrcFileId="3" StartOffset="1470"/>
</LocList>
</BasicStmnt>
<BasicStmnt CovItemId="S12" CovItemPrefix="view.DialogTweets.java" Intrnl_Id="560">
<LocList>
<Loc EndOffset="1563" SrcFileId="3" StartOffset="1526"/>
</LocList>
</BasicStmnt>
<BasicStmnt CovItemId="S13" CovItemPrefix="view.DialogTweets.java" Intrnl_Id="561">
<LocList>
<Loc EndOffset="1604" SrcFileId="3" StartOffset="1573"/>
</LocList>
</BasicStmnt>
<BasicStmnt CovItemId="S14" CovItemPrefix="view.DialogTweets.java" Intrnl_Id="562">
<LocList>
<Loc EndOffset="1644" SrcFileId="3" StartOffset="1613"/>
</LocList>
</BasicStmnt>
<BasicStmnt CovItemId="S15" CovItemPrefix="view.DialogTweets.java" Intrnl_Id="563">
<LocList>
<Loc EndOffset="1686" SrcFileId="3" StartOffset="1654"/>
</LocList>
</BasicStmnt>
<BasicStmnt CovItemId="S16" CovItemPrefix="view.DialogTweets.java" Intrnl_Id="564">
<LocList>
<Loc EndOffset="1703" SrcFileId="3" StartOffset="1696"/>
</LocList>
</BasicStmnt>
<BasicStmnt CovItemId="S17" CovItemPrefix="view.DialogTweets.java" Intrnl_Id="565">
<LocList>
<Loc EndOffset="1729" SrcFileId="3" StartOffset="1712"/>
</LocList>
</BasicStmnt>
</StmntSeq>
</HierarchyLvl>
<HierarchyLvl HierarchyLvlId="1083" HierarchyLvlTypeId="13" Intrnl_Id="566" Name="actionPerformed">
<Header>
<Loc EndOffset="1810" SrcFileId="3" StartOffset="1742"/>
</Header>
<LocList>
<Loc EndOffset="2192" SrcFileId="3" StartOffset="1742"/>
</LocList>
<StmntSeq Intrnl_Id="567">
<LocList>
<Loc EndOffset="2185" SrcFileId="3" StartOffset="1821"/>
</LocList>
<CondStmnt CovItemId="S18" CovItemPrefix="view.DialogTweets.java" Intrnl_Id="568">
<Branch CovItemId="B1" CovItemPrefix="view.DialogTweets.java" Implct="false" Intrnl_Id="569">
<Cond/>
<LocList>
<Loc EndOffset="2185" SrcFileId="3" StartOffset="1850"/>
</LocList>
<StmntSeq Intrnl_Id="570">
<LocList>
<Loc EndOffset="1896" SrcFileId="3" StartOffset="1864"/>
<Loc EndOffset="2175" SrcFileId="3" StartOffset="1909"/>
</LocList>
<BasicStmnt CovItemId="S19" CovItemPrefix="view.DialogTweets.java" Intrnl_Id="571">
<LocList>
<Loc EndOffset="1896" SrcFileId="3" StartOffset="1864"/>
</LocList>
</BasicStmnt>
<CondStmnt CovItemId="S20" CovItemPrefix="view.DialogTweets.java" Intrnl_Id="572">
<Branch CovItemId="B3" CovItemPrefix="view.DialogTweets.java" Implct="false" Intrnl_Id="573">
<Cond/>
<LocList>
<Loc EndOffset="1986" SrcFileId="3" StartOffset="1921"/>
</LocList>
<StmntSeq Intrnl_Id="574">
<LocList>
<Loc EndOffset="1972" SrcFileId="3" StartOffset="1939"/>
</LocList>
<BasicStmnt CovItemId="S21" CovItemPrefix="view.DialogTweets.java" Intrnl_Id="575">
<LocList>
<Loc EndOffset="1972" SrcFileId="3" StartOffset="1939"/>
</LocList>
</BasicStmnt>
</StmntSeq>
</Branch>
<Branch CovItemId="B4" CovItemPrefix="view.DialogTweets.java" Implct="false" Intrnl_Id="576">
<Cond>
<Loc EndOffset="1991" SrcFileId="3" StartOffset="1987"/>
</Cond>
<LocList>
<Loc EndOffset="2175" SrcFileId="3" StartOffset="1992"/>
</LocList>
<StmntSeq Intrnl_Id="577">
<LocList>
<Loc EndOffset="2161" SrcFileId="3" StartOffset="2010"/>
</LocList>
<BasicStmnt CovItemId="S22" CovItemPrefix="view.DialogTweets.java" Intrnl_Id="578">
<LocList>
<Loc EndOffset="2161" SrcFileId="3" StartOffset="2010"/>
</LocList>
</BasicStmnt>
</StmntSeq>
</Branch>
<Keyword EndOffset="1911" SrcFileId="3" StartOffset="1909"/>
<LocList>
<Loc EndOffset="2175" SrcFileId="3" StartOffset="1909"/>
</LocList>
<RootTerm CovItemId="C2" CovItemPrefix="view.DialogTweets.java" Intrnl_Id="579">
<BasicBoolTerm Intrnl_Id="580">
<LocList>
<Loc EndOffset="1919" SrcFileId="3" StartOffset="1913"/>
</LocList>
</BasicBoolTerm>
</RootTerm>
</CondStmnt>
</StmntSeq>
</Branch>
<Branch CovItemId="B2" CovItemPrefix="view.DialogTweets.java" Implct="true" Intrnl_Id="581">
<Cond/>
<LocList/>
<StmntSeq Intrnl_Id="582">
<LocList/>
</StmntSeq>
</Branch>
<Keyword EndOffset="1823" SrcFileId="3" StartOffset="1821"/>
<LocList>
<Loc EndOffset="2185" SrcFileId="3" StartOffset="1821"/>
</LocList>
<RootTerm CovItemId="C1" CovItemPrefix="view.DialogTweets.java" Intrnl_Id="583">
<BasicBoolTerm Intrnl_Id="584">
<LocList>
<Loc EndOffset="1848" SrcFileId="3" StartOffset="1825"/>
</LocList>
</BasicBoolTerm>
</RootTerm>
</CondStmnt>
</StmntSeq>
</HierarchyLvl>
<HierarchyLvl HierarchyLvlId="1084" HierarchyLvlTypeId="13" Intrnl_Id="585" Name="getRemoveList">
<Header>
<Loc EndOffset="2419" SrcFileId="3" StartOffset="2375"/>
</Header>
<LocList>
<Loc EndOffset="2454" SrcFileId="3" StartOffset="2375"/>
</LocList>
<StmntSeq Intrnl_Id="586">
<LocList>
<Loc EndOffset="2448" SrcFileId="3" StartOffset="2430"/>
</LocList>
<BasicStmnt CovItemId="S23" CovItemPrefix="view.DialogTweets.java" Intrnl_Id="587">
<LocList>
<Loc EndOffset="2448" SrcFileId="3" StartOffset="2430"/>
</LocList>
</BasicStmnt>
</StmntSeq>
</HierarchyLvl>
</HierarchyLvl>
</HierarchyLvl>
<HierarchyLvl HierarchyLvlId="1131" HierarchyLvlTypeId="11" Intrnl_Id="588" Name="model">
<Header/>
<LocList/>
<HierarchyLvl HierarchyLvlId="1091" HierarchyLvlTypeId="12" Intrnl_Id="589" Name="Users">
<Header>
<Loc EndOffset="284" SrcFileId="4" StartOffset="232"/>
</Header>
<LocList>
<Loc EndOffset="1853" SrcFileId="4" StartOffset="232"/>
</LocList>
<StmntSeq Intrnl_Id="590">
<LocList>
<Loc EndOffset="369" SrcFileId="4" StartOffset="321"/>
</LocList>
<BasicStmnt CovItemId="S1" CovItemPrefix="model.Users.java" Intrnl_Id="591">
<LocList>
<Loc EndOffset="369" SrcFileId="4" StartOffset="321"/>
</LocList>
</BasicStmnt>
</StmntSeq>
<HierarchyLvl HierarchyLvlId="1086" HierarchyLvlTypeId="13" Intrnl_Id="592" Name="Users">
<Header>
<Loc EndOffset="678" SrcFileId="4" StartOffset="641"/>
</Header>
<LocList>
<Loc EndOffset="722" SrcFileId="4" StartOffset="641"/>
</LocList>
<StmntSeq Intrnl_Id="593">
<LocList>
<Loc EndOffset="697" SrcFileId="4" StartOffset="689"/>
<Loc EndOffset="716" SrcFileId="4" StartOffset="706"/>
</LocList>
<BasicStmnt CovItemId="S2" CovItemPrefix="model.Users.java" Intrnl_Id="594">
<LocList>
<Loc EndOffset="697" SrcFileId="4" StartOffset="689"/>
</LocList>
</BasicStmnt>
<BasicStmnt CovItemId="S3" CovItemPrefix="model.Users.java" Intrnl_Id="595">
<LocList>
<Loc EndOffset="716" SrcFileId="4" StartOffset="706"/>
</LocList>
</BasicStmnt>
</StmntSeq>
</HierarchyLvl>
<HierarchyLvl HierarchyLvlId="1087" HierarchyLvlTypeId="13" Intrnl_Id="596" Name="getElementAt">
<Header>
<Loc EndOffset="787" SrcFileId="4" StartOffset="728"/>
</Header>
<LocList>
<Loc EndOffset="975" SrcFileId="4" StartOffset="728"/>
</LocList>
<StmntSeq Intrnl_Id="597">
<LocList>
<Loc EndOffset="820" SrcFileId="4" StartOffset="798"/>
<Loc EndOffset="852" SrcFileId="4" StartOffset="830"/>
<Loc EndOffset="880" SrcFileId="4" StartOffset="861"/>
<Loc EndOffset="914" SrcFileId="4" StartOffset="889"/>
<Loc EndOffset="948" SrcFileId="4" StartOffset="923"/>
<Loc EndOffset="969" SrcFileId="4" StartOffset="958"/>
</LocList>
<BasicStmnt CovItemId="S4" CovItemPrefix="model.Users.java" Intrnl_Id="598">
<LocList>
<Loc EndOffset="820" SrcFileId="4" StartOffset="798"/>
</LocList>
</BasicStmnt>
<BasicStmnt CovItemId="S5" CovItemPrefix="model.Users.java" Intrnl_Id="599">
<LocList>
<Loc EndOffset="852" SrcFileId="4" StartOffset="830"/>
</LocList>
</BasicStmnt>
<BasicStmnt CovItemId="S6" CovItemPrefix="model.Users.java" Intrnl_Id="600">
<LocList>
<Loc EndOffset="880" SrcFileId="4" StartOffset="861"/>
</LocList>
</BasicStmnt>
<BasicStmnt CovItemId="S7" CovItemPrefix="model.Users.java" Intrnl_Id="601">
<LocList>
<Loc EndOffset="914" SrcFileId="4" StartOffset="889"/>
</LocList>
</BasicStmnt>
<BasicStmnt CovItemId="S8" CovItemPrefix="model.Users.java" Intrnl_Id="602">
<LocList>
<Loc EndOffset="948" SrcFileId="4" StartOffset="923"/>
</LocList>
</BasicStmnt>
<BasicStmnt CovItemId="S9" CovItemPrefix="model.Users.java" Intrnl_Id="603">
<LocList>
<Loc EndOffset="969" SrcFileId="4" StartOffset="958"/>
</LocList>
</BasicStmnt>
</StmntSeq>
</HierarchyLvl>
<HierarchyLvl HierarchyLvlId="1088" HierarchyLvlTypeId="13" Intrnl_Id="604" Name="getSize">
<Header>
<Loc EndOffset="1160" SrcFileId="4" StartOffset="981"/>
</Header>
<LocList>
<Loc EndOffset="1197" SrcFileId="4" StartOffset="981"/>
</LocList>
<StmntSeq Intrnl_Id="605">
<LocList>
<Loc EndOffset="1191" SrcFileId="4" StartOffset="1171"/>
</LocList>
<BasicStmnt CovItemId="S10" CovItemPrefix="model.Users.java" Intrnl_Id="606">
<LocList>
<Loc EndOffset="1191" SrcFileId="4" StartOffset="1171"/>
</LocList>
</BasicStmnt>
</StmntSeq>
</HierarchyLvl>
<HierarchyLvl HierarchyLvlId="1089" HierarchyLvlTypeId="13" Intrnl_Id="607" Name="add">
<Header>
<Loc EndOffset="1418" SrcFileId="4" StartOffset="1383"/>
</Header>
<LocList>
<Loc EndOffset="1448" SrcFileId="4" StartOffset="1383"/>
</LocList>
<StmntSeq Intrnl_Id="608">
<LocList>
<Loc EndOffset="1442" SrcFileId="4" StartOffset="1429"/>
</LocList>
<BasicStmnt CovItemId="S11" CovItemPrefix="model.Users.java" Intrnl_Id="609">
<LocList>
<Loc EndOffset="1442" SrcFileId="4" StartOffset="1429"/>
</LocList>
</BasicStmnt>
</StmntSeq>
</HierarchyLvl>
<HierarchyLvl HierarchyLvlId="1090" HierarchyLvlTypeId="13" Intrnl_Id="610" Name="remove">
<Header>
<Loc EndOffset="1701" SrcFileId="4" StartOffset="1660"/>
</Header>
<LocList>
<Loc EndOffset="1851" SrcFileId="4" StartOffset="1660"/>
</LocList>
<StmntSeq Intrnl_Id="611">
<LocList>
<Loc EndOffset="1746" SrcFileId="4" StartOffset="1712"/>
<Loc EndOffset="1775" SrcFileId="4" StartOffset="1755"/>
<Loc EndOffset="1827" SrcFileId="4" StartOffset="1784"/>
<Loc EndOffset="1845" SrcFileId="4" StartOffset="1836"/>
</LocList>
<BasicStmnt CovItemId="S12" CovItemPrefix="model.Users.java" Intrnl_Id="612">
<LocList>
<Loc EndOffset="1746" SrcFileId="4" StartOffset="1712"/>
</LocList>
</BasicStmnt>
<BasicStmnt CovItemId="S13" CovItemPrefix="model.Users.java" Intrnl_Id="613">
<LocList>
<Loc EndOffset="1775" SrcFileId="4" StartOffset="1755"/>
</LocList>
</BasicStmnt>
<BasicStmnt CovItemId="S14" CovItemPrefix="model.Users.java" Intrnl_Id="614">
<LocList>
<Loc EndOffset="1827" SrcFileId="4" StartOffset="1784"/>
</LocList>
</BasicStmnt>
<BasicStmnt CovItemId="S15" CovItemPrefix="model.Users.java" Intrnl_Id="615">
<LocList>
<Loc EndOffset="1845" SrcFileId="4" StartOffset="1836"/>
</LocList>
</BasicStmnt>
</StmntSeq>
</HierarchyLvl>
</HierarchyLvl>
<HierarchyLvl HierarchyLvlId="1093" HierarchyLvlTypeId="12" Intrnl_Id="616" Name="TwitterModel">
<Header>
<Loc EndOffset="167" SrcFileId="5" StartOffset="142"/>
</Header>
<LocList>
<Loc EndOffset="323" SrcFileId="5" StartOffset="142"/>
</LocList>
<HierarchyLvl HierarchyLvlId="1092" HierarchyLvlTypeId="13" Intrnl_Id="617" Name="TwitterModel">
<Header>
<Loc EndOffset="317" SrcFileId="5" StartOffset="296"/>
</Header>
<LocList>
<Loc EndOffset="321" SrcFileId="5" StartOffset="296"/>
</LocList>
</HierarchyLvl>
</HierarchyLvl>
<HierarchyLvl HierarchyLvlId="1099" HierarchyLvlTypeId="12" Intrnl_Id="618" Name="Tweets">
<Header>
<Loc EndOffset="323" SrcFileId="6" StartOffset="270"/>
</Header>
<LocList>
<Loc EndOffset="1957" SrcFileId="6" StartOffset="270"/>
</LocList>
<StmntSeq Intrnl_Id="619">
<LocList>
<Loc EndOffset="408" SrcFileId="6" StartOffset="360"/>
</LocList>
<BasicStmnt CovItemId="S1" CovItemPrefix="model.Tweets.java" Intrnl_Id="620">
<LocList>
<Loc EndOffset="408" SrcFileId="6" StartOffset="360"/>
</LocList>
</BasicStmnt>
</StmntSeq>
<HierarchyLvl HierarchyLvlId="1094" HierarchyLvlTypeId="13" Intrnl_Id="621" Name="Tweets">
<Header>
<Loc EndOffset="640" SrcFileId="6" StartOffset="625"/>
</Header>
<LocList>
<Loc EndOffset="707" SrcFileId="6" StartOffset="625"/>
</LocList>
<StmntSeq Intrnl_Id="622">
<LocList>
<Loc EndOffset="659" SrcFileId="6" StartOffset="651"/>
<Loc EndOffset="701" SrcFileId="6" StartOffset="668"/>
</LocList>
<BasicStmnt CovItemId="S2" CovItemPrefix="model.Tweets.java" Intrnl_Id="623">
<LocList>
<Loc EndOffset="659" SrcFileId="6" StartOffset="651"/>
</LocList>
</BasicStmnt>
<BasicStmnt CovItemId="S3" CovItemPrefix="model.Tweets.java" Intrnl_Id="624">
<LocList>
<Loc EndOffset="701" SrcFileId="6" StartOffset="668"/>
</LocList>
</BasicStmnt>
</StmntSeq>
</HierarchyLvl>
<HierarchyLvl HierarchyLvlId="1095" HierarchyLvlTypeId="13" Intrnl_Id="625" Name="getElementAt">
<Header>
<Loc EndOffset="772" SrcFileId="6" StartOffset="713"/>
</Header>
<LocList>
<Loc EndOffset="1062" SrcFileId="6" StartOffset="713"/>
</LocList>
<StmntSeq Intrnl_Id="626">
<LocList>
<Loc EndOffset="808" SrcFileId="6" StartOffset="783"/>
<Loc EndOffset="863" SrcFileId="6" StartOffset="818"/>
<Loc EndOffset="902" SrcFileId="6" StartOffset="872"/>
<Loc EndOffset="934" SrcFileId="6" StartOffset="912"/>
<Loc EndOffset="978" SrcFileId="6" StartOffset="943"/>
<Loc EndOffset="1007" SrcFileId="6" StartOffset="987"/>
<Loc EndOffset="1035" SrcFileId="6" StartOffset="1016"/>
<Loc EndOffset="1056" SrcFileId="6" StartOffset="1045"/>
</LocList>
<BasicStmnt CovItemId="S4" CovItemPrefix="model.Tweets.java" Intrnl_Id="627">
<LocList>
<Loc EndOffset="808" SrcFileId="6" StartOffset="783"/>
</LocList>
</BasicStmnt>
<BasicStmnt CovItemId="S5" CovItemPrefix="model.Tweets.java" Intrnl_Id="628">
<LocList>
<Loc EndOffset="863" SrcFileId="6" StartOffset="818"/>
</LocList>
</BasicStmnt>
<BasicStmnt CovItemId="S6" CovItemPrefix="model.Tweets.java" Intrnl_Id="629">
<LocList>
<Loc EndOffset="902" SrcFileId="6" StartOffset="872"/>
</LocList>
</BasicStmnt>
<BasicStmnt CovItemId="S7" CovItemPrefix="model.Tweets.java" Intrnl_Id="630">
<LocList>
<Loc EndOffset="934" SrcFileId="6" StartOffset="912"/>
</LocList>
</BasicStmnt>
<BasicStmnt CovItemId="S8" CovItemPrefix="model.Tweets.java" Intrnl_Id="631">
<LocList>
<Loc EndOffset="978" SrcFileId="6" StartOffset="943"/>
</LocList>
</BasicStmnt>
<BasicStmnt CovItemId="S9" CovItemPrefix="model.Tweets.java" Intrnl_Id="632">
<LocList>
<Loc EndOffset="1007" SrcFileId="6" StartOffset="987"/>
</LocList>
</BasicStmnt>
<BasicStmnt CovItemId="S10" CovItemPrefix="model.Tweets.java" Intrnl_Id="633">
<LocList>
<Loc EndOffset="1035" SrcFileId="6" StartOffset="1016"/>
</LocList>
</BasicStmnt>
<BasicStmnt CovItemId="S11" CovItemPrefix="model.Tweets.java" Intrnl_Id="634">
<LocList>
<Loc EndOffset="1056" SrcFileId="6" StartOffset="1045"/>
</LocList>
</BasicStmnt>
</StmntSeq>
</HierarchyLvl>
<HierarchyLvl HierarchyLvlId="1096" HierarchyLvlTypeId="13" Intrnl_Id="635" Name="getSize">
<Header>
<Loc EndOffset="1251" SrcFileId="6" StartOffset="1068"/>
</Header>
<LocList>
<Loc EndOffset="1289" SrcFileId="6" StartOffset="1068"/>
</LocList>
<StmntSeq Intrnl_Id="636">
<LocList>
<Loc EndOffset="1283" SrcFileId="6" StartOffset="1262"/>
</LocList>
<BasicStmnt CovItemId="S12" CovItemPrefix="model.Tweets.java" Intrnl_Id="637">
<LocList>
<Loc EndOffset="1283" SrcFileId="6" StartOffset="1262"/>
</LocList>
</BasicStmnt>
</StmntSeq>
</HierarchyLvl>
<HierarchyLvl HierarchyLvlId="1097" HierarchyLvlTypeId="13" Intrnl_Id="638" Name="add">
<Header>
<Loc EndOffset="1515" SrcFileId="6" StartOffset="1478"/>
</Header>
<LocList>
<Loc EndOffset="1546" SrcFileId="6" StartOffset="1478"/>
</LocList>
<StmntSeq Intrnl_Id="639">
<LocList>
<Loc EndOffset="1540" SrcFileId="6" StartOffset="1526"/>
</LocList>
<BasicStmnt CovItemId="S13" CovItemPrefix="model.Tweets.java" Intrnl_Id="640">
<LocList>
<Loc EndOffset="1540" SrcFileId="6" StartOffset="1526"/>
</LocList>
</BasicStmnt>
</StmntSeq>
</HierarchyLvl>
<HierarchyLvl HierarchyLvlId="1098" HierarchyLvlTypeId="13" Intrnl_Id="641" Name="remove">
<Header>
<Loc EndOffset="1802" SrcFileId="6" StartOffset="1761"/>
</Header>
<LocList>
<Loc EndOffset="1955" SrcFileId="6" StartOffset="1761"/>
</LocList>
<StmntSeq Intrnl_Id="642">
<LocList>
<Loc EndOffset="1848" SrcFileId="6" StartOffset="1813"/>
<Loc EndOffset="1878" SrcFileId="6" StartOffset="1857"/>
<Loc EndOffset="1931" SrcFileId="6" StartOffset="1887"/>
<Loc EndOffset="1949" SrcFileId="6" StartOffset="1940"/>
</LocList>
<BasicStmnt CovItemId="S14" CovItemPrefix="model.Tweets.java" Intrnl_Id="643">
<LocList>
<Loc EndOffset="1848" SrcFileId="6" StartOffset="1813"/>
</LocList>
</BasicStmnt>
<BasicStmnt CovItemId="S15" CovItemPrefix="model.Tweets.java" Intrnl_Id="644">
<LocList>
<Loc EndOffset="1878" SrcFileId="6" StartOffset="1857"/>
</LocList>
</BasicStmnt>
<BasicStmnt CovItemId="S16" CovItemPrefix="model.Tweets.java" Intrnl_Id="645">
<LocList>
<Loc EndOffset="1931" SrcFileId="6" StartOffset="1887"/>
</LocList>
</BasicStmnt>
<BasicStmnt CovItemId="S17" CovItemPrefix="model.Tweets.java" Intrnl_Id="646">
<LocList>
<Loc EndOffset="1949" SrcFileId="6" StartOffset="1940"/>
</LocList>
</BasicStmnt>
</StmntSeq>
</HierarchyLvl>
</HierarchyLvl>
</HierarchyLvl>
<HierarchyLvl HierarchyLvlId="1132" HierarchyLvlTypeId="11" Intrnl_Id="647" Name="controller">
<Header/>
<LocList/>
<HierarchyLvl HierarchyLvlId="1129" HierarchyLvlTypeId="12" Intrnl_Id="648" Name="TwitterController">
<Header>
<Loc EndOffset="796" SrcFileId="7" StartOffset="766"/>
</Header>
<LocList>
<Loc EndOffset="16952" SrcFileId="7" StartOffset="766"/>
</LocList>
<StmntSeq Intrnl_Id="649">
<LocList>
<Loc EndOffset="884" SrcFileId="7" StartOffset="829"/>
<Loc EndOffset="970" SrcFileId="7" StartOffset="938"/>
<Loc EndOffset="1182" SrcFileId="7" StartOffset="1116"/>
<Loc EndOffset="1326" SrcFileId="7" StartOffset="1220"/>
</LocList>
<BasicStmnt CovItemId="S1" CovItemPrefix="controller.TwitterController.java" Intrnl_Id="650">
<LocList>
<Loc EndOffset="884" SrcFileId="7" StartOffset="829"/>
</LocList>
</BasicStmnt>
<BasicStmnt CovItemId="S2" CovItemPrefix="controller.TwitterController.java" Intrnl_Id="651">
<LocList>
<Loc EndOffset="970" SrcFileId="7" StartOffset="938"/>
</LocList>
</BasicStmnt>
<BasicStmnt CovItemId="S3" CovItemPrefix="controller.TwitterController.java" Intrnl_Id="652">
<LocList>
<Loc EndOffset="1182" SrcFileId="7" StartOffset="1116"/>
</LocList>
</BasicStmnt>
<BasicStmnt CovItemId="S4" CovItemPrefix="controller.TwitterController.java" Intrnl_Id="653">
<LocList>
<Loc EndOffset="1326" SrcFileId="7" StartOffset="1220"/>
</LocList>
</BasicStmnt>
</StmntSeq>
<HierarchyLvl HierarchyLvlId="1100" HierarchyLvlTypeId="13" Intrnl_Id="654" Name="TwitterController">
<Header>
<Loc EndOffset="1513" SrcFileId="7" StartOffset="1487"/>
</Header>
<LocList>
<Loc EndOffset="2139" SrcFileId="7" StartOffset="1487"/>
</LocList>
<StmntSeq Intrnl_Id="655">
<LocList>
<Loc EndOffset="1551" SrcFileId="7" StartOffset="1524"/>
<Loc EndOffset="1606" SrcFileId="7" StartOffset="1561"/>
<Loc EndOffset="1675" SrcFileId="7" StartOffset="1615"/>
<Loc EndOffset="1717" SrcFileId="7" StartOffset="1685"/>
<Loc EndOffset="1770" SrcFileId="7" StartOffset="1726"/>
<Loc EndOffset="2133" SrcFileId="7" StartOffset="1780"/>
</LocList>
<BasicStmnt CovItemId="S5" CovItemPrefix="controller.TwitterController.java" Intrnl_Id="656">
<LocList>
<Loc EndOffset="1551" SrcFileId="7" StartOffset="1524"/>
</LocList>
</BasicStmnt>
<BasicStmnt CovItemId="S6" CovItemPrefix="controller.TwitterController.java" Intrnl_Id="657">
<LocList>
<Loc EndOffset="1606" SrcFileId="7" StartOffset="1561"/>
</LocList>
</BasicStmnt>
<BasicStmnt CovItemId="S7" CovItemPrefix="controller.TwitterController.java" Intrnl_Id="658">
<LocList>
<Loc EndOffset="1675" SrcFileId="7" StartOffset="1615"/>
</LocList>
</BasicStmnt>
<BasicStmnt CovItemId="S8" CovItemPrefix="controller.TwitterController.java" Intrnl_Id="659">
<LocList>
<Loc EndOffset="1717" SrcFileId="7" StartOffset="1685"/>
</LocList>
</BasicStmnt>
<BasicStmnt CovItemId="S9" CovItemPrefix="controller.TwitterController.java" Intrnl_Id="660">
<LocList>
<Loc EndOffset="1770" SrcFileId="7" StartOffset="1726"/>
</LocList>
</BasicStmnt>
<CondStmnt CovItemId="S10" CovItemPrefix="controller.TwitterController.java" Intrnl_Id="661">
<Branch CovItemId="B1" CovItemPrefix="controller.TwitterController.java" Implct="false" Intrnl_Id="662">
<Cond/>
<LocList>
<Loc EndOffset="1941" SrcFileId="7" StartOffset="1822"/>
</LocList>
<StmntSeq Intrnl_Id="663">
<LocList>
<Loc EndOffset="1901" SrcFileId="7" StartOffset="1836"/>
<Loc EndOffset="1930" SrcFileId="7" StartOffset="1915"/>
</LocList>
<BasicStmnt CovItemId="S11" CovItemPrefix="controller.TwitterController.java" Intrnl_Id="664">
<LocList>
<Loc EndOffset="1901" SrcFileId="7" StartOffset="1836"/>
</LocList>
</BasicStmnt>
<BasicStmnt CovItemId="S12" CovItemPrefix="controller.TwitterController.java" Intrnl_Id="665">
<LocList>
<Loc EndOffset="1930" SrcFileId="7" StartOffset="1915"/>
</LocList>
</BasicStmnt>
</StmntSeq>
</Branch>
<Branch CovItemId="B2" CovItemPrefix="controller.TwitterController.java" Implct="false" Intrnl_Id="666">
<Cond>
<Loc EndOffset="1946" SrcFileId="7" StartOffset="1942"/>
</Cond>
<LocList>
<Loc EndOffset="2133" SrcFileId="7" StartOffset="1947"/>
</LocList>
<StmntSeq Intrnl_Id="667">
<LocList>
<Loc EndOffset="2029" SrcFileId="7" StartOffset="1983"/>
<Loc EndOffset="2123" SrcFileId="7" StartOffset="1961"/>
</LocList>
<BasicStmnt CovItemId="S14" CovItemPrefix="controller.TwitterController.java" Intrnl_Id="668">
<LocList>
<Loc EndOffset="2029" SrcFileId="7" StartOffset="1983"/>
</LocList>
</BasicStmnt>
<CondStmnt CovItemId="S13" CovItemPrefix="controller.TwitterController.java" Intrnl_Id="669">
<Branch CovItemId="B3" CovItemPrefix="controller.TwitterController.java" Implct="true" Intrnl_Id="670">
<Cond/>
<LocList/>
<StmntSeq Intrnl_Id="671">
<LocList/>
</StmntSeq>
</Branch>
<Branch CovItemId="B4" CovItemPrefix="controller.TwitterController.java" Implct="false" Intrnl_Id="672">
<Cond>
<Loc EndOffset="2070" SrcFileId="7" StartOffset="2044"/>
</Cond>
<LocList>
<Loc EndOffset="2123" SrcFileId="7" StartOffset="2071"/>
</LocList>
<StmntSeq Intrnl_Id="673">
<LocList>
<Loc EndOffset="2109" SrcFileId="7" StartOffset="2089"/>
</LocList>
<BasicStmnt CovItemId="S15" CovItemPrefix="controller.TwitterController.java" Intrnl_Id="674">
<LocList>
<Loc EndOffset="2109" SrcFileId="7" StartOffset="2089"/>
</LocList>
</BasicStmnt>
</StmntSeq>
</Branch>
<Keyword EndOffset="1964" SrcFileId="7" StartOffset="1961"/>
<LocList>
<Loc EndOffset="2123" SrcFileId="7" StartOffset="1961"/>
</LocList>
</CondStmnt>
</StmntSeq>
</Branch>
<Keyword EndOffset="1782" SrcFileId="7" StartOffset="1780"/>
<LocList>
<Loc EndOffset="2133" SrcFileId="7" StartOffset="1780"/>
</LocList>
<RootTerm CovItemId="C1" CovItemPrefix="controller.TwitterController.java" Intrnl_Id="675">
<OpTerm BooleanOpId="9" Intrnl_Id="676">
<BasicBoolTerm Intrnl_Id="677">
<LocList>
<Loc EndOffset="1797" SrcFileId="7" StartOffset="1784"/>
</LocList>
</BasicBoolTerm>
<BasicBoolTerm Intrnl_Id="678">
<LocList>
<Loc EndOffset="1820" SrcFileId="7" StartOffset="1801"/>
</LocList>
</BasicBoolTerm>
<LocList>
<Loc EndOffset="1800" SrcFileId="7" StartOffset="1798"/>
</LocList>
</OpTerm>
</RootTerm>
</CondStmnt>
</StmntSeq>
</HierarchyLvl>
<HierarchyLvl HierarchyLvlId="1101" HierarchyLvlTypeId="13" Intrnl_Id="679" Name="getDisplayName">
<Header>
<Loc EndOffset="2354" SrcFileId="7" StartOffset="2318"/>
</Header>
<LocList>
<Loc EndOffset="2715" SrcFileId="7" StartOffset="2318"/>
</LocList>
<StmntSeq Intrnl_Id="680">
<LocList>
<Loc EndOffset="2434" SrcFileId="7" StartOffset="2383"/>
<Loc EndOffset="2687" SrcFileId="7" StartOffset="2365"/>
<Loc EndOffset="2709" SrcFileId="7" StartOffset="2697"/>
</LocList>
<BasicStmnt CovItemId="S17" CovItemPrefix="controller.TwitterController.java" Intrnl_Id="681">
<LocList>
<Loc EndOffset="2434" SrcFileId="7" StartOffset="2383"/>
</LocList>
</BasicStmnt>
<CondStmnt CovItemId="S16" CovItemPrefix="controller.TwitterController.java" Intrnl_Id="682">
<Branch CovItemId="B5" CovItemPrefix="controller.TwitterController.java" Implct="true" Intrnl_Id="683">
<Cond/>
<LocList/>
<StmntSeq Intrnl_Id="684">
<LocList/>
</StmntSeq>
</Branch>
<Branch CovItemId="B6" CovItemPrefix="controller.TwitterController.java" Implct="false" Intrnl_Id="685">
<Cond>
<Loc EndOffset="2476" SrcFileId="7" StartOffset="2445"/>
</Cond>
<LocList>
<Loc EndOffset="2568" SrcFileId="7" StartOffset="2477"/>
</LocList>
<StmntSeq Intrnl_Id="686">
<LocList>
<Loc EndOffset="2558" SrcFileId="7" StartOffset="2538"/>
</LocList>
<BasicStmnt CovItemId="S18" CovItemPrefix="controller.TwitterController.java" Intrnl_Id="687">
<LocList>
<Loc EndOffset="2558" SrcFileId="7" StartOffset="2538"/>
</LocList>
</BasicStmnt>
</StmntSeq>
</Branch>
<Branch CovItemId="B7" CovItemPrefix="controller.TwitterController.java" Implct="false" Intrnl_Id="688">
<Cond>
<Loc EndOffset="2595" SrcFileId="7" StartOffset="2569"/>
</Cond>
<LocList>
<Loc EndOffset="2687" SrcFileId="7" StartOffset="2596"/>
</LocList>
<StmntSeq Intrnl_Id="689">
<LocList>
<Loc EndOffset="2677" SrcFileId="7" StartOffset="2657"/>
</LocList>
<BasicStmnt CovItemId="S19" CovItemPrefix="controller.TwitterController.java" Intrnl_Id="690">
<LocList>
<Loc EndOffset="2677" SrcFileId="7" StartOffset="2657"/>
</LocList>
</BasicStmnt>
</StmntSeq>
</Branch>
<Keyword EndOffset="2368" SrcFileId="7" StartOffset="2365"/>
<LocList>
<Loc EndOffset="2687" SrcFileId="7" StartOffset="2365"/>
</LocList>
</CondStmnt>
<BasicStmnt CovItemId="S20" CovItemPrefix="controller.TwitterController.java" Intrnl_Id="691">
<LocList>
<Loc EndOffset="2709" SrcFileId="7" StartOffset="2697"/>
</LocList>
</BasicStmnt>
</StmntSeq>
</HierarchyLvl>
<HierarchyLvl HierarchyLvlId="1102" HierarchyLvlTypeId="13" Intrnl_Id="692" Name="getTwitterName">
<Header>
<Loc EndOffset="2929" SrcFileId="7" StartOffset="2893"/>
</Header>
<LocList>
<Loc EndOffset="3301" SrcFileId="7" StartOffset="2893"/>
</LocList>
<StmntSeq Intrnl_Id="693">
<LocList>
<Loc EndOffset="3021" SrcFileId="7" StartOffset="2958"/>
<Loc EndOffset="3274" SrcFileId="7" StartOffset="2940"/>
<Loc EndOffset="3295" SrcFileId="7" StartOffset="3283"/>
</LocList>
<BasicStmnt CovItemId="S22" CovItemPrefix="controller.TwitterController.java" Intrnl_Id="694">
<LocList>
<Loc EndOffset="3021" SrcFileId="7" StartOffset="2958"/>
</LocList>
</BasicStmnt>
<CondStmnt CovItemId="S21" CovItemPrefix="controller.TwitterController.java" Intrnl_Id="695">
<Branch CovItemId="B8" CovItemPrefix="controller.TwitterController.java" Implct="true" Intrnl_Id="696">
<Cond/>
<LocList/>
<StmntSeq Intrnl_Id="697">
<LocList/>
</StmntSeq>
</Branch>
<Branch CovItemId="B9" CovItemPrefix="controller.TwitterController.java" Implct="false" Intrnl_Id="698">
<Cond>
<Loc EndOffset="3063" SrcFileId="7" StartOffset="3032"/>
</Cond>
<LocList>
<Loc EndOffset="3155" SrcFileId="7" StartOffset="3064"/>
</LocList>
<StmntSeq Intrnl_Id="699">
<LocList>
<Loc EndOffset="3145" SrcFileId="7" StartOffset="3125"/>
</LocList>
<BasicStmnt CovItemId="S23" CovItemPrefix="controller.TwitterController.java" Intrnl_Id="700">
<LocList>
<Loc EndOffset="3145" SrcFileId="7" StartOffset="3125"/>
</LocList>
</BasicStmnt>
</StmntSeq>
</Branch>
<Branch CovItemId="B10" CovItemPrefix="controller.TwitterController.java" Implct="false" Intrnl_Id="701">
<Cond>
<Loc EndOffset="3182" SrcFileId="7" StartOffset="3156"/>
</Cond>
<LocList>
<Loc EndOffset="3274" SrcFileId="7" StartOffset="3183"/>
</LocList>
<StmntSeq Intrnl_Id="702">
<LocList>
<Loc EndOffset="3264" SrcFileId="7" StartOffset="3244"/>
</LocList>
<BasicStmnt CovItemId="S24" CovItemPrefix="controller.TwitterController.java" Intrnl_Id="703">
<LocList>
<Loc EndOffset="3264" SrcFileId="7" StartOffset="3244"/>
</LocList>
</BasicStmnt>
</StmntSeq>
</Branch>
<Keyword EndOffset="2943" SrcFileId="7" StartOffset="2940"/>
<LocList>
<Loc EndOffset="3274" SrcFileId="7" StartOffset="2940"/>
</LocList>
</CondStmnt>
<BasicStmnt CovItemId="S25" CovItemPrefix="controller.TwitterController.java" Intrnl_Id="704">
<LocList>
<Loc EndOffset="3295" SrcFileId="7" StartOffset="3283"/>
</LocList>
</BasicStmnt>
</StmntSeq>
</HierarchyLvl>
<HierarchyLvl HierarchyLvlId="1103" HierarchyLvlTypeId="13" Intrnl_Id="705" Name="getTwitterName">
<Header>
<Loc EndOffset="3566" SrcFileId="7" StartOffset="3518"/>
</Header>
<LocList>
<Loc EndOffset="3924" SrcFileId="7" StartOffset="3518"/>
</LocList>
<StmntSeq Intrnl_Id="706">
<LocList>
<Loc EndOffset="3644" SrcFileId="7" StartOffset="3595"/>
<Loc EndOffset="3897" SrcFileId="7" StartOffset="3577"/>
<Loc EndOffset="3918" SrcFileId="7" StartOffset="3906"/>
</LocList>
<BasicStmnt CovItemId="S27" CovItemPrefix="controller.TwitterController.java" Intrnl_Id="707">
<LocList>
<Loc EndOffset="3644" SrcFileId="7" StartOffset="3595"/>
</LocList>
</BasicStmnt>
<CondStmnt CovItemId="S26" CovItemPrefix="controller.TwitterController.java" Intrnl_Id="708">
<Branch CovItemId="B11" CovItemPrefix="controller.TwitterController.java" Implct="true" Intrnl_Id="709">
<Cond/>
<LocList/>
<StmntSeq Intrnl_Id="710">
<LocList/>
</StmntSeq>
</Branch>
<Branch CovItemId="B12" CovItemPrefix="controller.TwitterController.java" Implct="false" Intrnl_Id="711">
<Cond>
<Loc EndOffset="3686" SrcFileId="7" StartOffset="3655"/>
</Cond>
<LocList>
<Loc EndOffset="3778" SrcFileId="7" StartOffset="3687"/>
</LocList>
<StmntSeq Intrnl_Id="712">
<LocList>
<Loc EndOffset="3768" SrcFileId="7" StartOffset="3748"/>
</LocList>
<BasicStmnt CovItemId="S28" CovItemPrefix="controller.TwitterController.java" Intrnl_Id="713">
<LocList>
<Loc EndOffset="3768" SrcFileId="7" StartOffset="3748"/>
</LocList>
</BasicStmnt>
</StmntSeq>
</Branch>
<Branch CovItemId="B13" CovItemPrefix="controller.TwitterController.java" Implct="false" Intrnl_Id="714">
<Cond>
<Loc EndOffset="3805" SrcFileId="7" StartOffset="3779"/>
</Cond>
<LocList>
<Loc EndOffset="3897" SrcFileId="7" StartOffset="3806"/>
</LocList>
<StmntSeq Intrnl_Id="715">
<LocList>
<Loc EndOffset="3887" SrcFileId="7" StartOffset="3867"/>
</LocList>
<BasicStmnt CovItemId="S29" CovItemPrefix="controller.TwitterController.java" Intrnl_Id="716">
<LocList>
<Loc EndOffset="3887" SrcFileId="7" StartOffset="3867"/>
</LocList>
</BasicStmnt>
</StmntSeq>
</Branch>
<Keyword EndOffset="3580" SrcFileId="7" StartOffset="3577"/>
<LocList>
<Loc EndOffset="3897" SrcFileId="7" StartOffset="3577"/>
</LocList>
</CondStmnt>
<BasicStmnt CovItemId="S30" CovItemPrefix="controller.TwitterController.java" Intrnl_Id="717">
<LocList>
<Loc EndOffset="3918" SrcFileId="7" StartOffset="3906"/>
</LocList>
</BasicStmnt>
</StmntSeq>
</HierarchyLvl>
<HierarchyLvl HierarchyLvlId="1104" HierarchyLvlTypeId="13" Intrnl_Id="718" Name="getDescription">
<Header>
<Loc EndOffset="4137" SrcFileId="7" StartOffset="4101"/>
</Header>
<LocList>
<Loc EndOffset="4504" SrcFileId="7" StartOffset="4101"/>
</LocList>
<StmntSeq Intrnl_Id="719">
<LocList>
<Loc EndOffset="4224" SrcFileId="7" StartOffset="4166"/>
<Loc EndOffset="4477" SrcFileId="7" StartOffset="4148"/>
<Loc EndOffset="4498" SrcFileId="7" StartOffset="4486"/>
</LocList>
<BasicStmnt CovItemId="S32" CovItemPrefix="controller.TwitterController.java" Intrnl_Id="720">
<LocList>
<Loc EndOffset="4224" SrcFileId="7" StartOffset="4166"/>
</LocList>
</BasicStmnt>
<CondStmnt CovItemId="S31" CovItemPrefix="controller.TwitterController.java" Intrnl_Id="721">
<Branch CovItemId="B14" CovItemPrefix="controller.TwitterController.java" Implct="true" Intrnl_Id="722">
<Cond/>
<LocList/>
<StmntSeq Intrnl_Id="723">
<LocList/>
</StmntSeq>
</Branch>
<Branch CovItemId="B15" CovItemPrefix="controller.TwitterController.java" Implct="false" Intrnl_Id="724">
<Cond>
<Loc EndOffset="4266" SrcFileId="7" StartOffset="4235"/>
</Cond>
<LocList>
<Loc EndOffset="4358" SrcFileId="7" StartOffset="4267"/>
</LocList>
<StmntSeq Intrnl_Id="725">
<LocList>
<Loc EndOffset="4348" SrcFileId="7" StartOffset="4328"/>
</LocList>
<BasicStmnt CovItemId="S33" CovItemPrefix="controller.TwitterController.java" Intrnl_Id="726">
<LocList>
<Loc EndOffset="4348" SrcFileId="7" StartOffset="4328"/>
</LocList>
</BasicStmnt>
</StmntSeq>
</Branch>
<Branch CovItemId="B16" CovItemPrefix="controller.TwitterController.java" Implct="false" Intrnl_Id="727">
<Cond>
<Loc EndOffset="4385" SrcFileId="7" StartOffset="4359"/>
</Cond>
<LocList>
<Loc EndOffset="4477" SrcFileId="7" StartOffset="4386"/>
</LocList>
<StmntSeq Intrnl_Id="728">
<LocList>
<Loc EndOffset="4467" SrcFileId="7" StartOffset="4447"/>
</LocList>
<BasicStmnt CovItemId="S34" CovItemPrefix="controller.TwitterController.java" Intrnl_Id="729">
<LocList>
<Loc EndOffset="4467" SrcFileId="7" StartOffset="4447"/>
</LocList>
</BasicStmnt>
</StmntSeq>
</Branch>
<Keyword EndOffset="4151" SrcFileId="7" StartOffset="4148"/>
<LocList>
<Loc EndOffset="4477" SrcFileId="7" StartOffset="4148"/>
</LocList>
</CondStmnt>
<BasicStmnt CovItemId="S35" CovItemPrefix="controller.TwitterController.java" Intrnl_Id="730">
<LocList>
<Loc EndOffset="4498" SrcFileId="7" StartOffset="4486"/>
</LocList>
</BasicStmnt>
</StmntSeq>
</HierarchyLvl>
<HierarchyLvl HierarchyLvlId="1105" HierarchyLvlTypeId="13" Intrnl_Id="731" Name="getWebsite">
<Header>
<Loc EndOffset="4709" SrcFileId="7" StartOffset="4677"/>
</Header>
<LocList>
<Loc EndOffset="5118" SrcFileId="7" StartOffset="4677"/>
</LocList>
<StmntSeq Intrnl_Id="732">
<LocList>
<Loc EndOffset="4738" SrcFileId="7" StartOffset="4720"/>
<Loc EndOffset="4814" SrcFileId="7" StartOffset="4765"/>
<Loc EndOffset="4838" SrcFileId="7" StartOffset="4827"/>
<Loc EndOffset="5091" SrcFileId="7" StartOffset="4747"/>
<Loc EndOffset="5112" SrcFileId="7" StartOffset="5100"/>
</LocList>
<BasicStmnt CovItemId="S36" CovItemPrefix="controller.TwitterController.java" Intrnl_Id="733">
<LocList>
<Loc EndOffset="4738" SrcFileId="7" StartOffset="4720"/>
</LocList>
</BasicStmnt>
<BasicStmnt CovItemId="S38" CovItemPrefix="controller.TwitterController.java" Intrnl_Id="734">
<LocList>
<Loc EndOffset="4814" SrcFileId="7" StartOffset="4765"/>
</LocList>
</BasicStmnt>
<BasicStmnt CovItemId="S39" CovItemPrefix="controller.TwitterController.java" Intrnl_Id="735">
<LocList>
<Loc EndOffset="4838" SrcFileId="7" StartOffset="4827"/>
</LocList>
</BasicStmnt>
<CondStmnt CovItemId="S37" CovItemPrefix="controller.TwitterController.java" Intrnl_Id="736">
<Branch CovItemId="B17" CovItemPrefix="controller.TwitterController.java" Implct="true" Intrnl_Id="737">
<Cond/>
<LocList/>
<StmntSeq Intrnl_Id="738">
<LocList/>
</StmntSeq>
</Branch>
<Branch CovItemId="B18" CovItemPrefix="controller.TwitterController.java" Implct="false" Intrnl_Id="739">
<Cond>
<Loc EndOffset="4880" SrcFileId="7" StartOffset="4849"/>
</Cond>
<LocList>
<Loc EndOffset="4972" SrcFileId="7" StartOffset="4881"/>
</LocList>
<StmntSeq Intrnl_Id="740">
<LocList>
<Loc EndOffset="4962" SrcFileId="7" StartOffset="4942"/>
</LocList>
<BasicStmnt CovItemId="S40" CovItemPrefix="controller.TwitterController.java" Intrnl_Id="741">
<LocList>
<Loc EndOffset="4962" SrcFileId="7" StartOffset="4942"/>
</LocList>
</BasicStmnt>
</StmntSeq>
</Branch>
<Branch CovItemId="B19" CovItemPrefix="controller.TwitterController.java" Implct="false" Intrnl_Id="742">
<Cond>
<Loc EndOffset="4999" SrcFileId="7" StartOffset="4973"/>
</Cond>
<LocList>
<Loc EndOffset="5091" SrcFileId="7" StartOffset="5000"/>
</LocList>
<StmntSeq Intrnl_Id="743">
<LocList>
<Loc EndOffset="5081" SrcFileId="7" StartOffset="5061"/>
</LocList>
<BasicStmnt CovItemId="S41" CovItemPrefix="controller.TwitterController.java" Intrnl_Id="744">
<LocList>
<Loc EndOffset="5081" SrcFileId="7" StartOffset="5061"/>
</LocList>
</BasicStmnt>
</StmntSeq>
</Branch>
<Keyword EndOffset="4750" SrcFileId="7" StartOffset="4747"/>
<LocList>
<Loc EndOffset="5091" SrcFileId="7" StartOffset="4747"/>
</LocList>
</CondStmnt>
<BasicStmnt CovItemId="S42" CovItemPrefix="controller.TwitterController.java" Intrnl_Id="745">
<LocList>
<Loc EndOffset="5112" SrcFileId="7" StartOffset="5100"/>
</LocList>
</BasicStmnt>
</StmntSeq>
</HierarchyLvl>
<HierarchyLvl HierarchyLvlId="1106" HierarchyLvlTypeId="13" Intrnl_Id="746" Name="getLocation">
<Header>
<Loc EndOffset="5325" SrcFileId="7" StartOffset="5292"/>
</Header>
<LocList>
<Loc EndOffset="5689" SrcFileId="7" StartOffset="5292"/>
</LocList>
<StmntSeq Intrnl_Id="747">
<LocList>
<Loc EndOffset="5409" SrcFileId="7" StartOffset="5354"/>
<Loc EndOffset="5662" SrcFileId="7" StartOffset="5336"/>
<Loc EndOffset="5683" SrcFileId="7" StartOffset="5671"/>
</LocList>
<BasicStmnt CovItemId="S44" CovItemPrefix="controller.TwitterController.java" Intrnl_Id="748">
<LocList>
<Loc EndOffset="5409" SrcFileId="7" StartOffset="5354"/>
</LocList>
</BasicStmnt>
<CondStmnt CovItemId="S43" CovItemPrefix="controller.TwitterController.java" Intrnl_Id="749">
<Branch CovItemId="B20" CovItemPrefix="controller.TwitterController.java" Implct="true" Intrnl_Id="750">
<Cond/>
<LocList/>
<StmntSeq Intrnl_Id="751">
<LocList/>
</StmntSeq>
</Branch>
<Branch CovItemId="B21" CovItemPrefix="controller.TwitterController.java" Implct="false" Intrnl_Id="752">
<Cond>
<Loc EndOffset="5451" SrcFileId="7" StartOffset="5420"/>
</Cond>
<LocList>
<Loc EndOffset="5543" SrcFileId="7" StartOffset="5452"/>
</LocList>
<StmntSeq Intrnl_Id="753">
<LocList>
<Loc EndOffset="5533" SrcFileId="7" StartOffset="5513"/>
</LocList>
<BasicStmnt CovItemId="S45" CovItemPrefix="controller.TwitterController.java" Intrnl_Id="754">
<LocList>
<Loc EndOffset="5533" SrcFileId="7" StartOffset="5513"/>
</LocList>
</BasicStmnt>
</StmntSeq>
</Branch>
<Branch CovItemId="B22" CovItemPrefix="controller.TwitterController.java" Implct="false" Intrnl_Id="755">
<Cond>
<Loc EndOffset="5570" SrcFileId="7" StartOffset="5544"/>
</Cond>
<LocList>
<Loc EndOffset="5662" SrcFileId="7" StartOffset="5571"/>
</LocList>
<StmntSeq Intrnl_Id="756">
<LocList>
<Loc EndOffset="5652" SrcFileId="7" StartOffset="5632"/>
</LocList>
<BasicStmnt CovItemId="S46" CovItemPrefix="controller.TwitterController.java" Intrnl_Id="757">
<LocList>
<Loc EndOffset="5652" SrcFileId="7" StartOffset="5632"/>
</LocList>
</BasicStmnt>
</StmntSeq>
</Branch>
<Keyword EndOffset="5339" SrcFileId="7" StartOffset="5336"/>
<LocList>
<Loc EndOffset="5662" SrcFileId="7" StartOffset="5336"/>
</LocList>
</CondStmnt>
<BasicStmnt CovItemId="S47" CovItemPrefix="controller.TwitterController.java" Intrnl_Id="758">
<LocList>
<Loc EndOffset="5683" SrcFileId="7" StartOffset="5671"/>
</LocList>
</BasicStmnt>
</StmntSeq>
</HierarchyLvl>
<HierarchyLvl HierarchyLvlId="1107" HierarchyLvlTypeId="13" Intrnl_Id="759" Name="getProfileImage">
<Header>
<Loc EndOffset="5927" SrcFileId="7" StartOffset="5887"/>
</Header>
<LocList>
<Loc EndOffset="6419" SrcFileId="7" StartOffset="5887"/>
</LocList>
<StmntSeq Intrnl_Id="760">
<LocList>
<Loc EndOffset="6069" SrcFileId="7" StartOffset="5956"/>
<Loc EndOffset="6391" SrcFileId="7" StartOffset="5938"/>
<Loc EndOffset="6413" SrcFileId="7" StartOffset="6401"/>
</LocList>
<BasicStmnt CovItemId="S49" CovItemPrefix="controller.TwitterController.java" Intrnl_Id="761">
<LocList>
<Loc EndOffset="6069" SrcFileId="7" StartOffset="5956"/>
</LocList>
</BasicStmnt>
<CondStmnt CovItemId="S48" CovItemPrefix="controller.TwitterController.java" Intrnl_Id="762">
<Branch CovItemId="B23" CovItemPrefix="controller.TwitterController.java" Implct="true" Intrnl_Id="763">
<Cond/>
<LocList/>
<StmntSeq Intrnl_Id="764">
<LocList/>
</StmntSeq>
</Branch>
<Branch CovItemId="B24" CovItemPrefix="controller.TwitterController.java" Implct="false" Intrnl_Id="765">
<Cond>
<Loc EndOffset="6111" SrcFileId="7" StartOffset="6080"/>
</Cond>
<LocList>
<Loc EndOffset="6148" SrcFileId="7" StartOffset="6112"/>
</LocList>
<StmntSeq Intrnl_Id="766">
<LocList>
<Loc EndOffset="6138" SrcFileId="7" StartOffset="6126"/>
</LocList>
<BasicStmnt CovItemId="S50" CovItemPrefix="controller.TwitterController.java" Intrnl_Id="767">
<LocList>
<Loc EndOffset="6138" SrcFileId="7" StartOffset="6126"/>
</LocList>
</BasicStmnt>
</StmntSeq>
</Branch>
<Branch CovItemId="B25" CovItemPrefix="controller.TwitterController.java" Implct="false" Intrnl_Id="768">
<Cond>
<Loc EndOffset="6180" SrcFileId="7" StartOffset="6149"/>
</Cond>
<LocList>
<Loc EndOffset="6272" SrcFileId="7" StartOffset="6181"/>
</LocList>
<StmntSeq Intrnl_Id="769">
<LocList>
<Loc EndOffset="6262" SrcFileId="7" StartOffset="6242"/>
</LocList>
<BasicStmnt CovItemId="S51" CovItemPrefix="controller.TwitterController.java" Intrnl_Id="770">
<LocList>
<Loc EndOffset="6262" SrcFileId="7" StartOffset="6242"/>
</LocList>
</BasicStmnt>
</StmntSeq>
</Branch>
<Branch CovItemId="B26" CovItemPrefix="controller.TwitterController.java" Implct="false" Intrnl_Id="771">
<Cond>
<Loc EndOffset="6299" SrcFileId="7" StartOffset="6273"/>
</Cond>
<LocList>
<Loc EndOffset="6391" SrcFileId="7" StartOffset="6300"/>
</LocList>
<StmntSeq Intrnl_Id="772">
<LocList>
<Loc EndOffset="6381" SrcFileId="7" StartOffset="6361"/>
</LocList>
<BasicStmnt CovItemId="S52" CovItemPrefix="controller.TwitterController.java" Intrnl_Id="773">
<LocList>
<Loc EndOffset="6381" SrcFileId="7" StartOffset="6361"/>
</LocList>
</BasicStmnt>
</StmntSeq>
</Branch>
<Keyword EndOffset="5941" SrcFileId="7" StartOffset="5938"/>
<LocList>
<Loc EndOffset="6391" SrcFileId="7" StartOffset="5938"/>
</LocList>
</CondStmnt>
<BasicStmnt CovItemId="S53" CovItemPrefix="controller.TwitterController.java" Intrnl_Id="774">
<LocList>
<Loc EndOffset="6413" SrcFileId="7" StartOffset="6401"/>
</LocList>
</BasicStmnt>
</StmntSeq>
</HierarchyLvl>
<HierarchyLvl HierarchyLvlId="1108" HierarchyLvlTypeId="13" Intrnl_Id="775" Name="getProfileBanner">
<Header>
<Loc EndOffset="6641" SrcFileId="7" StartOffset="6604"/>
</Header>
<LocList>
<Loc EndOffset="7241" SrcFileId="7" StartOffset="6604"/>
</LocList>
<StmntSeq Intrnl_Id="776">
<LocList>
<Loc EndOffset="6669" SrcFileId="7" StartOffset="6652"/>
<Loc EndOffset="6816" SrcFileId="7" StartOffset="6696"/>
<Loc EndOffset="7113" SrcFileId="7" StartOffset="6678"/>
<Loc EndOffset="7215" SrcFileId="7" StartOffset="7122"/>
<Loc EndOffset="7235" SrcFileId="7" StartOffset="7224"/>
</LocList>
<BasicStmnt CovItemId="S54" CovItemPrefix="controller.TwitterController.java" Intrnl_Id="777">
<LocList>
<Loc EndOffset="6669" SrcFileId="7" StartOffset="6652"/>
</LocList>
</BasicStmnt>
<BasicStmnt CovItemId="S56" CovItemPrefix="controller.TwitterController.java" Intrnl_Id="778">
<LocList>
<Loc EndOffset="6816" SrcFileId="7" StartOffset="6696"/>
</LocList>
</BasicStmnt>
<CondStmnt CovItemId="S55" CovItemPrefix="controller.TwitterController.java" Intrnl_Id="779">
<Branch CovItemId="B27" CovItemPrefix="controller.TwitterController.java" Implct="true" Intrnl_Id="780">
<Cond/>
<LocList/>
<StmntSeq Intrnl_Id="781">
<LocList/>
</StmntSeq>
</Branch>
<Branch CovItemId="B28" CovItemPrefix="controller.TwitterController.java" Implct="false" Intrnl_Id="782">
<Cond>
<Loc EndOffset="6858" SrcFileId="7" StartOffset="6827"/>
</Cond>
<LocList>
<Loc EndOffset="6870" SrcFileId="7" StartOffset="6859"/>
</LocList>
<StmntSeq Intrnl_Id="783">
<LocList/>
</StmntSeq>
</Branch>
<Branch CovItemId="B29" CovItemPrefix="controller.TwitterController.java" Implct="false" Intrnl_Id="784">
<Cond>
<Loc EndOffset="6902" SrcFileId="7" StartOffset="6871"/>
</Cond>
<LocList>
<Loc EndOffset="6994" SrcFileId="7" StartOffset="6903"/>
</LocList>
<StmntSeq Intrnl_Id="785">
<LocList>
<Loc EndOffset="6984" SrcFileId="7" StartOffset="6964"/>
</LocList>
<BasicStmnt CovItemId="S57" CovItemPrefix="controller.TwitterController.java" Intrnl_Id="786">
<LocList>
<Loc EndOffset="6984" SrcFileId="7" StartOffset="6964"/>
</LocList>
</BasicStmnt>
</StmntSeq>
</Branch>
<Branch CovItemId="B30" CovItemPrefix="controller.TwitterController.java" Implct="false" Intrnl_Id="787">
<Cond>
<Loc EndOffset="7021" SrcFileId="7" StartOffset="6995"/>
</Cond>
<LocList>
<Loc EndOffset="7113" SrcFileId="7" StartOffset="7022"/>
</LocList>
<StmntSeq Intrnl_Id="788">
<LocList>
<Loc EndOffset="7103" SrcFileId="7" StartOffset="7083"/>
</LocList>
<BasicStmnt CovItemId="S58" CovItemPrefix="controller.TwitterController.java" Intrnl_Id="789">
<LocList>
<Loc EndOffset="7103" SrcFileId="7" StartOffset="7083"/>
</LocList>
</BasicStmnt>
</StmntSeq>
</Branch>
<Keyword EndOffset="6681" SrcFileId="7" StartOffset="6678"/>
<LocList>
<Loc EndOffset="7113" SrcFileId="7" StartOffset="6678"/>
</LocList>
</CondStmnt>
<CondStmnt CovItemId="S59" CovItemPrefix="controller.TwitterController.java" Intrnl_Id="790">
<Branch CovItemId="B31" CovItemPrefix="controller.TwitterController.java" Implct="false" Intrnl_Id="791">
<Cond/>
<LocList>
<Loc EndOffset="7215" SrcFileId="7" StartOffset="7139"/>
</LocList>
<StmntSeq Intrnl_Id="792">
<LocList>
<Loc EndOffset="7205" SrcFileId="7" StartOffset="7153"/>
</LocList>
<BasicStmnt CovItemId="S60" CovItemPrefix="controller.TwitterController.java" Intrnl_Id="793">
<LocList>
<Loc EndOffset="7205" SrcFileId="7" StartOffset="7153"/>
</LocList>
</BasicStmnt>
</StmntSeq>
</Branch>
<Branch CovItemId="B32" CovItemPrefix="controller.TwitterController.java" Implct="true" Intrnl_Id="794">
<Cond/>
<LocList/>
<StmntSeq Intrnl_Id="795">
<LocList/>
</StmntSeq>
</Branch>
<Keyword EndOffset="7124" SrcFileId="7" StartOffset="7122"/>
<LocList>
<Loc EndOffset="7215" SrcFileId="7" StartOffset="7122"/>
</LocList>
<RootTerm CovItemId="C2" CovItemPrefix="controller.TwitterController.java" Intrnl_Id="796">
<BasicBoolTerm Intrnl_Id="797">
<LocList>
<Loc EndOffset="7137" SrcFileId="7" StartOffset="7126"/>
</LocList>
</BasicBoolTerm>
</RootTerm>
</CondStmnt>
<BasicStmnt CovItemId="S61" CovItemPrefix="controller.TwitterController.java" Intrnl_Id="798">
<LocList>
<Loc EndOffset="7235" SrcFileId="7" StartOffset="7224"/>
</LocList>
</BasicStmnt>
</StmntSeq>
</HierarchyLvl>
<HierarchyLvl HierarchyLvlId="1109" HierarchyLvlTypeId="13" Intrnl_Id="799" Name="getTextColor">
<Header>
<Loc EndOffset="7455" SrcFileId="7" StartOffset="7422"/>
</Header>
<LocList>
<Loc EndOffset="7491" SrcFileId="7" StartOffset="7422"/>
</LocList>
<StmntSeq Intrnl_Id="800">
<LocList>
<Loc EndOffset="7485" SrcFileId="7" StartOffset="7466"/>
</LocList>
<BasicStmnt CovItemId="S62" CovItemPrefix="controller.TwitterController.java" Intrnl_Id="801">
<LocList>
<Loc EndOffset="7485" SrcFileId="7" StartOffset="7466"/>
</LocList>
</BasicStmnt>
</StmntSeq>
</HierarchyLvl>
<HierarchyLvl HierarchyLvlId="1110" HierarchyLvlTypeId="13" Intrnl_Id="802" Name="getBackgroundImage">
<Header>
<Loc EndOffset="7712" SrcFileId="7" StartOffset="7673"/>
</Header>
<LocList>
<Loc EndOffset="7809" SrcFileId="7" StartOffset="7673"/>
</LocList>
<StmntSeq Intrnl_Id="803">
<LocList>
<Loc EndOffset="7783" SrcFileId="7" StartOffset="7723"/>
<Loc EndOffset="7803" SrcFileId="7" StartOffset="7792"/>
</LocList>
<BasicStmnt CovItemId="S63" CovItemPrefix="controller.TwitterController.java" Intrnl_Id="804">
<LocList>
<Loc EndOffset="7783" SrcFileId="7" StartOffset="7723"/>
</LocList>
</BasicStmnt>
<BasicStmnt CovItemId="S64" CovItemPrefix="controller.TwitterController.java" Intrnl_Id="805">
<LocList>
<Loc EndOffset="7803" SrcFileId="7" StartOffset="7792"/>
</LocList>
</BasicStmnt>
</StmntSeq>
</HierarchyLvl>
<HierarchyLvl HierarchyLvlId="1111" HierarchyLvlTypeId="13" Intrnl_Id="806" Name="tweet">
<Header>
<Loc EndOffset="8082" SrcFileId="7" StartOffset="8038"/>
</Header>
<LocList>
<Loc EndOffset="8243" SrcFileId="7" StartOffset="8038"/>
</LocList>
<StmntSeq Intrnl_Id="807">
<LocList>
<Loc EndOffset="8137" SrcFileId="7" StartOffset="8111"/>
<Loc EndOffset="8162" SrcFileId="7" StartOffset="8150"/>
<Loc EndOffset="8237" SrcFileId="7" StartOffset="8093"/>
</LocList>
<BasicStmnt CovItemId="S66" CovItemPrefix="controller.TwitterController.java" Intrnl_Id="808">
<LocList>
<Loc EndOffset="8137" SrcFileId="7" StartOffset="8111"/>
</LocList>
</BasicStmnt>
<BasicStmnt CovItemId="S67" CovItemPrefix="controller.TwitterController.java" Intrnl_Id="809">
<LocList>
<Loc EndOffset="8162" SrcFileId="7" StartOffset="8150"/>
</LocList>
</BasicStmnt>
<CondStmnt CovItemId="S65" CovItemPrefix="controller.TwitterController.java" Intrnl_Id="810">
<Branch CovItemId="B33" CovItemPrefix="controller.TwitterController.java" Implct="true" Intrnl_Id="811">
<Cond/>
<LocList/>
<StmntSeq Intrnl_Id="812">
<LocList/>
</StmntSeq>
</Branch>
<Branch CovItemId="B34" CovItemPrefix="controller.TwitterController.java" Implct="false" Intrnl_Id="813">
<Cond>
<Loc EndOffset="8199" SrcFileId="7" StartOffset="8173"/>
</Cond>
<LocList>
<Loc EndOffset="8237" SrcFileId="7" StartOffset="8200"/>
</LocList>
<StmntSeq Intrnl_Id="814">
<LocList>
<Loc EndOffset="8227" SrcFileId="7" StartOffset="8214"/>
</LocList>
<BasicStmnt CovItemId="S68" CovItemPrefix="controller.TwitterController.java" Intrnl_Id="815">
<LocList>
<Loc EndOffset="8227" SrcFileId="7" StartOffset="8214"/>
</LocList>
</BasicStmnt>
</StmntSeq>
</Branch>
<Keyword EndOffset="8096" SrcFileId="7" StartOffset="8093"/>
<LocList>
<Loc EndOffset="8237" SrcFileId="7" StartOffset="8093"/>
</LocList>
</CondStmnt>
</StmntSeq>
</HierarchyLvl>
<HierarchyLvl HierarchyLvlId="1112" HierarchyLvlTypeId="13" Intrnl_Id="816" Name="getTweetCount">
<Header>
<Loc EndOffset="8449" SrcFileId="7" StartOffset="8417"/>
</Header>
<LocList>
<Loc EndOffset="8721" SrcFileId="7" StartOffset="8417"/>
</LocList>
<StmntSeq Intrnl_Id="817">
<LocList>
<Loc EndOffset="8538" SrcFileId="7" StartOffset="8478"/>
<Loc EndOffset="8697" SrcFileId="7" StartOffset="8460"/>
<Loc EndOffset="8715" SrcFileId="7" StartOffset="8706"/>
</LocList>
<BasicStmnt CovItemId="S70" CovItemPrefix="controller.TwitterController.java" Intrnl_Id="818">
<LocList>
<Loc EndOffset="8538" SrcFileId="7" StartOffset="8478"/>
</LocList>
</BasicStmnt>
<CondStmnt CovItemId="S69" CovItemPrefix="controller.TwitterController.java" Intrnl_Id="819">
<Branch CovItemId="B35" CovItemPrefix="controller.TwitterController.java" Implct="true" Intrnl_Id="820">
<Cond/>
<LocList/>
<StmntSeq Intrnl_Id="821">
<LocList/>
</StmntSeq>
</Branch>
<Branch CovItemId="B36" CovItemPrefix="controller.TwitterController.java" Implct="false" Intrnl_Id="822">
<Cond>
<Loc EndOffset="8580" SrcFileId="7" StartOffset="8549"/>
</Cond>
<LocList>
<Loc EndOffset="8625" SrcFileId="7" StartOffset="8581"/>
</LocList>
<StmntSeq Intrnl_Id="823">
<LocList>
<Loc EndOffset="8615" SrcFileId="7" StartOffset="8595"/>
</LocList>
<BasicStmnt CovItemId="S71" CovItemPrefix="controller.TwitterController.java" Intrnl_Id="824">
<LocList>
<Loc EndOffset="8615" SrcFileId="7" StartOffset="8595"/>
</LocList>
</BasicStmnt>
</StmntSeq>
</Branch>
<Branch CovItemId="B37" CovItemPrefix="controller.TwitterController.java" Implct="false" Intrnl_Id="825">
<Cond>
<Loc EndOffset="8652" SrcFileId="7" StartOffset="8626"/>
</Cond>
<LocList>
<Loc EndOffset="8697" SrcFileId="7" StartOffset="8653"/>
</LocList>
<StmntSeq Intrnl_Id="826">
<LocList>
<Loc EndOffset="8687" SrcFileId="7" StartOffset="8667"/>
</LocList>
<BasicStmnt CovItemId="S72" CovItemPrefix="controller.TwitterController.java" Intrnl_Id="827">
<LocList>
<Loc EndOffset="8687" SrcFileId="7" StartOffset="8667"/>
</LocList>
</BasicStmnt>
</StmntSeq>
</Branch>
<Keyword EndOffset="8463" SrcFileId="7" StartOffset="8460"/>
<LocList>
<Loc EndOffset="8697" SrcFileId="7" StartOffset="8460"/>
</LocList>
</CondStmnt>
<BasicStmnt CovItemId="S73" CovItemPrefix="controller.TwitterController.java" Intrnl_Id="828">
<LocList>
<Loc EndOffset="8715" SrcFileId="7" StartOffset="8706"/>
</LocList>
</BasicStmnt>
</StmntSeq>
</HierarchyLvl>
<HierarchyLvl HierarchyLvlId="1113" HierarchyLvlTypeId="13" Intrnl_Id="829" Name="getFriendsIDs">
<Header>
<Loc EndOffset="8933" SrcFileId="7" StartOffset="8898"/>
</Header>
<LocList>
<Loc EndOffset="9084" SrcFileId="7" StartOffset="8898"/>
</LocList>
<StmntSeq Intrnl_Id="830">
<LocList>
<Loc EndOffset="9004" SrcFileId="7" StartOffset="8962"/>
<Loc EndOffset="9078" SrcFileId="7" StartOffset="8944"/>
</LocList>
<BasicStmnt CovItemId="S75" CovItemPrefix="controller.TwitterController.java" Intrnl_Id="831">
<LocList>
<Loc EndOffset="9004" SrcFileId="7" StartOffset="8962"/>
</LocList>
</BasicStmnt>
<CondStmnt CovItemId="S74" CovItemPrefix="controller.TwitterController.java" Intrnl_Id="832">
<Branch CovItemId="B38" CovItemPrefix="controller.TwitterController.java" Implct="true" Intrnl_Id="833">
<Cond/>
<LocList/>
<StmntSeq Intrnl_Id="834">
<LocList/>
</StmntSeq>
</Branch>
<Branch CovItemId="B39" CovItemPrefix="controller.TwitterController.java" Implct="false" Intrnl_Id="835">
<Cond>
<Loc EndOffset="9041" SrcFileId="7" StartOffset="9015"/>
</Cond>
<LocList>
<Loc EndOffset="9078" SrcFileId="7" StartOffset="9042"/>
</LocList>
<StmntSeq Intrnl_Id="836">
<LocList>
<Loc EndOffset="9068" SrcFileId="7" StartOffset="9056"/>
</LocList>
<BasicStmnt CovItemId="S76" CovItemPrefix="controller.TwitterController.java" Intrnl_Id="837">
<LocList>
<Loc EndOffset="9068" SrcFileId="7" StartOffset="9056"/>
</LocList>
</BasicStmnt>
</StmntSeq>
</Branch>
<Keyword EndOffset="8947" SrcFileId="7" StartOffset="8944"/>
<LocList>
<Loc EndOffset="9078" SrcFileId="7" StartOffset="8944"/>
</LocList>
</CondStmnt>
</StmntSeq>
</HierarchyLvl>
<HierarchyLvl HierarchyLvlId="1114" HierarchyLvlTypeId="13" Intrnl_Id="838" Name="getFriendsCount">
<Header>
<Loc EndOffset="9311" SrcFileId="7" StartOffset="9277"/>
</Header>
<LocList>
<Loc EndOffset="9582" SrcFileId="7" StartOffset="9277"/>
</LocList>
<StmntSeq Intrnl_Id="839">
<LocList>
<Loc EndOffset="9399" SrcFileId="7" StartOffset="9340"/>
<Loc EndOffset="9558" SrcFileId="7" StartOffset="9322"/>
<Loc EndOffset="9576" SrcFileId="7" StartOffset="9567"/>
</LocList>
<BasicStmnt CovItemId="S78" CovItemPrefix="controller.TwitterController.java" Intrnl_Id="840">
<LocList>
<Loc EndOffset="9399" SrcFileId="7" StartOffset="9340"/>
</LocList>
</BasicStmnt>
<CondStmnt CovItemId="S77" CovItemPrefix="controller.TwitterController.java" Intrnl_Id="841">
<Branch CovItemId="B40" CovItemPrefix="controller.TwitterController.java" Implct="true" Intrnl_Id="842">
<Cond/>
<LocList/>
<StmntSeq Intrnl_Id="843">
<LocList/>
</StmntSeq>
</Branch>
<Branch CovItemId="B41" CovItemPrefix="controller.TwitterController.java" Implct="false" Intrnl_Id="844">
<Cond>
<Loc EndOffset="9441" SrcFileId="7" StartOffset="9410"/>
</Cond>
<LocList>
<Loc EndOffset="9486" SrcFileId="7" StartOffset="9442"/>
</LocList>
<StmntSeq Intrnl_Id="845">
<LocList>
<Loc EndOffset="9476" SrcFileId="7" StartOffset="9456"/>
</LocList>
<BasicStmnt CovItemId="S79" CovItemPrefix="controller.TwitterController.java" Intrnl_Id="846">
<LocList>
<Loc EndOffset="9476" SrcFileId="7" StartOffset="9456"/>
</LocList>
</BasicStmnt>
</StmntSeq>
</Branch>
<Branch CovItemId="B42" CovItemPrefix="controller.TwitterController.java" Implct="false" Intrnl_Id="847">
<Cond>
<Loc EndOffset="9513" SrcFileId="7" StartOffset="9487"/>
</Cond>
<LocList>
<Loc EndOffset="9558" SrcFileId="7" StartOffset="9514"/>
</LocList>
<StmntSeq Intrnl_Id="848">
<LocList>
<Loc EndOffset="9548" SrcFileId="7" StartOffset="9528"/>
</LocList>
<BasicStmnt CovItemId="S80" CovItemPrefix="controller.TwitterController.java" Intrnl_Id="849">
<LocList>
<Loc EndOffset="9548" SrcFileId="7" StartOffset="9528"/>
</LocList>
</BasicStmnt>
</StmntSeq>
</Branch>
<Keyword EndOffset="9325" SrcFileId="7" StartOffset="9322"/>
<LocList>
<Loc EndOffset="9558" SrcFileId="7" StartOffset="9322"/>
</LocList>
</CondStmnt>
<BasicStmnt CovItemId="S81" CovItemPrefix="controller.TwitterController.java" Intrnl_Id="850">
<LocList>
<Loc EndOffset="9576" SrcFileId="7" StartOffset="9567"/>
</LocList>
</BasicStmnt>
</StmntSeq>
</HierarchyLvl>
<HierarchyLvl HierarchyLvlId="1115" HierarchyLvlTypeId="13" Intrnl_Id="851" Name="getFollowers">
<Header>
<Loc EndOffset="9808" SrcFileId="7" StartOffset="9765"/>
</Header>
<LocList>
<Loc EndOffset="10196" SrcFileId="7" StartOffset="9765"/>
</LocList>
<StmntSeq Intrnl_Id="852">
<LocList>
<Loc EndOffset="9865" SrcFileId="7" StartOffset="9819"/>
<Loc EndOffset="9943" SrcFileId="7" StartOffset="9892"/>
<Loc EndOffset="10039" SrcFileId="7" StartOffset="9956"/>
<Loc EndOffset="10168" SrcFileId="7" StartOffset="9874"/>
<Loc EndOffset="10190" SrcFileId="7" StartOffset="10177"/>
</LocList>
<BasicStmnt CovItemId="S82" CovItemPrefix="controller.TwitterController.java" Intrnl_Id="853">
<LocList>
<Loc EndOffset="9865" SrcFileId="7" StartOffset="9819"/>
</LocList>
</BasicStmnt>
<BasicStmnt CovItemId="S84" CovItemPrefix="controller.TwitterController.java" Intrnl_Id="854">
<LocList>
<Loc EndOffset="9943" SrcFileId="7" StartOffset="9892"/>
</LocList>
</BasicStmnt>
<LoopStmnt CovItemId="S85" CovItemPrefix="controller.TwitterController.java" Intrnl_Id="855" MltplExecId="L1-2" MltplExecPrefix="controller.TwitterController.java" NvrExecId="L1-0" NvrExecPrefix="controller.TwitterController.java" OnceExecutedId="L1-1" OnceExecutedPrefix="controller.TwitterController.java" OptBodyExec="true">
<StmntSeq Intrnl_Id="856">
<LocList>
<Loc EndOffset="10025" SrcFileId="7" StartOffset="9994"/>
</LocList>
<BasicStmnt CovItemId="S86" CovItemPrefix="controller.TwitterController.java" Intrnl_Id="857">
<LocList>
<Loc EndOffset="10025" SrcFileId="7" StartOffset="9994"/>
</LocList>
</BasicStmnt>
</StmntSeq>
<Keyword EndOffset="9959" SrcFileId="7" StartOffset="9956"/>
<LocList>
<Loc EndOffset="10039" SrcFileId="7" StartOffset="9956"/>
</LocList>
</LoopStmnt>
<CondStmnt CovItemId="S83" CovItemPrefix="controller.TwitterController.java" Intrnl_Id="858">
<Branch CovItemId="B43" CovItemPrefix="controller.TwitterController.java" Implct="true" Intrnl_Id="859">
<Cond/>
<LocList/>
<StmntSeq Intrnl_Id="860">
<LocList/>
</StmntSeq>
</Branch>
<Branch CovItemId="B44" CovItemPrefix="controller.TwitterController.java" Implct="false" Intrnl_Id="861">
<Cond>
<Loc EndOffset="10076" SrcFileId="7" StartOffset="10050"/>
</Cond>
<LocList>
<Loc EndOffset="10168" SrcFileId="7" StartOffset="10077"/>
</LocList>
<StmntSeq Intrnl_Id="862">
<LocList>
<Loc EndOffset="10158" SrcFileId="7" StartOffset="10138"/>
</LocList>
<BasicStmnt CovItemId="S87" CovItemPrefix="controller.TwitterController.java" Intrnl_Id="863">
<LocList>
<Loc EndOffset="10158" SrcFileId="7" StartOffset="10138"/>
</LocList>
</BasicStmnt>
</StmntSeq>
</Branch>
<Keyword EndOffset="9877" SrcFileId="7" StartOffset="9874"/>
<LocList>
<Loc EndOffset="10168" SrcFileId="7" StartOffset="9874"/>
</LocList>
</CondStmnt>
<BasicStmnt CovItemId="S88" CovItemPrefix="controller.TwitterController.java" Intrnl_Id="864">
<LocList>
<Loc EndOffset="10190" SrcFileId="7" StartOffset="10177"/>
</LocList>
</BasicStmnt>
</StmntSeq>
</HierarchyLvl>
<HierarchyLvl HierarchyLvlId="1116" HierarchyLvlTypeId="13" Intrnl_Id="865" Name="getFollowing">
<Header>
<Loc EndOffset="10423" SrcFileId="7" StartOffset="10380"/>
</Header>
<LocList>
<Loc EndOffset="10809" SrcFileId="7" StartOffset="10380"/>
</LocList>
<StmntSeq Intrnl_Id="866">
<LocList>
<Loc EndOffset="10480" SrcFileId="7" StartOffset="10434"/>
<Loc EndOffset="10556" SrcFileId="7" StartOffset="10507"/>
<Loc EndOffset="10652" SrcFileId="7" StartOffset="10569"/>
<Loc EndOffset="10781" SrcFileId="7" StartOffset="10489"/>
<Loc EndOffset="10803" SrcFileId="7" StartOffset="10790"/>
</LocList>
<BasicStmnt CovItemId="S89" CovItemPrefix="controller.TwitterController.java" Intrnl_Id="867">
<LocList>
<Loc EndOffset="10480" SrcFileId="7" StartOffset="10434"/>
</LocList>
</BasicStmnt>
<BasicStmnt CovItemId="S91" CovItemPrefix="controller.TwitterController.java" Intrnl_Id="868">
<LocList>
<Loc EndOffset="10556" SrcFileId="7" StartOffset="10507"/>
</LocList>
</BasicStmnt>
<LoopStmnt CovItemId="S92" CovItemPrefix="controller.TwitterController.java" Intrnl_Id="869" MltplExecId="L2-2" MltplExecPrefix="controller.TwitterController.java" NvrExecId="L2-0" NvrExecPrefix="controller.TwitterController.java" OnceExecutedId="L2-1" OnceExecutedPrefix="controller.TwitterController.java" OptBodyExec="true">
<StmntSeq Intrnl_Id="870">
<LocList>
<Loc EndOffset="10638" SrcFileId="7" StartOffset="10607"/>
</LocList>
<BasicStmnt CovItemId="S93" CovItemPrefix="controller.TwitterController.java" Intrnl_Id="871">
<LocList>
<Loc EndOffset="10638" SrcFileId="7" StartOffset="10607"/>
</LocList>
</BasicStmnt>
</StmntSeq>
<Keyword EndOffset="10572" SrcFileId="7" StartOffset="10569"/>
<LocList>
<Loc EndOffset="10652" SrcFileId="7" StartOffset="10569"/>
</LocList>
</LoopStmnt>
<CondStmnt CovItemId="S90" CovItemPrefix="controller.TwitterController.java" Intrnl_Id="872">
<Branch CovItemId="B45" CovItemPrefix="controller.TwitterController.java" Implct="true" Intrnl_Id="873">
<Cond/>
<LocList/>
<StmntSeq Intrnl_Id="874">
<LocList/>
</StmntSeq>
</Branch>
<Branch CovItemId="B46" CovItemPrefix="controller.TwitterController.java" Implct="false" Intrnl_Id="875">
<Cond>
<Loc EndOffset="10689" SrcFileId="7" StartOffset="10663"/>
</Cond>
<LocList>
<Loc EndOffset="10781" SrcFileId="7" StartOffset="10690"/>
</LocList>
<StmntSeq Intrnl_Id="876">
<LocList>
<Loc EndOffset="10771" SrcFileId="7" StartOffset="10751"/>
</LocList>
<BasicStmnt CovItemId="S94" CovItemPrefix="controller.TwitterController.java" Intrnl_Id="877">
<LocList>
<Loc EndOffset="10771" SrcFileId="7" StartOffset="10751"/>
</LocList>
</BasicStmnt>
</StmntSeq>
</Branch>
<Keyword EndOffset="10492" SrcFileId="7" StartOffset="10489"/>
<LocList>
<Loc EndOffset="10781" SrcFileId="7" StartOffset="10489"/>
</LocList>
</CondStmnt>
<BasicStmnt CovItemId="S95" CovItemPrefix="controller.TwitterController.java" Intrnl_Id="878">
<LocList>
<Loc EndOffset="10803" SrcFileId="7" StartOffset="10790"/>
</LocList>
</BasicStmnt>
</StmntSeq>
</HierarchyLvl>
<HierarchyLvl HierarchyLvlId="1117" HierarchyLvlTypeId="13" Intrnl_Id="879" Name="unfollow">
<Header>
<Loc EndOffset="11067" SrcFileId="7" StartOffset="11024"/>
</Header>
<LocList>
<Loc EndOffset="11307" SrcFileId="7" StartOffset="11024"/>
</LocList>
<StmntSeq Intrnl_Id="880">
<LocList>
<Loc EndOffset="11125" SrcFileId="7" StartOffset="11096"/>
<Loc EndOffset="11150" SrcFileId="7" StartOffset="11138"/>
<Loc EndOffset="11279" SrcFileId="7" StartOffset="11078"/>
<Loc EndOffset="11301" SrcFileId="7" StartOffset="11288"/>
</LocList>
<BasicStmnt CovItemId="S97" CovItemPrefix="controller.TwitterController.java" Intrnl_Id="881">
<LocList>
<Loc EndOffset="11125" SrcFileId="7" StartOffset="11096"/>
</LocList>
</BasicStmnt>
<BasicStmnt CovItemId="S98" CovItemPrefix="controller.TwitterController.java" Intrnl_Id="882">
<LocList>
<Loc EndOffset="11150" SrcFileId="7" StartOffset="11138"/>
</LocList>
</BasicStmnt>
<CondStmnt CovItemId="S96" CovItemPrefix="controller.TwitterController.java" Intrnl_Id="883">
<Branch CovItemId="B47" CovItemPrefix="controller.TwitterController.java" Implct="true" Intrnl_Id="884">
<Cond/>
<LocList/>
<StmntSeq Intrnl_Id="885">
<LocList/>
</StmntSeq>
</Branch>
<Branch CovItemId="B48" CovItemPrefix="controller.TwitterController.java" Implct="false" Intrnl_Id="886">
<Cond>
<Loc EndOffset="11187" SrcFileId="7" StartOffset="11161"/>
</Cond>
<LocList>
<Loc EndOffset="11279" SrcFileId="7" StartOffset="11188"/>
</LocList>
<StmntSeq Intrnl_Id="887">
<LocList>
<Loc EndOffset="11269" SrcFileId="7" StartOffset="11249"/>
</LocList>
<BasicStmnt CovItemId="S99" CovItemPrefix="controller.TwitterController.java" Intrnl_Id="888">
<LocList>
<Loc EndOffset="11269" SrcFileId="7" StartOffset="11249"/>
</LocList>
</BasicStmnt>
</StmntSeq>
</Branch>
<Keyword EndOffset="11081" SrcFileId="7" StartOffset="11078"/>
<LocList>
<Loc EndOffset="11279" SrcFileId="7" StartOffset="11078"/>
</LocList>
</CondStmnt>
<BasicStmnt CovItemId="S100" CovItemPrefix="controller.TwitterController.java" Intrnl_Id="889">
<LocList>
<Loc EndOffset="11301" SrcFileId="7" StartOffset="11288"/>
</LocList>
</BasicStmnt>
</StmntSeq>
</HierarchyLvl>
<HierarchyLvl HierarchyLvlId="1118" HierarchyLvlTypeId="13" Intrnl_Id="890" Name="showUser">
<Header>
<Loc EndOffset="11554" SrcFileId="7" StartOffset="11514"/>
</Header>
<LocList>
<Loc EndOffset="11766" SrcFileId="7" StartOffset="11514"/>
</LocList>
<StmntSeq Intrnl_Id="891">
<LocList>
<Loc EndOffset="11610" SrcFileId="7" StartOffset="11583"/>
<Loc EndOffset="11739" SrcFileId="7" StartOffset="11565"/>
<Loc EndOffset="11760" SrcFileId="7" StartOffset="11748"/>
</LocList>
<BasicStmnt CovItemId="S102" CovItemPrefix="controller.TwitterController.java" Intrnl_Id="892">
<LocList>
<Loc EndOffset="11610" SrcFileId="7" StartOffset="11583"/>
</LocList>
</BasicStmnt>
<CondStmnt CovItemId="S101" CovItemPrefix="controller.TwitterController.java" Intrnl_Id="893">
<Branch CovItemId="B49" CovItemPrefix="controller.TwitterController.java" Implct="true" Intrnl_Id="894">
<Cond/>
<LocList/>
<StmntSeq Intrnl_Id="895">
<LocList/>
</StmntSeq>
</Branch>
<Branch CovItemId="B50" CovItemPrefix="controller.TwitterController.java" Implct="false" Intrnl_Id="896">
<Cond>
<Loc EndOffset="11647" SrcFileId="7" StartOffset="11621"/>
</Cond>
<LocList>
<Loc EndOffset="11739" SrcFileId="7" StartOffset="11648"/>
</LocList>
<StmntSeq Intrnl_Id="897">
<LocList>
<Loc EndOffset="11729" SrcFileId="7" StartOffset="11709"/>
</LocList>
<BasicStmnt CovItemId="S103" CovItemPrefix="controller.TwitterController.java" Intrnl_Id="898">
<LocList>
<Loc EndOffset="11729" SrcFileId="7" StartOffset="11709"/>
</LocList>
</BasicStmnt>
</StmntSeq>
</Branch>
<Keyword EndOffset="11568" SrcFileId="7" StartOffset="11565"/>
<LocList>
<Loc EndOffset="11739" SrcFileId="7" StartOffset="11565"/>
</LocList>
</CondStmnt>
<BasicStmnt CovItemId="S104" CovItemPrefix="controller.TwitterController.java" Intrnl_Id="899">
<LocList>
<Loc EndOffset="11760" SrcFileId="7" StartOffset="11748"/>
</LocList>
</BasicStmnt>
</StmntSeq>
</HierarchyLvl>
<HierarchyLvl HierarchyLvlId="1119" HierarchyLvlTypeId="13" Intrnl_Id="900" Name="getFollowersCount">
<Header>
<Loc EndOffset="11999" SrcFileId="7" StartOffset="11963"/>
</Header>
<LocList>
<Loc EndOffset="12366" SrcFileId="7" StartOffset="11963"/>
</LocList>
<StmntSeq Intrnl_Id="901">
<LocList>
<Loc EndOffset="12089" SrcFileId="7" StartOffset="12028"/>
<Loc EndOffset="12342" SrcFileId="7" StartOffset="12010"/>
<Loc EndOffset="12360" SrcFileId="7" StartOffset="12351"/>
</LocList>
<BasicStmnt CovItemId="S106" CovItemPrefix="controller.TwitterController.java" Intrnl_Id="902">
<LocList>
<Loc EndOffset="12089" SrcFileId="7" StartOffset="12028"/>
</LocList>
</BasicStmnt>
<CondStmnt CovItemId="S105" CovItemPrefix="controller.TwitterController.java" Intrnl_Id="903">
<Branch CovItemId="B51" CovItemPrefix="controller.TwitterController.java" Implct="true" Intrnl_Id="904">
<Cond/>
<LocList/>
<StmntSeq Intrnl_Id="905">
<LocList/>
</StmntSeq>
</Branch>
<Branch CovItemId="B52" CovItemPrefix="controller.TwitterController.java" Implct="false" Intrnl_Id="906">
<Cond>
<Loc EndOffset="12131" SrcFileId="7" StartOffset="12100"/>
</Cond>
<LocList>
<Loc EndOffset="12223" SrcFileId="7" StartOffset="12132"/>
</LocList>
<StmntSeq Intrnl_Id="907">
<LocList>
<Loc EndOffset="12213" SrcFileId="7" StartOffset="12193"/>
</LocList>
<BasicStmnt CovItemId="S107" CovItemPrefix="controller.TwitterController.java" Intrnl_Id="908">
<LocList>
<Loc EndOffset="12213" SrcFileId="7" StartOffset="12193"/>
</LocList>
</BasicStmnt>
</StmntSeq>
</Branch>
<Branch CovItemId="B53" CovItemPrefix="controller.TwitterController.java" Implct="false" Intrnl_Id="909">
<Cond>
<Loc EndOffset="12250" SrcFileId="7" StartOffset="12224"/>
</Cond>
<LocList>
<Loc EndOffset="12342" SrcFileId="7" StartOffset="12251"/>
</LocList>
<StmntSeq Intrnl_Id="910">
<LocList>
<Loc EndOffset="12332" SrcFileId="7" StartOffset="12312"/>
</LocList>
<BasicStmnt CovItemId="S108" CovItemPrefix="controller.TwitterController.java" Intrnl_Id="911">
<LocList>
<Loc EndOffset="12332" SrcFileId="7" StartOffset="12312"/>
</LocList>
</BasicStmnt>
</StmntSeq>
</Branch>
<Keyword EndOffset="12013" SrcFileId="7" StartOffset="12010"/>
<LocList>
<Loc EndOffset="12342" SrcFileId="7" StartOffset="12010"/>
</LocList>
</CondStmnt>
<BasicStmnt CovItemId="S109" CovItemPrefix="controller.TwitterController.java" Intrnl_Id="912">
<LocList>
<Loc EndOffset="12360" SrcFileId="7" StartOffset="12351"/>
</LocList>
</BasicStmnt>
</StmntSeq>
</HierarchyLvl>
<HierarchyLvl HierarchyLvlId="1120" HierarchyLvlTypeId="13" Intrnl_Id="913" Name="destroyStatus">
<Header>
<Loc EndOffset="12604" SrcFileId="7" StartOffset="12559"/>
</Header>
<LocList>
<Loc EndOffset="12793" SrcFileId="7" StartOffset="12559"/>
</LocList>
<StmntSeq Intrnl_Id="914">
<LocList>
<Loc EndOffset="12658" SrcFileId="7" StartOffset="12633"/>
<Loc EndOffset="12787" SrcFileId="7" StartOffset="12615"/>
</LocList>
<BasicStmnt CovItemId="S111" CovItemPrefix="controller.TwitterController.java" Intrnl_Id="915">
<LocList>
<Loc EndOffset="12658" SrcFileId="7" StartOffset="12633"/>
</LocList>
</BasicStmnt>
<CondStmnt CovItemId="S110" CovItemPrefix="controller.TwitterController.java" Intrnl_Id="916">
<Branch CovItemId="B54" CovItemPrefix="controller.TwitterController.java" Implct="true" Intrnl_Id="917">
<Cond/>
<LocList/>
<StmntSeq Intrnl_Id="918">
<LocList/>
</StmntSeq>
</Branch>
<Branch CovItemId="B55" CovItemPrefix="controller.TwitterController.java" Implct="false" Intrnl_Id="919">
<Cond>
<Loc EndOffset="12695" SrcFileId="7" StartOffset="12669"/>
</Cond>
<LocList>
<Loc EndOffset="12787" SrcFileId="7" StartOffset="12696"/>
</LocList>
<StmntSeq Intrnl_Id="920">
<LocList>
<Loc EndOffset="12777" SrcFileId="7" StartOffset="12757"/>
</LocList>
<BasicStmnt CovItemId="S112" CovItemPrefix="controller.TwitterController.java" Intrnl_Id="921">
<LocList>
<Loc EndOffset="12777" SrcFileId="7" StartOffset="12757"/>
</LocList>
</BasicStmnt>
</StmntSeq>
</Branch>
<Keyword EndOffset="12618" SrcFileId="7" StartOffset="12615"/>
<LocList>
<Loc EndOffset="12787" SrcFileId="7" StartOffset="12615"/>
</LocList>
</CondStmnt>
</StmntSeq>
</HierarchyLvl>
<HierarchyLvl HierarchyLvlId="1121" HierarchyLvlTypeId="13" Intrnl_Id="922" Name="getHomeTimeline">
<Header>
<Loc EndOffset="13023" SrcFileId="7" StartOffset="12986"/>
</Header>
<LocList>
<Loc EndOffset="13458" SrcFileId="7" StartOffset="12986"/>
</LocList>
<StmntSeq Intrnl_Id="923">
<LocList>
<Loc EndOffset="13063" SrcFileId="7" StartOffset="13034"/>
<Loc EndOffset="13109" SrcFileId="7" StartOffset="13072"/>
<Loc EndOffset="13173" SrcFileId="7" StartOffset="13136"/>
<Loc EndOffset="13302" SrcFileId="7" StartOffset="13118"/>
<Loc EndOffset="13429" SrcFileId="7" StartOffset="13311"/>
<Loc EndOffset="13452" SrcFileId="7" StartOffset="13438"/>
</LocList>
<BasicStmnt CovItemId="S113" CovItemPrefix="controller.TwitterController.java" Intrnl_Id="924">
<LocList>
<Loc EndOffset="13063" SrcFileId="7" StartOffset="13034"/>
</LocList>
</BasicStmnt>
<BasicStmnt CovItemId="S114" CovItemPrefix="controller.TwitterController.java" Intrnl_Id="925">
<LocList>
<Loc EndOffset="13109" SrcFileId="7" StartOffset="13072"/>
</LocList>
</BasicStmnt>
<BasicStmnt CovItemId="S116" CovItemPrefix="controller.TwitterController.java" Intrnl_Id="926">
<LocList>
<Loc EndOffset="13173" SrcFileId="7" StartOffset="13136"/>
</LocList>
</BasicStmnt>
<CondStmnt CovItemId="S115" CovItemPrefix="controller.TwitterController.java" Intrnl_Id="927">
<Branch CovItemId="B56" CovItemPrefix="controller.TwitterController.java" Implct="true" Intrnl_Id="928">
<Cond/>
<LocList/>
<StmntSeq Intrnl_Id="929">
<LocList/>
</StmntSeq>
</Branch>
<Branch CovItemId="B57" CovItemPrefix="controller.TwitterController.java" Implct="false" Intrnl_Id="930">
<Cond>
<Loc EndOffset="13210" SrcFileId="7" StartOffset="13184"/>
</Cond>
<LocList>
<Loc EndOffset="13302" SrcFileId="7" StartOffset="13211"/>
</LocList>
<StmntSeq Intrnl_Id="931">
<LocList>
<Loc EndOffset="13292" SrcFileId="7" StartOffset="13272"/>
</LocList>
<BasicStmnt CovItemId="S117" CovItemPrefix="controller.TwitterController.java" Intrnl_Id="932">
<LocList>
<Loc EndOffset="13292" SrcFileId="7" StartOffset="13272"/>
</LocList>
</BasicStmnt>
</StmntSeq>
</Branch>
<Keyword EndOffset="13121" SrcFileId="7" StartOffset="13118"/>
<LocList>
<Loc EndOffset="13302" SrcFileId="7" StartOffset="13118"/>
</LocList>
</CondStmnt>
<CondStmnt CovItemId="S118" CovItemPrefix="controller.TwitterController.java" Intrnl_Id="933">
<Branch CovItemId="B58" CovItemPrefix="controller.TwitterController.java" Implct="false" Intrnl_Id="934">
<Cond/>
<LocList>
<Loc EndOffset="13429" SrcFileId="7" StartOffset="13333"/>
</LocList>
<StmntSeq Intrnl_Id="935">
<LocList>
<Loc EndOffset="13419" SrcFileId="7" StartOffset="13347"/>
</LocList>
<LoopStmnt CovItemId="S119" CovItemPrefix="controller.TwitterController.java" Intrnl_Id="936" MltplExecId="L3-2" MltplExecPrefix="controller.TwitterController.java" NvrExecId="L3-0" NvrExecPrefix="controller.TwitterController.java" OnceExecutedId="L3-1" OnceExecutedPrefix="controller.TwitterController.java" OptBodyExec="true">
<StmntSeq Intrnl_Id="937">
<LocList>
<Loc EndOffset="13405" SrcFileId="7" StartOffset="13391"/>
</LocList>
<BasicStmnt CovItemId="S120" CovItemPrefix="controller.TwitterController.java" Intrnl_Id="938">
<LocList>
<Loc EndOffset="13405" SrcFileId="7" StartOffset="13391"/>
</LocList>
</BasicStmnt>
</StmntSeq>
<Keyword EndOffset="13350" SrcFileId="7" StartOffset="13347"/>
<LocList>
<Loc EndOffset="13419" SrcFileId="7" StartOffset="13347"/>
</LocList>
</LoopStmnt>
</StmntSeq>
</Branch>
<Branch CovItemId="B59" CovItemPrefix="controller.TwitterController.java" Implct="true" Intrnl_Id="939">
<Cond/>
<LocList/>
<StmntSeq Intrnl_Id="940">
<LocList/>
</StmntSeq>
</Branch>
<Keyword EndOffset="13313" SrcFileId="7" StartOffset="13311"/>
<LocList>
<Loc EndOffset="13429" SrcFileId="7" StartOffset="13311"/>
</LocList>
<RootTerm CovItemId="C3" CovItemPrefix="controller.TwitterController.java" Intrnl_Id="941">
<BasicBoolTerm Intrnl_Id="942">
<LocList>
<Loc EndOffset="13331" SrcFileId="7" StartOffset="13315"/>
</LocList>
</BasicBoolTerm>
</RootTerm>
</CondStmnt>
<BasicStmnt CovItemId="S121" CovItemPrefix="controller.TwitterController.java" Intrnl_Id="943">
<LocList>
<Loc EndOffset="13452" SrcFileId="7" StartOffset="13438"/>
</LocList>
</BasicStmnt>
</StmntSeq>
</HierarchyLvl>
<HierarchyLvl HierarchyLvlId="1122" HierarchyLvlTypeId="13" Intrnl_Id="944" Name="getUserTimeline">
<Header>
<Loc EndOffset="13675" SrcFileId="7" StartOffset="13638"/>
</Header>
<LocList>
<Loc EndOffset="14110" SrcFileId="7" StartOffset="13638"/>
</LocList>
<StmntSeq Intrnl_Id="945">
<LocList>
<Loc EndOffset="13715" SrcFileId="7" StartOffset="13686"/>
<Loc EndOffset="13761" SrcFileId="7" StartOffset="13724"/>
<Loc EndOffset="13825" SrcFileId="7" StartOffset="13788"/>
<Loc EndOffset="13954" SrcFileId="7" StartOffset="13770"/>
<Loc EndOffset="14081" SrcFileId="7" StartOffset="13963"/>
<Loc EndOffset="14104" SrcFileId="7" StartOffset="14090"/>
</LocList>
<BasicStmnt CovItemId="S122" CovItemPrefix="controller.TwitterController.java" Intrnl_Id="946">
<LocList>
<Loc EndOffset="13715" SrcFileId="7" StartOffset="13686"/>
</LocList>
</BasicStmnt>
<BasicStmnt CovItemId="S123" CovItemPrefix="controller.TwitterController.java" Intrnl_Id="947">
<LocList>
<Loc EndOffset="13761" SrcFileId="7" StartOffset="13724"/>
</LocList>
</BasicStmnt>
<BasicStmnt CovItemId="S125" CovItemPrefix="controller.TwitterController.java" Intrnl_Id="948">
<LocList>
<Loc EndOffset="13825" SrcFileId="7" StartOffset="13788"/>
</LocList>
</BasicStmnt>
<CondStmnt CovItemId="S124" CovItemPrefix="controller.TwitterController.java" Intrnl_Id="949">
<Branch CovItemId="B60" CovItemPrefix="controller.TwitterController.java" Implct="true" Intrnl_Id="950">
<Cond/>
<LocList/>
<StmntSeq Intrnl_Id="951">
<LocList/>
</StmntSeq>
</Branch>
<Branch CovItemId="B61" CovItemPrefix="controller.TwitterController.java" Implct="false" Intrnl_Id="952">
<Cond>
<Loc EndOffset="13862" SrcFileId="7" StartOffset="13836"/>
</Cond>
<LocList>
<Loc EndOffset="13954" SrcFileId="7" StartOffset="13863"/>
</LocList>
<StmntSeq Intrnl_Id="953">
<LocList>
<Loc EndOffset="13944" SrcFileId="7" StartOffset="13924"/>
</LocList>
<BasicStmnt CovItemId="S126" CovItemPrefix="controller.TwitterController.java" Intrnl_Id="954">
<LocList>
<Loc EndOffset="13944" SrcFileId="7" StartOffset="13924"/>
</LocList>
</BasicStmnt>
</StmntSeq>
</Branch>
<Keyword EndOffset="13773" SrcFileId="7" StartOffset="13770"/>
<LocList>
<Loc EndOffset="13954" SrcFileId="7" StartOffset="13770"/>
</LocList>
</CondStmnt>
<CondStmnt CovItemId="S127" CovItemPrefix="controller.TwitterController.java" Intrnl_Id="955">
<Branch CovItemId="B62" CovItemPrefix="controller.TwitterController.java" Implct="false" Intrnl_Id="956">
<Cond/>
<LocList>
<Loc EndOffset="14081" SrcFileId="7" StartOffset="13985"/>
</LocList>
<StmntSeq Intrnl_Id="957">
<LocList>
<Loc EndOffset="14071" SrcFileId="7" StartOffset="13999"/>
</LocList>
<LoopStmnt CovItemId="S128" CovItemPrefix="controller.TwitterController.java" Intrnl_Id="958" MltplExecId="L4-2" MltplExecPrefix="controller.TwitterController.java" NvrExecId="L4-0" NvrExecPrefix="controller.TwitterController.java" OnceExecutedId="L4-1" OnceExecutedPrefix="controller.TwitterController.java" OptBodyExec="true">
<StmntSeq Intrnl_Id="959">
<LocList>
<Loc EndOffset="14057" SrcFileId="7" StartOffset="14043"/>
</LocList>
<BasicStmnt CovItemId="S129" CovItemPrefix="controller.TwitterController.java" Intrnl_Id="960">
<LocList>
<Loc EndOffset="14057" SrcFileId="7" StartOffset="14043"/>
</LocList>
</BasicStmnt>
</StmntSeq>
<Keyword EndOffset="14002" SrcFileId="7" StartOffset="13999"/>
<LocList>
<Loc EndOffset="14071" SrcFileId="7" StartOffset="13999"/>
</LocList>
</LoopStmnt>
</StmntSeq>
</Branch>
<Branch CovItemId="B63" CovItemPrefix="controller.TwitterController.java" Implct="true" Intrnl_Id="961">
<Cond/>
<LocList/>
<StmntSeq Intrnl_Id="962">
<LocList/>
</StmntSeq>
</Branch>
<Keyword EndOffset="13965" SrcFileId="7" StartOffset="13963"/>
<LocList>
<Loc EndOffset="14081" SrcFileId="7" StartOffset="13963"/>
</LocList>
<RootTerm CovItemId="C4" CovItemPrefix="controller.TwitterController.java" Intrnl_Id="963">
<BasicBoolTerm Intrnl_Id="964">
<LocList>
<Loc EndOffset="13983" SrcFileId="7" StartOffset="13967"/>
</LocList>
</BasicBoolTerm>
</RootTerm>
</CondStmnt>
<BasicStmnt CovItemId="S130" CovItemPrefix="controller.TwitterController.java" Intrnl_Id="965">
<LocList>
<Loc EndOffset="14104" SrcFileId="7" StartOffset="14090"/>
</LocList>
</BasicStmnt>
</StmntSeq>
</HierarchyLvl>
<HierarchyLvl HierarchyLvlId="1123" HierarchyLvlTypeId="13" Intrnl_Id="966" Name="getAuthUrl">
<Header>
<Loc EndOffset="14328" SrcFileId="7" StartOffset="14296"/>
</Header>
<LocList>
<Loc EndOffset="14388" SrcFileId="7" StartOffset="14296"/>
</LocList>
<StmntSeq Intrnl_Id="967">
<LocList>
<Loc EndOffset="14381" SrcFileId="7" StartOffset="14339"/>
</LocList>
<BasicStmnt CovItemId="S131" CovItemPrefix="controller.TwitterController.java" Intrnl_Id="968">
<LocList>
<Loc EndOffset="14381" SrcFileId="7" StartOffset="14339"/>
</LocList>
</BasicStmnt>
</StmntSeq>
</HierarchyLvl>
<HierarchyLvl HierarchyLvlId="1124" HierarchyLvlTypeId="13" Intrnl_Id="969" Name="addToFile">
<Header>
<Loc EndOffset="14631" SrcFileId="7" StartOffset="14578"/>
</Header>
<LocList>
<Loc EndOffset="15087" SrcFileId="7" StartOffset="14578"/>
</LocList>
<StmntSeq Intrnl_Id="970">
<LocList>
<Loc EndOffset="14676" SrcFileId="7" StartOffset="14642"/>
<Loc EndOffset="14733" SrcFileId="7" StartOffset="14686"/>
<Loc EndOffset="14801" SrcFileId="7" StartOffset="14742"/>
<Loc EndOffset="14877" SrcFileId="7" StartOffset="14829"/>
<Loc EndOffset="14921" SrcFileId="7" StartOffset="14890"/>
<Loc EndOffset="14947" SrcFileId="7" StartOffset="14934"/>
<Loc EndOffset="14973" SrcFileId="7" StartOffset="14960"/>
<Loc EndOffset="15002" SrcFileId="7" StartOffset="14987"/>
<Loc EndOffset="15080" SrcFileId="7" StartOffset="14811"/>
</LocList>
<BasicStmnt CovItemId="S132" CovItemPrefix="controller.TwitterController.java" Intrnl_Id="971">
<LocList>
<Loc EndOffset="14676" SrcFileId="7" StartOffset="14642"/>
</LocList>
</BasicStmnt>
<BasicStmnt CovItemId="S133" CovItemPrefix="controller.TwitterController.java" Intrnl_Id="972">
<LocList>
<Loc EndOffset="14733" SrcFileId="7" StartOffset="14686"/>
</LocList>
</BasicStmnt>
<BasicStmnt CovItemId="S134" CovItemPrefix="controller.TwitterController.java" Intrnl_Id="973">
<LocList>
<Loc EndOffset="14801" SrcFileId="7" StartOffset="14742"/>
</LocList>
</BasicStmnt>
<BasicStmnt CovItemId="S136" CovItemPrefix="controller.TwitterController.java" Intrnl_Id="974">
<LocList>
<Loc EndOffset="14877" SrcFileId="7" StartOffset="14829"/>
</LocList>
</BasicStmnt>
<BasicStmnt CovItemId="S137" CovItemPrefix="controller.TwitterController.java" Intrnl_Id="975">
<LocList>
<Loc EndOffset="14921" SrcFileId="7" StartOffset="14890"/>
</LocList>
</BasicStmnt>
<BasicStmnt CovItemId="S138" CovItemPrefix="controller.TwitterController.java" Intrnl_Id="976">
<LocList>
<Loc EndOffset="14947" SrcFileId="7" StartOffset="14934"/>
</LocList>
</BasicStmnt>
<BasicStmnt CovItemId="S139" CovItemPrefix="controller.TwitterController.java" Intrnl_Id="977">
<LocList>
<Loc EndOffset="14973" SrcFileId="7" StartOffset="14960"/>
</LocList>
</BasicStmnt>
<BasicStmnt CovItemId="S140" CovItemPrefix="controller.TwitterController.java" Intrnl_Id="978">
<LocList>
<Loc EndOffset="15002" SrcFileId="7" StartOffset="14987"/>
</LocList>
</BasicStmnt>
<CondStmnt CovItemId="S135" CovItemPrefix="controller.TwitterController.java" Intrnl_Id="979">
<Branch CovItemId="B64" CovItemPrefix="controller.TwitterController.java" Implct="true" Intrnl_Id="980">
<Cond/>
<LocList/>
<StmntSeq Intrnl_Id="981">
<LocList/>
</StmntSeq>
</Branch>
<Branch CovItemId="B65" CovItemPrefix="controller.TwitterController.java" Implct="false" Intrnl_Id="982">
<Cond>
<Loc EndOffset="15035" SrcFileId="7" StartOffset="15014"/>
</Cond>
<LocList>
<Loc EndOffset="15080" SrcFileId="7" StartOffset="15036"/>
</LocList>
<StmntSeq Intrnl_Id="983">
<LocList>
<Loc EndOffset="15070" SrcFileId="7" StartOffset="15050"/>
</LocList>
<BasicStmnt CovItemId="S141" CovItemPrefix="controller.TwitterController.java" Intrnl_Id="984">
<LocList>
<Loc EndOffset="15070" SrcFileId="7" StartOffset="15050"/>
</LocList>
</BasicStmnt>
</StmntSeq>
</Branch>
<Keyword EndOffset="14814" SrcFileId="7" StartOffset="14811"/>
<LocList>
<Loc EndOffset="15080" SrcFileId="7" StartOffset="14811"/>
</LocList>
</CondStmnt>
</StmntSeq>
</HierarchyLvl>
<HierarchyLvl HierarchyLvlId="1125" HierarchyLvlTypeId="13" Intrnl_Id="985" Name="getAccessToken">
<Header>
<Loc EndOffset="15309" SrcFileId="7" StartOffset="15278"/>
</Header>
<LocList>
<Loc EndOffset="15631" SrcFileId="7" StartOffset="15278"/>
</LocList>
<StmntSeq Intrnl_Id="986">
<LocList>
<Loc EndOffset="15357" SrcFileId="7" StartOffset="15320"/>
<Loc EndOffset="15442" SrcFileId="7" StartOffset="15385"/>
<Loc EndOffset="15497" SrcFileId="7" StartOffset="15456"/>
<Loc EndOffset="15557" SrcFileId="7" StartOffset="15511"/>
<Loc EndOffset="15625" SrcFileId="7" StartOffset="15366"/>
</LocList>
<BasicStmnt CovItemId="S142" CovItemPrefix="controller.TwitterController.java" Intrnl_Id="987">
<LocList>
<Loc EndOffset="15357" SrcFileId="7" StartOffset="15320"/>
</LocList>
</BasicStmnt>
<BasicStmnt CovItemId="S144" CovItemPrefix="controller.TwitterController.java" Intrnl_Id="988">
<LocList>
<Loc EndOffset="15442" SrcFileId="7" StartOffset="15385"/>
</LocList>
</BasicStmnt>
<BasicStmnt CovItemId="S145" CovItemPrefix="controller.TwitterController.java" Intrnl_Id="989">
<LocList>
<Loc EndOffset="15497" SrcFileId="7" StartOffset="15456"/>
</LocList>
</BasicStmnt>
<BasicStmnt CovItemId="S146" CovItemPrefix="controller.TwitterController.java" Intrnl_Id="990">
<LocList>
<Loc EndOffset="15557" SrcFileId="7" StartOffset="15511"/>
</LocList>
</BasicStmnt>
<CondStmnt CovItemId="S143" CovItemPrefix="controller.TwitterController.java" Intrnl_Id="991">
<Branch CovItemId="B66" CovItemPrefix="controller.TwitterController.java" Implct="true" Intrnl_Id="992">
<Cond/>
<LocList/>
<StmntSeq Intrnl_Id="993">
<LocList/>
</StmntSeq>
</Branch>
<Branch CovItemId="B67" CovItemPrefix="controller.TwitterController.java" Implct="false" Intrnl_Id="994">
<Cond>
<Loc EndOffset="15588" SrcFileId="7" StartOffset="15569"/>
</Cond>
<LocList>
<Loc EndOffset="15625" SrcFileId="7" StartOffset="15589"/>
</LocList>
<StmntSeq Intrnl_Id="995">
<LocList>
<Loc EndOffset="15615" SrcFileId="7" StartOffset="15603"/>
</LocList>
<BasicStmnt CovItemId="S147" CovItemPrefix="controller.TwitterController.java" Intrnl_Id="996">
<LocList>
<Loc EndOffset="15615" SrcFileId="7" StartOffset="15603"/>
</LocList>
</BasicStmnt>
</StmntSeq>
</Branch>
<Keyword EndOffset="15369" SrcFileId="7" StartOffset="15366"/>
<LocList>
<Loc EndOffset="15625" SrcFileId="7" StartOffset="15366"/>
</LocList>
</CondStmnt>
</StmntSeq>
</HierarchyLvl>
<HierarchyLvl HierarchyLvlId="1126" HierarchyLvlTypeId="13" Intrnl_Id="997" Name="getAccessTokenSecret">
<Header>
<Loc EndOffset="15859" SrcFileId="7" StartOffset="15822"/>
</Header>
<LocList>
<Loc EndOffset="16187" SrcFileId="7" StartOffset="15822"/>
</LocList>
<StmntSeq Intrnl_Id="998">
<LocList>
<Loc EndOffset="15907" SrcFileId="7" StartOffset="15870"/>
<Loc EndOffset="15992" SrcFileId="7" StartOffset="15935"/>
<Loc EndOffset="16047" SrcFileId="7" StartOffset="16006"/>
<Loc EndOffset="16113" SrcFileId="7" StartOffset="16061"/>
<Loc EndOffset="16181" SrcFileId="7" StartOffset="15916"/>
</LocList>
<BasicStmnt CovItemId="S148" CovItemPrefix="controller.TwitterController.java" Intrnl_Id="999">
<LocList>
<Loc EndOffset="15907" SrcFileId="7" StartOffset="15870"/>
</LocList>
</BasicStmnt>
<BasicStmnt CovItemId="S150" CovItemPrefix="controller.TwitterController.java" Intrnl_Id="1000">
<LocList>
<Loc EndOffset="15992" SrcFileId="7" StartOffset="15935"/>
</LocList>
</BasicStmnt>
<BasicStmnt CovItemId="S151" CovItemPrefix="controller.TwitterController.java" Intrnl_Id="1001">
<LocList>
<Loc EndOffset="16047" SrcFileId="7" StartOffset="16006"/>
</LocList>
</BasicStmnt>
<BasicStmnt CovItemId="S152" CovItemPrefix="controller.TwitterController.java" Intrnl_Id="1002">
<LocList>
<Loc EndOffset="16113" SrcFileId="7" StartOffset="16061"/>
</LocList>
</BasicStmnt>
<CondStmnt CovItemId="S149" CovItemPrefix="controller.TwitterController.java" Intrnl_Id="1003">
<Branch CovItemId="B68" CovItemPrefix="controller.TwitterController.java" Implct="true" Intrnl_Id="1004">
<Cond/>
<LocList/>
<StmntSeq Intrnl_Id="1005">
<LocList/>
</StmntSeq>
</Branch>
<Branch CovItemId="B69" CovItemPrefix="controller.TwitterController.java" Implct="false" Intrnl_Id="1006">
<Cond>
<Loc EndOffset="16144" SrcFileId="7" StartOffset="16125"/>
</Cond>
<LocList>
<Loc EndOffset="16181" SrcFileId="7" StartOffset="16145"/>
</LocList>
<StmntSeq Intrnl_Id="1007">
<LocList>
<Loc EndOffset="16171" SrcFileId="7" StartOffset="16159"/>
</LocList>
<BasicStmnt CovItemId="S153" CovItemPrefix="controller.TwitterController.java" Intrnl_Id="1008">
<LocList>
<Loc EndOffset="16171" SrcFileId="7" StartOffset="16159"/>
</LocList>
</BasicStmnt>
</StmntSeq>
</Branch>
<Keyword EndOffset="15919" SrcFileId="7" StartOffset="15916"/>
<LocList>
<Loc EndOffset="16181" SrcFileId="7" StartOffset="15916"/>
</LocList>
</CondStmnt>
</StmntSeq>
</HierarchyLvl>
<HierarchyLvl HierarchyLvlId="1127" HierarchyLvlTypeId="13" Intrnl_Id="1009" Name="getIsSetUp">
<Header>
<Loc EndOffset="16422" SrcFileId="7" StartOffset="16389"/>
</Header>
<LocList>
<Loc EndOffset="16454" SrcFileId="7" StartOffset="16389"/>
</LocList>
<StmntSeq Intrnl_Id="1010">
<LocList>
<Loc EndOffset="16448" SrcFileId="7" StartOffset="16433"/>
</LocList>
<BasicStmnt CovItemId="S154" CovItemPrefix="controller.TwitterController.java" Intrnl_Id="1011">
<LocList>
<Loc EndOffset="16448" SrcFileId="7" StartOffset="16433"/>
</LocList>
</BasicStmnt>
</StmntSeq>
</HierarchyLvl>
<HierarchyLvl HierarchyLvlId="1128" HierarchyLvlTypeId="13" Intrnl_Id="1012" Name="setUp">
<Header>
<Loc EndOffset="16695" SrcFileId="7" StartOffset="16654"/>
</Header>
<LocList>
<Loc EndOffset="16949" SrcFileId="7" StartOffset="16654"/>
</LocList>
<StmntSeq Intrnl_Id="1013">
<LocList>
<Loc EndOffset="16737" SrcFileId="7" StartOffset="16706"/>
<Loc EndOffset="16825" SrcFileId="7" StartOffset="16764"/>
<Loc EndOffset="16910" SrcFileId="7" StartOffset="16746"/>
<Loc EndOffset="16942" SrcFileId="7" StartOffset="16919"/>
</LocList>
<BasicStmnt CovItemId="S155" CovItemPrefix="controller.TwitterController.java" Intrnl_Id="1014">
<LocList>
<Loc EndOffset="16737" SrcFileId="7" StartOffset="16706"/>
</LocList>
</BasicStmnt>
<BasicStmnt CovItemId="S157" CovItemPrefix="controller.TwitterController.java" Intrnl_Id="1015">
<LocList>
<Loc EndOffset="16825" SrcFileId="7" StartOffset="16764"/>
</LocList>
</BasicStmnt>
<CondStmnt CovItemId="S156" CovItemPrefix="controller.TwitterController.java" Intrnl_Id="1016">
<Branch CovItemId="B70" CovItemPrefix="controller.TwitterController.java" Implct="true" Intrnl_Id="1017">
<Cond/>
<LocList/>
<StmntSeq Intrnl_Id="1018">
<LocList/>
</StmntSeq>
</Branch>
<Branch CovItemId="B71" CovItemPrefix="controller.TwitterController.java" Implct="false" Intrnl_Id="1019">
<Cond>
<Loc EndOffset="16864" SrcFileId="7" StartOffset="16837"/>
</Cond>
<LocList>
<Loc EndOffset="16910" SrcFileId="7" StartOffset="16865"/>
</LocList>
<StmntSeq Intrnl_Id="1020">
<LocList>
<Loc EndOffset="16900" SrcFileId="7" StartOffset="16879"/>
</LocList>
<BasicStmnt CovItemId="S158" CovItemPrefix="controller.TwitterController.java" Intrnl_Id="1021">
<LocList>
<Loc EndOffset="16900" SrcFileId="7" StartOffset="16879"/>
</LocList>
</BasicStmnt>
</StmntSeq>
</Branch>
<Keyword EndOffset="16749" SrcFileId="7" StartOffset="16746"/>
<LocList>
<Loc EndOffset="16910" SrcFileId="7" StartOffset="16746"/>
</LocList>
</CondStmnt>
<BasicStmnt CovItemId="S159" CovItemPrefix="controller.TwitterController.java" Intrnl_Id="1022">
<LocList>
<Loc EndOffset="16942" SrcFileId="7" StartOffset="16919"/>
</LocList>
</BasicStmnt>
</StmntSeq>
</HierarchyLvl>
</HierarchyLvl>
</HierarchyLvl>
</HierarchyLvl>
</MASTRoot>
</TestSessionContainer>
