<?xml version="1.0" encoding="UTF-8"?><TestSessionContainer xmlns="http://www.codecover.org/xml/testsession-container" Date="1360651859577" TestSessionContainerId="7579c811-2b07-4aeb-b001-897eecdacdc2" version="1.0">
<SrcFileList>
<SrcFile Content="package view;&#10;&#10;import java.awt.BorderLayout;&#10;import java.awt.Color;&#10;import java.awt.Dimension;&#10;import java.awt.Event;&#10;import java.awt.Font;&#10;import java.awt.Graphics;&#10;import java.awt.GridBagConstraints;&#10;import java.awt.GridBagLayout;&#10;import java.awt.Image;&#10;import java.awt.Toolkit;&#10;import java.awt.datatransfer.StringSelection;&#10;import java.awt.event.ActionEvent;&#10;import java.awt.event.ActionListener;&#10;import java.awt.event.KeyEvent;&#10;import java.awt.event.KeyListener;&#10;import java.util.ArrayList;&#10;&#10;import javax.swing.BorderFactory;&#10;import javax.swing.ImageIcon;&#10;import javax.swing.JButton;&#10;import javax.swing.JFrame;&#10;import javax.swing.JLabel;&#10;import javax.swing.JList;&#10;import javax.swing.JMenu;&#10;import javax.swing.JMenuBar;&#10;import javax.swing.JMenuItem;&#10;import javax.swing.JOptionPane;&#10;import javax.swing.JPanel;&#10;import javax.swing.JScrollPane;&#10;import javax.swing.JTabbedPane;&#10;import javax.swing.JTextArea;&#10;import javax.swing.KeyStroke;&#10;import javax.swing.border.LineBorder;&#10;&#10;import model.Users;&#10;import twitter4j.User;&#10;import controller.TwitterController;&#10;&#10;/**********************************************************************&#10; * Twitter GUI&#10; * &#10; * @author Nick, Vincenzo, Corey, Russ&#10; *********************************************************************/&#10;public class TwitterGUI extends JFrame implements ActionListener, KeyListener {&#10;&#10;&#9;private static final long serialVersionUID = 1L;&#10;&#10;&#9;private final int FRAME_HEIGHT /* 450 */= 450;&#10;&#9;private final int FRAME_WIDTH /* 700 */= 700;&#10;&#10;&#9;private TwitterController controller;&#10;&#9;private JFrame frame;&#10;&#9;private JPanel profilePanel, tweetPanel, followingPanel, followersPanel;&#10;&#10;&#9;private JMenuBar menuBar;&#10;&#9;private JMenu fileMenu, tweetMenu, aboutMenu;&#10;&#9;private JMenuItem exit, newTweet, delete, about;&#10;&#10;&#9;private JTabbedPane tabbedPane;&#10;&#10;&#9;// Profile Panel&#10;&#9;private String displayName, twitterName, description, location, website;&#10;&#9;private JButton followersBtn, followingBtn, tweetsBtn;&#10;&#9;private ImageIcon profileImage;&#10;&#9;private Image profileBanner, backgroundImage;&#10;&#10;&#9;// Tweet Panel&#10;&#9;private GridBagConstraints gbc;&#10;&#9;private int remaining = 140;&#10;&#9;private JButton cancel, tweetSubmit, tweetShow, tweetTotal;&#10;&#9;private JLabel charsRemaining;&#10;&#9;private JTextArea tweetText;&#10;&#10;&#9;/****************************************************&#10;&#9; * GUI&#10;&#9; ***************************************************/&#10;&#9;public TwitterGUI() {&#10;&#9;&#9;frame = new JFrame();&#10;&#9;&#9;setTitle(&quot;Desktop Tweets&quot;);&#10;&#9;&#9;setBackground(Color.WHITE);&#10;&#9;&#9;setDefaultCloseOperation(JFrame.EXIT_ON_CLOSE);&#10;&#9;&#9;setSize(FRAME_WIDTH, FRAME_HEIGHT);&#10;&#9;&#9;setMaximumSize(new Dimension(FRAME_WIDTH, FRAME_HEIGHT));&#10;&#9;&#9;setMinimumSize(new Dimension(FRAME_WIDTH, FRAME_HEIGHT));&#10;&#9;&#9;setResizable(false);&#10;&#9;&#9;// setUndecorated(true); //Something cool we might want to look into?&#10;&#9;&#9;// (No Title Menu on Frame)&#10;&#9;&#9;setLocationRelativeTo(null);&#10;&#10;&#9;&#9;setUpController();&#10;&#10;&#9;&#9;// Create components&#10;&#9;&#9;createProfilePanel();&#10;&#9;&#9;createTweetPanel();&#10;&#9;&#9;createFollowingPanel();&#10;&#9;&#9;createFollowersPanel();&#10;&#9;&#9;createMenu();&#10;&#9;&#9;createTabbedPane();&#10;&#10;&#9;&#9;setVisible(true);&#10;&#9;}&#10;&#10;&#9;private void setUpController() {&#10;&#9;&#9;controller = new TwitterController();&#10;&#10;&#9;&#9;if (!controller.getIsSetUp()) {&#10;&#9;&#9;&#9;String authUrl = controller.getAuthUrl();&#10;&#9;&#9;&#9;// copy to clipboard&#10;&#9;&#9;&#9;Toolkit.getDefaultToolkit().getSystemClipboard()&#10;&#9;&#9;&#9;&#9;&#9;.setContents(new StringSelection(authUrl), null);&#10;&#9;&#9;&#9;String pin = JOptionPane&#10;&#9;&#9;&#9;&#9;&#9;.showInputDialog(&#10;&#9;&#9;&#9;&#9;&#9;&#9;&#9;&quot;Please follow this link to authenticate this App.\nEnter Pin:&quot;,&#10;&#9;&#9;&#9;&#9;&#9;&#9;&#9;authUrl);&#10;&#9;&#9;&#9;controller.setUp(pin);&#10;&#9;&#9;}&#10;&#9;}&#10;&#10;&#9;private void createFollowersPanel() {&#10;&#9;&#9;followersPanel = new JPanel();&#10;&#9;&#9;followersPanel.setBackground(Color.WHITE);&#10;&#10;&#9;&#9;followersPanel.setLayout(new BorderLayout());&#10;&#10;&#9;&#9;ArrayList&lt;User&gt; userList = new ArrayList&lt;User&gt;();&#10;&#10;&#9;&#9;long[] list = controller.getFollowersIDs();&#10;&#10;&#9;&#9;for (long l : list) {&#10;&#9;&#9;&#9;userList.add(controller.showUser(l));&#10;&#9;&#9;}&#10;&#10;&#9;&#9;Users followers = new Users(userList);&#10;&#10;&#9;&#9;JList&lt;String&gt; jlist = new JList&lt;String&gt;(followers);&#10;&#10;&#9;&#9;JScrollPane scrollpane = new JScrollPane(jlist);&#10;&#10;&#9;&#9;followingPanel.add(scrollpane);&#10;&#9;}&#10;&#10;&#9;private void createFollowingPanel() {&#10;&#9;&#9;followingPanel = new JPanel();&#10;&#9;&#9;followingPanel.setBackground(Color.WHITE);&#10;&#10;&#9;&#9;followingPanel.setLayout(new BorderLayout());&#10;&#10;&#9;&#9;JList&lt;String&gt; jlist = new JList&lt;String&gt;(new Users(&#10;&#9;&#9;&#9;&#9;controller.getFollowing()));&#10;&#10;&#9;&#9;JScrollPane scrollpane = new JScrollPane(jlist);&#10;&#10;&#9;&#9;followingPanel.add(scrollpane);&#10;&#9;}&#10;&#10;&#9;private void createTweetPanel() {&#10;&#9;&#9;tweetPanel = new JPanel();&#10;&#9;&#9;tweetPanel.setBackground(Color.WHITE);&#10;&#9;&#9;tweetPanel.setLayout(new GridBagLayout());&#10;&#9;&#9;gbc = new GridBagConstraints();&#10;&#10;&#9;&#9;// Instantiate vars&#10;&#9;&#9;cancel = new JButton(&quot;Cancel&quot;);&#10;&#9;&#9;cancel.addActionListener(this);&#10;&#9;&#9;gbc.fill = GridBagConstraints.HORIZONTAL;&#10;&#9;&#9;gbc.gridx = 0;&#10;&#9;&#9;gbc.gridy = 0;&#10;&#9;&#9;tweetPanel.add(cancel, gbc);&#10;&#10;&#9;&#9;tweetSubmit = new JButton(&quot;Send Tweet&quot;);&#10;&#9;&#9;tweetSubmit.addActionListener(this);&#10;&#9;&#9;gbc.fill = GridBagConstraints.HORIZONTAL;&#10;&#9;&#9;gbc.gridx = 1;&#10;&#9;&#9;gbc.ipady = 0;&#10;&#9;&#9;tweetPanel.add(tweetSubmit, gbc);&#10;&#10;&#9;&#9;tweetText = new JTextArea();&#10;&#9;&#9;tweetText.addKeyListener(this);&#10;&#9;&#9;tweetText.setBorder(BorderFactory.createLineBorder(Color.BLACK));&#10;&#9;&#9;tweetText.setFocusable(true);&#10;&#9;&#9;tweetText.setColumns(30);&#10;&#9;&#9;tweetText.setRows(8);&#10;&#9;&#9;gbc.fill = GridBagConstraints.HORIZONTAL;&#10;&#9;&#9;gbc.gridx = 0;&#10;&#9;&#9;gbc.gridy = 1;&#10;&#9;&#9;gbc.gridwidth = 3;&#10;&#9;&#9;tweetPanel.add(tweetText, gbc);&#10;&#10;&#9;&#9;charsRemaining = new JLabel(&quot;&quot; + remaining + &quot;&quot;, JLabel.RIGHT);&#10;&#9;&#9;gbc.gridx = 2;&#10;&#9;&#9;gbc.gridy = 2;&#10;&#9;&#9;tweetPanel.add(charsRemaining, gbc);&#10;&#10;&#9;&#9;tweetTotal = new JButton(controller.getTweetCount() + &quot; Tweets&quot;);&#10;&#9;&#9;gbc.fill = GridBagConstraints.HORIZONTAL;&#10;&#9;&#9;gbc.gridx = 0;&#10;&#9;&#9;gbc.gridy = 3;&#10;&#9;&#9;gbc.gridwidth = 1;&#10;&#9;&#9;tweetPanel.add(tweetTotal, gbc);&#10;&#10;&#9;&#9;tweetShow = new JButton(&quot;Show Tweets&quot;);&#10;&#9;&#9;tweetShow.addActionListener(this);&#10;&#9;&#9;gbc.fill = GridBagConstraints.HORIZONTAL;&#10;&#9;&#9;gbc.gridx = 1;&#10;&#9;&#9;gbc.gridy = 3;&#10;&#9;&#9;gbc.gridwidth = 1;&#10;&#9;&#9;gbc.anchor = GridBagConstraints.PAGE_END;&#10;&#9;&#9;tweetPanel.add(tweetShow, gbc);&#10;&#9;}&#10;&#10;&#9;@SuppressWarnings(&quot;serial&quot;)&#10;&#9;private void createProfilePanel() {&#10;&#9;&#9;// Get User Information&#10;&#9;&#9;displayName = controller.getDisplayName();&#10;&#9;&#9;twitterName = controller.getTwitterName();&#10;&#9;&#9;description = controller.getDescription();&#10;&#9;&#9;location = controller.getLocation();&#10;&#9;&#9;website = controller.getWebsite();&#10;&#9;&#9;profileImage = controller.getProfileImage();&#10;&#9;&#9;profileBanner = controller.getProfileBanner();&#10;&#9;&#9;backgroundImage = controller.getBackgroundImage();&#10;&#10;&#9;&#9;/** INFO PANEL */&#10;&#9;&#9;JPanel infoPanel = new JPanel() {&#10;&#9;&#9;&#9;protected void paintComponent(Graphics g) {&#10;&#9;&#9;&#9;&#9;g.drawImage(profileBanner,&#10;&#9;&#9;&#9;&#9;&#9;&#9;(FRAME_WIDTH / 2) - profileBanner.getWidth(null) / 2&#10;&#9;&#9;&#9;&#9;&#9;&#9;&#9;&#9;- 8,&#10;&#9;&#9;&#9;&#9;&#9;&#9;FRAME_HEIGHT / 3 + 10 - profileBanner.getHeight(null)&#10;&#9;&#9;&#9;&#9;&#9;&#9;&#9;&#9;/ 2, null);&#10;&#9;&#9;&#9;}&#10;&#9;&#9;};&#10;&#9;&#9;infoPanel.setOpaque(false);&#10;&#9;&#9;infoPanel.setLayout(new GridBagLayout());&#10;&#9;&#9;GridBagConstraints c = new GridBagConstraints();&#10;&#9;&#9;infoPanel.paintComponents(null);&#10;&#9;&#9;c.fill = GridBagConstraints.NONE;&#10;&#10;&#9;&#9;// Profile Image&#10;&#9;&#9;ImageIcon img = profileImage;&#10;&#9;&#9;c.gridy = 0;&#10;&#9;&#9;JButton profImgBtn = getPlainButton(null, null);&#10;&#9;&#9;profImgBtn.setPreferredSize(new Dimension(img.getIconWidth() + 2, img&#10;&#9;&#9;&#9;&#9;.getIconHeight() + 2));&#10;&#9;&#9;profImgBtn.setBorder(new LineBorder(Color.WHITE, 4));&#10;&#9;&#9;profImgBtn.setIcon(img);&#10;&#9;&#9;infoPanel.add(profImgBtn, c);&#10;&#10;&#9;&#9;// Display Name&#10;&#9;&#9;c.ipady = 5;&#10;&#9;&#9;c.gridy = 1;&#10;&#9;&#9;JLabel displayNameLbl = new JLabel(displayName);&#10;&#9;&#9;displayNameLbl.setFont(new Font(&quot;arial&quot;, Font.BOLD, 24));&#10;&#9;&#9;displayNameLbl.setForeground(Color.WHITE);&#10;&#9;&#9;infoPanel.add(displayNameLbl, c);&#10;&#10;&#9;&#9;// Twitter Name&#10;&#9;&#9;c.gridy = 2;&#10;&#9;&#9;JLabel twitterNameLbl = new JLabel(twitterName);&#10;&#9;&#9;twitterNameLbl.setFont(new Font(&quot;arial&quot;, Font.PLAIN, 15));&#10;&#9;&#9;twitterNameLbl.setForeground(Color.WHITE);&#10;&#9;&#9;infoPanel.add(twitterNameLbl, c);&#10;&#9;&#9;c.ipady = 30; // more padding&#10;&#10;&#9;&#9;// Description&#10;&#9;&#9;c.gridy = 3;&#10;&#9;&#9;c.ipady = 0;&#10;&#9;&#9;createDescriptionPanel(infoPanel, c);&#10;&#10;&#9;&#9;// Location&#10;&#9;&#9;c.ipady = 5;&#10;&#9;&#9;c.gridy = 6;&#10;&#9;&#9;JLabel locationLbl = new JLabel(location);&#10;&#9;&#9;locationLbl.setFont(new Font(&quot;arial&quot;, Font.BOLD, 15));&#10;&#9;&#9;locationLbl.setForeground(Color.WHITE);&#10;&#9;&#9;infoPanel.add(locationLbl, c);&#10;&#10;&#9;&#9;// Website&#10;&#9;&#9;c.gridy = 7;&#10;&#9;&#9;JLabel websiteLbl = new JLabel(website);&#10;&#9;&#9;websiteLbl.setFont(new Font(&quot;arial&quot;, Font.PLAIN, 14));&#10;&#9;&#9;websiteLbl.setForeground(Color.WHITE);&#10;&#9;&#9;infoPanel.add(websiteLbl, c);&#10;&#10;&#9;&#9;/** COUNT PANEL */&#10;&#9;&#9;JPanel countPanel = new JPanel();&#10;&#9;&#9;countPanel.setLayout(new GridBagLayout());&#10;&#9;&#9;GridBagConstraints cpc = new GridBagConstraints();&#10;&#9;&#9;cpc.fill = GridBagConstraints.NONE;&#10;&#9;&#9;cpc.ipadx = 30;&#10;&#9;&#9;countPanel.setOpaque(false);&#10;&#9;&#9;// countPanel.setBackground(Color.WHITE);&#10;&#10;&#9;&#9;followersBtn = getPlainButton(&quot;&quot; + controller.getFollowersCount(),&#10;&#9;&#9;&#9;&#9;&quot;Followers&quot;);&#10;&#9;&#9;followersBtn.addActionListener(this);&#10;&#9;&#9;followingBtn = getPlainButton(&quot;&quot; + controller.getFriendsCount(),&#10;&#9;&#9;&#9;&#9;&quot;Following&quot;);&#10;&#9;&#9;followingBtn.addActionListener(this);&#10;&#9;&#9;tweetsBtn = getPlainButton(&quot;&quot; + controller.getTweetCount(), &quot;Tweets&quot;);&#10;&#9;&#9;tweetsBtn.addActionListener(this);&#10;&#10;&#9;&#9;cpc.gridy = 0;&#10;&#9;&#9;JButton blankBtn1 = getPlainButton(null, null);&#10;&#9;&#9;blankBtn1.setBorderPainted(false);&#10;&#9;&#9;JButton blankBtn2 = getPlainButton(null, null);&#10;&#9;&#9;blankBtn2.setBorderPainted(false);&#10;&#9;&#9;countPanel.add(followersBtn, cpc);&#10;&#9;&#9;countPanel.add(new JLabel(&quot; &quot;), cpc);&#10;&#9;&#9;countPanel.add(followingBtn, cpc);&#10;&#9;&#9;countPanel.add(new JLabel(&quot; &quot;), cpc);&#10;&#9;&#9;countPanel.add(tweetsBtn, cpc);&#10;&#9;&#9;cpc.gridy = 1;&#10;&#9;&#9;countPanel.add(new JLabel(&quot; &quot;), cpc);&#10;&#10;&#9;&#9;/** PROFILE PANEL */&#10;&#9;&#9;profilePanel = new JPanel() {&#10;&#9;&#9;&#9;protected void paintComponent(Graphics g) {&#10;&#9;&#9;&#9;&#9;g.drawImage(backgroundImage, 0, 0, null);&#10;&#9;&#9;&#9;&#9;super.paintComponent(g);&#10;&#9;&#9;&#9;}&#10;&#9;&#9;};&#10;&#9;&#9;profilePanel.setOpaque(false);&#10;&#9;&#9;profilePanel.setLayout(new BorderLayout());&#10;&#9;&#9;profilePanel.add(infoPanel, BorderLayout.CENTER);&#10;&#9;&#9;profilePanel.add(countPanel, BorderLayout.SOUTH);&#10;&#9;}&#10;&#10;&#9;private JButton getPlainButton(String line1, String line2) {&#10;&#9;&#9;String text = line1;&#10;&#9;&#9;if (line2 != null)&#10;&#9;&#9;&#9;text = (&quot;&lt;html&gt;&lt;center&gt;&lt;font size=6&gt;&quot; + line1 + &quot;&lt;/font&gt;&lt;br&gt;&lt;i&gt;&quot;&#10;&#9;&#9;&#9;&#9;&#9;+ line2 + &quot;&lt;/i&gt;&lt;/center&gt;&lt;/html&gt;&quot;);&#10;&#9;&#9;JButton tmp = new JButton();&#10;&#9;&#9;tmp.setPreferredSize(new Dimension(120, 50));&#10;&#9;&#9;tmp.setFont(new Font(&quot;Arial&quot;, Font.BOLD, 15));&#10;&#9;&#9;tmp.setText(text);&#10;&#9;&#9;tmp.setBackground(Color.WHITE);&#10;&#9;&#9;tmp.setForeground(Color.DARK_GRAY);&#10;&#9;&#9;tmp.setBorder(new LineBorder(Color.GRAY, 1, true));&#10;&#9;&#9;tmp.setFocusable(false);&#10;&#9;&#9;tmp.setFocusPainted(false);&#10;&#9;&#9;return tmp;&#10;&#9;}&#10;&#10;&#9;private void setPlainButton(String line1, String line2, JButton j) {&#10;&#9;&#9;String text = line1;&#10;&#9;&#9;if (line2 != null)&#10;&#9;&#9;&#9;text = (&quot;&lt;html&gt;&lt;center&gt;&lt;font size=6&gt;&quot; + line1 + &quot;&lt;/font&gt;&lt;br&gt;&lt;i&gt;&quot;&#10;&#9;&#9;&#9;&#9;&#9;+ line2 + &quot;&lt;/i&gt;&lt;/center&gt;&lt;/html&gt;&quot;);&#10;&#9;&#9;j.setPreferredSize(new Dimension(120, 50));&#10;&#9;&#9;j.setFont(new Font(&quot;Arial&quot;, Font.BOLD, 15));&#10;&#9;&#9;j.setText(text);&#10;&#9;&#9;j.setBackground(Color.WHITE);&#10;&#9;&#9;j.setForeground(Color.DARK_GRAY);&#10;&#9;&#9;j.setBorder(new LineBorder(Color.GRAY, 1, true));&#10;&#9;&#9;j.setFocusable(false);&#10;&#9;&#9;j.setFocusPainted(false);&#10;&#9;}&#10;&#10;&#9;private void createDescriptionPanel(JPanel panel, GridBagConstraints c) {&#10;&#10;&#9;&#9;if (description.length() &lt; 55) {&#10;&#9;&#9;&#9;JLabel descriptionLbl = new JLabel(description);&#10;&#9;&#9;&#9;descriptionLbl.setFont(new Font(&quot;arial&quot;, Font.PLAIN, 14));&#10;&#9;&#9;&#9;descriptionLbl.setForeground(Color.WHITE);&#10;&#9;&#9;&#9;panel.add(descriptionLbl, c);&#10;&#9;&#9;} else if (description.length() &lt; 110) {&#10;&#9;&#9;&#9;String d1, d2;&#10;&#10;&#9;&#9;&#9;String[] w = description.split(&quot; &quot;);&#10;&#9;&#9;&#9;int wMid = (w.length / 2) + 1;&#10;&#9;&#9;&#9;System.out.println(&quot;&quot; + wMid);&#10;&#9;&#9;&#9;int dMid = description.length() / 2;&#10;&#9;&#9;&#9;System.out.println(&quot;&quot; + dMid);&#10;&#9;&#9;&#9;d1 = description.substring(0,&#10;&#9;&#9;&#9;&#9;&#9;description.indexOf(w[wMid], dMid - 1));&#10;&#9;&#9;&#9;d2 = description.substring(description.indexOf(w[wMid], dMid - 1));&#10;&#10;&#9;&#9;&#9;JLabel description1Lbl = new JLabel(d1);&#10;&#9;&#9;&#9;JLabel description2Lbl = new JLabel(d2);&#10;&#9;&#9;&#9;description1Lbl.setFont(new Font(&quot;arial&quot;, Font.PLAIN, 14));&#10;&#9;&#9;&#9;description1Lbl.setForeground(Color.WHITE);&#10;&#9;&#9;&#9;description2Lbl.setFont(new Font(&quot;arial&quot;, Font.PLAIN, 14));&#10;&#9;&#9;&#9;description2Lbl.setForeground(Color.WHITE);&#10;&#9;&#9;&#9;panel.add(description1Lbl, c);&#10;&#9;&#9;&#9;c.gridy = 4;&#10;&#9;&#9;&#9;panel.add(description2Lbl, c);&#10;&#9;&#9;} else {&#10;&#9;&#9;&#9;String d1, d2, d3;&#10;&#9;&#9;&#9;String[] w = description.split(&quot; &quot;);&#10;&#9;&#9;&#9;int wThird = (w.length / 3) + 1;&#10;&#9;&#9;&#9;int dThird = description.length() / 3;&#10;&#10;&#9;&#9;&#9;d1 = description.substring(0,&#10;&#9;&#9;&#9;&#9;&#9;description.indexOf(w[wThird], dThird));&#10;&#9;&#9;&#9;d2 = description.substring(description.indexOf(w[wThird], dThird),&#10;&#9;&#9;&#9;&#9;&#9;description.indexOf(w[wThird * 2], dThird * 2));&#10;&#9;&#9;&#9;d3 = description.substring(description.indexOf(w[wThird * 2],&#10;&#9;&#9;&#9;&#9;&#9;dThird * 2));&#10;&#10;&#9;&#9;&#9;JLabel description1Lbl = new JLabel(d1);&#10;&#9;&#9;&#9;description1Lbl.setFont(new Font(&quot;arial&quot;, Font.PLAIN, 14));&#10;&#9;&#9;&#9;description1Lbl.setForeground(Color.WHITE);&#10;&#9;&#9;&#9;JLabel description2Lbl = new JLabel(d2);&#10;&#9;&#9;&#9;description2Lbl.setFont(new Font(&quot;arial&quot;, Font.PLAIN, 14));&#10;&#9;&#9;&#9;description2Lbl.setForeground(Color.WHITE);&#10;&#9;&#9;&#9;JLabel description3Lbl = new JLabel(d3);&#10;&#9;&#9;&#9;description3Lbl.setFont(new Font(&quot;arial&quot;, Font.PLAIN, 14));&#10;&#9;&#9;&#9;description3Lbl.setForeground(Color.WHITE);&#10;&#10;&#9;&#9;&#9;panel.add(description1Lbl, c);&#10;&#9;&#9;&#9;c.gridy = 4;&#10;&#9;&#9;&#9;panel.add(description2Lbl, c);&#10;&#9;&#9;&#9;c.gridy = 5;&#10;&#9;&#9;&#9;panel.add(description3Lbl, c);&#10;&#9;&#9;}&#10;&#9;}&#10;&#10;&#9;private void createMenu() {&#10;&#9;&#9;menuBar = new JMenuBar();&#10;&#10;&#9;&#9;// File Menu&#10;&#9;&#9;fileMenu = new JMenu(&quot;File&quot;);&#10;&#9;&#9;exit = new JMenuItem(&quot;Exit&quot;);&#10;&#9;&#9;exit.addActionListener(this);&#10;&#9;&#9;exit.setAccelerator(KeyStroke.getKeyStroke(KeyEvent.VK_E,&#10;&#9;&#9;&#9;&#9;Event.CTRL_MASK));&#10;&#9;&#9;fileMenu.add(exit);&#10;&#10;&#9;&#9;// Tweet Menu&#10;&#9;&#9;tweetMenu = new JMenu(&quot;Tweet&quot;);&#10;&#9;&#9;newTweet = new JMenuItem(&quot;New Tweet&quot;);&#10;&#9;&#9;newTweet.addActionListener(this);&#10;&#9;&#9;newTweet.setAccelerator(KeyStroke.getKeyStroke(KeyEvent.VK_N,&#10;&#9;&#9;&#9;&#9;Event.CTRL_MASK));&#10;&#9;&#9;delete = new JMenuItem(&quot;Delete&quot;);&#10;&#9;&#9;delete.addActionListener(this);&#10;&#9;&#9;delete.setAccelerator(KeyStroke.getKeyStroke(KeyEvent.VK_D,&#10;&#9;&#9;&#9;&#9;Event.CTRL_MASK));&#10;&#9;&#9;tweetMenu.add(newTweet);&#10;&#9;&#9;tweetMenu.add(delete);&#10;&#10;&#9;&#9;// About Menu&#10;&#9;&#9;aboutMenu = new JMenu(&quot;About&quot;);&#10;&#9;&#9;about = new JMenuItem(&quot;About Desktop Tweets&quot;);&#10;&#9;&#9;about.addActionListener(this);&#10;&#9;&#9;about.setAccelerator(KeyStroke.getKeyStroke(KeyEvent.VK_A,&#10;&#9;&#9;&#9;&#9;Event.CTRL_MASK));&#10;&#9;&#9;aboutMenu.add(about);&#10;&#10;&#9;&#9;// Add To MenuBar&#10;&#9;&#9;menuBar.add(fileMenu);&#10;&#9;&#9;menuBar.add(tweetMenu);&#10;&#9;&#9;menuBar.add(aboutMenu);&#10;&#9;&#9;setJMenuBar(menuBar);&#10;&#9;}&#10;&#10;&#9;private void createTabbedPane() {&#10;&#9;&#9;// UIManager.put(&quot;TabbedPane.selected&quot;, Color.WHITE);&#10;&#9;&#9;// UIManager.put(&quot;TabbedPane.contentAreaColor&quot;, Color.WHITE);&#10;&#9;&#9;tabbedPane = new JTabbedPane(JTabbedPane.TOP);&#10;&#9;&#9;tabbedPane.setFocusable(false);&#10;&#9;&#9;tabbedPane.setBackground(Color.WHITE);&#10;&#9;&#9;tabbedPane.setForeground(Color.BLACK);&#10;&#9;&#9;tabbedPane.setFont(new Font(&quot;arial&quot;, Font.BOLD, 14));&#10;&#9;&#9;tabbedPane.setTabLayoutPolicy(JTabbedPane.CENTER);&#10;&#9;&#9;tabbedPane.addTab(&quot;Profile&quot;, profilePanel);&#10;&#9;&#9;tabbedPane.addTab(&quot;Tweet&quot;, tweetPanel);&#10;&#9;&#9;tabbedPane.addTab(&quot;Followers&quot;, followersPanel);&#10;&#9;&#9;tabbedPane.addTab(&quot;Following&quot;, followingPanel);&#10;&#9;&#9;add(tabbedPane);&#10;&#9;}&#10;&#10;&#9;/**&#10;&#9; * This is where all actions should be delegated and sent to the controller&#10;&#9; */&#10;&#9;@Override&#10;&#9;public void actionPerformed(ActionEvent e) {&#10;&#9;&#9;Object source = e.getSource();&#10;&#10;&#9;&#9;if (source == exit)&#10;&#9;&#9;&#9;System.exit(0);&#10;&#10;&#9;&#9;if (source == newTweet || source == tweetsBtn)&#10;&#9;&#9;&#9;tabbedPane.setSelectedComponent(tweetPanel);&#10;&#10;&#9;&#9;if (source == tweetSubmit) {&#10;&#9;&#9;&#9;if (controller.tweet(tweetText.getText())) {&#10;&#9;&#9;&#9;&#9;updateTweetCount();&#10;&#9;&#9;&#9;&#9;JOptionPane.showMessageDialog(null, &quot;Status sent.&quot;);&#10;&#9;&#9;&#9;} else {&#10;&#9;&#9;&#9;&#9;JOptionPane&#10;&#9;&#9;&#9;&#9;&#9;&#9;.showMessageDialog(null, &quot;Status could not be sent.&quot;);&#10;&#9;&#9;&#9;}&#10;&#9;&#9;}&#10;&#10;&#9;&#9;if (source == about)&#10;&#9;&#9;&#9;JOptionPane.showMessageDialog(null,&#10;&#9;&#9;&#9;&#9;&#9;&quot;This is a desktop twitter application&quot;);&#10;&#10;&#9;&#9;if (source == followersBtn)&#10;&#9;&#9;&#9;tabbedPane.setSelectedComponent(followersPanel);&#10;&#10;&#9;&#9;if (source == followingBtn) {&#10;&#9;&#9;&#9;DialogFollowing x = new DialogFollowing(this, new Users(&#10;&#9;&#9;&#9;&#9;&#9;controller.getFollowing()));&#10;&#9;&#9;&#9;for (long l : x.getRemoveList()) {&#10;&#9;&#9;&#9;&#9;controller.unfollow(l);&#10;&#9;&#9;&#9;}&#10;&#9;&#9;&#9;updateFollowingCount();&#10;&#9;&#9;}&#10;&#9;&#9;// tabbedPane.setSelectedComponent(followingPanel);&#10;&#10;&#9;&#9;if (source == cancel)&#10;&#9;&#9;&#9;tweetText.setText(&quot;&quot;);&#10;&#10;&#9;&#9;if (source == tweetShow) {&#10;&#9;&#9;&#9;DialogTweets x = new DialogTweets(this,&#10;&#9;&#9;&#9;&#9;&#9;controller.getUserTimeline());&#10;&#9;&#9;&#9;for (long l : x.getRemoveList()) {&#10;&#9;&#9;&#9;&#9;controller.destroyStatus(l);&#10;&#9;&#9;&#9;}&#10;&#9;&#9;&#9;updateTweetCount();&#10;&#10;&#9;&#9;}&#10;&#9;}&#10;&#10;&#9;private void updateFollowingCount() {&#10;&#9;&#9;setPlainButton(&quot;&quot; + controller.getFriendsCount(), &quot;Following&quot;,&#10;&#9;&#9;&#9;&#9;followingBtn);&#10;&#10;&#9;}&#10;&#10;&#9;private void updateTweetCount() {&#10;&#9;&#9;setPlainButton(&quot;&quot; + controller.getTweetCount(), &quot;Tweets&quot;, tweetsBtn);&#10;&#9;&#9;tweetTotal.setText(controller.getTweetCount() + &quot; Tweets&quot;);&#10;&#10;&#9;}&#10;&#10;&#9;public static void main(String[] args) {&#10;&#9;&#9;new TwitterGUI();&#10;&#9;}&#10;&#10;&#9;@Override&#10;&#9;public void keyPressed(KeyEvent e) {&#10;&#9;&#9;// TODO Auto-generated method stub&#10;&#10;&#9;}&#10;&#10;&#9;@Override&#10;&#9;public void keyReleased(KeyEvent e) {&#10;&#9;&#9;// TODO Auto-generated method stub&#10;&#10;&#9;}&#10;&#10;&#9;@Override&#10;&#9;public void keyTyped(KeyEvent e) {&#10;&#9;&#9;// TODO Auto-generated method stub&#10;&#10;&#9;}&#10;}&#10;" Filename="TwitterGUI.java" Intrnl_Id="1"/>
</SrcFileList>
<CritList>
<CritListEntry Name="org.codecover.model.utils.criteria.LoopCoverage" PluginName="org.codecover"/>
<CritListEntry Name="org.codecover.model.utils.criteria.BranchCoverage" PluginName="org.codecover"/>
<CritListEntry Name="org.codecover.model.utils.criteria.ConditionCoverage" PluginName="org.codecover"/>
<CritListEntry Name="org.codecover.model.utils.criteria.SynchronizedStatementCoverage" PluginName="org.codecover"/>
<CritListEntry Name="org.codecover.model.utils.criteria.QMOCoverage" PluginName="org.codecover"/>
<CritListEntry Name="org.codecover.model.utils.criteria.StatementCoverage" PluginName="org.codecover"/>
</CritList>
<BoolOpList>
<BoolOp Arity="1" Intrnl_Id="2" Name="not (!)">
<BoolAssgnmntBoolMapList>
<MapEntry BoolAssgnmnt="0" Value="true"/>
<MapEntry BoolAssgnmnt="1" Value="false"/>
</BoolAssgnmntBoolMapList>
</BoolOp>
<BoolOp Arity="2" Intrnl_Id="3" Name="conditional or (||)">
<BoolAssgnmntBoolMapList>
<MapEntry BoolAssgnmnt="01" Value="true"/>
<MapEntry BoolAssgnmnt="00" Value="false"/>
<MapEntry BoolAssgnmnt="12" Value="true"/>
</BoolAssgnmntBoolMapList>
</BoolOp>
</BoolOpList>
<HierarchyLvlTypeList>
<HierarchyLvlType EnglishName="package" IntrnlName="package" Intrnl_Id="4"/>
<HierarchyLvlType EnglishName="class" IntrnlName="class" Intrnl_Id="5"/>
<HierarchyLvlType EnglishName="method" IntrnlName="method" Intrnl_Id="6"/>
<HierarchyLvlType EnglishName="default package" IntrnlName="default package" Intrnl_Id="7"/>
<HierarchyLvlType EnglishName="anonymous class" IntrnlName="class" Intrnl_Id="8"/>
</HierarchyLvlTypeList>
<MASTRoot>
<HierarchyLvl HierarchyLvlId="26" HierarchyLvlTypeId="7" Intrnl_Id="9" Name="default package">
<Header/>
<LocList/>
<HierarchyLvl HierarchyLvlId="25" HierarchyLvlTypeId="4" Intrnl_Id="10" Name="view">
<Header/>
<LocList/>
<HierarchyLvl HierarchyLvlId="24" HierarchyLvlTypeId="5" Intrnl_Id="11" Name="TwitterGUI">
<Header>
<Loc EndOffset="1335" SrcFileId="1" StartOffset="1258"/>
</Header>
<LocList>
<Loc EndOffset="16499" SrcFileId="1" StartOffset="1258"/>
</LocList>
<StmntSeq Intrnl_Id="12">
<LocList>
<Loc EndOffset="1388" SrcFileId="1" StartOffset="1340"/>
<Loc EndOffset="1437" SrcFileId="1" StartOffset="1391"/>
<Loc EndOffset="1484" SrcFileId="1" StartOffset="1439"/>
<Loc EndOffset="2089" SrcFileId="1" StartOffset="2061"/>
</LocList>
<BasicStmnt CovItemId="S1" CovItemPrefix="view.TwitterGUI.java" Intrnl_Id="13">
<LocList>
<Loc EndOffset="1388" SrcFileId="1" StartOffset="1340"/>
</LocList>
</BasicStmnt>
<BasicStmnt CovItemId="S2" CovItemPrefix="view.TwitterGUI.java" Intrnl_Id="14">
<LocList>
<Loc EndOffset="1437" SrcFileId="1" StartOffset="1391"/>
</LocList>
</BasicStmnt>
<BasicStmnt CovItemId="S3" CovItemPrefix="view.TwitterGUI.java" Intrnl_Id="15">
<LocList>
<Loc EndOffset="1484" SrcFileId="1" StartOffset="1439"/>
</LocList>
</BasicStmnt>
<BasicStmnt CovItemId="S4" CovItemPrefix="view.TwitterGUI.java" Intrnl_Id="16">
<LocList>
<Loc EndOffset="2089" SrcFileId="1" StartOffset="2061"/>
</LocList>
</BasicStmnt>
</StmntSeq>
<HierarchyLvl HierarchyLvlId="2" HierarchyLvlTypeId="6" Intrnl_Id="17" Name="TwitterGUI">
<Header>
<Loc EndOffset="2352" SrcFileId="1" StartOffset="2333"/>
</Header>
<LocList>
<Loc EndOffset="3008" SrcFileId="1" StartOffset="2333"/>
</LocList>
<StmntSeq Intrnl_Id="18">
<LocList>
<Loc EndOffset="2378" SrcFileId="1" StartOffset="2357"/>
<Loc EndOffset="2408" SrcFileId="1" StartOffset="2381"/>
<Loc EndOffset="2438" SrcFileId="1" StartOffset="2411"/>
<Loc EndOffset="2488" SrcFileId="1" StartOffset="2441"/>
<Loc EndOffset="2526" SrcFileId="1" StartOffset="2491"/>
<Loc EndOffset="2586" SrcFileId="1" StartOffset="2529"/>
<Loc EndOffset="2646" SrcFileId="1" StartOffset="2589"/>
<Loc EndOffset="2669" SrcFileId="1" StartOffset="2649"/>
<Loc EndOffset="2802" SrcFileId="1" StartOffset="2774"/>
<Loc EndOffset="2824" SrcFileId="1" StartOffset="2806"/>
<Loc EndOffset="2872" SrcFileId="1" StartOffset="2851"/>
<Loc EndOffset="2894" SrcFileId="1" StartOffset="2875"/>
<Loc EndOffset="2920" SrcFileId="1" StartOffset="2897"/>
<Loc EndOffset="2946" SrcFileId="1" StartOffset="2923"/>
<Loc EndOffset="2962" SrcFileId="1" StartOffset="2949"/>
<Loc EndOffset="2984" SrcFileId="1" StartOffset="2965"/>
<Loc EndOffset="3005" SrcFileId="1" StartOffset="2988"/>
</LocList>
<BasicStmnt CovItemId="S5" CovItemPrefix="view.TwitterGUI.java" Intrnl_Id="19">
<LocList>
<Loc EndOffset="2378" SrcFileId="1" StartOffset="2357"/>
</LocList>
</BasicStmnt>
<BasicStmnt CovItemId="S6" CovItemPrefix="view.TwitterGUI.java" Intrnl_Id="20">
<LocList>
<Loc EndOffset="2408" SrcFileId="1" StartOffset="2381"/>
</LocList>
</BasicStmnt>
<BasicStmnt CovItemId="S7" CovItemPrefix="view.TwitterGUI.java" Intrnl_Id="21">
<LocList>
<Loc EndOffset="2438" SrcFileId="1" StartOffset="2411"/>
</LocList>
</BasicStmnt>
<BasicStmnt CovItemId="S8" CovItemPrefix="view.TwitterGUI.java" Intrnl_Id="22">
<LocList>
<Loc EndOffset="2488" SrcFileId="1" StartOffset="2441"/>
</LocList>
</BasicStmnt>
<BasicStmnt CovItemId="S9" CovItemPrefix="view.TwitterGUI.java" Intrnl_Id="23">
<LocList>
<Loc EndOffset="2526" SrcFileId="1" StartOffset="2491"/>
</LocList>
</BasicStmnt>
<BasicStmnt CovItemId="S10" CovItemPrefix="view.TwitterGUI.java" Intrnl_Id="24">
<LocList>
<Loc EndOffset="2586" SrcFileId="1" StartOffset="2529"/>
</LocList>
</BasicStmnt>
<BasicStmnt CovItemId="S11" CovItemPrefix="view.TwitterGUI.java" Intrnl_Id="25">
<LocList>
<Loc EndOffset="2646" SrcFileId="1" StartOffset="2589"/>
</LocList>
</BasicStmnt>
<BasicStmnt CovItemId="S12" CovItemPrefix="view.TwitterGUI.java" Intrnl_Id="26">
<LocList>
<Loc EndOffset="2669" SrcFileId="1" StartOffset="2649"/>
</LocList>
</BasicStmnt>
<BasicStmnt CovItemId="S13" CovItemPrefix="view.TwitterGUI.java" Intrnl_Id="27">
<LocList>
<Loc EndOffset="2802" SrcFileId="1" StartOffset="2774"/>
</LocList>
</BasicStmnt>
<BasicStmnt CovItemId="S14" CovItemPrefix="view.TwitterGUI.java" Intrnl_Id="28">
<LocList>
<Loc EndOffset="2824" SrcFileId="1" StartOffset="2806"/>
</LocList>
</BasicStmnt>
<BasicStmnt CovItemId="S15" CovItemPrefix="view.TwitterGUI.java" Intrnl_Id="29">
<LocList>
<Loc EndOffset="2872" SrcFileId="1" StartOffset="2851"/>
</LocList>
</BasicStmnt>
<BasicStmnt CovItemId="S16" CovItemPrefix="view.TwitterGUI.java" Intrnl_Id="30">
<LocList>
<Loc EndOffset="2894" SrcFileId="1" StartOffset="2875"/>
</LocList>
</BasicStmnt>
<BasicStmnt CovItemId="S17" CovItemPrefix="view.TwitterGUI.java" Intrnl_Id="31">
<LocList>
<Loc EndOffset="2920" SrcFileId="1" StartOffset="2897"/>
</LocList>
</BasicStmnt>
<BasicStmnt CovItemId="S18" CovItemPrefix="view.TwitterGUI.java" Intrnl_Id="32">
<LocList>
<Loc EndOffset="2946" SrcFileId="1" StartOffset="2923"/>
</LocList>
</BasicStmnt>
<BasicStmnt CovItemId="S19" CovItemPrefix="view.TwitterGUI.java" Intrnl_Id="33">
<LocList>
<Loc EndOffset="2962" SrcFileId="1" StartOffset="2949"/>
</LocList>
</BasicStmnt>
<BasicStmnt CovItemId="S20" CovItemPrefix="view.TwitterGUI.java" Intrnl_Id="34">
<LocList>
<Loc EndOffset="2984" SrcFileId="1" StartOffset="2965"/>
</LocList>
</BasicStmnt>
<BasicStmnt CovItemId="S21" CovItemPrefix="view.TwitterGUI.java" Intrnl_Id="35">
<LocList>
<Loc EndOffset="3005" SrcFileId="1" StartOffset="2988"/>
</LocList>
</BasicStmnt>
</StmntSeq>
</HierarchyLvl>
<HierarchyLvl HierarchyLvlId="3" HierarchyLvlTypeId="6" Intrnl_Id="36" Name="setUpController">
<Header>
<Loc EndOffset="3041" SrcFileId="1" StartOffset="3011"/>
</Header>
<LocList>
<Loc EndOffset="3467" SrcFileId="1" StartOffset="3011"/>
</LocList>
<StmntSeq Intrnl_Id="37">
<LocList>
<Loc EndOffset="3083" SrcFileId="1" StartOffset="3046"/>
<Loc EndOffset="3464" SrcFileId="1" StartOffset="3087"/>
</LocList>
<BasicStmnt CovItemId="S22" CovItemPrefix="view.TwitterGUI.java" Intrnl_Id="38">
<LocList>
<Loc EndOffset="3083" SrcFileId="1" StartOffset="3046"/>
</LocList>
</BasicStmnt>
<CondStmnt CovItemId="S23" CovItemPrefix="view.TwitterGUI.java" Intrnl_Id="39">
<Branch CovItemId="B1" CovItemPrefix="view.TwitterGUI.java" Implct="false" Intrnl_Id="40">
<Cond/>
<LocList>
<Loc EndOffset="3464" SrcFileId="1" StartOffset="3117"/>
</LocList>
<StmntSeq Intrnl_Id="41">
<LocList>
<Loc EndOffset="3163" SrcFileId="1" StartOffset="3122"/>
<Loc EndOffset="3294" SrcFileId="1" StartOffset="3191"/>
<Loc EndOffset="3434" SrcFileId="1" StartOffset="3298"/>
<Loc EndOffset="3460" SrcFileId="1" StartOffset="3438"/>
</LocList>
<BasicStmnt CovItemId="S24" CovItemPrefix="view.TwitterGUI.java" Intrnl_Id="42">
<LocList>
<Loc EndOffset="3163" SrcFileId="1" StartOffset="3122"/>
</LocList>
</BasicStmnt>
<BasicStmnt CovItemId="S25" CovItemPrefix="view.TwitterGUI.java" Intrnl_Id="43">
<LocList>
<Loc EndOffset="3294" SrcFileId="1" StartOffset="3191"/>
</LocList>
</BasicStmnt>
<BasicStmnt CovItemId="S26" CovItemPrefix="view.TwitterGUI.java" Intrnl_Id="44">
<LocList>
<Loc EndOffset="3434" SrcFileId="1" StartOffset="3298"/>
</LocList>
</BasicStmnt>
<BasicStmnt CovItemId="S27" CovItemPrefix="view.TwitterGUI.java" Intrnl_Id="45">
<LocList>
<Loc EndOffset="3460" SrcFileId="1" StartOffset="3438"/>
</LocList>
</BasicStmnt>
</StmntSeq>
</Branch>
<Branch CovItemId="B2" CovItemPrefix="view.TwitterGUI.java" Implct="true" Intrnl_Id="46">
<Cond/>
<LocList/>
<StmntSeq Intrnl_Id="47">
<LocList/>
</StmntSeq>
</Branch>
<Keyword EndOffset="3089" SrcFileId="1" StartOffset="3087"/>
<LocList>
<Loc EndOffset="3464" SrcFileId="1" StartOffset="3087"/>
</LocList>
<RootTerm CovItemId="C1" CovItemPrefix="view.TwitterGUI.java" Intrnl_Id="48">
<OpTerm BooleanOpId="2" Intrnl_Id="49">
<BasicBoolTerm Intrnl_Id="50">
<LocList>
<Loc EndOffset="3115" SrcFileId="1" StartOffset="3092"/>
</LocList>
</BasicBoolTerm>
<LocList>
<Loc EndOffset="3092" SrcFileId="1" StartOffset="3091"/>
</LocList>
</OpTerm>
</RootTerm>
</CondStmnt>
</StmntSeq>
</HierarchyLvl>
<HierarchyLvl HierarchyLvlId="4" HierarchyLvlTypeId="6" Intrnl_Id="51" Name="createFollowersPanel">
<Header>
<Loc EndOffset="3505" SrcFileId="1" StartOffset="3470"/>
</Header>
<LocList>
<Loc EndOffset="3991" SrcFileId="1" StartOffset="3470"/>
</LocList>
<StmntSeq Intrnl_Id="52">
<LocList>
<Loc EndOffset="3540" SrcFileId="1" StartOffset="3510"/>
<Loc EndOffset="3585" SrcFileId="1" StartOffset="3543"/>
<Loc EndOffset="3634" SrcFileId="1" StartOffset="3589"/>
<Loc EndOffset="3687" SrcFileId="1" StartOffset="3638"/>
<Loc EndOffset="3734" SrcFileId="1" StartOffset="3691"/>
<Loc EndOffset="3804" SrcFileId="1" StartOffset="3738"/>
<Loc EndOffset="3846" SrcFileId="1" StartOffset="3808"/>
<Loc EndOffset="3901" SrcFileId="1" StartOffset="3850"/>
<Loc EndOffset="3953" SrcFileId="1" StartOffset="3905"/>
<Loc EndOffset="3988" SrcFileId="1" StartOffset="3957"/>
</LocList>
<BasicStmnt CovItemId="S28" CovItemPrefix="view.TwitterGUI.java" Intrnl_Id="53">
<LocList>
<Loc EndOffset="3540" SrcFileId="1" StartOffset="3510"/>
</LocList>
</BasicStmnt>
<BasicStmnt CovItemId="S29" CovItemPrefix="view.TwitterGUI.java" Intrnl_Id="54">
<LocList>
<Loc EndOffset="3585" SrcFileId="1" StartOffset="3543"/>
</LocList>
</BasicStmnt>
<BasicStmnt CovItemId="S30" CovItemPrefix="view.TwitterGUI.java" Intrnl_Id="55">
<LocList>
<Loc EndOffset="3634" SrcFileId="1" StartOffset="3589"/>
</LocList>
</BasicStmnt>
<BasicStmnt CovItemId="S31" CovItemPrefix="view.TwitterGUI.java" Intrnl_Id="56">
<LocList>
<Loc EndOffset="3687" SrcFileId="1" StartOffset="3638"/>
</LocList>
</BasicStmnt>
<BasicStmnt CovItemId="S32" CovItemPrefix="view.TwitterGUI.java" Intrnl_Id="57">
<LocList>
<Loc EndOffset="3734" SrcFileId="1" StartOffset="3691"/>
</LocList>
</BasicStmnt>
<LoopStmnt CovItemId="S33" CovItemPrefix="view.TwitterGUI.java" Intrnl_Id="58" MltplExecId="L1-2" MltplExecPrefix="view.TwitterGUI.java" NvrExecId="L1-0" NvrExecPrefix="view.TwitterGUI.java" OnceExecutedId="L1-1" OnceExecutedPrefix="view.TwitterGUI.java" OptBodyExec="true">
<StmntSeq Intrnl_Id="59">
<LocList>
<Loc EndOffset="3800" SrcFileId="1" StartOffset="3763"/>
</LocList>
<BasicStmnt CovItemId="S34" CovItemPrefix="view.TwitterGUI.java" Intrnl_Id="60">
<LocList>
<Loc EndOffset="3800" SrcFileId="1" StartOffset="3763"/>
</LocList>
</BasicStmnt>
</StmntSeq>
<Keyword EndOffset="3741" SrcFileId="1" StartOffset="3738"/>
<LocList>
<Loc EndOffset="3804" SrcFileId="1" StartOffset="3738"/>
</LocList>
</LoopStmnt>
<BasicStmnt CovItemId="S35" CovItemPrefix="view.TwitterGUI.java" Intrnl_Id="61">
<LocList>
<Loc EndOffset="3846" SrcFileId="1" StartOffset="3808"/>
</LocList>
</BasicStmnt>
<BasicStmnt CovItemId="S36" CovItemPrefix="view.TwitterGUI.java" Intrnl_Id="62">
<LocList>
<Loc EndOffset="3901" SrcFileId="1" StartOffset="3850"/>
</LocList>
</BasicStmnt>
<BasicStmnt CovItemId="S37" CovItemPrefix="view.TwitterGUI.java" Intrnl_Id="63">
<LocList>
<Loc EndOffset="3953" SrcFileId="1" StartOffset="3905"/>
</LocList>
</BasicStmnt>
<BasicStmnt CovItemId="S38" CovItemPrefix="view.TwitterGUI.java" Intrnl_Id="64">
<LocList>
<Loc EndOffset="3988" SrcFileId="1" StartOffset="3957"/>
</LocList>
</BasicStmnt>
</StmntSeq>
</HierarchyLvl>
<HierarchyLvl HierarchyLvlId="5" HierarchyLvlTypeId="6" Intrnl_Id="65" Name="createFollowingPanel">
<Header>
<Loc EndOffset="4029" SrcFileId="1" StartOffset="3994"/>
</Header>
<LocList>
<Loc EndOffset="4335" SrcFileId="1" StartOffset="3994"/>
</LocList>
<StmntSeq Intrnl_Id="66">
<LocList>
<Loc EndOffset="4064" SrcFileId="1" StartOffset="4034"/>
<Loc EndOffset="4109" SrcFileId="1" StartOffset="4067"/>
<Loc EndOffset="4158" SrcFileId="1" StartOffset="4113"/>
<Loc EndOffset="4245" SrcFileId="1" StartOffset="4162"/>
<Loc EndOffset="4297" SrcFileId="1" StartOffset="4249"/>
<Loc EndOffset="4332" SrcFileId="1" StartOffset="4301"/>
</LocList>
<BasicStmnt CovItemId="S39" CovItemPrefix="view.TwitterGUI.java" Intrnl_Id="67">
<LocList>
<Loc EndOffset="4064" SrcFileId="1" StartOffset="4034"/>
</LocList>
</BasicStmnt>
<BasicStmnt CovItemId="S40" CovItemPrefix="view.TwitterGUI.java" Intrnl_Id="68">
<LocList>
<Loc EndOffset="4109" SrcFileId="1" StartOffset="4067"/>
</LocList>
</BasicStmnt>
<BasicStmnt CovItemId="S41" CovItemPrefix="view.TwitterGUI.java" Intrnl_Id="69">
<LocList>
<Loc EndOffset="4158" SrcFileId="1" StartOffset="4113"/>
</LocList>
</BasicStmnt>
<BasicStmnt CovItemId="S42" CovItemPrefix="view.TwitterGUI.java" Intrnl_Id="70">
<LocList>
<Loc EndOffset="4245" SrcFileId="1" StartOffset="4162"/>
</LocList>
</BasicStmnt>
<BasicStmnt CovItemId="S43" CovItemPrefix="view.TwitterGUI.java" Intrnl_Id="71">
<LocList>
<Loc EndOffset="4297" SrcFileId="1" StartOffset="4249"/>
</LocList>
</BasicStmnt>
<BasicStmnt CovItemId="S44" CovItemPrefix="view.TwitterGUI.java" Intrnl_Id="72">
<LocList>
<Loc EndOffset="4332" SrcFileId="1" StartOffset="4301"/>
</LocList>
</BasicStmnt>
</StmntSeq>
</HierarchyLvl>
<HierarchyLvl HierarchyLvlId="6" HierarchyLvlTypeId="6" Intrnl_Id="73" Name="createTweetPanel">
<Header>
<Loc EndOffset="4369" SrcFileId="1" StartOffset="4338"/>
</Header>
<LocList>
<Loc EndOffset="5871" SrcFileId="1" StartOffset="4338"/>
</LocList>
<StmntSeq Intrnl_Id="74">
<LocList>
<Loc EndOffset="4400" SrcFileId="1" StartOffset="4374"/>
<Loc EndOffset="4441" SrcFileId="1" StartOffset="4403"/>
<Loc EndOffset="4486" SrcFileId="1" StartOffset="4444"/>
<Loc EndOffset="4520" SrcFileId="1" StartOffset="4489"/>
<Loc EndOffset="4577" SrcFileId="1" StartOffset="4546"/>
<Loc EndOffset="4611" SrcFileId="1" StartOffset="4580"/>
<Loc EndOffset="4655" SrcFileId="1" StartOffset="4614"/>
<Loc EndOffset="4672" SrcFileId="1" StartOffset="4658"/>
<Loc EndOffset="4689" SrcFileId="1" StartOffset="4675"/>
<Loc EndOffset="4720" SrcFileId="1" StartOffset="4692"/>
<Loc EndOffset="4764" SrcFileId="1" StartOffset="4724"/>
<Loc EndOffset="4803" SrcFileId="1" StartOffset="4767"/>
<Loc EndOffset="4847" SrcFileId="1" StartOffset="4806"/>
<Loc EndOffset="4864" SrcFileId="1" StartOffset="4850"/>
<Loc EndOffset="4881" SrcFileId="1" StartOffset="4867"/>
<Loc EndOffset="4917" SrcFileId="1" StartOffset="4884"/>
<Loc EndOffset="4949" SrcFileId="1" StartOffset="4921"/>
<Loc EndOffset="4983" SrcFileId="1" StartOffset="4952"/>
<Loc EndOffset="5051" SrcFileId="1" StartOffset="4986"/>
<Loc EndOffset="5083" SrcFileId="1" StartOffset="5054"/>
<Loc EndOffset="5111" SrcFileId="1" StartOffset="5086"/>
<Loc EndOffset="5135" SrcFileId="1" StartOffset="5114"/>
<Loc EndOffset="5179" SrcFileId="1" StartOffset="5138"/>
<Loc EndOffset="5196" SrcFileId="1" StartOffset="5182"/>
<Loc EndOffset="5213" SrcFileId="1" StartOffset="5199"/>
<Loc EndOffset="5234" SrcFileId="1" StartOffset="5216"/>
<Loc EndOffset="5268" SrcFileId="1" StartOffset="5237"/>
<Loc EndOffset="5335" SrcFileId="1" StartOffset="5272"/>
<Loc EndOffset="5352" SrcFileId="1" StartOffset="5338"/>
<Loc EndOffset="5369" SrcFileId="1" StartOffset="5355"/>
<Loc EndOffset="5408" SrcFileId="1" StartOffset="5372"/>
<Loc EndOffset="5477" SrcFileId="1" StartOffset="5412"/>
<Loc EndOffset="5521" SrcFileId="1" StartOffset="5480"/>
<Loc EndOffset="5538" SrcFileId="1" StartOffset="5524"/>
<Loc EndOffset="5555" SrcFileId="1" StartOffset="5541"/>
<Loc EndOffset="5576" SrcFileId="1" StartOffset="5558"/>
<Loc EndOffset="5611" SrcFileId="1" StartOffset="5579"/>
<Loc EndOffset="5654" SrcFileId="1" StartOffset="5615"/>
<Loc EndOffset="5691" SrcFileId="1" StartOffset="5657"/>
<Loc EndOffset="5735" SrcFileId="1" StartOffset="5694"/>
<Loc EndOffset="5752" SrcFileId="1" StartOffset="5738"/>
<Loc EndOffset="5769" SrcFileId="1" StartOffset="5755"/>
<Loc EndOffset="5790" SrcFileId="1" StartOffset="5772"/>
<Loc EndOffset="5834" SrcFileId="1" StartOffset="5793"/>
<Loc EndOffset="5868" SrcFileId="1" StartOffset="5837"/>
</LocList>
<BasicStmnt CovItemId="S45" CovItemPrefix="view.TwitterGUI.java" Intrnl_Id="75">
<LocList>
<Loc EndOffset="4400" SrcFileId="1" StartOffset="4374"/>
</LocList>
</BasicStmnt>
<BasicStmnt CovItemId="S46" CovItemPrefix="view.TwitterGUI.java" Intrnl_Id="76">
<LocList>
<Loc EndOffset="4441" SrcFileId="1" StartOffset="4403"/>
</LocList>
</BasicStmnt>
<BasicStmnt CovItemId="S47" CovItemPrefix="view.TwitterGUI.java" Intrnl_Id="77">
<LocList>
<Loc EndOffset="4486" SrcFileId="1" StartOffset="4444"/>
</LocList>
</BasicStmnt>
<BasicStmnt CovItemId="S48" CovItemPrefix="view.TwitterGUI.java" Intrnl_Id="78">
<LocList>
<Loc EndOffset="4520" SrcFileId="1" StartOffset="4489"/>
</LocList>
</BasicStmnt>
<BasicStmnt CovItemId="S49" CovItemPrefix="view.TwitterGUI.java" Intrnl_Id="79">
<LocList>
<Loc EndOffset="4577" SrcFileId="1" StartOffset="4546"/>
</LocList>
</BasicStmnt>
<BasicStmnt CovItemId="S50" CovItemPrefix="view.TwitterGUI.java" Intrnl_Id="80">
<LocList>
<Loc EndOffset="4611" SrcFileId="1" StartOffset="4580"/>
</LocList>
</BasicStmnt>
<BasicStmnt CovItemId="S51" CovItemPrefix="view.TwitterGUI.java" Intrnl_Id="81">
<LocList>
<Loc EndOffset="4655" SrcFileId="1" StartOffset="4614"/>
</LocList>
</BasicStmnt>
<BasicStmnt CovItemId="S52" CovItemPrefix="view.TwitterGUI.java" Intrnl_Id="82">
<LocList>
<Loc EndOffset="4672" SrcFileId="1" StartOffset="4658"/>
</LocList>
</BasicStmnt>
<BasicStmnt CovItemId="S53" CovItemPrefix="view.TwitterGUI.java" Intrnl_Id="83">
<LocList>
<Loc EndOffset="4689" SrcFileId="1" StartOffset="4675"/>
</LocList>
</BasicStmnt>
<BasicStmnt CovItemId="S54" CovItemPrefix="view.TwitterGUI.java" Intrnl_Id="84">
<LocList>
<Loc EndOffset="4720" SrcFileId="1" StartOffset="4692"/>
</LocList>
</BasicStmnt>
<BasicStmnt CovItemId="S55" CovItemPrefix="view.TwitterGUI.java" Intrnl_Id="85">
<LocList>
<Loc EndOffset="4764" SrcFileId="1" StartOffset="4724"/>
</LocList>
</BasicStmnt>
<BasicStmnt CovItemId="S56" CovItemPrefix="view.TwitterGUI.java" Intrnl_Id="86">
<LocList>
<Loc EndOffset="4803" SrcFileId="1" StartOffset="4767"/>
</LocList>
</BasicStmnt>
<BasicStmnt CovItemId="S57" CovItemPrefix="view.TwitterGUI.java" Intrnl_Id="87">
<LocList>
<Loc EndOffset="4847" SrcFileId="1" StartOffset="4806"/>
</LocList>
</BasicStmnt>
<BasicStmnt CovItemId="S58" CovItemPrefix="view.TwitterGUI.java" Intrnl_Id="88">
<LocList>
<Loc EndOffset="4864" SrcFileId="1" StartOffset="4850"/>
</LocList>
</BasicStmnt>
<BasicStmnt CovItemId="S59" CovItemPrefix="view.TwitterGUI.java" Intrnl_Id="89">
<LocList>
<Loc EndOffset="4881" SrcFileId="1" StartOffset="4867"/>
</LocList>
</BasicStmnt>
<BasicStmnt CovItemId="S60" CovItemPrefix="view.TwitterGUI.java" Intrnl_Id="90">
<LocList>
<Loc EndOffset="4917" SrcFileId="1" StartOffset="4884"/>
</LocList>
</BasicStmnt>
<BasicStmnt CovItemId="S61" CovItemPrefix="view.TwitterGUI.java" Intrnl_Id="91">
<LocList>
<Loc EndOffset="4949" SrcFileId="1" StartOffset="4921"/>
</LocList>
</BasicStmnt>
<BasicStmnt CovItemId="S62" CovItemPrefix="view.TwitterGUI.java" Intrnl_Id="92">
<LocList>
<Loc EndOffset="4983" SrcFileId="1" StartOffset="4952"/>
</LocList>
</BasicStmnt>
<BasicStmnt CovItemId="S63" CovItemPrefix="view.TwitterGUI.java" Intrnl_Id="93">
<LocList>
<Loc EndOffset="5051" SrcFileId="1" StartOffset="4986"/>
</LocList>
</BasicStmnt>
<BasicStmnt CovItemId="S64" CovItemPrefix="view.TwitterGUI.java" Intrnl_Id="94">
<LocList>
<Loc EndOffset="5083" SrcFileId="1" StartOffset="5054"/>
</LocList>
</BasicStmnt>
<BasicStmnt CovItemId="S65" CovItemPrefix="view.TwitterGUI.java" Intrnl_Id="95">
<LocList>
<Loc EndOffset="5111" SrcFileId="1" StartOffset="5086"/>
</LocList>
</BasicStmnt>
<BasicStmnt CovItemId="S66" CovItemPrefix="view.TwitterGUI.java" Intrnl_Id="96">
<LocList>
<Loc EndOffset="5135" SrcFileId="1" StartOffset="5114"/>
</LocList>
</BasicStmnt>
<BasicStmnt CovItemId="S67" CovItemPrefix="view.TwitterGUI.java" Intrnl_Id="97">
<LocList>
<Loc EndOffset="5179" SrcFileId="1" StartOffset="5138"/>
</LocList>
</BasicStmnt>
<BasicStmnt CovItemId="S68" CovItemPrefix="view.TwitterGUI.java" Intrnl_Id="98">
<LocList>
<Loc EndOffset="5196" SrcFileId="1" StartOffset="5182"/>
</LocList>
</BasicStmnt>
<BasicStmnt CovItemId="S69" CovItemPrefix="view.TwitterGUI.java" Intrnl_Id="99">
<LocList>
<Loc EndOffset="5213" SrcFileId="1" StartOffset="5199"/>
</LocList>
</BasicStmnt>
<BasicStmnt CovItemId="S70" CovItemPrefix="view.TwitterGUI.java" Intrnl_Id="100">
<LocList>
<Loc EndOffset="5234" SrcFileId="1" StartOffset="5216"/>
</LocList>
</BasicStmnt>
<BasicStmnt CovItemId="S71" CovItemPrefix="view.TwitterGUI.java" Intrnl_Id="101">
<LocList>
<Loc EndOffset="5268" SrcFileId="1" StartOffset="5237"/>
</LocList>
</BasicStmnt>
<BasicStmnt CovItemId="S72" CovItemPrefix="view.TwitterGUI.java" Intrnl_Id="102">
<LocList>
<Loc EndOffset="5335" SrcFileId="1" StartOffset="5272"/>
</LocList>
</BasicStmnt>
<BasicStmnt CovItemId="S73" CovItemPrefix="view.TwitterGUI.java" Intrnl_Id="103">
<LocList>
<Loc EndOffset="5352" SrcFileId="1" StartOffset="5338"/>
</LocList>
</BasicStmnt>
<BasicStmnt CovItemId="S74" CovItemPrefix="view.TwitterGUI.java" Intrnl_Id="104">
<LocList>
<Loc EndOffset="5369" SrcFileId="1" StartOffset="5355"/>
</LocList>
</BasicStmnt>
<BasicStmnt CovItemId="S75" CovItemPrefix="view.TwitterGUI.java" Intrnl_Id="105">
<LocList>
<Loc EndOffset="5408" SrcFileId="1" StartOffset="5372"/>
</LocList>
</BasicStmnt>
<BasicStmnt CovItemId="S76" CovItemPrefix="view.TwitterGUI.java" Intrnl_Id="106">
<LocList>
<Loc EndOffset="5477" SrcFileId="1" StartOffset="5412"/>
</LocList>
</BasicStmnt>
<BasicStmnt CovItemId="S77" CovItemPrefix="view.TwitterGUI.java" Intrnl_Id="107">
<LocList>
<Loc EndOffset="5521" SrcFileId="1" StartOffset="5480"/>
</LocList>
</BasicStmnt>
<BasicStmnt CovItemId="S78" CovItemPrefix="view.TwitterGUI.java" Intrnl_Id="108">
<LocList>
<Loc EndOffset="5538" SrcFileId="1" StartOffset="5524"/>
</LocList>
</BasicStmnt>
<BasicStmnt CovItemId="S79" CovItemPrefix="view.TwitterGUI.java" Intrnl_Id="109">
<LocList>
<Loc EndOffset="5555" SrcFileId="1" StartOffset="5541"/>
</LocList>
</BasicStmnt>
<BasicStmnt CovItemId="S80" CovItemPrefix="view.TwitterGUI.java" Intrnl_Id="110">
<LocList>
<Loc EndOffset="5576" SrcFileId="1" StartOffset="5558"/>
</LocList>
</BasicStmnt>
<BasicStmnt CovItemId="S81" CovItemPrefix="view.TwitterGUI.java" Intrnl_Id="111">
<LocList>
<Loc EndOffset="5611" SrcFileId="1" StartOffset="5579"/>
</LocList>
</BasicStmnt>
<BasicStmnt CovItemId="S82" CovItemPrefix="view.TwitterGUI.java" Intrnl_Id="112">
<LocList>
<Loc EndOffset="5654" SrcFileId="1" StartOffset="5615"/>
</LocList>
</BasicStmnt>
<BasicStmnt CovItemId="S83" CovItemPrefix="view.TwitterGUI.java" Intrnl_Id="113">
<LocList>
<Loc EndOffset="5691" SrcFileId="1" StartOffset="5657"/>
</LocList>
</BasicStmnt>
<BasicStmnt CovItemId="S84" CovItemPrefix="view.TwitterGUI.java" Intrnl_Id="114">
<LocList>
<Loc EndOffset="5735" SrcFileId="1" StartOffset="5694"/>
</LocList>
</BasicStmnt>
<BasicStmnt CovItemId="S85" CovItemPrefix="view.TwitterGUI.java" Intrnl_Id="115">
<LocList>
<Loc EndOffset="5752" SrcFileId="1" StartOffset="5738"/>
</LocList>
</BasicStmnt>
<BasicStmnt CovItemId="S86" CovItemPrefix="view.TwitterGUI.java" Intrnl_Id="116">
<LocList>
<Loc EndOffset="5769" SrcFileId="1" StartOffset="5755"/>
</LocList>
</BasicStmnt>
<BasicStmnt CovItemId="S87" CovItemPrefix="view.TwitterGUI.java" Intrnl_Id="117">
<LocList>
<Loc EndOffset="5790" SrcFileId="1" StartOffset="5772"/>
</LocList>
</BasicStmnt>
<BasicStmnt CovItemId="S88" CovItemPrefix="view.TwitterGUI.java" Intrnl_Id="118">
<LocList>
<Loc EndOffset="5834" SrcFileId="1" StartOffset="5793"/>
</LocList>
</BasicStmnt>
<BasicStmnt CovItemId="S89" CovItemPrefix="view.TwitterGUI.java" Intrnl_Id="119">
<LocList>
<Loc EndOffset="5868" SrcFileId="1" StartOffset="5837"/>
</LocList>
</BasicStmnt>
</StmntSeq>
</HierarchyLvl>
<HierarchyLvl HierarchyLvlId="11" HierarchyLvlTypeId="6" Intrnl_Id="120" Name="createProfilePanel">
<Header>
<Loc EndOffset="5936" SrcFileId="1" StartOffset="5874"/>
</Header>
<LocList>
<Loc EndOffset="9623" SrcFileId="1" StartOffset="5874"/>
</LocList>
<StmntSeq Intrnl_Id="121">
<LocList>
<Loc EndOffset="6009" SrcFileId="1" StartOffset="5967"/>
<Loc EndOffset="6054" SrcFileId="1" StartOffset="6012"/>
<Loc EndOffset="6099" SrcFileId="1" StartOffset="6057"/>
<Loc EndOffset="6138" SrcFileId="1" StartOffset="6102"/>
<Loc EndOffset="6175" SrcFileId="1" StartOffset="6141"/>
<Loc EndOffset="6222" SrcFileId="1" StartOffset="6178"/>
<Loc EndOffset="6271" SrcFileId="1" StartOffset="6225"/>
<Loc EndOffset="6324" SrcFileId="1" StartOffset="6274"/>
<Loc EndOffset="6367" SrcFileId="1" StartOffset="6348"/>
<Loc EndOffset="6621" SrcFileId="1" StartOffset="6620"/>
<Loc EndOffset="6651" SrcFileId="1" StartOffset="6624"/>
<Loc EndOffset="6695" SrcFileId="1" StartOffset="6654"/>
<Loc EndOffset="6746" SrcFileId="1" StartOffset="6698"/>
<Loc EndOffset="6781" SrcFileId="1" StartOffset="6749"/>
<Loc EndOffset="6817" SrcFileId="1" StartOffset="6784"/>
<Loc EndOffset="6869" SrcFileId="1" StartOffset="6840"/>
<Loc EndOffset="6884" SrcFileId="1" StartOffset="6872"/>
<Loc EndOffset="6935" SrcFileId="1" StartOffset="6887"/>
<Loc EndOffset="7035" SrcFileId="1" StartOffset="6938"/>
<Loc EndOffset="7091" SrcFileId="1" StartOffset="7038"/>
<Loc EndOffset="7118" SrcFileId="1" StartOffset="7094"/>
<Loc EndOffset="7150" SrcFileId="1" StartOffset="7121"/>
<Loc EndOffset="7184" SrcFileId="1" StartOffset="7172"/>
<Loc EndOffset="7199" SrcFileId="1" StartOffset="7187"/>
<Loc EndOffset="7250" SrcFileId="1" StartOffset="7202"/>
<Loc EndOffset="7310" SrcFileId="1" StartOffset="7253"/>
<Loc EndOffset="7355" SrcFileId="1" StartOffset="7313"/>
<Loc EndOffset="7391" SrcFileId="1" StartOffset="7358"/>
<Loc EndOffset="7425" SrcFileId="1" StartOffset="7413"/>
<Loc EndOffset="7476" SrcFileId="1" StartOffset="7428"/>
<Loc EndOffset="7537" SrcFileId="1" StartOffset="7479"/>
<Loc EndOffset="7582" SrcFileId="1" StartOffset="7540"/>
<Loc EndOffset="7618" SrcFileId="1" StartOffset="7585"/>
<Loc EndOffset="7634" SrcFileId="1" StartOffset="7621"/>
<Loc EndOffset="7683" SrcFileId="1" StartOffset="7671"/>
<Loc EndOffset="7698" SrcFileId="1" StartOffset="7686"/>
<Loc EndOffset="7738" SrcFileId="1" StartOffset="7701"/>
<Loc EndOffset="7768" SrcFileId="1" StartOffset="7756"/>
<Loc EndOffset="7783" SrcFileId="1" StartOffset="7771"/>
<Loc EndOffset="7828" SrcFileId="1" StartOffset="7786"/>
<Loc EndOffset="7885" SrcFileId="1" StartOffset="7831"/>
<Loc EndOffset="7927" SrcFileId="1" StartOffset="7888"/>
<Loc EndOffset="7960" SrcFileId="1" StartOffset="7930"/>
<Loc EndOffset="7989" SrcFileId="1" StartOffset="7977"/>
<Loc EndOffset="8032" SrcFileId="1" StartOffset="7992"/>
<Loc EndOffset="8089" SrcFileId="1" StartOffset="8035"/>
<Loc EndOffset="8130" SrcFileId="1" StartOffset="8092"/>
<Loc EndOffset="8162" SrcFileId="1" StartOffset="8133"/>
<Loc EndOffset="8220" SrcFileId="1" StartOffset="8187"/>
<Loc EndOffset="8265" SrcFileId="1" StartOffset="8223"/>
<Loc EndOffset="8318" SrcFileId="1" StartOffset="8268"/>
<Loc EndOffset="8356" SrcFileId="1" StartOffset="8321"/>
<Loc EndOffset="8374" SrcFileId="1" StartOffset="8359"/>
<Loc EndOffset="8405" SrcFileId="1" StartOffset="8377"/>
<Loc EndOffset="8537" SrcFileId="1" StartOffset="8453"/>
<Loc EndOffset="8577" SrcFileId="1" StartOffset="8540"/>
<Loc EndOffset="8662" SrcFileId="1" StartOffset="8580"/>
<Loc EndOffset="8702" SrcFileId="1" StartOffset="8665"/>
<Loc EndOffset="8775" SrcFileId="1" StartOffset="8705"/>
<Loc EndOffset="8812" SrcFileId="1" StartOffset="8778"/>
<Loc EndOffset="8830" SrcFileId="1" StartOffset="8816"/>
<Loc EndOffset="8880" SrcFileId="1" StartOffset="8833"/>
<Loc EndOffset="8917" SrcFileId="1" StartOffset="8883"/>
<Loc EndOffset="8967" SrcFileId="1" StartOffset="8920"/>
<Loc EndOffset="9004" SrcFileId="1" StartOffset="8970"/>
<Loc EndOffset="9041" SrcFileId="1" StartOffset="9007"/>
<Loc EndOffset="9081" SrcFileId="1" StartOffset="9044"/>
<Loc EndOffset="9118" SrcFileId="1" StartOffset="9084"/>
<Loc EndOffset="9158" SrcFileId="1" StartOffset="9121"/>
<Loc EndOffset="9192" SrcFileId="1" StartOffset="9161"/>
<Loc EndOffset="9209" SrcFileId="1" StartOffset="9195"/>
<Loc EndOffset="9249" SrcFileId="1" StartOffset="9212"/>
<Loc EndOffset="9291" SrcFileId="1" StartOffset="9276"/>
<Loc EndOffset="9437" SrcFileId="1" StartOffset="9436"/>
<Loc EndOffset="9470" SrcFileId="1" StartOffset="9440"/>
<Loc EndOffset="9516" SrcFileId="1" StartOffset="9473"/>
<Loc EndOffset="9568" SrcFileId="1" StartOffset="9519"/>
<Loc EndOffset="9620" SrcFileId="1" StartOffset="9571"/>
</LocList>
<BasicStmnt CovItemId="S90" CovItemPrefix="view.TwitterGUI.java" Intrnl_Id="122">
<LocList>
<Loc EndOffset="6009" SrcFileId="1" StartOffset="5967"/>
</LocList>
</BasicStmnt>
<BasicStmnt CovItemId="S91" CovItemPrefix="view.TwitterGUI.java" Intrnl_Id="123">
<LocList>
<Loc EndOffset="6054" SrcFileId="1" StartOffset="6012"/>
</LocList>
</BasicStmnt>
<BasicStmnt CovItemId="S92" CovItemPrefix="view.TwitterGUI.java" Intrnl_Id="124">
<LocList>
<Loc EndOffset="6099" SrcFileId="1" StartOffset="6057"/>
</LocList>
</BasicStmnt>
<BasicStmnt CovItemId="S93" CovItemPrefix="view.TwitterGUI.java" Intrnl_Id="125">
<LocList>
<Loc EndOffset="6138" SrcFileId="1" StartOffset="6102"/>
</LocList>
</BasicStmnt>
<BasicStmnt CovItemId="S94" CovItemPrefix="view.TwitterGUI.java" Intrnl_Id="126">
<LocList>
<Loc EndOffset="6175" SrcFileId="1" StartOffset="6141"/>
</LocList>
</BasicStmnt>
<BasicStmnt CovItemId="S95" CovItemPrefix="view.TwitterGUI.java" Intrnl_Id="127">
<LocList>
<Loc EndOffset="6222" SrcFileId="1" StartOffset="6178"/>
</LocList>
</BasicStmnt>
<BasicStmnt CovItemId="S96" CovItemPrefix="view.TwitterGUI.java" Intrnl_Id="128">
<LocList>
<Loc EndOffset="6271" SrcFileId="1" StartOffset="6225"/>
</LocList>
</BasicStmnt>
<BasicStmnt CovItemId="S97" CovItemPrefix="view.TwitterGUI.java" Intrnl_Id="129">
<LocList>
<Loc EndOffset="6324" SrcFileId="1" StartOffset="6274"/>
</LocList>
</BasicStmnt>
<BasicStmnt CovItemId="S98" CovItemPrefix="view.TwitterGUI.java" Intrnl_Id="130">
<LocList>
<Loc EndOffset="6367" SrcFileId="1" StartOffset="6348"/>
<Loc EndOffset="6621" SrcFileId="1" StartOffset="6620"/>
</LocList>
</BasicStmnt>
<BasicStmnt CovItemId="S100" CovItemPrefix="view.TwitterGUI.java" Intrnl_Id="131">
<LocList>
<Loc EndOffset="6651" SrcFileId="1" StartOffset="6624"/>
</LocList>
</BasicStmnt>
<BasicStmnt CovItemId="S101" CovItemPrefix="view.TwitterGUI.java" Intrnl_Id="132">
<LocList>
<Loc EndOffset="6695" SrcFileId="1" StartOffset="6654"/>
</LocList>
</BasicStmnt>
<BasicStmnt CovItemId="S102" CovItemPrefix="view.TwitterGUI.java" Intrnl_Id="133">
<LocList>
<Loc EndOffset="6746" SrcFileId="1" StartOffset="6698"/>
</LocList>
</BasicStmnt>
<BasicStmnt CovItemId="S103" CovItemPrefix="view.TwitterGUI.java" Intrnl_Id="134">
<LocList>
<Loc EndOffset="6781" SrcFileId="1" StartOffset="6749"/>
</LocList>
</BasicStmnt>
<BasicStmnt CovItemId="S104" CovItemPrefix="view.TwitterGUI.java" Intrnl_Id="135">
<LocList>
<Loc EndOffset="6817" SrcFileId="1" StartOffset="6784"/>
</LocList>
</BasicStmnt>
<BasicStmnt CovItemId="S105" CovItemPrefix="view.TwitterGUI.java" Intrnl_Id="136">
<LocList>
<Loc EndOffset="6869" SrcFileId="1" StartOffset="6840"/>
</LocList>
</BasicStmnt>
<BasicStmnt CovItemId="S106" CovItemPrefix="view.TwitterGUI.java" Intrnl_Id="137">
<LocList>
<Loc EndOffset="6884" SrcFileId="1" StartOffset="6872"/>
</LocList>
</BasicStmnt>
<BasicStmnt CovItemId="S107" CovItemPrefix="view.TwitterGUI.java" Intrnl_Id="138">
<LocList>
<Loc EndOffset="6935" SrcFileId="1" StartOffset="6887"/>
</LocList>
</BasicStmnt>
<BasicStmnt CovItemId="S108" CovItemPrefix="view.TwitterGUI.java" Intrnl_Id="139">
<LocList>
<Loc EndOffset="7035" SrcFileId="1" StartOffset="6938"/>
</LocList>
</BasicStmnt>
<BasicStmnt CovItemId="S109" CovItemPrefix="view.TwitterGUI.java" Intrnl_Id="140">
<LocList>
<Loc EndOffset="7091" SrcFileId="1" StartOffset="7038"/>
</LocList>
</BasicStmnt>
<BasicStmnt CovItemId="S110" CovItemPrefix="view.TwitterGUI.java" Intrnl_Id="141">
<LocList>
<Loc EndOffset="7118" SrcFileId="1" StartOffset="7094"/>
</LocList>
</BasicStmnt>
<BasicStmnt CovItemId="S111" CovItemPrefix="view.TwitterGUI.java" Intrnl_Id="142">
<LocList>
<Loc EndOffset="7150" SrcFileId="1" StartOffset="7121"/>
</LocList>
</BasicStmnt>
<BasicStmnt CovItemId="S112" CovItemPrefix="view.TwitterGUI.java" Intrnl_Id="143">
<LocList>
<Loc EndOffset="7184" SrcFileId="1" StartOffset="7172"/>
</LocList>
</BasicStmnt>
<BasicStmnt CovItemId="S113" CovItemPrefix="view.TwitterGUI.java" Intrnl_Id="144">
<LocList>
<Loc EndOffset="7199" SrcFileId="1" StartOffset="7187"/>
</LocList>
</BasicStmnt>
<BasicStmnt CovItemId="S114" CovItemPrefix="view.TwitterGUI.java" Intrnl_Id="145">
<LocList>
<Loc EndOffset="7250" SrcFileId="1" StartOffset="7202"/>
</LocList>
</BasicStmnt>
<BasicStmnt CovItemId="S115" CovItemPrefix="view.TwitterGUI.java" Intrnl_Id="146">
<LocList>
<Loc EndOffset="7310" SrcFileId="1" StartOffset="7253"/>
</LocList>
</BasicStmnt>
<BasicStmnt CovItemId="S116" CovItemPrefix="view.TwitterGUI.java" Intrnl_Id="147">
<LocList>
<Loc EndOffset="7355" SrcFileId="1" StartOffset="7313"/>
</LocList>
</BasicStmnt>
<BasicStmnt CovItemId="S117" CovItemPrefix="view.TwitterGUI.java" Intrnl_Id="148">
<LocList>
<Loc EndOffset="7391" SrcFileId="1" StartOffset="7358"/>
</LocList>
</BasicStmnt>
<BasicStmnt CovItemId="S118" CovItemPrefix="view.TwitterGUI.java" Intrnl_Id="149">
<LocList>
<Loc EndOffset="7425" SrcFileId="1" StartOffset="7413"/>
</LocList>
</BasicStmnt>
<BasicStmnt CovItemId="S119" CovItemPrefix="view.TwitterGUI.java" Intrnl_Id="150">
<LocList>
<Loc EndOffset="7476" SrcFileId="1" StartOffset="7428"/>
</LocList>
</BasicStmnt>
<BasicStmnt CovItemId="S120" CovItemPrefix="view.TwitterGUI.java" Intrnl_Id="151">
<LocList>
<Loc EndOffset="7537" SrcFileId="1" StartOffset="7479"/>
</LocList>
</BasicStmnt>
<BasicStmnt CovItemId="S121" CovItemPrefix="view.TwitterGUI.java" Intrnl_Id="152">
<LocList>
<Loc EndOffset="7582" SrcFileId="1" StartOffset="7540"/>
</LocList>
</BasicStmnt>
<BasicStmnt CovItemId="S122" CovItemPrefix="view.TwitterGUI.java" Intrnl_Id="153">
<LocList>
<Loc EndOffset="7618" SrcFileId="1" StartOffset="7585"/>
</LocList>
</BasicStmnt>
<BasicStmnt CovItemId="S123" CovItemPrefix="view.TwitterGUI.java" Intrnl_Id="154">
<LocList>
<Loc EndOffset="7634" SrcFileId="1" StartOffset="7621"/>
</LocList>
</BasicStmnt>
<BasicStmnt CovItemId="S124" CovItemPrefix="view.TwitterGUI.java" Intrnl_Id="155">
<LocList>
<Loc EndOffset="7683" SrcFileId="1" StartOffset="7671"/>
</LocList>
</BasicStmnt>
<BasicStmnt CovItemId="S125" CovItemPrefix="view.TwitterGUI.java" Intrnl_Id="156">
<LocList>
<Loc EndOffset="7698" SrcFileId="1" StartOffset="7686"/>
</LocList>
</BasicStmnt>
<BasicStmnt CovItemId="S126" CovItemPrefix="view.TwitterGUI.java" Intrnl_Id="157">
<LocList>
<Loc EndOffset="7738" SrcFileId="1" StartOffset="7701"/>
</LocList>
</BasicStmnt>
<BasicStmnt CovItemId="S127" CovItemPrefix="view.TwitterGUI.java" Intrnl_Id="158">
<LocList>
<Loc EndOffset="7768" SrcFileId="1" StartOffset="7756"/>
</LocList>
</BasicStmnt>
<BasicStmnt CovItemId="S128" CovItemPrefix="view.TwitterGUI.java" Intrnl_Id="159">
<LocList>
<Loc EndOffset="7783" SrcFileId="1" StartOffset="7771"/>
</LocList>
</BasicStmnt>
<BasicStmnt CovItemId="S129" CovItemPrefix="view.TwitterGUI.java" Intrnl_Id="160">
<LocList>
<Loc EndOffset="7828" SrcFileId="1" StartOffset="7786"/>
</LocList>
</BasicStmnt>
<BasicStmnt CovItemId="S130" CovItemPrefix="view.TwitterGUI.java" Intrnl_Id="161">
<LocList>
<Loc EndOffset="7885" SrcFileId="1" StartOffset="7831"/>
</LocList>
</BasicStmnt>
<BasicStmnt CovItemId="S131" CovItemPrefix="view.TwitterGUI.java" Intrnl_Id="162">
<LocList>
<Loc EndOffset="7927" SrcFileId="1" StartOffset="7888"/>
</LocList>
</BasicStmnt>
<BasicStmnt CovItemId="S132" CovItemPrefix="view.TwitterGUI.java" Intrnl_Id="163">
<LocList>
<Loc EndOffset="7960" SrcFileId="1" StartOffset="7930"/>
</LocList>
</BasicStmnt>
<BasicStmnt CovItemId="S133" CovItemPrefix="view.TwitterGUI.java" Intrnl_Id="164">
<LocList>
<Loc EndOffset="7989" SrcFileId="1" StartOffset="7977"/>
</LocList>
</BasicStmnt>
<BasicStmnt CovItemId="S134" CovItemPrefix="view.TwitterGUI.java" Intrnl_Id="165">
<LocList>
<Loc EndOffset="8032" SrcFileId="1" StartOffset="7992"/>
</LocList>
</BasicStmnt>
<BasicStmnt CovItemId="S135" CovItemPrefix="view.TwitterGUI.java" Intrnl_Id="166">
<LocList>
<Loc EndOffset="8089" SrcFileId="1" StartOffset="8035"/>
</LocList>
</BasicStmnt>
<BasicStmnt CovItemId="S136" CovItemPrefix="view.TwitterGUI.java" Intrnl_Id="167">
<LocList>
<Loc EndOffset="8130" SrcFileId="1" StartOffset="8092"/>
</LocList>
</BasicStmnt>
<BasicStmnt CovItemId="S137" CovItemPrefix="view.TwitterGUI.java" Intrnl_Id="168">
<LocList>
<Loc EndOffset="8162" SrcFileId="1" StartOffset="8133"/>
</LocList>
</BasicStmnt>
<BasicStmnt CovItemId="S138" CovItemPrefix="view.TwitterGUI.java" Intrnl_Id="169">
<LocList>
<Loc EndOffset="8220" SrcFileId="1" StartOffset="8187"/>
</LocList>
</BasicStmnt>
<BasicStmnt CovItemId="S139" CovItemPrefix="view.TwitterGUI.java" Intrnl_Id="170">
<LocList>
<Loc EndOffset="8265" SrcFileId="1" StartOffset="8223"/>
</LocList>
</BasicStmnt>
<BasicStmnt CovItemId="S140" CovItemPrefix="view.TwitterGUI.java" Intrnl_Id="171">
<LocList>
<Loc EndOffset="8318" SrcFileId="1" StartOffset="8268"/>
</LocList>
</BasicStmnt>
<BasicStmnt CovItemId="S141" CovItemPrefix="view.TwitterGUI.java" Intrnl_Id="172">
<LocList>
<Loc EndOffset="8356" SrcFileId="1" StartOffset="8321"/>
</LocList>
</BasicStmnt>
<BasicStmnt CovItemId="S142" CovItemPrefix="view.TwitterGUI.java" Intrnl_Id="173">
<LocList>
<Loc EndOffset="8374" SrcFileId="1" StartOffset="8359"/>
</LocList>
</BasicStmnt>
<BasicStmnt CovItemId="S143" CovItemPrefix="view.TwitterGUI.java" Intrnl_Id="174">
<LocList>
<Loc EndOffset="8405" SrcFileId="1" StartOffset="8377"/>
</LocList>
</BasicStmnt>
<BasicStmnt CovItemId="S144" CovItemPrefix="view.TwitterGUI.java" Intrnl_Id="175">
<LocList>
<Loc EndOffset="8537" SrcFileId="1" StartOffset="8453"/>
</LocList>
</BasicStmnt>
<BasicStmnt CovItemId="S145" CovItemPrefix="view.TwitterGUI.java" Intrnl_Id="176">
<LocList>
<Loc EndOffset="8577" SrcFileId="1" StartOffset="8540"/>
</LocList>
</BasicStmnt>
<BasicStmnt CovItemId="S146" CovItemPrefix="view.TwitterGUI.java" Intrnl_Id="177">
<LocList>
<Loc EndOffset="8662" SrcFileId="1" StartOffset="8580"/>
</LocList>
</BasicStmnt>
<BasicStmnt CovItemId="S147" CovItemPrefix="view.TwitterGUI.java" Intrnl_Id="178">
<LocList>
<Loc EndOffset="8702" SrcFileId="1" StartOffset="8665"/>
</LocList>
</BasicStmnt>
<BasicStmnt CovItemId="S148" CovItemPrefix="view.TwitterGUI.java" Intrnl_Id="179">
<LocList>
<Loc EndOffset="8775" SrcFileId="1" StartOffset="8705"/>
</LocList>
</BasicStmnt>
<BasicStmnt CovItemId="S149" CovItemPrefix="view.TwitterGUI.java" Intrnl_Id="180">
<LocList>
<Loc EndOffset="8812" SrcFileId="1" StartOffset="8778"/>
</LocList>
</BasicStmnt>
<BasicStmnt CovItemId="S150" CovItemPrefix="view.TwitterGUI.java" Intrnl_Id="181">
<LocList>
<Loc EndOffset="8830" SrcFileId="1" StartOffset="8816"/>
</LocList>
</BasicStmnt>
<BasicStmnt CovItemId="S151" CovItemPrefix="view.TwitterGUI.java" Intrnl_Id="182">
<LocList>
<Loc EndOffset="8880" SrcFileId="1" StartOffset="8833"/>
</LocList>
</BasicStmnt>
<BasicStmnt CovItemId="S152" CovItemPrefix="view.TwitterGUI.java" Intrnl_Id="183">
<LocList>
<Loc EndOffset="8917" SrcFileId="1" StartOffset="8883"/>
</LocList>
</BasicStmnt>
<BasicStmnt CovItemId="S153" CovItemPrefix="view.TwitterGUI.java" Intrnl_Id="184">
<LocList>
<Loc EndOffset="8967" SrcFileId="1" StartOffset="8920"/>
</LocList>
</BasicStmnt>
<BasicStmnt CovItemId="S154" CovItemPrefix="view.TwitterGUI.java" Intrnl_Id="185">
<LocList>
<Loc EndOffset="9004" SrcFileId="1" StartOffset="8970"/>
</LocList>
</BasicStmnt>
<BasicStmnt CovItemId="S155" CovItemPrefix="view.TwitterGUI.java" Intrnl_Id="186">
<LocList>
<Loc EndOffset="9041" SrcFileId="1" StartOffset="9007"/>
</LocList>
</BasicStmnt>
<BasicStmnt CovItemId="S156" CovItemPrefix="view.TwitterGUI.java" Intrnl_Id="187">
<LocList>
<Loc EndOffset="9081" SrcFileId="1" StartOffset="9044"/>
</LocList>
</BasicStmnt>
<BasicStmnt CovItemId="S157" CovItemPrefix="view.TwitterGUI.java" Intrnl_Id="188">
<LocList>
<Loc EndOffset="9118" SrcFileId="1" StartOffset="9084"/>
</LocList>
</BasicStmnt>
<BasicStmnt CovItemId="S158" CovItemPrefix="view.TwitterGUI.java" Intrnl_Id="189">
<LocList>
<Loc EndOffset="9158" SrcFileId="1" StartOffset="9121"/>
</LocList>
</BasicStmnt>
<BasicStmnt CovItemId="S159" CovItemPrefix="view.TwitterGUI.java" Intrnl_Id="190">
<LocList>
<Loc EndOffset="9192" SrcFileId="1" StartOffset="9161"/>
</LocList>
</BasicStmnt>
<BasicStmnt CovItemId="S160" CovItemPrefix="view.TwitterGUI.java" Intrnl_Id="191">
<LocList>
<Loc EndOffset="9209" SrcFileId="1" StartOffset="9195"/>
</LocList>
</BasicStmnt>
<BasicStmnt CovItemId="S161" CovItemPrefix="view.TwitterGUI.java" Intrnl_Id="192">
<LocList>
<Loc EndOffset="9249" SrcFileId="1" StartOffset="9212"/>
</LocList>
</BasicStmnt>
<BasicStmnt CovItemId="S162" CovItemPrefix="view.TwitterGUI.java" Intrnl_Id="193">
<LocList>
<Loc EndOffset="9291" SrcFileId="1" StartOffset="9276"/>
<Loc EndOffset="9437" SrcFileId="1" StartOffset="9436"/>
</LocList>
</BasicStmnt>
<BasicStmnt CovItemId="S165" CovItemPrefix="view.TwitterGUI.java" Intrnl_Id="194">
<LocList>
<Loc EndOffset="9470" SrcFileId="1" StartOffset="9440"/>
</LocList>
</BasicStmnt>
<BasicStmnt CovItemId="S166" CovItemPrefix="view.TwitterGUI.java" Intrnl_Id="195">
<LocList>
<Loc EndOffset="9516" SrcFileId="1" StartOffset="9473"/>
</LocList>
</BasicStmnt>
<BasicStmnt CovItemId="S167" CovItemPrefix="view.TwitterGUI.java" Intrnl_Id="196">
<LocList>
<Loc EndOffset="9568" SrcFileId="1" StartOffset="9519"/>
</LocList>
</BasicStmnt>
<BasicStmnt CovItemId="S168" CovItemPrefix="view.TwitterGUI.java" Intrnl_Id="197">
<LocList>
<Loc EndOffset="9620" SrcFileId="1" StartOffset="9571"/>
</LocList>
</BasicStmnt>
</StmntSeq>
<HierarchyLvl HierarchyLvlId="8" HierarchyLvlTypeId="8" Intrnl_Id="198" Name="JPanel">
<Header>
<Loc EndOffset="6379" SrcFileId="1" StartOffset="6371"/>
</Header>
<LocList>
<Loc EndOffset="6620" SrcFileId="1" StartOffset="6367"/>
</LocList>
<HierarchyLvl HierarchyLvlId="7" HierarchyLvlTypeId="6" Intrnl_Id="199" Name="paintComponent">
<Header>
<Loc EndOffset="6426" SrcFileId="1" StartOffset="6385"/>
</Header>
<LocList>
<Loc EndOffset="6616" SrcFileId="1" StartOffset="6385"/>
</LocList>
<StmntSeq Intrnl_Id="200">
<LocList>
<Loc EndOffset="6611" SrcFileId="1" StartOffset="6433"/>
</LocList>
<BasicStmnt CovItemId="S99" CovItemPrefix="view.TwitterGUI.java" Intrnl_Id="201">
<LocList>
<Loc EndOffset="6611" SrcFileId="1" StartOffset="6433"/>
</LocList>
</BasicStmnt>
</StmntSeq>
</HierarchyLvl>
</HierarchyLvl>
<HierarchyLvl HierarchyLvlId="10" HierarchyLvlTypeId="8" Intrnl_Id="202" Name="JPanel">
<Header>
<Loc EndOffset="9303" SrcFileId="1" StartOffset="9295"/>
</Header>
<LocList>
<Loc EndOffset="9436" SrcFileId="1" StartOffset="9291"/>
</LocList>
<HierarchyLvl HierarchyLvlId="9" HierarchyLvlTypeId="6" Intrnl_Id="203" Name="paintComponent">
<Header>
<Loc EndOffset="9350" SrcFileId="1" StartOffset="9309"/>
</Header>
<LocList>
<Loc EndOffset="9432" SrcFileId="1" StartOffset="9309"/>
</LocList>
<StmntSeq Intrnl_Id="204">
<LocList>
<Loc EndOffset="9398" SrcFileId="1" StartOffset="9357"/>
<Loc EndOffset="9427" SrcFileId="1" StartOffset="9403"/>
</LocList>
<BasicStmnt CovItemId="S163" CovItemPrefix="view.TwitterGUI.java" Intrnl_Id="205">
<LocList>
<Loc EndOffset="9398" SrcFileId="1" StartOffset="9357"/>
</LocList>
</BasicStmnt>
<BasicStmnt CovItemId="S164" CovItemPrefix="view.TwitterGUI.java" Intrnl_Id="206">
<LocList>
<Loc EndOffset="9427" SrcFileId="1" StartOffset="9403"/>
</LocList>
</BasicStmnt>
</StmntSeq>
</HierarchyLvl>
</HierarchyLvl>
</HierarchyLvl>
<HierarchyLvl HierarchyLvlId="12" HierarchyLvlTypeId="6" Intrnl_Id="207" Name="getPlainButton">
<Header>
<Loc EndOffset="9684" SrcFileId="1" StartOffset="9626"/>
</Header>
<LocList>
<Loc EndOffset="10187" SrcFileId="1" StartOffset="9626"/>
</LocList>
<StmntSeq Intrnl_Id="208">
<LocList>
<Loc EndOffset="9709" SrcFileId="1" StartOffset="9689"/>
<Loc EndOffset="9838" SrcFileId="1" StartOffset="9712"/>
<Loc EndOffset="9869" SrcFileId="1" StartOffset="9841"/>
<Loc EndOffset="9917" SrcFileId="1" StartOffset="9872"/>
<Loc EndOffset="9966" SrcFileId="1" StartOffset="9920"/>
<Loc EndOffset="9987" SrcFileId="1" StartOffset="9969"/>
<Loc EndOffset="10021" SrcFileId="1" StartOffset="9990"/>
<Loc EndOffset="10059" SrcFileId="1" StartOffset="10024"/>
<Loc EndOffset="10113" SrcFileId="1" StartOffset="10062"/>
<Loc EndOffset="10140" SrcFileId="1" StartOffset="10116"/>
<Loc EndOffset="10170" SrcFileId="1" StartOffset="10143"/>
<Loc EndOffset="10184" SrcFileId="1" StartOffset="10173"/>
</LocList>
<BasicStmnt CovItemId="S169" CovItemPrefix="view.TwitterGUI.java" Intrnl_Id="209">
<LocList>
<Loc EndOffset="9709" SrcFileId="1" StartOffset="9689"/>
</LocList>
</BasicStmnt>
<CondStmnt CovItemId="S170" CovItemPrefix="view.TwitterGUI.java" Intrnl_Id="210">
<Branch CovItemId="B3" CovItemPrefix="view.TwitterGUI.java" Implct="false" Intrnl_Id="211">
<Cond/>
<LocList>
<Loc EndOffset="9838" SrcFileId="1" StartOffset="9734"/>
</LocList>
<StmntSeq Intrnl_Id="212">
<LocList>
<Loc EndOffset="9838" SrcFileId="1" StartOffset="9734"/>
</LocList>
<BasicStmnt CovItemId="S171" CovItemPrefix="view.TwitterGUI.java" Intrnl_Id="213">
<LocList>
<Loc EndOffset="9838" SrcFileId="1" StartOffset="9734"/>
</LocList>
</BasicStmnt>
</StmntSeq>
</Branch>
<Branch CovItemId="B4" CovItemPrefix="view.TwitterGUI.java" Implct="true" Intrnl_Id="214">
<Cond/>
<LocList/>
<StmntSeq Intrnl_Id="215">
<LocList/>
</StmntSeq>
</Branch>
<Keyword EndOffset="9714" SrcFileId="1" StartOffset="9712"/>
<LocList>
<Loc EndOffset="9838" SrcFileId="1" StartOffset="9712"/>
</LocList>
<RootTerm CovItemId="C2" CovItemPrefix="view.TwitterGUI.java" Intrnl_Id="216">
<BasicBoolTerm Intrnl_Id="217">
<LocList>
<Loc EndOffset="9729" SrcFileId="1" StartOffset="9716"/>
</LocList>
</BasicBoolTerm>
</RootTerm>
</CondStmnt>
<BasicStmnt CovItemId="S172" CovItemPrefix="view.TwitterGUI.java" Intrnl_Id="218">
<LocList>
<Loc EndOffset="9869" SrcFileId="1" StartOffset="9841"/>
</LocList>
</BasicStmnt>
<BasicStmnt CovItemId="S173" CovItemPrefix="view.TwitterGUI.java" Intrnl_Id="219">
<LocList>
<Loc EndOffset="9917" SrcFileId="1" StartOffset="9872"/>
</LocList>
</BasicStmnt>
<BasicStmnt CovItemId="S174" CovItemPrefix="view.TwitterGUI.java" Intrnl_Id="220">
<LocList>
<Loc EndOffset="9966" SrcFileId="1" StartOffset="9920"/>
</LocList>
</BasicStmnt>
<BasicStmnt CovItemId="S175" CovItemPrefix="view.TwitterGUI.java" Intrnl_Id="221">
<LocList>
<Loc EndOffset="9987" SrcFileId="1" StartOffset="9969"/>
</LocList>
</BasicStmnt>
<BasicStmnt CovItemId="S176" CovItemPrefix="view.TwitterGUI.java" Intrnl_Id="222">
<LocList>
<Loc EndOffset="10021" SrcFileId="1" StartOffset="9990"/>
</LocList>
</BasicStmnt>
<BasicStmnt CovItemId="S177" CovItemPrefix="view.TwitterGUI.java" Intrnl_Id="223">
<LocList>
<Loc EndOffset="10059" SrcFileId="1" StartOffset="10024"/>
</LocList>
</BasicStmnt>
<BasicStmnt CovItemId="S178" CovItemPrefix="view.TwitterGUI.java" Intrnl_Id="224">
<LocList>
<Loc EndOffset="10113" SrcFileId="1" StartOffset="10062"/>
</LocList>
</BasicStmnt>
<BasicStmnt CovItemId="S179" CovItemPrefix="view.TwitterGUI.java" Intrnl_Id="225">
<LocList>
<Loc EndOffset="10140" SrcFileId="1" StartOffset="10116"/>
</LocList>
</BasicStmnt>
<BasicStmnt CovItemId="S180" CovItemPrefix="view.TwitterGUI.java" Intrnl_Id="226">
<LocList>
<Loc EndOffset="10170" SrcFileId="1" StartOffset="10143"/>
</LocList>
</BasicStmnt>
<BasicStmnt CovItemId="S181" CovItemPrefix="view.TwitterGUI.java" Intrnl_Id="227">
<LocList>
<Loc EndOffset="10184" SrcFileId="1" StartOffset="10173"/>
</LocList>
</BasicStmnt>
</StmntSeq>
</HierarchyLvl>
<HierarchyLvl HierarchyLvlId="13" HierarchyLvlTypeId="6" Intrnl_Id="228" Name="setPlainButton">
<Header>
<Loc EndOffset="10256" SrcFileId="1" StartOffset="10190"/>
</Header>
<LocList>
<Loc EndOffset="10698" SrcFileId="1" StartOffset="10190"/>
</LocList>
<StmntSeq Intrnl_Id="229">
<LocList>
<Loc EndOffset="10281" SrcFileId="1" StartOffset="10261"/>
<Loc EndOffset="10410" SrcFileId="1" StartOffset="10284"/>
<Loc EndOffset="10456" SrcFileId="1" StartOffset="10413"/>
<Loc EndOffset="10503" SrcFileId="1" StartOffset="10459"/>
<Loc EndOffset="10522" SrcFileId="1" StartOffset="10506"/>
<Loc EndOffset="10554" SrcFileId="1" StartOffset="10525"/>
<Loc EndOffset="10590" SrcFileId="1" StartOffset="10557"/>
<Loc EndOffset="10642" SrcFileId="1" StartOffset="10593"/>
<Loc EndOffset="10667" SrcFileId="1" StartOffset="10645"/>
<Loc EndOffset="10695" SrcFileId="1" StartOffset="10670"/>
</LocList>
<BasicStmnt CovItemId="S182" CovItemPrefix="view.TwitterGUI.java" Intrnl_Id="230">
<LocList>
<Loc EndOffset="10281" SrcFileId="1" StartOffset="10261"/>
</LocList>
</BasicStmnt>
<CondStmnt CovItemId="S183" CovItemPrefix="view.TwitterGUI.java" Intrnl_Id="231">
<Branch CovItemId="B5" CovItemPrefix="view.TwitterGUI.java" Implct="false" Intrnl_Id="232">
<Cond/>
<LocList>
<Loc EndOffset="10410" SrcFileId="1" StartOffset="10306"/>
</LocList>
<StmntSeq Intrnl_Id="233">
<LocList>
<Loc EndOffset="10410" SrcFileId="1" StartOffset="10306"/>
</LocList>
<BasicStmnt CovItemId="S184" CovItemPrefix="view.TwitterGUI.java" Intrnl_Id="234">
<LocList>
<Loc EndOffset="10410" SrcFileId="1" StartOffset="10306"/>
</LocList>
</BasicStmnt>
</StmntSeq>
</Branch>
<Branch CovItemId="B6" CovItemPrefix="view.TwitterGUI.java" Implct="true" Intrnl_Id="235">
<Cond/>
<LocList/>
<StmntSeq Intrnl_Id="236">
<LocList/>
</StmntSeq>
</Branch>
<Keyword EndOffset="10286" SrcFileId="1" StartOffset="10284"/>
<LocList>
<Loc EndOffset="10410" SrcFileId="1" StartOffset="10284"/>
</LocList>
<RootTerm CovItemId="C3" CovItemPrefix="view.TwitterGUI.java" Intrnl_Id="237">
<BasicBoolTerm Intrnl_Id="238">
<LocList>
<Loc EndOffset="10301" SrcFileId="1" StartOffset="10288"/>
</LocList>
</BasicBoolTerm>
</RootTerm>
</CondStmnt>
<BasicStmnt CovItemId="S185" CovItemPrefix="view.TwitterGUI.java" Intrnl_Id="239">
<LocList>
<Loc EndOffset="10456" SrcFileId="1" StartOffset="10413"/>
</LocList>
</BasicStmnt>
<BasicStmnt CovItemId="S186" CovItemPrefix="view.TwitterGUI.java" Intrnl_Id="240">
<LocList>
<Loc EndOffset="10503" SrcFileId="1" StartOffset="10459"/>
</LocList>
</BasicStmnt>
<BasicStmnt CovItemId="S187" CovItemPrefix="view.TwitterGUI.java" Intrnl_Id="241">
<LocList>
<Loc EndOffset="10522" SrcFileId="1" StartOffset="10506"/>
</LocList>
</BasicStmnt>
<BasicStmnt CovItemId="S188" CovItemPrefix="view.TwitterGUI.java" Intrnl_Id="242">
<LocList>
<Loc EndOffset="10554" SrcFileId="1" StartOffset="10525"/>
</LocList>
</BasicStmnt>
<BasicStmnt CovItemId="S189" CovItemPrefix="view.TwitterGUI.java" Intrnl_Id="243">
<LocList>
<Loc EndOffset="10590" SrcFileId="1" StartOffset="10557"/>
</LocList>
</BasicStmnt>
<BasicStmnt CovItemId="S190" CovItemPrefix="view.TwitterGUI.java" Intrnl_Id="244">
<LocList>
<Loc EndOffset="10642" SrcFileId="1" StartOffset="10593"/>
</LocList>
</BasicStmnt>
<BasicStmnt CovItemId="S191" CovItemPrefix="view.TwitterGUI.java" Intrnl_Id="245">
<LocList>
<Loc EndOffset="10667" SrcFileId="1" StartOffset="10645"/>
</LocList>
</BasicStmnt>
<BasicStmnt CovItemId="S192" CovItemPrefix="view.TwitterGUI.java" Intrnl_Id="246">
<LocList>
<Loc EndOffset="10695" SrcFileId="1" StartOffset="10670"/>
</LocList>
</BasicStmnt>
</StmntSeq>
</HierarchyLvl>
<HierarchyLvl HierarchyLvlId="14" HierarchyLvlTypeId="6" Intrnl_Id="247" Name="createDescriptionPanel">
<Header>
<Loc EndOffset="10772" SrcFileId="1" StartOffset="10701"/>
</Header>
<LocList>
<Loc EndOffset="12834" SrcFileId="1" StartOffset="10701"/>
</LocList>
<StmntSeq Intrnl_Id="248">
<LocList>
<Loc EndOffset="12831" SrcFileId="1" StartOffset="10778"/>
</LocList>
<CondStmnt CovItemId="S193" CovItemPrefix="view.TwitterGUI.java" Intrnl_Id="249">
<Branch CovItemId="B7" CovItemPrefix="view.TwitterGUI.java" Implct="false" Intrnl_Id="250">
<Cond/>
<LocList>
<Loc EndOffset="11007" SrcFileId="1" StartOffset="10809"/>
</LocList>
<StmntSeq Intrnl_Id="251">
<LocList>
<Loc EndOffset="10862" SrcFileId="1" StartOffset="10814"/>
<Loc EndOffset="10924" SrcFileId="1" StartOffset="10866"/>
<Loc EndOffset="10970" SrcFileId="1" StartOffset="10928"/>
<Loc EndOffset="11003" SrcFileId="1" StartOffset="10974"/>
</LocList>
<BasicStmnt CovItemId="S194" CovItemPrefix="view.TwitterGUI.java" Intrnl_Id="252">
<LocList>
<Loc EndOffset="10862" SrcFileId="1" StartOffset="10814"/>
</LocList>
</BasicStmnt>
<BasicStmnt CovItemId="S195" CovItemPrefix="view.TwitterGUI.java" Intrnl_Id="253">
<LocList>
<Loc EndOffset="10924" SrcFileId="1" StartOffset="10866"/>
</LocList>
</BasicStmnt>
<BasicStmnt CovItemId="S196" CovItemPrefix="view.TwitterGUI.java" Intrnl_Id="254">
<LocList>
<Loc EndOffset="10970" SrcFileId="1" StartOffset="10928"/>
</LocList>
</BasicStmnt>
<BasicStmnt CovItemId="S197" CovItemPrefix="view.TwitterGUI.java" Intrnl_Id="255">
<LocList>
<Loc EndOffset="11003" SrcFileId="1" StartOffset="10974"/>
</LocList>
</BasicStmnt>
</StmntSeq>
</Branch>
<Branch CovItemId="B8" CovItemPrefix="view.TwitterGUI.java" Implct="false" Intrnl_Id="256">
<Cond>
<Loc EndOffset="11012" SrcFileId="1" StartOffset="11008"/>
</Cond>
<LocList>
<Loc EndOffset="12831" SrcFileId="1" StartOffset="11013"/>
</LocList>
<StmntSeq Intrnl_Id="257">
<LocList>
<Loc EndOffset="12831" SrcFileId="1" StartOffset="11013"/>
</LocList>
<CondStmnt CovItemId="S198" CovItemPrefix="view.TwitterGUI.java" Intrnl_Id="258">
<Branch CovItemId="B9" CovItemPrefix="view.TwitterGUI.java" Implct="false" Intrnl_Id="259">
<Cond/>
<LocList>
<Loc EndOffset="11794" SrcFileId="1" StartOffset="11045"/>
</LocList>
<StmntSeq Intrnl_Id="260">
<LocList>
<Loc EndOffset="11105" SrcFileId="1" StartOffset="11069"/>
<Loc EndOffset="11139" SrcFileId="1" StartOffset="11109"/>
<Loc EndOffset="11173" SrcFileId="1" StartOffset="11143"/>
<Loc EndOffset="11213" SrcFileId="1" StartOffset="11177"/>
<Loc EndOffset="11247" SrcFileId="1" StartOffset="11217"/>
<Loc EndOffset="11326" SrcFileId="1" StartOffset="11251"/>
<Loc EndOffset="11397" SrcFileId="1" StartOffset="11330"/>
<Loc EndOffset="11442" SrcFileId="1" StartOffset="11402"/>
<Loc EndOffset="11486" SrcFileId="1" StartOffset="11446"/>
<Loc EndOffset="11549" SrcFileId="1" StartOffset="11490"/>
<Loc EndOffset="11596" SrcFileId="1" StartOffset="11553"/>
<Loc EndOffset="11659" SrcFileId="1" StartOffset="11600"/>
<Loc EndOffset="11706" SrcFileId="1" StartOffset="11663"/>
<Loc EndOffset="11740" SrcFileId="1" StartOffset="11710"/>
<Loc EndOffset="11756" SrcFileId="1" StartOffset="11744"/>
<Loc EndOffset="11790" SrcFileId="1" StartOffset="11760"/>
</LocList>
<BasicStmnt CovItemId="S199" CovItemPrefix="view.TwitterGUI.java" Intrnl_Id="261">
<LocList>
<Loc EndOffset="11105" SrcFileId="1" StartOffset="11069"/>
</LocList>
</BasicStmnt>
<BasicStmnt CovItemId="S200" CovItemPrefix="view.TwitterGUI.java" Intrnl_Id="262">
<LocList>
<Loc EndOffset="11139" SrcFileId="1" StartOffset="11109"/>
</LocList>
</BasicStmnt>
<BasicStmnt CovItemId="S201" CovItemPrefix="view.TwitterGUI.java" Intrnl_Id="263">
<LocList>
<Loc EndOffset="11173" SrcFileId="1" StartOffset="11143"/>
</LocList>
</BasicStmnt>
<BasicStmnt CovItemId="S202" CovItemPrefix="view.TwitterGUI.java" Intrnl_Id="264">
<LocList>
<Loc EndOffset="11213" SrcFileId="1" StartOffset="11177"/>
</LocList>
</BasicStmnt>
<BasicStmnt CovItemId="S203" CovItemPrefix="view.TwitterGUI.java" Intrnl_Id="265">
<LocList>
<Loc EndOffset="11247" SrcFileId="1" StartOffset="11217"/>
</LocList>
</BasicStmnt>
<BasicStmnt CovItemId="S204" CovItemPrefix="view.TwitterGUI.java" Intrnl_Id="266">
<LocList>
<Loc EndOffset="11326" SrcFileId="1" StartOffset="11251"/>
</LocList>
</BasicStmnt>
<BasicStmnt CovItemId="S205" CovItemPrefix="view.TwitterGUI.java" Intrnl_Id="267">
<LocList>
<Loc EndOffset="11397" SrcFileId="1" StartOffset="11330"/>
</LocList>
</BasicStmnt>
<BasicStmnt CovItemId="S206" CovItemPrefix="view.TwitterGUI.java" Intrnl_Id="268">
<LocList>
<Loc EndOffset="11442" SrcFileId="1" StartOffset="11402"/>
</LocList>
</BasicStmnt>
<BasicStmnt CovItemId="S207" CovItemPrefix="view.TwitterGUI.java" Intrnl_Id="269">
<LocList>
<Loc EndOffset="11486" SrcFileId="1" StartOffset="11446"/>
</LocList>
</BasicStmnt>
<BasicStmnt CovItemId="S208" CovItemPrefix="view.TwitterGUI.java" Intrnl_Id="270">
<LocList>
<Loc EndOffset="11549" SrcFileId="1" StartOffset="11490"/>
</LocList>
</BasicStmnt>
<BasicStmnt CovItemId="S209" CovItemPrefix="view.TwitterGUI.java" Intrnl_Id="271">
<LocList>
<Loc EndOffset="11596" SrcFileId="1" StartOffset="11553"/>
</LocList>
</BasicStmnt>
<BasicStmnt CovItemId="S210" CovItemPrefix="view.TwitterGUI.java" Intrnl_Id="272">
<LocList>
<Loc EndOffset="11659" SrcFileId="1" StartOffset="11600"/>
</LocList>
</BasicStmnt>
<BasicStmnt CovItemId="S211" CovItemPrefix="view.TwitterGUI.java" Intrnl_Id="273">
<LocList>
<Loc EndOffset="11706" SrcFileId="1" StartOffset="11663"/>
</LocList>
</BasicStmnt>
<BasicStmnt CovItemId="S212" CovItemPrefix="view.TwitterGUI.java" Intrnl_Id="274">
<LocList>
<Loc EndOffset="11740" SrcFileId="1" StartOffset="11710"/>
</LocList>
</BasicStmnt>
<BasicStmnt CovItemId="S213" CovItemPrefix="view.TwitterGUI.java" Intrnl_Id="275">
<LocList>
<Loc EndOffset="11756" SrcFileId="1" StartOffset="11744"/>
</LocList>
</BasicStmnt>
<BasicStmnt CovItemId="S214" CovItemPrefix="view.TwitterGUI.java" Intrnl_Id="276">
<LocList>
<Loc EndOffset="11790" SrcFileId="1" StartOffset="11760"/>
</LocList>
</BasicStmnt>
</StmntSeq>
</Branch>
<Branch CovItemId="B10" CovItemPrefix="view.TwitterGUI.java" Implct="false" Intrnl_Id="277">
<Cond>
<Loc EndOffset="11799" SrcFileId="1" StartOffset="11795"/>
</Cond>
<LocList>
<Loc EndOffset="12831" SrcFileId="1" StartOffset="11800"/>
</LocList>
<StmntSeq Intrnl_Id="278">
<LocList>
<Loc EndOffset="11863" SrcFileId="1" StartOffset="11827"/>
<Loc EndOffset="11899" SrcFileId="1" StartOffset="11867"/>
<Loc EndOffset="11941" SrcFileId="1" StartOffset="11903"/>
<Loc EndOffset="12021" SrcFileId="1" StartOffset="11946"/>
<Loc EndOffset="12145" SrcFileId="1" StartOffset="12025"/>
<Loc EndOffset="12229" SrcFileId="1" StartOffset="12149"/>
<Loc EndOffset="12274" SrcFileId="1" StartOffset="12234"/>
<Loc EndOffset="12337" SrcFileId="1" StartOffset="12278"/>
<Loc EndOffset="12384" SrcFileId="1" StartOffset="12341"/>
<Loc EndOffset="12428" SrcFileId="1" StartOffset="12388"/>
<Loc EndOffset="12491" SrcFileId="1" StartOffset="12432"/>
<Loc EndOffset="12538" SrcFileId="1" StartOffset="12495"/>
<Loc EndOffset="12582" SrcFileId="1" StartOffset="12542"/>
<Loc EndOffset="12645" SrcFileId="1" StartOffset="12586"/>
<Loc EndOffset="12692" SrcFileId="1" StartOffset="12649"/>
<Loc EndOffset="12727" SrcFileId="1" StartOffset="12697"/>
<Loc EndOffset="12743" SrcFileId="1" StartOffset="12731"/>
<Loc EndOffset="12777" SrcFileId="1" StartOffset="12747"/>
<Loc EndOffset="12793" SrcFileId="1" StartOffset="12781"/>
<Loc EndOffset="12827" SrcFileId="1" StartOffset="12797"/>
</LocList>
<BasicStmnt CovItemId="S215" CovItemPrefix="view.TwitterGUI.java" Intrnl_Id="279">
<LocList>
<Loc EndOffset="11863" SrcFileId="1" StartOffset="11827"/>
</LocList>
</BasicStmnt>
<BasicStmnt CovItemId="S216" CovItemPrefix="view.TwitterGUI.java" Intrnl_Id="280">
<LocList>
<Loc EndOffset="11899" SrcFileId="1" StartOffset="11867"/>
</LocList>
</BasicStmnt>
<BasicStmnt CovItemId="S217" CovItemPrefix="view.TwitterGUI.java" Intrnl_Id="281">
<LocList>
<Loc EndOffset="11941" SrcFileId="1" StartOffset="11903"/>
</LocList>
</BasicStmnt>
<BasicStmnt CovItemId="S218" CovItemPrefix="view.TwitterGUI.java" Intrnl_Id="282">
<LocList>
<Loc EndOffset="12021" SrcFileId="1" StartOffset="11946"/>
</LocList>
</BasicStmnt>
<BasicStmnt CovItemId="S219" CovItemPrefix="view.TwitterGUI.java" Intrnl_Id="283">
<LocList>
<Loc EndOffset="12145" SrcFileId="1" StartOffset="12025"/>
</LocList>
</BasicStmnt>
<BasicStmnt CovItemId="S220" CovItemPrefix="view.TwitterGUI.java" Intrnl_Id="284">
<LocList>
<Loc EndOffset="12229" SrcFileId="1" StartOffset="12149"/>
</LocList>
</BasicStmnt>
<BasicStmnt CovItemId="S221" CovItemPrefix="view.TwitterGUI.java" Intrnl_Id="285">
<LocList>
<Loc EndOffset="12274" SrcFileId="1" StartOffset="12234"/>
</LocList>
</BasicStmnt>
<BasicStmnt CovItemId="S222" CovItemPrefix="view.TwitterGUI.java" Intrnl_Id="286">
<LocList>
<Loc EndOffset="12337" SrcFileId="1" StartOffset="12278"/>
</LocList>
</BasicStmnt>
<BasicStmnt CovItemId="S223" CovItemPrefix="view.TwitterGUI.java" Intrnl_Id="287">
<LocList>
<Loc EndOffset="12384" SrcFileId="1" StartOffset="12341"/>
</LocList>
</BasicStmnt>
<BasicStmnt CovItemId="S224" CovItemPrefix="view.TwitterGUI.java" Intrnl_Id="288">
<LocList>
<Loc EndOffset="12428" SrcFileId="1" StartOffset="12388"/>
</LocList>
</BasicStmnt>
<BasicStmnt CovItemId="S225" CovItemPrefix="view.TwitterGUI.java" Intrnl_Id="289">
<LocList>
<Loc EndOffset="12491" SrcFileId="1" StartOffset="12432"/>
</LocList>
</BasicStmnt>
<BasicStmnt CovItemId="S226" CovItemPrefix="view.TwitterGUI.java" Intrnl_Id="290">
<LocList>
<Loc EndOffset="12538" SrcFileId="1" StartOffset="12495"/>
</LocList>
</BasicStmnt>
<BasicStmnt CovItemId="S227" CovItemPrefix="view.TwitterGUI.java" Intrnl_Id="291">
<LocList>
<Loc EndOffset="12582" SrcFileId="1" StartOffset="12542"/>
</LocList>
</BasicStmnt>
<BasicStmnt CovItemId="S228" CovItemPrefix="view.TwitterGUI.java" Intrnl_Id="292">
<LocList>
<Loc EndOffset="12645" SrcFileId="1" StartOffset="12586"/>
</LocList>
</BasicStmnt>
<BasicStmnt CovItemId="S229" CovItemPrefix="view.TwitterGUI.java" Intrnl_Id="293">
<LocList>
<Loc EndOffset="12692" SrcFileId="1" StartOffset="12649"/>
</LocList>
</BasicStmnt>
<BasicStmnt CovItemId="S230" CovItemPrefix="view.TwitterGUI.java" Intrnl_Id="294">
<LocList>
<Loc EndOffset="12727" SrcFileId="1" StartOffset="12697"/>
</LocList>
</BasicStmnt>
<BasicStmnt CovItemId="S231" CovItemPrefix="view.TwitterGUI.java" Intrnl_Id="295">
<LocList>
<Loc EndOffset="12743" SrcFileId="1" StartOffset="12731"/>
</LocList>
</BasicStmnt>
<BasicStmnt CovItemId="S232" CovItemPrefix="view.TwitterGUI.java" Intrnl_Id="296">
<LocList>
<Loc EndOffset="12777" SrcFileId="1" StartOffset="12747"/>
</LocList>
</BasicStmnt>
<BasicStmnt CovItemId="S233" CovItemPrefix="view.TwitterGUI.java" Intrnl_Id="297">
<LocList>
<Loc EndOffset="12793" SrcFileId="1" StartOffset="12781"/>
</LocList>
</BasicStmnt>
<BasicStmnt CovItemId="S234" CovItemPrefix="view.TwitterGUI.java" Intrnl_Id="298">
<LocList>
<Loc EndOffset="12827" SrcFileId="1" StartOffset="12797"/>
</LocList>
</BasicStmnt>
</StmntSeq>
</Branch>
<Keyword EndOffset="11015" SrcFileId="1" StartOffset="11013"/>
<LocList>
<Loc EndOffset="12831" SrcFileId="1" StartOffset="11013"/>
</LocList>
<RootTerm CovItemId="C5" CovItemPrefix="view.TwitterGUI.java" Intrnl_Id="299">
<BasicBoolTerm Intrnl_Id="300">
<LocList>
<Loc EndOffset="11043" SrcFileId="1" StartOffset="11017"/>
</LocList>
</BasicBoolTerm>
</RootTerm>
</CondStmnt>
</StmntSeq>
</Branch>
<Keyword EndOffset="10780" SrcFileId="1" StartOffset="10778"/>
<LocList>
<Loc EndOffset="12831" SrcFileId="1" StartOffset="10778"/>
</LocList>
<RootTerm CovItemId="C4" CovItemPrefix="view.TwitterGUI.java" Intrnl_Id="301">
<BasicBoolTerm Intrnl_Id="302">
<LocList>
<Loc EndOffset="10807" SrcFileId="1" StartOffset="10782"/>
</LocList>
</BasicBoolTerm>
</RootTerm>
</CondStmnt>
</StmntSeq>
</HierarchyLvl>
<HierarchyLvl HierarchyLvlId="15" HierarchyLvlTypeId="6" Intrnl_Id="303" Name="createMenu">
<Header>
<Loc EndOffset="12862" SrcFileId="1" StartOffset="12837"/>
</Header>
<LocList>
<Loc EndOffset="13897" SrcFileId="1" StartOffset="12837"/>
</LocList>
<StmntSeq Intrnl_Id="304">
<LocList>
<Loc EndOffset="12892" SrcFileId="1" StartOffset="12867"/>
<Loc EndOffset="12940" SrcFileId="1" StartOffset="12911"/>
<Loc EndOffset="12972" SrcFileId="1" StartOffset="12943"/>
<Loc EndOffset="13004" SrcFileId="1" StartOffset="12975"/>
<Loc EndOffset="13087" SrcFileId="1" StartOffset="13007"/>
<Loc EndOffset="13109" SrcFileId="1" StartOffset="13090"/>
<Loc EndOffset="13160" SrcFileId="1" StartOffset="13129"/>
<Loc EndOffset="13201" SrcFileId="1" StartOffset="13163"/>
<Loc EndOffset="13237" SrcFileId="1" StartOffset="13204"/>
<Loc EndOffset="13324" SrcFileId="1" StartOffset="13240"/>
<Loc EndOffset="13360" SrcFileId="1" StartOffset="13327"/>
<Loc EndOffset="13394" SrcFileId="1" StartOffset="13363"/>
<Loc EndOffset="13479" SrcFileId="1" StartOffset="13397"/>
<Loc EndOffset="13506" SrcFileId="1" StartOffset="13482"/>
<Loc EndOffset="13531" SrcFileId="1" StartOffset="13509"/>
<Loc EndOffset="13582" SrcFileId="1" StartOffset="13551"/>
<Loc EndOffset="13631" SrcFileId="1" StartOffset="13585"/>
<Loc EndOffset="13664" SrcFileId="1" StartOffset="13634"/>
<Loc EndOffset="13748" SrcFileId="1" StartOffset="13667"/>
<Loc EndOffset="13772" SrcFileId="1" StartOffset="13751"/>
<Loc EndOffset="13818" SrcFileId="1" StartOffset="13796"/>
<Loc EndOffset="13844" SrcFileId="1" StartOffset="13821"/>
<Loc EndOffset="13870" SrcFileId="1" StartOffset="13847"/>
<Loc EndOffset="13894" SrcFileId="1" StartOffset="13873"/>
</LocList>
<BasicStmnt CovItemId="S235" CovItemPrefix="view.TwitterGUI.java" Intrnl_Id="305">
<LocList>
<Loc EndOffset="12892" SrcFileId="1" StartOffset="12867"/>
</LocList>
</BasicStmnt>
<BasicStmnt CovItemId="S236" CovItemPrefix="view.TwitterGUI.java" Intrnl_Id="306">
<LocList>
<Loc EndOffset="12940" SrcFileId="1" StartOffset="12911"/>
</LocList>
</BasicStmnt>
<BasicStmnt CovItemId="S237" CovItemPrefix="view.TwitterGUI.java" Intrnl_Id="307">
<LocList>
<Loc EndOffset="12972" SrcFileId="1" StartOffset="12943"/>
</LocList>
</BasicStmnt>
<BasicStmnt CovItemId="S238" CovItemPrefix="view.TwitterGUI.java" Intrnl_Id="308">
<LocList>
<Loc EndOffset="13004" SrcFileId="1" StartOffset="12975"/>
</LocList>
</BasicStmnt>
<BasicStmnt CovItemId="S239" CovItemPrefix="view.TwitterGUI.java" Intrnl_Id="309">
<LocList>
<Loc EndOffset="13087" SrcFileId="1" StartOffset="13007"/>
</LocList>
</BasicStmnt>
<BasicStmnt CovItemId="S240" CovItemPrefix="view.TwitterGUI.java" Intrnl_Id="310">
<LocList>
<Loc EndOffset="13109" SrcFileId="1" StartOffset="13090"/>
</LocList>
</BasicStmnt>
<BasicStmnt CovItemId="S241" CovItemPrefix="view.TwitterGUI.java" Intrnl_Id="311">
<LocList>
<Loc EndOffset="13160" SrcFileId="1" StartOffset="13129"/>
</LocList>
</BasicStmnt>
<BasicStmnt CovItemId="S242" CovItemPrefix="view.TwitterGUI.java" Intrnl_Id="312">
<LocList>
<Loc EndOffset="13201" SrcFileId="1" StartOffset="13163"/>
</LocList>
</BasicStmnt>
<BasicStmnt CovItemId="S243" CovItemPrefix="view.TwitterGUI.java" Intrnl_Id="313">
<LocList>
<Loc EndOffset="13237" SrcFileId="1" StartOffset="13204"/>
</LocList>
</BasicStmnt>
<BasicStmnt CovItemId="S244" CovItemPrefix="view.TwitterGUI.java" Intrnl_Id="314">
<LocList>
<Loc EndOffset="13324" SrcFileId="1" StartOffset="13240"/>
</LocList>
</BasicStmnt>
<BasicStmnt CovItemId="S245" CovItemPrefix="view.TwitterGUI.java" Intrnl_Id="315">
<LocList>
<Loc EndOffset="13360" SrcFileId="1" StartOffset="13327"/>
</LocList>
</BasicStmnt>
<BasicStmnt CovItemId="S246" CovItemPrefix="view.TwitterGUI.java" Intrnl_Id="316">
<LocList>
<Loc EndOffset="13394" SrcFileId="1" StartOffset="13363"/>
</LocList>
</BasicStmnt>
<BasicStmnt CovItemId="S247" CovItemPrefix="view.TwitterGUI.java" Intrnl_Id="317">
<LocList>
<Loc EndOffset="13479" SrcFileId="1" StartOffset="13397"/>
</LocList>
</BasicStmnt>
<BasicStmnt CovItemId="S248" CovItemPrefix="view.TwitterGUI.java" Intrnl_Id="318">
<LocList>
<Loc EndOffset="13506" SrcFileId="1" StartOffset="13482"/>
</LocList>
</BasicStmnt>
<BasicStmnt CovItemId="S249" CovItemPrefix="view.TwitterGUI.java" Intrnl_Id="319">
<LocList>
<Loc EndOffset="13531" SrcFileId="1" StartOffset="13509"/>
</LocList>
</BasicStmnt>
<BasicStmnt CovItemId="S250" CovItemPrefix="view.TwitterGUI.java" Intrnl_Id="320">
<LocList>
<Loc EndOffset="13582" SrcFileId="1" StartOffset="13551"/>
</LocList>
</BasicStmnt>
<BasicStmnt CovItemId="S251" CovItemPrefix="view.TwitterGUI.java" Intrnl_Id="321">
<LocList>
<Loc EndOffset="13631" SrcFileId="1" StartOffset="13585"/>
</LocList>
</BasicStmnt>
<BasicStmnt CovItemId="S252" CovItemPrefix="view.TwitterGUI.java" Intrnl_Id="322">
<LocList>
<Loc EndOffset="13664" SrcFileId="1" StartOffset="13634"/>
</LocList>
</BasicStmnt>
<BasicStmnt CovItemId="S253" CovItemPrefix="view.TwitterGUI.java" Intrnl_Id="323">
<LocList>
<Loc EndOffset="13748" SrcFileId="1" StartOffset="13667"/>
</LocList>
</BasicStmnt>
<BasicStmnt CovItemId="S254" CovItemPrefix="view.TwitterGUI.java" Intrnl_Id="324">
<LocList>
<Loc EndOffset="13772" SrcFileId="1" StartOffset="13751"/>
</LocList>
</BasicStmnt>
<BasicStmnt CovItemId="S255" CovItemPrefix="view.TwitterGUI.java" Intrnl_Id="325">
<LocList>
<Loc EndOffset="13818" SrcFileId="1" StartOffset="13796"/>
</LocList>
</BasicStmnt>
<BasicStmnt CovItemId="S256" CovItemPrefix="view.TwitterGUI.java" Intrnl_Id="326">
<LocList>
<Loc EndOffset="13844" SrcFileId="1" StartOffset="13821"/>
</LocList>
</BasicStmnt>
<BasicStmnt CovItemId="S257" CovItemPrefix="view.TwitterGUI.java" Intrnl_Id="327">
<LocList>
<Loc EndOffset="13870" SrcFileId="1" StartOffset="13847"/>
</LocList>
</BasicStmnt>
<BasicStmnt CovItemId="S258" CovItemPrefix="view.TwitterGUI.java" Intrnl_Id="328">
<LocList>
<Loc EndOffset="13894" SrcFileId="1" StartOffset="13873"/>
</LocList>
</BasicStmnt>
</StmntSeq>
</HierarchyLvl>
<HierarchyLvl HierarchyLvlId="16" HierarchyLvlTypeId="6" Intrnl_Id="329" Name="createTabbedPane">
<Header>
<Loc EndOffset="13931" SrcFileId="1" StartOffset="13900"/>
</Header>
<LocList>
<Loc EndOffset="14537" SrcFileId="1" StartOffset="13900"/>
</LocList>
<StmntSeq Intrnl_Id="330">
<LocList>
<Loc EndOffset="14102" SrcFileId="1" StartOffset="14056"/>
<Loc EndOffset="14136" SrcFileId="1" StartOffset="14105"/>
<Loc EndOffset="14177" SrcFileId="1" StartOffset="14139"/>
<Loc EndOffset="14218" SrcFileId="1" StartOffset="14180"/>
<Loc EndOffset="14274" SrcFileId="1" StartOffset="14221"/>
<Loc EndOffset="14327" SrcFileId="1" StartOffset="14277"/>
<Loc EndOffset="14373" SrcFileId="1" StartOffset="14330"/>
<Loc EndOffset="14415" SrcFileId="1" StartOffset="14376"/>
<Loc EndOffset="14465" SrcFileId="1" StartOffset="14418"/>
<Loc EndOffset="14515" SrcFileId="1" StartOffset="14468"/>
<Loc EndOffset="14534" SrcFileId="1" StartOffset="14518"/>
</LocList>
<BasicStmnt CovItemId="S259" CovItemPrefix="view.TwitterGUI.java" Intrnl_Id="331">
<LocList>
<Loc EndOffset="14102" SrcFileId="1" StartOffset="14056"/>
</LocList>
</BasicStmnt>
<BasicStmnt CovItemId="S260" CovItemPrefix="view.TwitterGUI.java" Intrnl_Id="332">
<LocList>
<Loc EndOffset="14136" SrcFileId="1" StartOffset="14105"/>
</LocList>
</BasicStmnt>
<BasicStmnt CovItemId="S261" CovItemPrefix="view.TwitterGUI.java" Intrnl_Id="333">
<LocList>
<Loc EndOffset="14177" SrcFileId="1" StartOffset="14139"/>
</LocList>
</BasicStmnt>
<BasicStmnt CovItemId="S262" CovItemPrefix="view.TwitterGUI.java" Intrnl_Id="334">
<LocList>
<Loc EndOffset="14218" SrcFileId="1" StartOffset="14180"/>
</LocList>
</BasicStmnt>
<BasicStmnt CovItemId="S263" CovItemPrefix="view.TwitterGUI.java" Intrnl_Id="335">
<LocList>
<Loc EndOffset="14274" SrcFileId="1" StartOffset="14221"/>
</LocList>
</BasicStmnt>
<BasicStmnt CovItemId="S264" CovItemPrefix="view.TwitterGUI.java" Intrnl_Id="336">
<LocList>
<Loc EndOffset="14327" SrcFileId="1" StartOffset="14277"/>
</LocList>
</BasicStmnt>
<BasicStmnt CovItemId="S265" CovItemPrefix="view.TwitterGUI.java" Intrnl_Id="337">
<LocList>
<Loc EndOffset="14373" SrcFileId="1" StartOffset="14330"/>
</LocList>
</BasicStmnt>
<BasicStmnt CovItemId="S266" CovItemPrefix="view.TwitterGUI.java" Intrnl_Id="338">
<LocList>
<Loc EndOffset="14415" SrcFileId="1" StartOffset="14376"/>
</LocList>
</BasicStmnt>
<BasicStmnt CovItemId="S267" CovItemPrefix="view.TwitterGUI.java" Intrnl_Id="339">
<LocList>
<Loc EndOffset="14465" SrcFileId="1" StartOffset="14418"/>
</LocList>
</BasicStmnt>
<BasicStmnt CovItemId="S268" CovItemPrefix="view.TwitterGUI.java" Intrnl_Id="340">
<LocList>
<Loc EndOffset="14515" SrcFileId="1" StartOffset="14468"/>
</LocList>
</BasicStmnt>
<BasicStmnt CovItemId="S269" CovItemPrefix="view.TwitterGUI.java" Intrnl_Id="341">
<LocList>
<Loc EndOffset="14534" SrcFileId="1" StartOffset="14518"/>
</LocList>
</BasicStmnt>
</StmntSeq>
</HierarchyLvl>
<HierarchyLvl HierarchyLvlId="17" HierarchyLvlTypeId="6" Intrnl_Id="342" Name="actionPerformed">
<Header>
<Loc EndOffset="14680" SrcFileId="1" StartOffset="14627"/>
</Header>
<LocList>
<Loc EndOffset="15857" SrcFileId="1" StartOffset="14627"/>
</LocList>
<StmntSeq Intrnl_Id="343">
<LocList>
<Loc EndOffset="14715" SrcFileId="1" StartOffset="14685"/>
<Loc EndOffset="14757" SrcFileId="1" StartOffset="14719"/>
<Loc EndOffset="14855" SrcFileId="1" StartOffset="14761"/>
<Loc EndOffset="15114" SrcFileId="1" StartOffset="14859"/>
<Loc EndOffset="15224" SrcFileId="1" StartOffset="15118"/>
<Loc EndOffset="15307" SrcFileId="1" StartOffset="15228"/>
<Loc EndOffset="15536" SrcFileId="1" StartOffset="15311"/>
<Loc EndOffset="15641" SrcFileId="1" StartOffset="15594"/>
<Loc EndOffset="15854" SrcFileId="1" StartOffset="15645"/>
</LocList>
<BasicStmnt CovItemId="S270" CovItemPrefix="view.TwitterGUI.java" Intrnl_Id="344">
<LocList>
<Loc EndOffset="14715" SrcFileId="1" StartOffset="14685"/>
</LocList>
</BasicStmnt>
<CondStmnt CovItemId="S271" CovItemPrefix="view.TwitterGUI.java" Intrnl_Id="345">
<Branch CovItemId="B11" CovItemPrefix="view.TwitterGUI.java" Implct="false" Intrnl_Id="346">
<Cond/>
<LocList>
<Loc EndOffset="14757" SrcFileId="1" StartOffset="14742"/>
</LocList>
<StmntSeq Intrnl_Id="347">
<LocList>
<Loc EndOffset="14757" SrcFileId="1" StartOffset="14742"/>
</LocList>
<BasicStmnt CovItemId="S272" CovItemPrefix="view.TwitterGUI.java" Intrnl_Id="348">
<LocList>
<Loc EndOffset="14757" SrcFileId="1" StartOffset="14742"/>
</LocList>
</BasicStmnt>
</StmntSeq>
</Branch>
<Branch CovItemId="B12" CovItemPrefix="view.TwitterGUI.java" Implct="true" Intrnl_Id="349">
<Cond/>
<LocList/>
<StmntSeq Intrnl_Id="350">
<LocList/>
</StmntSeq>
</Branch>
<Keyword EndOffset="14721" SrcFileId="1" StartOffset="14719"/>
<LocList>
<Loc EndOffset="14757" SrcFileId="1" StartOffset="14719"/>
</LocList>
<RootTerm CovItemId="C6" CovItemPrefix="view.TwitterGUI.java" Intrnl_Id="351">
<BasicBoolTerm Intrnl_Id="352">
<LocList>
<Loc EndOffset="14737" SrcFileId="1" StartOffset="14723"/>
</LocList>
</BasicBoolTerm>
</RootTerm>
</CondStmnt>
<CondStmnt CovItemId="S273" CovItemPrefix="view.TwitterGUI.java" Intrnl_Id="353">
<Branch CovItemId="B13" CovItemPrefix="view.TwitterGUI.java" Implct="false" Intrnl_Id="354">
<Cond/>
<LocList>
<Loc EndOffset="14855" SrcFileId="1" StartOffset="14811"/>
</LocList>
<StmntSeq Intrnl_Id="355">
<LocList>
<Loc EndOffset="14855" SrcFileId="1" StartOffset="14811"/>
</LocList>
<BasicStmnt CovItemId="S274" CovItemPrefix="view.TwitterGUI.java" Intrnl_Id="356">
<LocList>
<Loc EndOffset="14855" SrcFileId="1" StartOffset="14811"/>
</LocList>
</BasicStmnt>
</StmntSeq>
</Branch>
<Branch CovItemId="B14" CovItemPrefix="view.TwitterGUI.java" Implct="true" Intrnl_Id="357">
<Cond/>
<LocList/>
<StmntSeq Intrnl_Id="358">
<LocList/>
</StmntSeq>
</Branch>
<Keyword EndOffset="14763" SrcFileId="1" StartOffset="14761"/>
<LocList>
<Loc EndOffset="14855" SrcFileId="1" StartOffset="14761"/>
</LocList>
<RootTerm CovItemId="C7" CovItemPrefix="view.TwitterGUI.java" Intrnl_Id="359">
<OpTerm BooleanOpId="3" Intrnl_Id="360">
<BasicBoolTerm Intrnl_Id="361">
<LocList>
<Loc EndOffset="14783" SrcFileId="1" StartOffset="14765"/>
</LocList>
</BasicBoolTerm>
<BasicBoolTerm Intrnl_Id="362">
<LocList>
<Loc EndOffset="14806" SrcFileId="1" StartOffset="14787"/>
</LocList>
</BasicBoolTerm>
<LocList>
<Loc EndOffset="14786" SrcFileId="1" StartOffset="14784"/>
</LocList>
</OpTerm>
</RootTerm>
</CondStmnt>
<CondStmnt CovItemId="S275" CovItemPrefix="view.TwitterGUI.java" Intrnl_Id="363">
<Branch CovItemId="B15" CovItemPrefix="view.TwitterGUI.java" Implct="false" Intrnl_Id="364">
<Cond/>
<LocList>
<Loc EndOffset="15114" SrcFileId="1" StartOffset="14886"/>
</LocList>
<StmntSeq Intrnl_Id="365">
<LocList>
<Loc EndOffset="15110" SrcFileId="1" StartOffset="14891"/>
</LocList>
<CondStmnt CovItemId="S276" CovItemPrefix="view.TwitterGUI.java" Intrnl_Id="366">
<Branch CovItemId="B17" CovItemPrefix="view.TwitterGUI.java" Implct="false" Intrnl_Id="367">
<Cond/>
<LocList>
<Loc EndOffset="15021" SrcFileId="1" StartOffset="14934"/>
</LocList>
<StmntSeq Intrnl_Id="368">
<LocList>
<Loc EndOffset="14959" SrcFileId="1" StartOffset="14940"/>
<Loc EndOffset="15016" SrcFileId="1" StartOffset="14964"/>
</LocList>
<BasicStmnt CovItemId="S277" CovItemPrefix="view.TwitterGUI.java" Intrnl_Id="369">
<LocList>
<Loc EndOffset="14959" SrcFileId="1" StartOffset="14940"/>
</LocList>
</BasicStmnt>
<BasicStmnt CovItemId="S278" CovItemPrefix="view.TwitterGUI.java" Intrnl_Id="370">
<LocList>
<Loc EndOffset="15016" SrcFileId="1" StartOffset="14964"/>
</LocList>
</BasicStmnt>
</StmntSeq>
</Branch>
<Branch CovItemId="B18" CovItemPrefix="view.TwitterGUI.java" Implct="false" Intrnl_Id="371">
<Cond>
<Loc EndOffset="15026" SrcFileId="1" StartOffset="15022"/>
</Cond>
<LocList>
<Loc EndOffset="15110" SrcFileId="1" StartOffset="15027"/>
</LocList>
<StmntSeq Intrnl_Id="372">
<LocList>
<Loc EndOffset="15105" SrcFileId="1" StartOffset="15033"/>
</LocList>
<BasicStmnt CovItemId="S279" CovItemPrefix="view.TwitterGUI.java" Intrnl_Id="373">
<LocList>
<Loc EndOffset="15105" SrcFileId="1" StartOffset="15033"/>
</LocList>
</BasicStmnt>
</StmntSeq>
</Branch>
<Keyword EndOffset="14893" SrcFileId="1" StartOffset="14891"/>
<LocList>
<Loc EndOffset="15110" SrcFileId="1" StartOffset="14891"/>
</LocList>
<RootTerm CovItemId="C9" CovItemPrefix="view.TwitterGUI.java" Intrnl_Id="374">
<BasicBoolTerm Intrnl_Id="375">
<LocList>
<Loc EndOffset="14932" SrcFileId="1" StartOffset="14895"/>
</LocList>
</BasicBoolTerm>
</RootTerm>
</CondStmnt>
</StmntSeq>
</Branch>
<Branch CovItemId="B16" CovItemPrefix="view.TwitterGUI.java" Implct="true" Intrnl_Id="376">
<Cond/>
<LocList/>
<StmntSeq Intrnl_Id="377">
<LocList/>
</StmntSeq>
</Branch>
<Keyword EndOffset="14861" SrcFileId="1" StartOffset="14859"/>
<LocList>
<Loc EndOffset="15114" SrcFileId="1" StartOffset="14859"/>
</LocList>
<RootTerm CovItemId="C8" CovItemPrefix="view.TwitterGUI.java" Intrnl_Id="378">
<BasicBoolTerm Intrnl_Id="379">
<LocList>
<Loc EndOffset="14884" SrcFileId="1" StartOffset="14863"/>
</LocList>
</BasicBoolTerm>
</RootTerm>
</CondStmnt>
<CondStmnt CovItemId="S280" CovItemPrefix="view.TwitterGUI.java" Intrnl_Id="380">
<Branch CovItemId="B19" CovItemPrefix="view.TwitterGUI.java" Implct="false" Intrnl_Id="381">
<Cond/>
<LocList>
<Loc EndOffset="15224" SrcFileId="1" StartOffset="15142"/>
</LocList>
<StmntSeq Intrnl_Id="382">
<LocList>
<Loc EndOffset="15224" SrcFileId="1" StartOffset="15142"/>
</LocList>
<BasicStmnt CovItemId="S281" CovItemPrefix="view.TwitterGUI.java" Intrnl_Id="383">
<LocList>
<Loc EndOffset="15224" SrcFileId="1" StartOffset="15142"/>
</LocList>
</BasicStmnt>
</StmntSeq>
</Branch>
<Branch CovItemId="B20" CovItemPrefix="view.TwitterGUI.java" Implct="true" Intrnl_Id="384">
<Cond/>
<LocList/>
<StmntSeq Intrnl_Id="385">
<LocList/>
</StmntSeq>
</Branch>
<Keyword EndOffset="15120" SrcFileId="1" StartOffset="15118"/>
<LocList>
<Loc EndOffset="15224" SrcFileId="1" StartOffset="15118"/>
</LocList>
<RootTerm CovItemId="C10" CovItemPrefix="view.TwitterGUI.java" Intrnl_Id="386">
<BasicBoolTerm Intrnl_Id="387">
<LocList>
<Loc EndOffset="15137" SrcFileId="1" StartOffset="15122"/>
</LocList>
</BasicBoolTerm>
</RootTerm>
</CondStmnt>
<CondStmnt CovItemId="S282" CovItemPrefix="view.TwitterGUI.java" Intrnl_Id="388">
<Branch CovItemId="B21" CovItemPrefix="view.TwitterGUI.java" Implct="false" Intrnl_Id="389">
<Cond/>
<LocList>
<Loc EndOffset="15307" SrcFileId="1" StartOffset="15259"/>
</LocList>
<StmntSeq Intrnl_Id="390">
<LocList>
<Loc EndOffset="15307" SrcFileId="1" StartOffset="15259"/>
</LocList>
<BasicStmnt CovItemId="S283" CovItemPrefix="view.TwitterGUI.java" Intrnl_Id="391">
<LocList>
<Loc EndOffset="15307" SrcFileId="1" StartOffset="15259"/>
</LocList>
</BasicStmnt>
</StmntSeq>
</Branch>
<Branch CovItemId="B22" CovItemPrefix="view.TwitterGUI.java" Implct="true" Intrnl_Id="392">
<Cond/>
<LocList/>
<StmntSeq Intrnl_Id="393">
<LocList/>
</StmntSeq>
</Branch>
<Keyword EndOffset="15230" SrcFileId="1" StartOffset="15228"/>
<LocList>
<Loc EndOffset="15307" SrcFileId="1" StartOffset="15228"/>
</LocList>
<RootTerm CovItemId="C11" CovItemPrefix="view.TwitterGUI.java" Intrnl_Id="394">
<BasicBoolTerm Intrnl_Id="395">
<LocList>
<Loc EndOffset="15254" SrcFileId="1" StartOffset="15232"/>
</LocList>
</BasicBoolTerm>
</RootTerm>
</CondStmnt>
<CondStmnt CovItemId="S284" CovItemPrefix="view.TwitterGUI.java" Intrnl_Id="396">
<Branch CovItemId="B23" CovItemPrefix="view.TwitterGUI.java" Implct="false" Intrnl_Id="397">
<Cond/>
<LocList>
<Loc EndOffset="15536" SrcFileId="1" StartOffset="15339"/>
</LocList>
<StmntSeq Intrnl_Id="398">
<LocList>
<Loc EndOffset="15434" SrcFileId="1" StartOffset="15344"/>
<Loc EndOffset="15505" SrcFileId="1" StartOffset="15438"/>
<Loc EndOffset="15532" SrcFileId="1" StartOffset="15509"/>
</LocList>
<BasicStmnt CovItemId="S285" CovItemPrefix="view.TwitterGUI.java" Intrnl_Id="399">
<LocList>
<Loc EndOffset="15434" SrcFileId="1" StartOffset="15344"/>
</LocList>
</BasicStmnt>
<LoopStmnt CovItemId="S286" CovItemPrefix="view.TwitterGUI.java" Intrnl_Id="400" MltplExecId="L2-2" MltplExecPrefix="view.TwitterGUI.java" NvrExecId="L2-0" NvrExecPrefix="view.TwitterGUI.java" OnceExecutedId="L2-1" OnceExecutedPrefix="view.TwitterGUI.java" OptBodyExec="true">
<StmntSeq Intrnl_Id="401">
<LocList>
<Loc EndOffset="15500" SrcFileId="1" StartOffset="15477"/>
</LocList>
<BasicStmnt CovItemId="S287" CovItemPrefix="view.TwitterGUI.java" Intrnl_Id="402">
<LocList>
<Loc EndOffset="15500" SrcFileId="1" StartOffset="15477"/>
</LocList>
</BasicStmnt>
</StmntSeq>
<Keyword EndOffset="15441" SrcFileId="1" StartOffset="15438"/>
<LocList>
<Loc EndOffset="15505" SrcFileId="1" StartOffset="15438"/>
</LocList>
</LoopStmnt>
<BasicStmnt CovItemId="S288" CovItemPrefix="view.TwitterGUI.java" Intrnl_Id="403">
<LocList>
<Loc EndOffset="15532" SrcFileId="1" StartOffset="15509"/>
</LocList>
</BasicStmnt>
</StmntSeq>
</Branch>
<Branch CovItemId="B24" CovItemPrefix="view.TwitterGUI.java" Implct="true" Intrnl_Id="404">
<Cond/>
<LocList/>
<StmntSeq Intrnl_Id="405">
<LocList/>
</StmntSeq>
</Branch>
<Keyword EndOffset="15313" SrcFileId="1" StartOffset="15311"/>
<LocList>
<Loc EndOffset="15536" SrcFileId="1" StartOffset="15311"/>
</LocList>
<RootTerm CovItemId="C12" CovItemPrefix="view.TwitterGUI.java" Intrnl_Id="406">
<BasicBoolTerm Intrnl_Id="407">
<LocList>
<Loc EndOffset="15337" SrcFileId="1" StartOffset="15315"/>
</LocList>
</BasicBoolTerm>
</RootTerm>
</CondStmnt>
<CondStmnt CovItemId="S289" CovItemPrefix="view.TwitterGUI.java" Intrnl_Id="408">
<Branch CovItemId="B25" CovItemPrefix="view.TwitterGUI.java" Implct="false" Intrnl_Id="409">
<Cond/>
<LocList>
<Loc EndOffset="15641" SrcFileId="1" StartOffset="15619"/>
</LocList>
<StmntSeq Intrnl_Id="410">
<LocList>
<Loc EndOffset="15641" SrcFileId="1" StartOffset="15619"/>
</LocList>
<BasicStmnt CovItemId="S290" CovItemPrefix="view.TwitterGUI.java" Intrnl_Id="411">
<LocList>
<Loc EndOffset="15641" SrcFileId="1" StartOffset="15619"/>
</LocList>
</BasicStmnt>
</StmntSeq>
</Branch>
<Branch CovItemId="B26" CovItemPrefix="view.TwitterGUI.java" Implct="true" Intrnl_Id="412">
<Cond/>
<LocList/>
<StmntSeq Intrnl_Id="413">
<LocList/>
</StmntSeq>
</Branch>
<Keyword EndOffset="15596" SrcFileId="1" StartOffset="15594"/>
<LocList>
<Loc EndOffset="15641" SrcFileId="1" StartOffset="15594"/>
</LocList>
<RootTerm CovItemId="C13" CovItemPrefix="view.TwitterGUI.java" Intrnl_Id="414">
<BasicBoolTerm Intrnl_Id="415">
<LocList>
<Loc EndOffset="15614" SrcFileId="1" StartOffset="15598"/>
</LocList>
</BasicBoolTerm>
</RootTerm>
</CondStmnt>
<CondStmnt CovItemId="S291" CovItemPrefix="view.TwitterGUI.java" Intrnl_Id="416">
<Branch CovItemId="B27" CovItemPrefix="view.TwitterGUI.java" Implct="false" Intrnl_Id="417">
<Cond/>
<LocList>
<Loc EndOffset="15854" SrcFileId="1" StartOffset="15670"/>
</LocList>
<StmntSeq Intrnl_Id="418">
<LocList>
<Loc EndOffset="15750" SrcFileId="1" StartOffset="15675"/>
<Loc EndOffset="15826" SrcFileId="1" StartOffset="15754"/>
<Loc EndOffset="15849" SrcFileId="1" StartOffset="15830"/>
</LocList>
<BasicStmnt CovItemId="S292" CovItemPrefix="view.TwitterGUI.java" Intrnl_Id="419">
<LocList>
<Loc EndOffset="15750" SrcFileId="1" StartOffset="15675"/>
</LocList>
</BasicStmnt>
<LoopStmnt CovItemId="S293" CovItemPrefix="view.TwitterGUI.java" Intrnl_Id="420" MltplExecId="L3-2" MltplExecPrefix="view.TwitterGUI.java" NvrExecId="L3-0" NvrExecPrefix="view.TwitterGUI.java" OnceExecutedId="L3-1" OnceExecutedPrefix="view.TwitterGUI.java" OptBodyExec="true">
<StmntSeq Intrnl_Id="421">
<LocList>
<Loc EndOffset="15821" SrcFileId="1" StartOffset="15793"/>
</LocList>
<BasicStmnt CovItemId="S294" CovItemPrefix="view.TwitterGUI.java" Intrnl_Id="422">
<LocList>
<Loc EndOffset="15821" SrcFileId="1" StartOffset="15793"/>
</LocList>
</BasicStmnt>
</StmntSeq>
<Keyword EndOffset="15757" SrcFileId="1" StartOffset="15754"/>
<LocList>
<Loc EndOffset="15826" SrcFileId="1" StartOffset="15754"/>
</LocList>
</LoopStmnt>
<BasicStmnt CovItemId="S295" CovItemPrefix="view.TwitterGUI.java" Intrnl_Id="423">
<LocList>
<Loc EndOffset="15849" SrcFileId="1" StartOffset="15830"/>
</LocList>
</BasicStmnt>
</StmntSeq>
</Branch>
<Branch CovItemId="B28" CovItemPrefix="view.TwitterGUI.java" Implct="true" Intrnl_Id="424">
<Cond/>
<LocList/>
<StmntSeq Intrnl_Id="425">
<LocList/>
</StmntSeq>
</Branch>
<Keyword EndOffset="15647" SrcFileId="1" StartOffset="15645"/>
<LocList>
<Loc EndOffset="15854" SrcFileId="1" StartOffset="15645"/>
</LocList>
<RootTerm CovItemId="C14" CovItemPrefix="view.TwitterGUI.java" Intrnl_Id="426">
<BasicBoolTerm Intrnl_Id="427">
<LocList>
<Loc EndOffset="15668" SrcFileId="1" StartOffset="15649"/>
</LocList>
</BasicBoolTerm>
</RootTerm>
</CondStmnt>
</StmntSeq>
</HierarchyLvl>
<HierarchyLvl HierarchyLvlId="18" HierarchyLvlTypeId="6" Intrnl_Id="428" Name="updateFollowingCount">
<Header>
<Loc EndOffset="15895" SrcFileId="1" StartOffset="15860"/>
</Header>
<LocList>
<Loc EndOffset="15985" SrcFileId="1" StartOffset="15860"/>
</LocList>
<StmntSeq Intrnl_Id="429">
<LocList>
<Loc EndOffset="15981" SrcFileId="1" StartOffset="15900"/>
</LocList>
<BasicStmnt CovItemId="S296" CovItemPrefix="view.TwitterGUI.java" Intrnl_Id="430">
<LocList>
<Loc EndOffset="15981" SrcFileId="1" StartOffset="15900"/>
</LocList>
</BasicStmnt>
</StmntSeq>
</HierarchyLvl>
<HierarchyLvl HierarchyLvlId="19" HierarchyLvlTypeId="6" Intrnl_Id="431" Name="updateTweetCount">
<Header>
<Loc EndOffset="16019" SrcFileId="1" StartOffset="15988"/>
</Header>
<LocList>
<Loc EndOffset="16159" SrcFileId="1" StartOffset="15988"/>
</LocList>
<StmntSeq Intrnl_Id="432">
<LocList>
<Loc EndOffset="16093" SrcFileId="1" StartOffset="16024"/>
<Loc EndOffset="16155" SrcFileId="1" StartOffset="16096"/>
</LocList>
<BasicStmnt CovItemId="S297" CovItemPrefix="view.TwitterGUI.java" Intrnl_Id="433">
<LocList>
<Loc EndOffset="16093" SrcFileId="1" StartOffset="16024"/>
</LocList>
</BasicStmnt>
<BasicStmnt CovItemId="S298" CovItemPrefix="view.TwitterGUI.java" Intrnl_Id="434">
<LocList>
<Loc EndOffset="16155" SrcFileId="1" StartOffset="16096"/>
</LocList>
</BasicStmnt>
</StmntSeq>
</HierarchyLvl>
<HierarchyLvl HierarchyLvlId="20" HierarchyLvlTypeId="6" Intrnl_Id="435" Name="main">
<Header>
<Loc EndOffset="16200" SrcFileId="1" StartOffset="16162"/>
</Header>
<LocList>
<Loc EndOffset="16225" SrcFileId="1" StartOffset="16162"/>
</LocList>
<StmntSeq Intrnl_Id="436">
<LocList>
<Loc EndOffset="16222" SrcFileId="1" StartOffset="16205"/>
</LocList>
<BasicStmnt CovItemId="S299" CovItemPrefix="view.TwitterGUI.java" Intrnl_Id="437">
<LocList>
<Loc EndOffset="16222" SrcFileId="1" StartOffset="16205"/>
</LocList>
</BasicStmnt>
</StmntSeq>
</HierarchyLvl>
<HierarchyLvl HierarchyLvlId="21" HierarchyLvlTypeId="6" Intrnl_Id="438" Name="keyPressed">
<Header>
<Loc EndOffset="16273" SrcFileId="1" StartOffset="16228"/>
</Header>
<LocList>
<Loc EndOffset="16316" SrcFileId="1" StartOffset="16228"/>
</LocList>
</HierarchyLvl>
<HierarchyLvl HierarchyLvlId="22" HierarchyLvlTypeId="6" Intrnl_Id="439" Name="keyReleased">
<Header>
<Loc EndOffset="16365" SrcFileId="1" StartOffset="16319"/>
</Header>
<LocList>
<Loc EndOffset="16408" SrcFileId="1" StartOffset="16319"/>
</LocList>
</HierarchyLvl>
<HierarchyLvl HierarchyLvlId="23" HierarchyLvlTypeId="6" Intrnl_Id="440" Name="keyTyped">
<Header>
<Loc EndOffset="16454" SrcFileId="1" StartOffset="16411"/>
</Header>
<LocList>
<Loc EndOffset="16497" SrcFileId="1" StartOffset="16411"/>
</LocList>
</HierarchyLvl>
</HierarchyLvl>
</HierarchyLvl>
</HierarchyLvl>
</MASTRoot>
</TestSessionContainer>
